
          -------------------------------------------------------
          Amber 18 SANDER                              2018
          -------------------------------------------------------

| Run on 11/05/2021 at 12:35:46

|   Executable path: sander
| Working directory: /data/temporary-scratch/ragreer/TREM2-VitaminD3_32_new/step1-min_complex
|          Hostname: c0218

  [-O]verwriting output

File Assignments:
|  MDIN: min-complex.in                                                        
| MDOUT: min-complex.out                                                       
|INPCRD: TREM2-VitaminD3.inpcrd                                                
|  PARM: TREM2-VitaminD3.prmtop                                                
|RESTRT: TREM2-VitaminD3-min.inpcrd                                            
|  REFC: TREM2-VitaminD3.inpcrd                                                
| MDVEL: mdvel                                                                 
| MDFRC: mdfrc                                                                 
|  MDEN: mden                                                                  
| MDCRD: TREM2-VitaminD3-min.mdcrd                                             
|MDINFO: TREM2-VitaminD3-min.mdinfo                                            
|  MTMD: mtmd                                                                  
|INPDIP: inpdip                                                                
|RSTDIP: rstdip                                                                
|INPTRA: inptraj                                                               


 Here is the input file:

JOB: Initial Minimization of Protein Complex                                   
 &cntrl                                                                        
  imin = 1,                                                                    
  maxcyc = 10000,                                                              
  ncyc = 500, dx0 = 0.005                                                      
  ntf = 1, ntb = 0,                                                            
  cut = 10.0, nsnb = 20,                                                       
  ntr = 0,                                                                     
 &end                                                                          
                                                                               

--------------------------------------------------------------------------------
   1.  RESOURCE   USE: 
--------------------------------------------------------------------------------

| Flags:                                                                        
|    NONPERIODIC   ntb=0 and igb=0: Setting up nonperiodic simulation
|Largest sphere to fit in unit cell has radius =    44.980
| New format PARM file being parsed.
| Version =    1.000 Date = 11/05/21 Time = 12:30:53
 NATOM  =    1785 NTYPES =      14 NBONH =     899 MBONA  =     906
 NTHETH =    2029 MTHETA =    1232 NPHIH =    4193 MPHIA  =    3837
 NHPARM =       0 NPARM  =       0 NNB   =    9866 NRES   =     110
 NBONA  =     906 NTHETA =    1232 NPHIA =    3837 NUMBND =      83
 NUMANG =     189 NPTRA  =     211 NATYP =      43 NPHB   =       0
 IFBOX  =       1 NMXRS  =      72 IFCAP =       0 NEXTRA =       0
 NCOPY  =       0


|     Memory Use     Allocated
|     Real              144331
|     Hollerith           5467
|     Integer           446981
|     Max Pairs         595000
|     nblistReal         21420
|     nblist Int       2293359
|       Total            14344 kbytes

| Note: 1-4 EEL scale factors are being read from the topology file.

| Note: 1-4 VDW scale factors are being read from the topology file.
| Duplicated    0 dihedrals
| Duplicated    0 dihedrals

     BOX TYPE: RECTILINEAR

--------------------------------------------------------------------------------
   2.  CONTROL  DATA  FOR  THE  RUN
--------------------------------------------------------------------------------

default_name                                                                    

General flags:
     imin    =       1, nmropt  =       0

Nature and format of input:
     ntx     =       1, irest   =       0, ntrx    =       1

Nature and format of output:
     ntxo    =       2, ntpr    =      50, ntrx    =       1, ntwr    =       1
     iwrap   =       0, ntwx    =       0, ntwv    =       0, ntwe    =       0
     ioutfm  =       1, ntwprt  =       0, idecomp =       0, rbornstat=      0

Potential function:
     ntf     =       1, ntb     =       0, igb     =       0, nsnb    =      20
     ipol    =       0, gbsa    =       0, iesp    =       0
     dielc   =   1.00000, cut     =  10.00000, intdiel =   1.00000

Frozen or restrained atoms:
     ibelly  =       0, ntr     =       0

Energy minimization:
     maxcyc  =   10000, ncyc    =     500, ntmin   =       1
     dx0     =   0.00500, drms    =   0.00010
|  INFO: Old style inpcrd file read


--------------------------------------------------------------------------------
   3.  ATOMIC COORDINATES AND VELOCITIES
--------------------------------------------------------------------------------

default_name                                                                    
 begin time read from input coords =     0.000 ps

 Number of triangulated 3-point waters found:        0

     Sum of charges from parm topology file =   5.00000192

--------------------------------------------------------------------------------
   4.  RESULTS
--------------------------------------------------------------------------------

 ---------------------------------------------------

     eedmeth=4: Setting switch to one everywhere

 ---------------------------------------------------
| Local SIZE OF NONBOND LIST =     220936
| TOTAL SIZE OF NONBOND LIST =     220936


   NSTEP       ENERGY          RMS            GMAX         NAME    NUMBER
      1       4.0860E+02     8.8919E+01     3.6379E+03     H36      1777

 BOND    =      318.6903  ANGLE   =      882.4018  DIHED      =     1386.1129
 VDWAALS =     -583.7471  EEL     =    -6023.6129  HBOND      =        0.0000
 1-4 VDW =     1246.1898  1-4 EEL =     3182.5651  RESTRAINT  =        0.0000


   NSTEP       ENERGY          RMS            GMAX         NAME    NUMBER
     50      -2.0912E+03     4.2824E+00     4.1285E+01     CD2      1474

 BOND    =       84.8649  ANGLE   =      334.3323  DIHED      =     1293.7456
 VDWAALS =     -811.1844  EEL     =    -6552.7365  HBOND      =        0.0000
 1-4 VDW =      345.4355  1-4 EEL =     3214.3115  RESTRAINT  =        0.0000


   NSTEP       ENERGY          RMS            GMAX         NAME    NUMBER
    100      -2.2141E+03     7.0912E-01     6.0219E+00     OE2       564

 BOND    =       69.2443  ANGLE   =      293.4865  DIHED      =     1284.5300
 VDWAALS =     -829.8609  EEL     =    -6609.3822  HBOND      =        0.0000
 1-4 VDW =      341.5016  1-4 EEL =     3236.3326  RESTRAINT  =        0.0000


   NSTEP       ENERGY          RMS            GMAX         NAME    NUMBER
    150      -2.4669E+03     1.8229E+00     5.7887E+01     CG       1061

 BOND    =       68.8217  ANGLE   =      282.5570  DIHED      =     1280.8998
 VDWAALS =     -837.7015  EEL     =    -6851.5760  HBOND      =        0.0000
 1-4 VDW =      341.4507  1-4 EEL =     3248.6603  RESTRAINT  =        0.0000


   NSTEP       ENERGY          RMS            GMAX         NAME    NUMBER
    200      -2.3278E+03     5.9589E-01     5.2612E+00     HG1      1077

 BOND    =       65.0735  ANGLE   =      277.2568  DIHED      =     1278.0138
 VDWAALS =     -842.2536  EEL     =    -6703.4428  HBOND      =        0.0000
 1-4 VDW =      341.5366  1-4 EEL =     3255.9821  RESTRAINT  =        0.0000


   NSTEP       ENERGY          RMS            GMAX         NAME    NUMBER
    250      -2.3643E+03     1.4789E+00     2.5975E+01     CZ        920

 BOND    =       66.2614  ANGLE   =      274.2891  DIHED      =     1275.3672
 VDWAALS =     -845.8629  EEL     =    -6737.5392  HBOND      =        0.0000
 1-4 VDW =      341.4634  1-4 EEL =     3261.7364  RESTRAINT  =        0.0000


   NSTEP       ENERGY          RMS            GMAX         NAME    NUMBER
    300      -2.3204E+03     5.5992E-01     1.0187E+01     CZ        920

 BOND    =       63.8873  ANGLE   =      272.1249  DIHED      =     1273.0492
 VDWAALS =     -848.5397  EEL     =    -6686.6023  HBOND      =        0.0000
 1-4 VDW =      341.0749  1-4 EEL =     3264.6413  RESTRAINT  =        0.0000


   NSTEP       ENERGY          RMS            GMAX         NAME    NUMBER
    350      -2.2897E+03     1.2644E+00     2.7322E+01     CZ        920

 BOND    =       63.4708  ANGLE   =      271.6363  DIHED      =     1270.6610
 VDWAALS =     -849.8052  EEL     =    -6652.3002  HBOND      =        0.0000
 1-4 VDW =      340.6546  1-4 EEL =     3266.0097  RESTRAINT  =        0.0000


   NSTEP       ENERGY          RMS            GMAX         NAME    NUMBER
    400      -2.0834E+03     4.5373E-01     5.8603E+00     CZ        920

 BOND    =       63.0588  ANGLE   =      270.6475  DIHED      =     1268.6858
 VDWAALS =     -850.9590  EEL     =    -6441.3607  HBOND      =        0.0000
 1-4 VDW =      340.1763  1-4 EEL =     3266.3327  RESTRAINT  =        0.0000


   NSTEP       ENERGY          RMS            GMAX         NAME    NUMBER
    450      -2.0693E+03     1.0782E+00     1.9827E+01     CZ        920

 BOND    =       62.8079  ANGLE   =      270.5888  DIHED      =     1266.7925
 VDWAALS =     -850.8717  EEL     =    -6425.1183  HBOND      =        0.0000
 1-4 VDW =      339.8930  1-4 EEL =     3266.5603  RESTRAINT  =        0.0000


   NSTEP       ENERGY          RMS            GMAX         NAME    NUMBER
    500      -2.0975E+03     4.6811E-01     4.9858E+00     CD        631

 BOND    =       62.7632  ANGLE   =      270.1287  DIHED      =     1265.4120
 VDWAALS =     -850.1049  EEL     =    -6451.8524  HBOND      =        0.0000
 1-4 VDW =      339.8471  1-4 EEL =     3266.3306  RESTRAINT  =        0.0000


   NSTEP       ENERGY          RMS            GMAX         NAME    NUMBER
    550      -2.0872E+03     6.7598E-01     1.1392E+01     CG       1049

 BOND    =       64.9084  ANGLE   =      274.4223  DIHED      =     1258.3203
 VDWAALS =     -847.1089  EEL     =    -6443.3396  HBOND      =        0.0000
 1-4 VDW =      339.2848  1-4 EEL =     3266.2671  RESTRAINT  =        0.0000


   NSTEP       ENERGY          RMS            GMAX         NAME    NUMBER
    600      -2.1124E+03     8.1233E-01     1.1838E+01     C        1711

 BOND    =       63.6988  ANGLE   =      272.0968  DIHED      =     1256.4840
 VDWAALS =     -846.1566  EEL     =    -6468.2610  HBOND      =        0.0000
 1-4 VDW =      339.3961  1-4 EEL =     3270.3649  RESTRAINT  =        0.0000


   NSTEP       ENERGY          RMS            GMAX         NAME    NUMBER
    650      -2.1711E+03     6.4580E-01     1.1839E+01     C        1711

 BOND    =       64.5987  ANGLE   =      271.6620  DIHED      =     1255.6046
 VDWAALS =     -844.7471  EEL     =    -6525.5304  HBOND      =        0.0000
 1-4 VDW =      339.3087  1-4 EEL =     3267.9602  RESTRAINT  =        0.0000


   NSTEP       ENERGY          RMS            GMAX         NAME    NUMBER
    700      -2.1921E+03     7.1601E-01     9.5814E+00     CE2       351

 BOND    =       65.2972  ANGLE   =      272.0408  DIHED      =     1255.0324
 VDWAALS =     -843.0659  EEL     =    -6546.8226  HBOND      =        0.0000
 1-4 VDW =      339.6602  1-4 EEL =     3265.7233  RESTRAINT  =        0.0000


   NSTEP       ENERGY          RMS            GMAX         NAME    NUMBER
    750      -2.2335E+03     6.2480E-01     1.1939E+01     C        1711

 BOND    =       64.8197  ANGLE   =      271.7819  DIHED      =     1254.0644
 VDWAALS =     -843.6175  EEL     =    -6587.2652  HBOND      =        0.0000
 1-4 VDW =      339.6367  1-4 EEL =     3267.0492  RESTRAINT  =        0.0000


   NSTEP       ENERGY          RMS            GMAX         NAME    NUMBER
    800      -2.3263E+03     6.1732E-01     8.5197E+00     C        1711

 BOND    =       64.1055  ANGLE   =      272.3627  DIHED      =     1253.2802
 VDWAALS =     -846.1702  EEL     =    -6676.0619  HBOND      =        0.0000
 1-4 VDW =      339.2360  1-4 EEL =     3266.9354  RESTRAINT  =        0.0000


   NSTEP       ENERGY          RMS            GMAX         NAME    NUMBER
    850      -2.4541E+03     5.6228E-01     1.2698E+01     C        1711

 BOND    =       64.5010  ANGLE   =      272.6210  DIHED      =     1253.2004
 VDWAALS =     -846.8811  EEL     =    -6802.4725  HBOND      =        0.0000
 1-4 VDW =      339.4051  1-4 EEL =     3265.5631  RESTRAINT  =        0.0000


   NSTEP       ENERGY          RMS            GMAX         NAME    NUMBER
    900      -2.2501E+03     7.9149E-01     1.6055E+01     CE2       351

 BOND    =       64.7842  ANGLE   =      273.8477  DIHED      =     1253.6044
 VDWAALS =     -846.4357  EEL     =    -6602.0879  HBOND      =        0.0000
 1-4 VDW =      340.1788  1-4 EEL =     3265.9621  RESTRAINT  =        0.0000


   NSTEP       ENERGY          RMS            GMAX         NAME    NUMBER
    950      -2.3482E+03     5.3317E-01     8.0630E+00     CE3       358

 BOND    =       64.1764  ANGLE   =      273.1637  DIHED      =     1253.9878
 VDWAALS =     -846.9316  EEL     =    -6700.2654  HBOND      =        0.0000
 1-4 VDW =      340.4257  1-4 EEL =     3267.2417  RESTRAINT  =        0.0000


   NSTEP       ENERGY          RMS            GMAX         NAME    NUMBER
   1000      -2.4451E+03     5.2837E-01     5.2375E+00     CE3       358

 BOND    =       64.2604  ANGLE   =      273.0639  DIHED      =     1255.0732
 VDWAALS =     -847.4830  EEL     =    -6798.5957  HBOND      =        0.0000
 1-4 VDW =      340.0322  1-4 EEL =     3268.5711  RESTRAINT  =        0.0000


   NSTEP       ENERGY          RMS            GMAX         NAME    NUMBER
   1050      -2.4616E+03     4.7621E-01     8.1175E+00     CG       1528

 BOND    =       64.4211  ANGLE   =      273.0780  DIHED      =     1255.5589
 VDWAALS =     -847.0977  EEL     =    -6814.9519  HBOND      =        0.0000
 1-4 VDW =      340.4544  1-4 EEL =     3266.9240  RESTRAINT  =        0.0000


   NSTEP       ENERGY          RMS            GMAX         NAME    NUMBER
   1100      -2.2840E+03     6.9829E-01     1.2996E+01     CE2       351

 BOND    =       64.4805  ANGLE   =      273.5950  DIHED      =     1255.5523
 VDWAALS =     -846.8128  EEL     =    -6637.1515  HBOND      =        0.0000
 1-4 VDW =      341.0065  1-4 EEL =     3265.3381  RESTRAINT  =        0.0000


   NSTEP       ENERGY          RMS            GMAX         NAME    NUMBER
   1150      -2.3044E+03     4.3935E-01     6.2427E+00     OG       1437

 BOND    =       64.9499  ANGLE   =      272.8182  DIHED      =     1256.6493
 VDWAALS =     -846.9657  EEL     =    -6658.4984  HBOND      =        0.0000
 1-4 VDW =      340.2450  1-4 EEL =     3266.4511  RESTRAINT  =        0.0000


   NSTEP       ENERGY          RMS            GMAX         NAME    NUMBER
   1200      -2.2257E+03     4.9712E-01     5.8981E+00     C        1711

 BOND    =       64.8987  ANGLE   =      272.3254  DIHED      =     1256.8801
 VDWAALS =     -845.7275  EEL     =    -6583.9680  HBOND      =        0.0000
 1-4 VDW =      339.7430  1-4 EEL =     3270.1180  RESTRAINT  =        0.0000


   NSTEP       ENERGY          RMS            GMAX         NAME    NUMBER
   1250      -2.3675E+03     4.5679E-01     9.5355E+00     C        1711

 BOND    =       65.1667  ANGLE   =      273.5605  DIHED      =     1256.7607
 VDWAALS =     -846.4255  EEL     =    -6723.9588  HBOND      =        0.0000
 1-4 VDW =      339.6005  1-4 EEL =     3267.8141  RESTRAINT  =        0.0000


   NSTEP       ENERGY          RMS            GMAX         NAME    NUMBER
   1300      -2.1462E+03     5.7167E-01     9.7440E+00     CE2       351

 BOND    =       65.2099  ANGLE   =      273.7610  DIHED      =     1256.9842
 VDWAALS =     -847.0082  EEL     =    -6503.2182  HBOND      =        0.0000
 1-4 VDW =      339.4869  1-4 EEL =     3268.5716  RESTRAINT  =        0.0000


   NSTEP       ENERGY          RMS            GMAX         NAME    NUMBER
   1350      -2.0797E+03     4.6316E-01     8.2036E+00     C        1711

 BOND    =       65.6551  ANGLE   =      273.1179  DIHED      =     1257.2736
 VDWAALS =     -847.0246  EEL     =    -6438.0503  HBOND      =        0.0000
 1-4 VDW =      339.7054  1-4 EEL =     3269.6204  RESTRAINT  =        0.0000


   NSTEP       ENERGY          RMS            GMAX         NAME    NUMBER
   1400      -2.1578E+03     5.0336E-01     5.0042E+00     CE3       358

 BOND    =       65.5741  ANGLE   =      273.3227  DIHED      =     1257.6468
 VDWAALS =     -845.2334  EEL     =    -6519.0663  HBOND      =        0.0000
 1-4 VDW =      339.0175  1-4 EEL =     3270.9885  RESTRAINT  =        0.0000


   NSTEP       ENERGY          RMS            GMAX         NAME    NUMBER
   1450      -1.9883E+03     4.7367E-01     7.1518E+00     C        1711

 BOND    =       65.6920  ANGLE   =      274.0086  DIHED      =     1257.5902
 VDWAALS =     -845.2426  EEL     =    -6349.8635  HBOND      =        0.0000
 1-4 VDW =      338.8603  1-4 EEL =     3270.6345  RESTRAINT  =        0.0000


   NSTEP       ENERGY          RMS            GMAX         NAME    NUMBER
   1500      -2.0820E+03     5.4314E-01     6.7271E+00     CE2       351

 BOND    =       65.6962  ANGLE   =      273.6858  DIHED      =     1257.5531
 VDWAALS =     -844.2850  EEL     =    -6446.9934  HBOND      =        0.0000
 1-4 VDW =      339.0376  1-4 EEL =     3273.2962  RESTRAINT  =        0.0000


   NSTEP       ENERGY          RMS            GMAX         NAME    NUMBER
   1550      -1.9603E+03     4.7707E-01     8.8000E+00     C        1711

 BOND    =       65.9227  ANGLE   =      273.4375  DIHED      =     1257.9511
 VDWAALS =     -844.2586  EEL     =    -6325.7732  HBOND      =        0.0000
 1-4 VDW =      338.8735  1-4 EEL =     3273.5294  RESTRAINT  =        0.0000


   NSTEP       ENERGY          RMS            GMAX         NAME    NUMBER
   1600      -2.1869E+03     4.8158E-01     4.9856E+00     CE3       358

 BOND    =       65.8276  ANGLE   =      273.1239  DIHED      =     1257.9337
 VDWAALS =     -842.9716  EEL     =    -6552.4848  HBOND      =        0.0000
 1-4 VDW =      339.2399  1-4 EEL =     3272.4051  RESTRAINT  =        0.0000


   NSTEP       ENERGY          RMS            GMAX         NAME    NUMBER
   1650      -2.0885E+03     4.3888E-01     6.9893E+00     C        1711

 BOND    =       65.9902  ANGLE   =      273.2385  DIHED      =     1257.7418
 VDWAALS =     -843.8486  EEL     =    -6453.9735  HBOND      =        0.0000
 1-4 VDW =      338.5591  1-4 EEL =     3273.8105  RESTRAINT  =        0.0000


   NSTEP       ENERGY          RMS            GMAX         NAME    NUMBER
   1700      -2.1337E+03     5.0806E-01     5.2604E+00     C        1711

 BOND    =       65.7830  ANGLE   =      273.2698  DIHED      =     1258.0950
 VDWAALS =     -844.9398  EEL     =    -6501.2978  HBOND      =        0.0000
 1-4 VDW =      338.5102  1-4 EEL =     3276.8302  RESTRAINT  =        0.0000


   NSTEP       ENERGY          RMS            GMAX         NAME    NUMBER
   1750      -2.1315E+03     5.1102E-01     8.4887E+00     C        1711

 BOND    =       65.9705  ANGLE   =      273.4140  DIHED      =     1258.2519
 VDWAALS =     -844.5881  EEL     =    -6499.5194  HBOND      =        0.0000
 1-4 VDW =      338.9178  1-4 EEL =     3276.0856  RESTRAINT  =        0.0000


   NSTEP       ENERGY          RMS            GMAX         NAME    NUMBER
   1800      -2.3143E+03     4.4426E-01     4.6199E+00     CE3       358

 BOND    =       66.3264  ANGLE   =      273.0016  DIHED      =     1258.2064
 VDWAALS =     -843.6655  EEL     =    -6682.2345  HBOND      =        0.0000
 1-4 VDW =      339.0459  1-4 EEL =     3274.9758  RESTRAINT  =        0.0000


   NSTEP       ENERGY          RMS            GMAX         NAME    NUMBER
   1850      -2.3340E+03     5.1077E-01     7.0379E+00     C        1711

 BOND    =       66.6028  ANGLE   =      272.9483  DIHED      =     1258.2392
 VDWAALS =     -843.6431  EEL     =    -6701.5848  HBOND      =        0.0000
 1-4 VDW =      338.6815  1-4 EEL =     3274.7966  RESTRAINT  =        0.0000


   NSTEP       ENERGY          RMS            GMAX         NAME    NUMBER
   1900      -2.0850E+03     4.9779E-01     7.3092E+00     C        1711

 BOND    =       66.1084  ANGLE   =      273.1711  DIHED      =     1258.0461
 VDWAALS =     -843.9039  EEL     =    -6454.1156  HBOND      =        0.0000
 1-4 VDW =      338.7440  1-4 EEL =     3276.9157  RESTRAINT  =        0.0000


   NSTEP       ENERGY          RMS            GMAX         NAME    NUMBER
   1950      -2.2024E+03     4.8709E-01     8.0947E+00     C        1711

 BOND    =       66.2506  ANGLE   =      273.5515  DIHED      =     1258.1231
 VDWAALS =     -845.1591  EEL     =    -6571.2901  HBOND      =        0.0000
 1-4 VDW =      338.6268  1-4 EEL =     3277.5268  RESTRAINT  =        0.0000


   NSTEP       ENERGY          RMS            GMAX         NAME    NUMBER
   2000      -2.2768E+03     4.5115E-01     4.7567E+00     CE3       358

 BOND    =       66.7265  ANGLE   =      272.8336  DIHED      =     1258.4122
 VDWAALS =     -845.1855  EEL     =    -6645.3281  HBOND      =        0.0000
 1-4 VDW =      338.2452  1-4 EEL =     3277.4949  RESTRAINT  =        0.0000


   NSTEP       ENERGY          RMS            GMAX         NAME    NUMBER
   2050      -2.2902E+03     4.7143E-01     8.7885E+00     C        1711

 BOND    =       66.7806  ANGLE   =      273.8337  DIHED      =     1258.0684
 VDWAALS =     -845.4455  EEL     =    -6657.8346  HBOND      =        0.0000
 1-4 VDW =      337.8502  1-4 EEL =     3276.5182  RESTRAINT  =        0.0000


   NSTEP       ENERGY          RMS            GMAX         NAME    NUMBER
   2100      -2.0129E+03     5.1406E-01     6.9232E+00     CE2       351

 BOND    =       66.2925  ANGLE   =      273.5823  DIHED      =     1258.2353
 VDWAALS =     -845.4453  EEL     =    -6382.5790  HBOND      =        0.0000
 1-4 VDW =      338.3343  1-4 EEL =     3278.7281  RESTRAINT  =        0.0000


   NSTEP       ENERGY          RMS            GMAX         NAME    NUMBER
   2150      -2.0629E+03     4.8452E-01     7.5363E+00     C        1711

 BOND    =       66.7625  ANGLE   =      273.2976  DIHED      =     1258.2846
 VDWAALS =     -845.8687  EEL     =    -6432.0696  HBOND      =        0.0000
 1-4 VDW =      338.2939  1-4 EEL =     3278.4089  RESTRAINT  =        0.0000


   NSTEP       ENERGY          RMS            GMAX         NAME    NUMBER
   2200      -2.4060E+03     4.6884E-01     5.4512E+00     OXT      1713

 BOND    =       66.7533  ANGLE   =      273.2152  DIHED      =     1257.9355
 VDWAALS =     -846.0013  EEL     =    -6772.6746  HBOND      =        0.0000
 1-4 VDW =      338.0275  1-4 EEL =     3276.7456  RESTRAINT  =        0.0000


   NSTEP       ENERGY          RMS            GMAX         NAME    NUMBER
   2250      -2.2807E+03     4.3283E-01     6.3165E+00     C        1711

 BOND    =       66.1668  ANGLE   =      273.0398  DIHED      =     1257.6106
 VDWAALS =     -846.2593  EEL     =    -6648.2898  HBOND      =        0.0000
 1-4 VDW =      338.5902  1-4 EEL =     3278.4204  RESTRAINT  =        0.0000


   NSTEP       ENERGY          RMS            GMAX         NAME    NUMBER
   2300      -2.0282E+03     5.7535E-01     7.3495E+00     CE2       351

 BOND    =       66.1186  ANGLE   =      272.3641  DIHED      =     1257.1604
 VDWAALS =     -847.3233  EEL     =    -6398.2523  HBOND      =        0.0000
 1-4 VDW =      339.1027  1-4 EEL =     3282.6445  RESTRAINT  =        0.0000


   NSTEP       ENERGY          RMS            GMAX         NAME    NUMBER
   2350      -2.0551E+03     4.3701E-01     6.2096E+00     C        1711

 BOND    =       66.2904  ANGLE   =      272.0271  DIHED      =     1257.1100
 VDWAALS =     -847.2653  EEL     =    -6421.5183  HBOND      =        0.0000
 1-4 VDW =      338.5432  1-4 EEL =     3279.7103  RESTRAINT  =        0.0000


   NSTEP       ENERGY          RMS            GMAX         NAME    NUMBER
   2400      -2.3232E+03     5.0165E-01     4.7817E+00     NH2       657

 BOND    =       66.5761  ANGLE   =      272.3210  DIHED      =     1257.7211
 VDWAALS =     -846.7746  EEL     =    -6689.7599  HBOND      =        0.0000
 1-4 VDW =      338.6057  1-4 EEL =     3278.0808  RESTRAINT  =        0.0000


   NSTEP       ENERGY          RMS            GMAX         NAME    NUMBER
   2450      -2.4927E+03     4.3227E-01     5.3570E+00     C        1711

 BOND    =       65.8138  ANGLE   =      272.3810  DIHED      =     1257.2099
 VDWAALS =     -848.2117  EEL     =    -6859.3045  HBOND      =        0.0000
 1-4 VDW =      339.0730  1-4 EEL =     3280.3471  RESTRAINT  =        0.0000


   NSTEP       ENERGY          RMS            GMAX         NAME    NUMBER
   2500      -2.1279E+03     5.0559E-01     6.1135E+00     C        1711

 BOND    =       65.9321  ANGLE   =      271.9254  DIHED      =     1256.6489
 VDWAALS =     -848.7320  EEL     =    -6494.4209  HBOND      =        0.0000
 1-4 VDW =      339.3021  1-4 EEL =     3281.4175  RESTRAINT  =        0.0000


   NSTEP       ENERGY          RMS            GMAX         NAME    NUMBER
   2550      -2.1650E+03     4.8498E-01     7.2384E+00     C        1711

 BOND    =       66.3256  ANGLE   =      272.5302  DIHED      =     1256.7169
 VDWAALS =     -848.6957  EEL     =    -6530.5600  HBOND      =        0.0000
 1-4 VDW =      339.1309  1-4 EEL =     3279.5498  RESTRAINT  =        0.0000


   NSTEP       ENERGY          RMS            GMAX         NAME    NUMBER
   2600      -2.2904E+03     4.9049E-01     4.4641E+00     OXT      1713

 BOND    =       66.4228  ANGLE   =      273.2189  DIHED      =     1257.0041
 VDWAALS =     -847.0076  EEL     =    -6656.8868  HBOND      =        0.0000
 1-4 VDW =      338.6412  1-4 EEL =     3278.2452  RESTRAINT  =        0.0000


   NSTEP       ENERGY          RMS            GMAX         NAME    NUMBER
   2650      -2.2433E+03     4.4123E-01     5.7819E+00     C        1711

 BOND    =       65.8047  ANGLE   =      273.1309  DIHED      =     1255.6810
 VDWAALS =     -848.3067  EEL     =    -6608.4139  HBOND      =        0.0000
 1-4 VDW =      338.7304  1-4 EEL =     3280.0617  RESTRAINT  =        0.0000


   NSTEP       ENERGY          RMS            GMAX         NAME    NUMBER
   2700      -2.0393E+03     5.4715E-01     6.7461E+00     C        1711

 BOND    =       66.1125  ANGLE   =      272.7389  DIHED      =     1254.7496
 VDWAALS =     -848.9023  EEL     =    -6404.8369  HBOND      =        0.0000
 1-4 VDW =      339.4194  1-4 EEL =     3281.3942  RESTRAINT  =        0.0000


   NSTEP       ENERGY          RMS            GMAX         NAME    NUMBER
   2750      -2.1270E+03     4.0738E-01     5.9564E+00     C        1711

 BOND    =       65.9717  ANGLE   =      272.4207  DIHED      =     1254.8539
 VDWAALS =     -848.3496  EEL     =    -6492.1575  HBOND      =        0.0000
 1-4 VDW =      339.2721  1-4 EEL =     3280.9451  RESTRAINT  =        0.0000


   NSTEP       ENERGY          RMS            GMAX         NAME    NUMBER
   2800      -2.3252E+03     4.7007E-01     4.8816E+00     NE2       136

 BOND    =       66.4295  ANGLE   =      272.9752  DIHED      =     1255.7429
 VDWAALS =     -847.4203  EEL     =    -6691.3595  HBOND      =        0.0000
 1-4 VDW =      338.8140  1-4 EEL =     3279.6440  RESTRAINT  =        0.0000


   NSTEP       ENERGY          RMS            GMAX         NAME    NUMBER
   2850      -2.4721E+03     4.4416E-01     5.4501E+00     C        1711

 BOND    =       65.8526  ANGLE   =      272.8833  DIHED      =     1255.1891
 VDWAALS =     -848.0506  EEL     =    -6839.2071  HBOND      =        0.0000
 1-4 VDW =      339.3904  1-4 EEL =     3281.8594  RESTRAINT  =        0.0000


   NSTEP       ENERGY          RMS            GMAX         NAME    NUMBER
   2900      -2.1443E+03     4.6462E-01     6.1931E+00     C        1711

 BOND    =       65.8338  ANGLE   =      272.4613  DIHED      =     1255.3595
 VDWAALS =     -847.6693  EEL     =    -6512.4376  HBOND      =        0.0000
 1-4 VDW =      339.8825  1-4 EEL =     3282.2645  RESTRAINT  =        0.0000


   NSTEP       ENERGY          RMS            GMAX         NAME    NUMBER
   2950      -1.9348E+03     4.9478E-01     7.2024E+00     C        1711

 BOND    =       65.7773  ANGLE   =      272.1644  DIHED      =     1255.9831
 VDWAALS =     -847.5762  EEL     =    -6303.8534  HBOND      =        0.0000
 1-4 VDW =      339.8344  1-4 EEL =     3282.8511  RESTRAINT  =        0.0000


   NSTEP       ENERGY          RMS            GMAX         NAME    NUMBER
   3000      -2.4566E+03     4.2129E-01     5.5975E+00     NE2       136

 BOND    =       65.9191  ANGLE   =      272.0270  DIHED      =     1256.1922
 VDWAALS =     -847.0594  EEL     =    -6826.4764  HBOND      =        0.0000
 1-4 VDW =      339.4389  1-4 EEL =     3283.3368  RESTRAINT  =        0.0000


   NSTEP       ENERGY          RMS            GMAX         NAME    NUMBER
   3050      -2.5528E+03     4.0824E-01     4.9149E+00     C        1711

 BOND    =       65.8993  ANGLE   =      272.6984  DIHED      =     1256.2563
 VDWAALS =     -847.1123  EEL     =    -6923.2073  HBOND      =        0.0000
 1-4 VDW =      339.8599  1-4 EEL =     3282.8107  RESTRAINT  =        0.0000


   NSTEP       ENERGY          RMS            GMAX         NAME    NUMBER
   3100      -2.1968E+03     4.5065E-01     6.7266E+00     C        1711

 BOND    =       65.8517  ANGLE   =      272.2917  DIHED      =     1256.4420
 VDWAALS =     -847.5466  EEL     =    -6569.3876  HBOND      =        0.0000
 1-4 VDW =      340.5236  1-4 EEL =     3284.9846  RESTRAINT  =        0.0000


   NSTEP       ENERGY          RMS            GMAX         NAME    NUMBER
   3150      -2.2404E+03     4.3918E-01     6.7865E+00     C        1711

 BOND    =       65.7225  ANGLE   =      272.1799  DIHED      =     1256.4218
 VDWAALS =     -847.1164  EEL     =    -6613.0465  HBOND      =        0.0000
 1-4 VDW =      340.2932  1-4 EEL =     3285.1599  RESTRAINT  =        0.0000


   NSTEP       ENERGY          RMS            GMAX         NAME    NUMBER
   3200      -2.4823E+03     4.1807E-01     5.3567E+00     NE2       136

 BOND    =       65.7275  ANGLE   =      271.4063  DIHED      =     1256.8161
 VDWAALS =     -846.3438  EEL     =    -6854.6555  HBOND      =        0.0000
 1-4 VDW =      340.0416  1-4 EEL =     3284.6932  RESTRAINT  =        0.0000


   NSTEP       ENERGY          RMS            GMAX         NAME    NUMBER
   3250      -2.4648E+03     3.6894E-01     4.2472E+00     NE2       136

 BOND    =       65.4883  ANGLE   =      272.4449  DIHED      =     1256.2572
 VDWAALS =     -846.9084  EEL     =    -6836.9888  HBOND      =        0.0000
 1-4 VDW =      340.4685  1-4 EEL =     3284.4702  RESTRAINT  =        0.0000


   NSTEP       ENERGY          RMS            GMAX         NAME    NUMBER
   3300      -2.4623E+03     4.9796E-01     6.7627E+00     NE2       136

 BOND    =       65.3995  ANGLE   =      271.8846  DIHED      =     1256.1837
 VDWAALS =     -846.6814  EEL     =    -6836.2134  HBOND      =        0.0000
 1-4 VDW =      341.2064  1-4 EEL =     3285.8931  RESTRAINT  =        0.0000


   NSTEP       ENERGY          RMS            GMAX         NAME    NUMBER
   3350      -2.3668E+03     3.7752E-01     5.3093E+00     C        1711

 BOND    =       65.4533  ANGLE   =      271.8922  DIHED      =     1256.3202
 VDWAALS =     -847.0167  EEL     =    -6739.9605  HBOND      =        0.0000
 1-4 VDW =      340.8071  1-4 EEL =     3285.6664  RESTRAINT  =        0.0000


   NSTEP       ENERGY          RMS            GMAX         NAME    NUMBER
   3400      -2.4460E+03     4.6006E-01     6.7246E+00     NE2       136

 BOND    =       65.5927  ANGLE   =      271.9214  DIHED      =     1256.5363
 VDWAALS =     -846.4254  EEL     =    -6819.4740  HBOND      =        0.0000
 1-4 VDW =      340.4551  1-4 EEL =     3285.3449  RESTRAINT  =        0.0000


   NSTEP       ENERGY          RMS            GMAX         NAME    NUMBER
   3450      -2.3747E+03     3.6086E-01     3.1988E+00     CD       1673

 BOND    =       65.2414  ANGLE   =      272.0698  DIHED      =     1256.4478
 VDWAALS =     -847.4215  EEL     =    -6748.9301  HBOND      =        0.0000
 1-4 VDW =      340.8992  1-4 EEL =     3286.9837  RESTRAINT  =        0.0000


   NSTEP       ENERGY          RMS            GMAX         NAME    NUMBER
   3500      -2.3964E+03     4.6081E-01     7.6881E+00     NE2       136

 BOND    =       65.3443  ANGLE   =      271.3336  DIHED      =     1256.7804
 VDWAALS =     -847.3801  EEL     =    -6772.6087  HBOND      =        0.0000
 1-4 VDW =      341.5622  1-4 EEL =     3288.5555  RESTRAINT  =        0.0000


   NSTEP       ENERGY          RMS            GMAX         NAME    NUMBER
   3550      -2.3507E+03     3.9087E-01     6.6699E+00     C        1711

 BOND    =       65.7407  ANGLE   =      271.7257  DIHED      =     1256.5859
 VDWAALS =     -847.2118  EEL     =    -6725.8436  HBOND      =        0.0000
 1-4 VDW =      341.0054  1-4 EEL =     3287.3141  RESTRAINT  =        0.0000


   NSTEP       ENERGY          RMS            GMAX         NAME    NUMBER
   3600      -2.4258E+03     4.4916E-01     6.5405E+00     NE2       136

 BOND    =       65.9727  ANGLE   =      272.2349  DIHED      =     1257.1160
 VDWAALS =     -846.6723  EEL     =    -6800.0828  HBOND      =        0.0000
 1-4 VDW =      340.5508  1-4 EEL =     3285.1086  RESTRAINT  =        0.0000


   NSTEP       ENERGY          RMS            GMAX         NAME    NUMBER
   3650      -2.5532E+03     3.8889E-01     3.9652E+00     NE2       136

 BOND    =       65.2417  ANGLE   =      271.9521  DIHED      =     1257.1277
 VDWAALS =     -846.9060  EEL     =    -6928.6577  HBOND      =        0.0000
 1-4 VDW =      341.2492  1-4 EEL =     3286.8132  RESTRAINT  =        0.0000


   NSTEP       ENERGY          RMS            GMAX         NAME    NUMBER
   3700      -2.3093E+03     5.0695E-01     8.6377E+00     C        1711

 BOND    =       65.2027  ANGLE   =      271.5541  DIHED      =     1256.7946
 VDWAALS =     -846.4882  EEL     =    -6686.8220  HBOND      =        0.0000
 1-4 VDW =      341.6910  1-4 EEL =     3288.7324  RESTRAINT  =        0.0000


   NSTEP       ENERGY          RMS            GMAX         NAME    NUMBER
   3750      -2.2380E+03     4.8739E-01     7.6132E+00     C        1711

 BOND    =       65.6208  ANGLE   =      271.5564  DIHED      =     1255.9385
 VDWAALS =     -846.8882  EEL     =    -6613.7272  HBOND      =        0.0000
 1-4 VDW =      341.2227  1-4 EEL =     3288.2316  RESTRAINT  =        0.0000


   NSTEP       ENERGY          RMS            GMAX         NAME    NUMBER
   3800      -2.4638E+03     4.6044E-01     6.5066E+00     NE2       136

 BOND    =       65.9084  ANGLE   =      271.7109  DIHED      =     1256.1406
 VDWAALS =     -846.2934  EEL     =    -6838.2542  HBOND      =        0.0000
 1-4 VDW =      340.9374  1-4 EEL =     3286.0161  RESTRAINT  =        0.0000


   NSTEP       ENERGY          RMS            GMAX         NAME    NUMBER
   3850      -2.5709E+03     3.9102E-01     5.2068E+00     C        1711

 BOND    =       65.4313  ANGLE   =      271.4916  DIHED      =     1255.5938
 VDWAALS =     -845.8446  EEL     =    -6947.2513  HBOND      =        0.0000
 1-4 VDW =      341.6371  1-4 EEL =     3288.0495  RESTRAINT  =        0.0000


   NSTEP       ENERGY          RMS            GMAX         NAME    NUMBER
   3900      -2.3076E+03     5.0114E-01     6.4480E+00     C        1711

 BOND    =       65.4294  ANGLE   =      271.2153  DIHED      =     1255.8048
 VDWAALS =     -845.9702  EEL     =    -6685.9624  HBOND      =        0.0000
 1-4 VDW =      342.4272  1-4 EEL =     3289.4146  RESTRAINT  =        0.0000


   NSTEP       ENERGY          RMS            GMAX         NAME    NUMBER
   3950      -2.2286E+03     4.6340E-01     6.6719E+00     C        1711

 BOND    =       65.8467  ANGLE   =      271.5254  DIHED      =     1255.5820
 VDWAALS =     -845.4182  EEL     =    -6606.2155  HBOND      =        0.0000
 1-4 VDW =      341.7833  1-4 EEL =     3288.2564  RESTRAINT  =        0.0000


   NSTEP       ENERGY          RMS            GMAX         NAME    NUMBER
   4000      -2.6709E+03     4.6117E-01     6.8591E+00     NE2       136

 BOND    =       65.8983  ANGLE   =      271.2767  DIHED      =     1255.9258
 VDWAALS =     -844.8968  EEL     =    -7048.2548  HBOND      =        0.0000
 1-4 VDW =      341.5969  1-4 EEL =     3287.5561  RESTRAINT  =        0.0000


   NSTEP       ENERGY          RMS            GMAX         NAME    NUMBER
   4050      -2.5213E+03     4.2074E-01     6.1590E+00     NH2       389

 BOND    =       65.3507  ANGLE   =      271.9614  DIHED      =     1256.3278
 VDWAALS =     -844.6716  EEL     =    -6901.5401  HBOND      =        0.0000
 1-4 VDW =      342.1489  1-4 EEL =     3289.1493  RESTRAINT  =        0.0000


   NSTEP       ENERGY          RMS            GMAX         NAME    NUMBER
   4100      -2.3395E+03     4.8556E-01     6.8343E+00     NE2       136

 BOND    =       65.2443  ANGLE   =      271.7013  DIHED      =     1256.5863
 VDWAALS =     -844.3096  EEL     =    -6721.4995  HBOND      =        0.0000
 1-4 VDW =      342.7041  1-4 EEL =     3290.0815  RESTRAINT  =        0.0000


   NSTEP       ENERGY          RMS            GMAX         NAME    NUMBER
   4150      -2.3040E+03     4.5399E-01     6.3604E+00     NH2       389

 BOND    =       65.5150  ANGLE   =      271.0612  DIHED      =     1256.3656
 VDWAALS =     -844.2528  EEL     =    -6685.7176  HBOND      =        0.0000
 1-4 VDW =      342.5946  1-4 EEL =     3290.4780  RESTRAINT  =        0.0000


   NSTEP       ENERGY          RMS            GMAX         NAME    NUMBER
   4200      -2.5572E+03     4.6499E-01     6.7246E+00     NE2       136

 BOND    =       65.7713  ANGLE   =      271.4247  DIHED      =     1256.1583
 VDWAALS =     -843.7886  EEL     =    -6937.5704  HBOND      =        0.0000
 1-4 VDW =      342.0309  1-4 EEL =     3288.8018  RESTRAINT  =        0.0000


   NSTEP       ENERGY          RMS            GMAX         NAME    NUMBER
   4250      -2.5789E+03     4.0778E-01     5.5067E+00     C        1711

 BOND    =       65.4180  ANGLE   =      272.2031  DIHED      =     1256.5235
 VDWAALS =     -843.1818  EEL     =    -6961.8611  HBOND      =        0.0000
 1-4 VDW =      342.1402  1-4 EEL =     3289.8464  RESTRAINT  =        0.0000


   NSTEP       ENERGY          RMS            GMAX         NAME    NUMBER
   4300      -2.3340E+03     4.9589E-01     7.3288E+00     NE2       136

 BOND    =       65.3926  ANGLE   =      271.8011  DIHED      =     1256.9137
 VDWAALS =     -843.0780  EEL     =    -6718.8241  HBOND      =        0.0000
 1-4 VDW =      342.9934  1-4 EEL =     3290.7686  RESTRAINT  =        0.0000


   NSTEP       ENERGY          RMS            GMAX         NAME    NUMBER
   4350      -2.3749E+03     3.8254E-01     5.6576E+00     C        1711

 BOND    =       65.4423  ANGLE   =      271.3891  DIHED      =     1256.7232
 VDWAALS =     -842.9038  EEL     =    -6758.1086  HBOND      =        0.0000
 1-4 VDW =      342.6562  1-4 EEL =     3289.8706  RESTRAINT  =        0.0000


   NSTEP       ENERGY          RMS            GMAX         NAME    NUMBER
   4400      -2.6080E+03     4.6362E-01     6.8861E+00     NE2       136

 BOND    =       65.8393  ANGLE   =      271.5723  DIHED      =     1256.7155
 VDWAALS =     -842.3004  EEL     =    -6991.7284  HBOND      =        0.0000
 1-4 VDW =      342.5115  1-4 EEL =     3289.3878  RESTRAINT  =        0.0000


   NSTEP       ENERGY          RMS            GMAX         NAME    NUMBER
   4450      -2.5912E+03     3.9967E-01     7.2373E+00     C        1711

 BOND    =       65.5232  ANGLE   =      272.0360  DIHED      =     1257.0220
 VDWAALS =     -842.2430  EEL     =    -6975.8526  HBOND      =        0.0000
 1-4 VDW =      342.6235  1-4 EEL =     3289.6749  RESTRAINT  =        0.0000


   NSTEP       ENERGY          RMS            GMAX         NAME    NUMBER
   4500      -2.3311E+03     4.4337E-01     7.1768E+00     NE2       136

 BOND    =       65.3511  ANGLE   =      272.2786  DIHED      =     1257.3382
 VDWAALS =     -841.7376  EEL     =    -6717.6576  HBOND      =        0.0000
 1-4 VDW =      343.0912  1-4 EEL =     3290.2048  RESTRAINT  =        0.0000


   NSTEP       ENERGY          RMS            GMAX         NAME    NUMBER
   4550      -2.3533E+03     4.2849E-01     4.8883E+00     NE2       136

 BOND    =       65.3547  ANGLE   =      271.7297  DIHED      =     1257.1338
 VDWAALS =     -842.5513  EEL     =    -6739.3458  HBOND      =        0.0000
 1-4 VDW =      343.0785  1-4 EEL =     3291.2644  RESTRAINT  =        0.0000


   NSTEP       ENERGY          RMS            GMAX         NAME    NUMBER
   4600      -2.5448E+03     4.4962E-01     6.9395E+00     NE2       136

 BOND    =       65.8647  ANGLE   =      271.7043  DIHED      =     1257.4015
 VDWAALS =     -841.3055  EEL     =    -6931.2809  HBOND      =        0.0000
 1-4 VDW =      343.0069  1-4 EEL =     3289.7906  RESTRAINT  =        0.0000


   NSTEP       ENERGY          RMS            GMAX         NAME    NUMBER
   4650      -2.6209E+03     3.9184E-01     7.8974E+00     C        1711

 BOND    =       65.0359  ANGLE   =      272.2660  DIHED      =     1257.0555
 VDWAALS =     -841.4563  EEL     =    -7008.5078  HBOND      =        0.0000
 1-4 VDW =      343.1919  1-4 EEL =     3291.5184  RESTRAINT  =        0.0000


   NSTEP       ENERGY          RMS            GMAX         NAME    NUMBER
   4700      -2.1740E+03     4.7836E-01     6.9914E+00     NE2       136

 BOND    =       65.1278  ANGLE   =      272.2788  DIHED      =     1257.7289
 VDWAALS =     -841.1776  EEL     =    -6562.8742  HBOND      =        0.0000
 1-4 VDW =      343.4592  1-4 EEL =     3291.4075  RESTRAINT  =        0.0000


   NSTEP       ENERGY          RMS            GMAX         NAME    NUMBER
   4750      -2.1416E+03     3.8611E-01     5.3692E+00     C        1711

 BOND    =       65.1113  ANGLE   =      271.5854  DIHED      =     1256.9194
 VDWAALS =     -841.0118  EEL     =    -6529.7160  HBOND      =        0.0000
 1-4 VDW =      343.3473  1-4 EEL =     3292.1967  RESTRAINT  =        0.0000


   NSTEP       ENERGY          RMS            GMAX         NAME    NUMBER
   4800      -2.6088E+03     4.6629E-01     6.8371E+00     NE2       136

 BOND    =       65.4438  ANGLE   =      271.7349  DIHED      =     1256.7578
 VDWAALS =     -839.9880  EEL     =    -6997.8934  HBOND      =        0.0000
 1-4 VDW =      343.4434  1-4 EEL =     3291.6799  RESTRAINT  =        0.0000


   NSTEP       ENERGY          RMS            GMAX         NAME    NUMBER
   4850      -2.5985E+03     4.1591E-01     8.6519E+00     C        1711

 BOND    =       65.0297  ANGLE   =      272.1851  DIHED      =     1256.8288
 VDWAALS =     -840.7849  EEL     =    -6988.4439  HBOND      =        0.0000
 1-4 VDW =      343.4370  1-4 EEL =     3293.2109  RESTRAINT  =        0.0000


   NSTEP       ENERGY          RMS            GMAX         NAME    NUMBER
   4900      -2.2997E+03     4.8316E-01     7.0275E+00     NE2       136

 BOND    =       64.9273  ANGLE   =      272.1457  DIHED      =     1257.3605
 VDWAALS =     -840.8550  EEL     =    -6689.6883  HBOND      =        0.0000
 1-4 VDW =      343.6992  1-4 EEL =     3292.7432  RESTRAINT  =        0.0000


   NSTEP       ENERGY          RMS            GMAX         NAME    NUMBER
   4950      -2.4356E+03     4.3033E-01     4.8033E+00     C        1711

 BOND    =       65.1742  ANGLE   =      271.4541  DIHED      =     1256.8972
 VDWAALS =     -839.3812  EEL     =    -6826.0965  HBOND      =        0.0000
 1-4 VDW =      343.5581  1-4 EEL =     3292.7703  RESTRAINT  =        0.0000


   NSTEP       ENERGY          RMS            GMAX         NAME    NUMBER
   5000      -2.5663E+03     4.5116E-01     6.7350E+00     NE2       136

 BOND    =       65.3349  ANGLE   =      271.6898  DIHED      =     1256.3988
 VDWAALS =     -839.0019  EEL     =    -6956.3956  HBOND      =        0.0000
 1-4 VDW =      343.3600  1-4 EEL =     3292.3194  RESTRAINT  =        0.0000


   NSTEP       ENERGY          RMS            GMAX         NAME    NUMBER
   5050      -2.5483E+03     4.4522E-01     9.0500E+00     C        1711

 BOND    =       65.2420  ANGLE   =      272.4311  DIHED      =     1256.5934
 VDWAALS =     -839.6883  EEL     =    -6937.9468  HBOND      =        0.0000
 1-4 VDW =      343.1089  1-4 EEL =     3291.9347  RESTRAINT  =        0.0000


   NSTEP       ENERGY          RMS            GMAX         NAME    NUMBER
   5100      -2.2359E+03     4.6593E-01     5.6471E+00     NH1       386

 BOND    =       65.2083  ANGLE   =      272.2313  DIHED      =     1256.8328
 VDWAALS =     -839.7958  EEL     =    -6625.5721  HBOND      =        0.0000
 1-4 VDW =      343.2853  1-4 EEL =     3291.8823  RESTRAINT  =        0.0000


   NSTEP       ENERGY          RMS            GMAX         NAME    NUMBER
   5150      -2.3522E+03     4.3081E-01     4.6726E+00     C        1711

 BOND    =       65.0973  ANGLE   =      271.5227  DIHED      =     1256.3618
 VDWAALS =     -839.8304  EEL     =    -6741.3586  HBOND      =        0.0000
 1-4 VDW =      343.5314  1-4 EEL =     3292.4330  RESTRAINT  =        0.0000


   NSTEP       ENERGY          RMS            GMAX         NAME    NUMBER
   5200      -2.5779E+03     4.5541E-01     6.7304E+00     NE2       136

 BOND    =       65.5158  ANGLE   =      271.9966  DIHED      =     1256.4986
 VDWAALS =     -839.4593  EEL     =    -6967.2183  HBOND      =        0.0000
 1-4 VDW =      343.5229  1-4 EEL =     3291.1939  RESTRAINT  =        0.0000


   NSTEP       ENERGY          RMS            GMAX         NAME    NUMBER
   5250      -2.5269E+03     4.0209E-01     6.9472E+00     C        1711

 BOND    =       65.3921  ANGLE   =      272.6467  DIHED      =     1256.5751
 VDWAALS =     -840.0349  EEL     =    -6916.0293  HBOND      =        0.0000
 1-4 VDW =      343.0977  1-4 EEL =     3291.4405  RESTRAINT  =        0.0000


   NSTEP       ENERGY          RMS            GMAX         NAME    NUMBER
   5300      -2.3703E+03     4.6902E-01     6.6401E+00     NE2       136

 BOND    =       65.5586  ANGLE   =      272.7057  DIHED      =     1257.0803
 VDWAALS =     -839.2486  EEL     =    -6760.4378  HBOND      =        0.0000
 1-4 VDW =      343.0701  1-4 EEL =     3291.0126  RESTRAINT  =        0.0000


   NSTEP       ENERGY          RMS            GMAX         NAME    NUMBER
   5350      -2.3363E+03     4.3115E-01     5.3474E+00     C        1711

 BOND    =       65.0455  ANGLE   =      272.5750  DIHED      =     1256.2697
 VDWAALS =     -839.7357  EEL     =    -6725.0517  HBOND      =        0.0000
 1-4 VDW =      343.0907  1-4 EEL =     3291.5493  RESTRAINT  =        0.0000


   NSTEP       ENERGY          RMS            GMAX         NAME    NUMBER
   5400      -2.5031E+03     4.4427E-01     6.5251E+00     NE2       136

 BOND    =       65.2650  ANGLE   =      272.6430  DIHED      =     1256.4915
 VDWAALS =     -839.2619  EEL     =    -6893.7232  HBOND      =        0.0000
 1-4 VDW =      343.1747  1-4 EEL =     3292.3464  RESTRAINT  =        0.0000


   NSTEP       ENERGY          RMS            GMAX         NAME    NUMBER
   5450      -2.4559E+03     3.8739E-01     6.5770E+00     C        1711

 BOND    =       65.3630  ANGLE   =      272.9677  DIHED      =     1256.9140
 VDWAALS =     -840.1094  EEL     =    -6846.0611  HBOND      =        0.0000
 1-4 VDW =      342.9478  1-4 EEL =     3292.0496  RESTRAINT  =        0.0000


   NSTEP       ENERGY          RMS            GMAX         NAME    NUMBER
   5500      -2.4286E+03     4.5935E-01     7.5402E+00     NE2       136

 BOND    =       65.4247  ANGLE   =      272.8282  DIHED      =     1257.4394
 VDWAALS =     -840.0801  EEL     =    -6818.3975  HBOND      =        0.0000
 1-4 VDW =      342.8186  1-4 EEL =     3291.3865  RESTRAINT  =        0.0000


   NSTEP       ENERGY          RMS            GMAX         NAME    NUMBER
   5550      -2.4305E+03     4.2432E-01     5.0532E+00     C        1711

 BOND    =       65.2845  ANGLE   =      273.2013  DIHED      =     1257.1134
 VDWAALS =     -839.2674  EEL     =    -6820.8989  HBOND      =        0.0000
 1-4 VDW =      342.6417  1-4 EEL =     3291.4186  RESTRAINT  =        0.0000


   NSTEP       ENERGY          RMS            GMAX         NAME    NUMBER
   5600      -2.4781E+03     4.7791E-01     7.0555E+00     NE2       136

 BOND    =       65.5954  ANGLE   =      273.6165  DIHED      =     1256.7930
 VDWAALS =     -838.3672  EEL     =    -6870.9962  HBOND      =        0.0000
 1-4 VDW =      342.7563  1-4 EEL =     3292.4704  RESTRAINT  =        0.0000


   NSTEP       ENERGY          RMS            GMAX         NAME    NUMBER
   5650      -2.4944E+03     3.9608E-01     6.8229E+00     C        1711

 BOND    =       65.6638  ANGLE   =      273.6421  DIHED      =     1257.3655
 VDWAALS =     -838.7022  EEL     =    -6886.3272  HBOND      =        0.0000
 1-4 VDW =      342.2240  1-4 EEL =     3291.7657  RESTRAINT  =        0.0000


   NSTEP       ENERGY          RMS            GMAX         NAME    NUMBER
   5700      -2.2790E+03     5.0299E-01     7.8734E+00     NE2       136

 BOND    =       65.6225  ANGLE   =      273.1814  DIHED      =     1257.7295
 VDWAALS =     -838.6181  EEL     =    -6670.8218  HBOND      =        0.0000
 1-4 VDW =      342.3270  1-4 EEL =     3291.5670  RESTRAINT  =        0.0000


   NSTEP       ENERGY          RMS            GMAX         NAME    NUMBER
   5750      -2.3600E+03     4.3669E-01     4.6776E+00     C        1711

 BOND    =       65.0627  ANGLE   =      273.6103  DIHED      =     1257.1198
 VDWAALS =     -838.7258  EEL     =    -6751.6726  HBOND      =        0.0000
 1-4 VDW =      342.5245  1-4 EEL =     3292.1022  RESTRAINT  =        0.0000


   NSTEP       ENERGY          RMS            GMAX         NAME    NUMBER
   5800      -2.4194E+03     4.6573E-01     5.8510E+00     CZ       1227

 BOND    =       65.4858  ANGLE   =      273.4450  DIHED      =     1257.0330
 VDWAALS =     -838.6524  EEL     =    -6811.9217  HBOND      =        0.0000
 1-4 VDW =      342.9302  1-4 EEL =     3292.2893  RESTRAINT  =        0.0000


   NSTEP       ENERGY          RMS            GMAX         NAME    NUMBER
   5850      -2.3572E+03     4.6724E-01     8.7092E+00     C        1711

 BOND    =       65.6115  ANGLE   =      273.8379  DIHED      =     1257.4417
 VDWAALS =     -838.7890  EEL     =    -6749.6633  HBOND      =        0.0000
 1-4 VDW =      342.2506  1-4 EEL =     3292.1467  RESTRAINT  =        0.0000


   NSTEP       ENERGY          RMS            GMAX         NAME    NUMBER
   5900      -2.4104E+03     4.1701E-01     5.8173E+00     CZ       1227

 BOND    =       65.4487  ANGLE   =      273.3918  DIHED      =     1257.9549
 VDWAALS =     -838.9343  EEL     =    -6802.0803  HBOND      =        0.0000
 1-4 VDW =      342.2102  1-4 EEL =     3291.6413  RESTRAINT  =        0.0000


   NSTEP       ENERGY          RMS            GMAX         NAME    NUMBER
   5950      -2.3705E+03     5.3037E-01     6.4135E+00     C        1711

 BOND    =       64.8962  ANGLE   =      273.8904  DIHED      =     1257.2914
 VDWAALS =     -838.9943  EEL     =    -6761.4679  HBOND      =        0.0000
 1-4 VDW =      342.5390  1-4 EEL =     3291.3321  RESTRAINT  =        0.0000


   NSTEP       ENERGY          RMS            GMAX         NAME    NUMBER
   6000      -2.4650E+03     4.4994E-01     6.8833E+00     NE2       136

 BOND    =       65.6749  ANGLE   =      273.6342  DIHED      =     1257.0653
 VDWAALS =     -838.5218  EEL     =    -6856.0373  HBOND      =        0.0000
 1-4 VDW =      342.3315  1-4 EEL =     3290.8421  RESTRAINT  =        0.0000


   NSTEP       ENERGY          RMS            GMAX         NAME    NUMBER
   6050      -2.4660E+03     4.5281E-01     8.8205E+00     C        1711

 BOND    =       65.6012  ANGLE   =      274.0507  DIHED      =     1257.6156
 VDWAALS =     -838.7120  EEL     =    -6858.5507  HBOND      =        0.0000
 1-4 VDW =      342.1463  1-4 EEL =     3291.8215  RESTRAINT  =        0.0000


   NSTEP       ENERGY          RMS            GMAX         NAME    NUMBER
   6100      -2.3170E+03     4.9393E-01     6.3093E+00     CZ       1227

 BOND    =       65.5622  ANGLE   =      273.8476  DIHED      =     1258.2511
 VDWAALS =     -839.3626  EEL     =    -6708.4381  HBOND      =        0.0000
 1-4 VDW =      342.1242  1-4 EEL =     3290.9840  RESTRAINT  =        0.0000


   NSTEP       ENERGY          RMS            GMAX         NAME    NUMBER
   6150      -2.3975E+03     4.2992E-01     4.5627E+00     C        1711

 BOND    =       64.9983  ANGLE   =      273.9860  DIHED      =     1257.2341
 VDWAALS =     -839.4164  EEL     =    -6788.2246  HBOND      =        0.0000
 1-4 VDW =      342.3324  1-4 EEL =     3291.6118  RESTRAINT  =        0.0000


   NSTEP       ENERGY          RMS            GMAX         NAME    NUMBER
   6200      -2.4451E+03     4.4725E-01     5.0509E+00     CZ       1227

 BOND    =       65.6670  ANGLE   =      274.0925  DIHED      =     1256.7884
 VDWAALS =     -838.5320  EEL     =    -6836.3850  HBOND      =        0.0000
 1-4 VDW =      342.3577  1-4 EEL =     3290.9208  RESTRAINT  =        0.0000


   NSTEP       ENERGY          RMS            GMAX         NAME    NUMBER
   6250      -2.3838E+03     5.1442E-01     1.0808E+01     C        1711

 BOND    =       65.9660  ANGLE   =      274.4048  DIHED      =     1257.3920
 VDWAALS =     -838.6588  EEL     =    -6776.5988  HBOND      =        0.0000
 1-4 VDW =      341.9955  1-4 EEL =     3291.6510  RESTRAINT  =        0.0000


   NSTEP       ENERGY          RMS            GMAX         NAME    NUMBER
   6300      -2.4630E+03     5.0423E-01     6.5307E+00     NE2       136

 BOND    =       65.5630  ANGLE   =      274.3623  DIHED      =     1258.2717
 VDWAALS =     -838.3530  EEL     =    -6856.1116  HBOND      =        0.0000
 1-4 VDW =      342.2677  1-4 EEL =     3290.9633  RESTRAINT  =        0.0000


   NSTEP       ENERGY          RMS            GMAX         NAME    NUMBER
   6350      -2.4388E+03     3.6346E-01     4.9307E+00     C        1711

 BOND    =       64.9729  ANGLE   =      274.2257  DIHED      =     1257.2915
 VDWAALS =     -838.3624  EEL     =    -6831.0599  HBOND      =        0.0000
 1-4 VDW =      342.6443  1-4 EEL =     3291.5379  RESTRAINT  =        0.0000


   NSTEP       ENERGY          RMS            GMAX         NAME    NUMBER
   6400      -2.3881E+03     5.3208E-01     6.0184E+00     CZ       1227

 BOND    =       65.8121  ANGLE   =      274.5010  DIHED      =     1256.7454
 VDWAALS =     -837.4643  EEL     =    -6780.7053  HBOND      =        0.0000
 1-4 VDW =      342.2556  1-4 EEL =     3290.7965  RESTRAINT  =        0.0000


   NSTEP       ENERGY          RMS            GMAX         NAME    NUMBER
   6450      -2.3785E+03     4.0822E-01     7.0156E+00     C        1711

 BOND    =       65.9616  ANGLE   =      274.4423  DIHED      =     1256.9322
 VDWAALS =     -838.0403  EEL     =    -6771.6807  HBOND      =        0.0000
 1-4 VDW =      342.2793  1-4 EEL =     3291.5597  RESTRAINT  =        0.0000


   NSTEP       ENERGY          RMS            GMAX         NAME    NUMBER
   6500      -2.5513E+03     4.7792E-01     8.7808E+00     NE2       136

 BOND    =       65.6264  ANGLE   =      275.0621  DIHED      =     1257.9345
 VDWAALS =     -837.7031  EEL     =    -6944.8949  HBOND      =        0.0000
 1-4 VDW =      342.2348  1-4 EEL =     3290.4131  RESTRAINT  =        0.0000


   NSTEP       ENERGY          RMS            GMAX         NAME    NUMBER
   6550      -2.4997E+03     4.2602E-01     7.7597E+00     C        1711

 BOND    =       65.1797  ANGLE   =      274.4561  DIHED      =     1257.2307
 VDWAALS =     -838.4727  EEL     =    -6892.3164  HBOND      =        0.0000
 1-4 VDW =      342.6573  1-4 EEL =     3291.6081  RESTRAINT  =        0.0000


   NSTEP       ENERGY          RMS            GMAX         NAME    NUMBER
   6600      -2.4995E+03     4.5270E-01     3.9710E+00     OG1        27

 BOND    =       65.6096  ANGLE   =      274.2266  DIHED      =     1256.4200
 VDWAALS =     -837.9751  EEL     =    -6892.9647  HBOND      =        0.0000
 1-4 VDW =      343.0204  1-4 EEL =     3292.1446  RESTRAINT  =        0.0000


   NSTEP       ENERGY          RMS            GMAX         NAME    NUMBER
   6650      -2.5665E+03     4.5029E-01     8.2214E+00     C        1711

 BOND    =       65.7500  ANGLE   =      274.4516  DIHED      =     1257.1686
 VDWAALS =     -837.9512  EEL     =    -6961.8841  HBOND      =        0.0000
 1-4 VDW =      342.7770  1-4 EEL =     3293.2219  RESTRAINT  =        0.0000


   NSTEP       ENERGY          RMS            GMAX         NAME    NUMBER
   6700      -2.4485E+03     4.7561E-01     5.9063E+00     NE2       136

 BOND    =       65.4781  ANGLE   =      274.4302  DIHED      =     1257.6718
 VDWAALS =     -837.3251  EEL     =    -6843.8314  HBOND      =        0.0000
 1-4 VDW =      342.8878  1-4 EEL =     3292.1992  RESTRAINT  =        0.0000


   NSTEP       ENERGY          RMS            GMAX         NAME    NUMBER
   6750      -2.3773E+03     4.6130E-01     7.4365E+00     C        1711

 BOND    =       64.8478  ANGLE   =      274.2212  DIHED      =     1256.9295
 VDWAALS =     -838.3247  EEL     =    -6771.7428  HBOND      =        0.0000
 1-4 VDW =      343.2597  1-4 EEL =     3293.5155  RESTRAINT  =        0.0000


   NSTEP       ENERGY          RMS            GMAX         NAME    NUMBER
   6800      -2.7148E+03     5.0991E-01     6.7212E+00     NE2       136

 BOND    =       65.4757  ANGLE   =      274.0453  DIHED      =     1256.4354
 VDWAALS =     -837.6527  EEL     =    -7110.4009  HBOND      =        0.0000
 1-4 VDW =      343.2949  1-4 EEL =     3294.0297  RESTRAINT  =        0.0000


   NSTEP       ENERGY          RMS            GMAX         NAME    NUMBER
   6850      -2.7025E+03     4.2995E-01     7.9361E+00     C        1711

 BOND    =       65.6225  ANGLE   =      274.2987  DIHED      =     1257.1196
 VDWAALS =     -837.6528  EEL     =    -7099.3026  HBOND      =        0.0000
 1-4 VDW =      343.2503  1-4 EEL =     3294.1976  RESTRAINT  =        0.0000


   NSTEP       ENERGY          RMS            GMAX         NAME    NUMBER
   6900      -2.5966E+03     5.0728E-01     6.1354E+00     NE2       136

 BOND    =       65.5860  ANGLE   =      274.2393  DIHED      =     1257.9865
 VDWAALS =     -836.9485  EEL     =    -6993.4156  HBOND      =        0.0000
 1-4 VDW =      343.1796  1-4 EEL =     3292.8097  RESTRAINT  =        0.0000


   NSTEP       ENERGY          RMS            GMAX         NAME    NUMBER
   6950      -2.5199E+03     4.3873E-01     8.0671E+00     C        1711

 BOND    =       64.8496  ANGLE   =      274.4944  DIHED      =     1257.0454
 VDWAALS =     -837.4398  EEL     =    -6917.1245  HBOND      =        0.0000
 1-4 VDW =      343.4328  1-4 EEL =     3294.8055  RESTRAINT  =        0.0000


   NSTEP       ENERGY          RMS            GMAX         NAME    NUMBER
   7000      -2.5911E+03     5.1521E-01     5.3776E+00     NE2       136

 BOND    =       65.6929  ANGLE   =      274.2303  DIHED      =     1256.6311
 VDWAALS =     -837.2606  EEL     =    -6988.9755  HBOND      =        0.0000
 1-4 VDW =      343.5680  1-4 EEL =     3295.0337  RESTRAINT  =        0.0000


   NSTEP       ENERGY          RMS            GMAX         NAME    NUMBER
   7050      -2.5945E+03     4.6573E-01     8.9095E+00     C        1711

 BOND    =       65.6971  ANGLE   =      274.1695  DIHED      =     1257.3776
 VDWAALS =     -837.4637  EEL     =    -6992.5211  HBOND      =        0.0000
 1-4 VDW =      343.4177  1-4 EEL =     3294.7950  RESTRAINT  =        0.0000


   NSTEP       ENERGY          RMS            GMAX         NAME    NUMBER
   7100      -2.4804E+03     4.8867E-01     5.8223E+00     NH2      1585

 BOND    =       65.4480  ANGLE   =      274.4792  DIHED      =     1258.0463
 VDWAALS =     -836.6346  EEL     =    -6879.3010  HBOND      =        0.0000
 1-4 VDW =      343.4408  1-4 EEL =     3294.1430  RESTRAINT  =        0.0000


   NSTEP       ENERGY          RMS            GMAX         NAME    NUMBER
   7150      -2.3899E+03     5.0780E-01     8.2697E+00     C        1711

 BOND    =       65.1134  ANGLE   =      274.4313  DIHED      =     1257.2949
 VDWAALS =     -837.2606  EEL     =    -6788.7651  HBOND      =        0.0000
 1-4 VDW =      343.5881  1-4 EEL =     3295.7002  RESTRAINT  =        0.0000


   NSTEP       ENERGY          RMS            GMAX         NAME    NUMBER
   7200      -2.6086E+03     4.5884E-01     5.2425E+00     CZ       1227

 BOND    =       65.7684  ANGLE   =      274.0751  DIHED      =     1256.7697
 VDWAALS =     -836.6545  EEL     =    -7007.9273  HBOND      =        0.0000
 1-4 VDW =      343.8623  1-4 EEL =     3295.4982  RESTRAINT  =        0.0000


   NSTEP       ENERGY          RMS            GMAX         NAME    NUMBER
   7250      -2.7242E+03     4.4922E-01     7.8910E+00     C        1711

 BOND    =       65.4372  ANGLE   =      274.0821  DIHED      =     1257.7087
 VDWAALS =     -837.2003  EEL     =    -7123.9679  HBOND      =        0.0000
 1-4 VDW =      343.7133  1-4 EEL =     3296.0440  RESTRAINT  =        0.0000


   NSTEP       ENERGY          RMS            GMAX         NAME    NUMBER
   7300      -2.4516E+03     5.1866E-01     5.6799E+00     NH2      1585

 BOND    =       65.4890  ANGLE   =      274.0517  DIHED      =     1258.1730
 VDWAALS =     -836.9794  EEL     =    -6851.5627  HBOND      =        0.0000
 1-4 VDW =      343.5391  1-4 EEL =     3295.7203  RESTRAINT  =        0.0000


   NSTEP       ENERGY          RMS            GMAX         NAME    NUMBER
   7350      -2.3559E+03     4.1868E-01     7.9813E+00     C        1711

 BOND    =       65.2956  ANGLE   =      274.1995  DIHED      =     1257.2633
 VDWAALS =     -836.8190  EEL     =    -6755.1803  HBOND      =        0.0000
 1-4 VDW =      343.6323  1-4 EEL =     3295.7582  RESTRAINT  =        0.0000


   NSTEP       ENERGY          RMS            GMAX         NAME    NUMBER
   7400      -2.6540E+03     4.9546E-01     4.7212E+00     NH2      1585

 BOND    =       65.7924  ANGLE   =      274.2608  DIHED      =     1256.9763
 VDWAALS =     -836.3188  EEL     =    -7054.5887  HBOND      =        0.0000
 1-4 VDW =      343.9578  1-4 EEL =     3295.8745  RESTRAINT  =        0.0000


   NSTEP       ENERGY          RMS            GMAX         NAME    NUMBER
   7450      -2.5674E+03     4.8857E-01     8.3580E+00     C        1711

 BOND    =       65.6023  ANGLE   =      273.8066  DIHED      =     1257.3413
 VDWAALS =     -837.1466  EEL     =    -6966.7172  HBOND      =        0.0000
 1-4 VDW =      343.5803  1-4 EEL =     3296.1331  RESTRAINT  =        0.0000


   NSTEP       ENERGY          RMS            GMAX         NAME    NUMBER
   7500      -2.3587E+03     4.9833E-01     5.9997E+00     NE2       136

 BOND    =       65.6824  ANGLE   =      273.4839  DIHED      =     1257.8626
 VDWAALS =     -836.7430  EEL     =    -6758.9529  HBOND      =        0.0000
 1-4 VDW =      343.8534  1-4 EEL =     3296.0776  RESTRAINT  =        0.0000


   NSTEP       ENERGY          RMS            GMAX         NAME    NUMBER
   7550      -2.4971E+03     4.7478E-01     6.5559E+00     C        1711

 BOND    =       65.2970  ANGLE   =      273.9929  DIHED      =     1257.1367
 VDWAALS =     -836.8534  EEL     =    -6896.4179  HBOND      =        0.0000
 1-4 VDW =      343.9495  1-4 EEL =     3295.7921  RESTRAINT  =        0.0000


   NSTEP       ENERGY          RMS            GMAX         NAME    NUMBER
   7600      -2.7345E+03     5.0020E-01     5.8478E+00     NH1       410

 BOND    =       65.6249  ANGLE   =      274.2153  DIHED      =     1256.8402
 VDWAALS =     -835.7076  EEL     =    -7135.1122  HBOND      =        0.0000
 1-4 VDW =      343.9021  1-4 EEL =     3295.6970  RESTRAINT  =        0.0000


   NSTEP       ENERGY          RMS            GMAX         NAME    NUMBER
   7650      -2.6288E+03     4.8914E-01     1.0339E+01     C        1711

 BOND    =       65.3590  ANGLE   =      273.4740  DIHED      =     1257.0744
 VDWAALS =     -836.6708  EEL     =    -7028.1576  HBOND      =        0.0000
 1-4 VDW =      343.8822  1-4 EEL =     3296.1931  RESTRAINT  =        0.0000


   NSTEP       ENERGY          RMS            GMAX         NAME    NUMBER
   7700      -2.4002E+03     4.9236E-01     5.6361E+00     NE2       136

 BOND    =       65.4520  ANGLE   =      273.2742  DIHED      =     1257.8166
 VDWAALS =     -836.3175  EEL     =    -6800.7753  HBOND      =        0.0000
 1-4 VDW =      343.8720  1-4 EEL =     3296.4714  RESTRAINT  =        0.0000


   NSTEP       ENERGY          RMS            GMAX         NAME    NUMBER
   7750      -2.3331E+03     4.3752E-01     7.9217E+00     C        1711

 BOND    =       65.0527  ANGLE   =      273.6813  DIHED      =     1257.3930
 VDWAALS =     -836.1359  EEL     =    -6733.5278  HBOND      =        0.0000
 1-4 VDW =      344.0602  1-4 EEL =     3296.3536  RESTRAINT  =        0.0000


   NSTEP       ENERGY          RMS            GMAX         NAME    NUMBER
   7800      -2.7882E+03     4.9186E-01     4.7531E+00     NH2      1585

 BOND    =       65.4269  ANGLE   =      273.2850  DIHED      =     1257.1651
 VDWAALS =     -835.6526  EEL     =    -7190.2723  HBOND      =        0.0000
 1-4 VDW =      344.1791  1-4 EEL =     3297.6846  RESTRAINT  =        0.0000


   NSTEP       ENERGY          RMS            GMAX         NAME    NUMBER
   7850      -2.7514E+03     4.2620E-01     8.4035E+00     C        1711

 BOND    =       65.2824  ANGLE   =      273.5691  DIHED      =     1257.3099
 VDWAALS =     -835.8813  EEL     =    -7152.4226  HBOND      =        0.0000
 1-4 VDW =      343.8392  1-4 EEL =     3296.9506  RESTRAINT  =        0.0000


   NSTEP       ENERGY          RMS            GMAX         NAME    NUMBER
   7900      -2.5244E+03     4.8589E-01     4.6919E+00     OG1        27

 BOND    =       65.4047  ANGLE   =      273.5753  DIHED      =     1257.9910
 VDWAALS =     -836.0995  EEL     =    -6924.4853  HBOND      =        0.0000
 1-4 VDW =      343.6529  1-4 EEL =     3295.5530  RESTRAINT  =        0.0000


   NSTEP       ENERGY          RMS            GMAX         NAME    NUMBER
   7950      -2.4310E+03     4.9609E-01     8.7076E+00     C        1711

 BOND    =       65.3196  ANGLE   =      273.6326  DIHED      =     1257.1833
 VDWAALS =     -836.1786  EEL     =    -6831.4253  HBOND      =        0.0000
 1-4 VDW =      344.0551  1-4 EEL =     3296.3675  RESTRAINT  =        0.0000


   NSTEP       ENERGY          RMS            GMAX         NAME    NUMBER
   8000      -2.6717E+03     4.9124E-01     4.4911E+00     NE        407

 BOND    =       65.3719  ANGLE   =      273.2668  DIHED      =     1256.9145
 VDWAALS =     -834.7001  EEL     =    -7073.7453  HBOND      =        0.0000
 1-4 VDW =      344.3845  1-4 EEL =     3296.8392  RESTRAINT  =        0.0000


   NSTEP       ENERGY          RMS            GMAX         NAME    NUMBER
   8050      -2.5269E+03     4.3041E-01     7.6320E+00     C        1711

 BOND    =       65.4019  ANGLE   =      273.4391  DIHED      =     1257.5923
 VDWAALS =     -836.0466  EEL     =    -6928.0400  HBOND      =        0.0000
 1-4 VDW =      343.9574  1-4 EEL =     3296.8361  RESTRAINT  =        0.0000


   NSTEP       ENERGY          RMS            GMAX         NAME    NUMBER
   8100      -2.4524E+03     5.0953E-01     5.5083E+00     NE2       136

 BOND    =       65.5258  ANGLE   =      273.0896  DIHED      =     1258.2421
 VDWAALS =     -835.6991  EEL     =    -6852.9272  HBOND      =        0.0000
 1-4 VDW =      343.9100  1-4 EEL =     3295.4553  RESTRAINT  =        0.0000


   NSTEP       ENERGY          RMS            GMAX         NAME    NUMBER
   8150      -2.4975E+03     4.3996E-01     8.3644E+00     C        1711

 BOND    =       65.2783  ANGLE   =      273.4231  DIHED      =     1257.4636
 VDWAALS =     -835.6702  EEL     =    -6899.4339  HBOND      =        0.0000
 1-4 VDW =      344.0098  1-4 EEL =     3297.4387  RESTRAINT  =        0.0000


   NSTEP       ENERGY          RMS            GMAX         NAME    NUMBER
   8200      -2.5102E+03     5.0031E-01     6.3995E+00     NE2       136

 BOND    =       65.3313  ANGLE   =      273.2489  DIHED      =     1257.1414
 VDWAALS =     -835.1641  EEL     =    -6912.5571  HBOND      =        0.0000
 1-4 VDW =      344.4571  1-4 EEL =     3297.3045  RESTRAINT  =        0.0000


   NSTEP       ENERGY          RMS            GMAX         NAME    NUMBER
   8250      -2.5479E+03     4.4076E-01     6.6177E+00     C        1711

 BOND    =       65.3547  ANGLE   =      273.2540  DIHED      =     1257.6128
 VDWAALS =     -835.7858  EEL     =    -6949.4823  HBOND      =        0.0000
 1-4 VDW =      344.0772  1-4 EEL =     3297.0688  RESTRAINT  =        0.0000


   NSTEP       ENERGY          RMS            GMAX         NAME    NUMBER
   8300      -2.5929E+03     4.7450E-01     7.4030E+00     NE2       136

 BOND    =       65.3161  ANGLE   =      272.6223  DIHED      =     1258.4027
 VDWAALS =     -835.9090  EEL     =    -6994.7050  HBOND      =        0.0000
 1-4 VDW =      343.8750  1-4 EEL =     3297.5336  RESTRAINT  =        0.0000


   NSTEP       ENERGY          RMS            GMAX         NAME    NUMBER
   8350      -2.5747E+03     4.1584E-01     7.6425E+00     C        1711

 BOND    =       64.7882  ANGLE   =      273.2352  DIHED      =     1257.4542
 VDWAALS =     -835.9417  EEL     =    -6975.8011  HBOND      =        0.0000
 1-4 VDW =      344.6469  1-4 EEL =     3296.9441  RESTRAINT  =        0.0000


   NSTEP       ENERGY          RMS            GMAX         NAME    NUMBER
   8400      -2.6080E+03     4.7140E-01     5.1512E+00     NH2       657

 BOND    =       65.4763  ANGLE   =      272.9845  DIHED      =     1257.1816
 VDWAALS =     -835.3245  EEL     =    -7010.0581  HBOND      =        0.0000
 1-4 VDW =      344.4079  1-4 EEL =     3297.3721  RESTRAINT  =        0.0000


   NSTEP       ENERGY          RMS            GMAX         NAME    NUMBER
   8450      -2.6120E+03     4.0826E-01     6.9547E+00     C        1711

 BOND    =       65.1330  ANGLE   =      272.9589  DIHED      =     1257.6958
 VDWAALS =     -835.8136  EEL     =    -7014.2200  HBOND      =        0.0000
 1-4 VDW =      344.3468  1-4 EEL =     3297.8793  RESTRAINT  =        0.0000


   NSTEP       ENERGY          RMS            GMAX         NAME    NUMBER
   8500      -2.3996E+03     5.0143E-01     7.0471E+00     NE2       136

 BOND    =       65.0262  ANGLE   =      272.4551  DIHED      =     1258.6538
 VDWAALS =     -835.7554  EEL     =    -6800.9769  HBOND      =        0.0000
 1-4 VDW =      343.8552  1-4 EEL =     3297.1888  RESTRAINT  =        0.0000


   NSTEP       ENERGY          RMS            GMAX         NAME    NUMBER
   8550      -2.3556E+03     4.2916E-01     5.9325E+00     C        1711

 BOND    =       64.9476  ANGLE   =      272.5833  DIHED      =     1257.6875
 VDWAALS =     -835.5023  EEL     =    -6757.3467  HBOND      =        0.0000
 1-4 VDW =      344.5478  1-4 EEL =     3297.4790  RESTRAINT  =        0.0000


   NSTEP       ENERGY          RMS            GMAX         NAME    NUMBER
   8600      -2.5877E+03     5.0293E-01     6.8560E+00     NE2       136

 BOND    =       65.3847  ANGLE   =      272.4293  DIHED      =     1257.2298
 VDWAALS =     -834.9549  EEL     =    -6990.1794  HBOND      =        0.0000
 1-4 VDW =      345.1121  1-4 EEL =     3297.2650  RESTRAINT  =        0.0000


   NSTEP       ENERGY          RMS            GMAX         NAME    NUMBER
   8650      -2.5386E+03     4.5003E-01     7.9217E+00     C        1711

 BOND    =       64.9862  ANGLE   =      272.5026  DIHED      =     1257.5236
 VDWAALS =     -835.7453  EEL     =    -6940.1282  HBOND      =        0.0000
 1-4 VDW =      344.1547  1-4 EEL =     3298.0883  RESTRAINT  =        0.0000


   NSTEP       ENERGY          RMS            GMAX         NAME    NUMBER
   8700      -2.4889E+03     4.9975E-01     4.9943E+00     NE        407

 BOND    =       65.2123  ANGLE   =      272.3154  DIHED      =     1258.7193
 VDWAALS =     -835.2407  EEL     =    -6890.4870  HBOND      =        0.0000
 1-4 VDW =      343.5300  1-4 EEL =     3297.0933  RESTRAINT  =        0.0000


   NSTEP       ENERGY          RMS            GMAX         NAME    NUMBER
   8750      -2.4100E+03     4.0782E-01     5.1074E+00     C        1711

 BOND    =       65.1764  ANGLE   =      272.5458  DIHED      =     1257.6302
 VDWAALS =     -835.3849  EEL     =    -6811.2978  HBOND      =        0.0000
 1-4 VDW =      344.3326  1-4 EEL =     3297.0318  RESTRAINT  =        0.0000


   NSTEP       ENERGY          RMS            GMAX         NAME    NUMBER
   8800      -2.8442E+03     5.0358E-01     4.8695E+00     NH2       657

 BOND    =       65.3264  ANGLE   =      272.3774  DIHED      =     1256.9671
 VDWAALS =     -835.3734  EEL     =    -7245.5686  HBOND      =        0.0000
 1-4 VDW =      344.6159  1-4 EEL =     3297.4932  RESTRAINT  =        0.0000


   NSTEP       ENERGY          RMS            GMAX         NAME    NUMBER
   8850      -2.5938E+03     3.6217E-01     5.6044E+00     C        1711

 BOND    =       64.7172  ANGLE   =      272.4870  DIHED      =     1257.4288
 VDWAALS =     -835.7250  EEL     =    -6996.0375  HBOND      =        0.0000
 1-4 VDW =      344.4531  1-4 EEL =     3298.9232  RESTRAINT  =        0.0000


   NSTEP       ENERGY          RMS            GMAX         NAME    NUMBER
   8900      -2.3741E+03     5.1882E-01     5.3129E+00     NE2       136

 BOND    =       64.9731  ANGLE   =      271.9986  DIHED      =     1258.1869
 VDWAALS =     -835.0455  EEL     =    -6776.0288  HBOND      =        0.0000
 1-4 VDW =      344.1912  1-4 EEL =     3297.5787  RESTRAINT  =        0.0000


   NSTEP       ENERGY          RMS            GMAX         NAME    NUMBER
   8950      -2.4506E+03     4.4508E-01     9.0552E+00     C        1711

 BOND    =       65.0716  ANGLE   =      272.7148  DIHED      =     1257.1991
 VDWAALS =     -834.9322  EEL     =    -6851.6913  HBOND      =        0.0000
 1-4 VDW =      344.4519  1-4 EEL =     3296.6313  RESTRAINT  =        0.0000


   NSTEP       ENERGY          RMS            GMAX         NAME    NUMBER
   9000      -2.7811E+03     4.7347E-01     7.2635E+00     NE2       136

 BOND    =       65.2872  ANGLE   =      272.6210  DIHED      =     1256.5114
 VDWAALS =     -834.8121  EEL     =    -7182.9665  HBOND      =        0.0000
 1-4 VDW =      344.6060  1-4 EEL =     3297.6803  RESTRAINT  =        0.0000


   NSTEP       ENERGY          RMS            GMAX         NAME    NUMBER
   9050      -2.7724E+03     4.5888E-01     7.1021E+00     C        1711

 BOND    =       65.0858  ANGLE   =      272.8590  DIHED      =     1257.4981
 VDWAALS =     -835.6269  EEL     =    -7174.4183  HBOND      =        0.0000
 1-4 VDW =      344.1864  1-4 EEL =     3298.0640  RESTRAINT  =        0.0000


   NSTEP       ENERGY          RMS            GMAX         NAME    NUMBER
   9100      -2.4227E+03     4.8791E-01     6.7117E+00     NE2       136

 BOND    =       65.0306  ANGLE   =      271.9583  DIHED      =     1258.2693
 VDWAALS =     -835.8709  EEL     =    -6824.3460  HBOND      =        0.0000
 1-4 VDW =      344.2510  1-4 EEL =     3298.0115  RESTRAINT  =        0.0000


   NSTEP       ENERGY          RMS            GMAX         NAME    NUMBER
   9150      -2.4743E+03     4.6655E-01     8.4462E+00     C        1711

 BOND    =       64.8580  ANGLE   =      272.4220  DIHED      =     1257.2859
 VDWAALS =     -835.1462  EEL     =    -6875.6289  HBOND      =        0.0000
 1-4 VDW =      344.4749  1-4 EEL =     3297.4676  RESTRAINT  =        0.0000


   NSTEP       ENERGY          RMS            GMAX         NAME    NUMBER
   9200      -2.7355E+03     4.8194E-01     6.6258E+00     NE2       136

 BOND    =       65.4103  ANGLE   =      272.5527  DIHED      =     1256.9384
 VDWAALS =     -834.6752  EEL     =    -7137.1895  HBOND      =        0.0000
 1-4 VDW =      344.3892  1-4 EEL =     3297.0672  RESTRAINT  =        0.0000


   NSTEP       ENERGY          RMS            GMAX         NAME    NUMBER
   9250      -2.7844E+03     4.1981E-01     7.2289E+00     C        1711

 BOND    =       65.1537  ANGLE   =      273.0518  DIHED      =     1257.4464
 VDWAALS =     -835.5015  EEL     =    -7186.2512  HBOND      =        0.0000
 1-4 VDW =      344.3858  1-4 EEL =     3297.3244  RESTRAINT  =        0.0000


   NSTEP       ENERGY          RMS            GMAX         NAME    NUMBER
   9300      -2.3679E+03     5.1967E-01     7.5887E+00     NE2       136

 BOND    =       65.2069  ANGLE   =      272.5277  DIHED      =     1258.1874
 VDWAALS =     -835.7148  EEL     =    -6769.6070  HBOND      =        0.0000
 1-4 VDW =      343.9619  1-4 EEL =     3297.5063  RESTRAINT  =        0.0000


   NSTEP       ENERGY          RMS            GMAX         NAME    NUMBER
   9350      -2.5007E+03     4.1048E-01     7.6803E+00     C        1711

 BOND    =       64.9321  ANGLE   =      272.7719  DIHED      =     1257.2051
 VDWAALS =     -835.7052  EEL     =    -6901.1840  HBOND      =        0.0000
 1-4 VDW =      344.1718  1-4 EEL =     3297.0950  RESTRAINT  =        0.0000


   NSTEP       ENERGY          RMS            GMAX         NAME    NUMBER
   9400      -2.7153E+03     5.0857E-01     6.6209E+00     NE2       136

 BOND    =       65.4678  ANGLE   =      272.6039  DIHED      =     1256.7272
 VDWAALS =     -834.6961  EEL     =    -7116.6771  HBOND      =        0.0000
 1-4 VDW =      344.4649  1-4 EEL =     3296.7785  RESTRAINT  =        0.0000


   NSTEP       ENERGY          RMS            GMAX         NAME    NUMBER
   9450      -2.6507E+03     4.3433E-01     7.8352E+00     C        1711

 BOND    =       65.1911  ANGLE   =      272.9436  DIHED      =     1257.2673
 VDWAALS =     -835.5032  EEL     =    -7051.9112  HBOND      =        0.0000
 1-4 VDW =      344.1397  1-4 EEL =     3297.1888  RESTRAINT  =        0.0000


   NSTEP       ENERGY          RMS            GMAX         NAME    NUMBER
   9500      -2.4179E+03     4.9995E-01     7.7521E+00     NE2       136

 BOND    =       65.1702  ANGLE   =      272.1178  DIHED      =     1258.1445
 VDWAALS =     -835.9158  EEL     =    -6818.5687  HBOND      =        0.0000
 1-4 VDW =      344.1221  1-4 EEL =     3297.0609  RESTRAINT  =        0.0000


   NSTEP       ENERGY          RMS            GMAX         NAME    NUMBER
   9550      -2.4491E+03     4.6445E-01     8.4758E+00     C        1711

 BOND    =       64.9245  ANGLE   =      272.4102  DIHED      =     1257.1256
 VDWAALS =     -835.5245  EEL     =    -6849.5522  HBOND      =        0.0000
 1-4 VDW =      344.2799  1-4 EEL =     3297.2477  RESTRAINT  =        0.0000


   NSTEP       ENERGY          RMS            GMAX         NAME    NUMBER
   9600      -2.7568E+03     4.8191E-01     6.6740E+00     NE2       136

 BOND    =       65.3624  ANGLE   =      272.6516  DIHED      =     1256.7016
 VDWAALS =     -834.9378  EEL     =    -7158.0060  HBOND      =        0.0000
 1-4 VDW =      344.4944  1-4 EEL =     3296.9030  RESTRAINT  =        0.0000


   NSTEP       ENERGY          RMS            GMAX         NAME    NUMBER
   9650      -2.8010E+03     4.4727E-01     8.4357E+00     C        1711

 BOND    =       65.0615  ANGLE   =      272.8584  DIHED      =     1257.3605
 VDWAALS =     -835.8148  EEL     =    -7202.0396  HBOND      =        0.0000
 1-4 VDW =      344.0731  1-4 EEL =     3297.4832  RESTRAINT  =        0.0000


   NSTEP       ENERGY          RMS            GMAX         NAME    NUMBER
   9700      -2.3728E+03     4.9691E-01     7.1736E+00     NE2       136

 BOND    =       65.1894  ANGLE   =      272.2212  DIHED      =     1257.9607
 VDWAALS =     -835.8337  EEL     =    -6774.0932  HBOND      =        0.0000
 1-4 VDW =      343.9014  1-4 EEL =     3297.8097  RESTRAINT  =        0.0000


   NSTEP       ENERGY          RMS            GMAX         NAME    NUMBER
   9750      -2.4347E+03     4.4901E-01     7.1312E+00     C        1711

 BOND    =       64.7536  ANGLE   =      272.5322  DIHED      =     1257.2267
 VDWAALS =     -835.3743  EEL     =    -6835.5217  HBOND      =        0.0000
 1-4 VDW =      344.5632  1-4 EEL =     3297.0748  RESTRAINT  =        0.0000


   NSTEP       ENERGY          RMS            GMAX         NAME    NUMBER
   9800      -2.7670E+03     4.8698E-01     6.4325E+00     NE2       136

 BOND    =       65.5502  ANGLE   =      272.7219  DIHED      =     1256.7899
 VDWAALS =     -834.9490  EEL     =    -7166.8649  HBOND      =        0.0000
 1-4 VDW =      344.3693  1-4 EEL =     3295.4143  RESTRAINT  =        0.0000


   NSTEP       ENERGY          RMS            GMAX         NAME    NUMBER
   9850      -2.7230E+03     4.3332E-01     7.7786E+00     C        1711

 BOND    =       65.2751  ANGLE   =      272.7366  DIHED      =     1257.1424
 VDWAALS =     -835.6368  EEL     =    -7124.9224  HBOND      =        0.0000
 1-4 VDW =      344.1210  1-4 EEL =     3298.3167  RESTRAINT  =        0.0000


   NSTEP       ENERGY          RMS            GMAX         NAME    NUMBER
   9900      -2.4708E+03     4.9798E-01     7.6687E+00     NE2       136

 BOND    =       65.0237  ANGLE   =      272.2451  DIHED      =     1257.5690
 VDWAALS =     -836.0674  EEL     =    -6871.9181  HBOND      =        0.0000
 1-4 VDW =      344.0818  1-4 EEL =     3298.2979  RESTRAINT  =        0.0000


   NSTEP       ENERGY          RMS            GMAX         NAME    NUMBER
   9950      -2.4949E+03     4.5735E-01     8.9782E+00     C        1711

 BOND    =       64.7144  ANGLE   =      272.9164  DIHED      =     1256.9032
 VDWAALS =     -835.6828  EEL     =    -6895.9825  HBOND      =        0.0000
 1-4 VDW =      344.3754  1-4 EEL =     3297.8541  RESTRAINT  =        0.0000


   NSTEP       ENERGY          RMS            GMAX         NAME    NUMBER
  10000      -2.6404E+03     4.8535E-01     4.4364E+00     NH2       657

 BOND    =       65.5619  ANGLE   =      272.9552  DIHED      =     1256.6481
 VDWAALS =     -834.4592  EEL     =    -7042.2018  HBOND      =        0.0000
 1-4 VDW =      344.4258  1-4 EEL =     3296.6499  RESTRAINT  =        0.0000


  Maximum number of minimization cycles reached.


                    FINAL RESULTS



   NSTEP       ENERGY          RMS            GMAX         NAME    NUMBER
  10000      -2.6404E+03     4.8535E-01     4.4364E+00     NH2       657

 BOND    =       65.5619  ANGLE   =      272.9552  DIHED      =     1256.6481
 VDWAALS =     -834.4592  EEL     =    -7042.2018  HBOND      =        0.0000
 1-4 VDW =      344.4258  1-4 EEL =     3296.6499  RESTRAINT  =        0.0000

--------------------------------------------------------------------------------
   5.  TIMINGS
--------------------------------------------------------------------------------

|                Build the list             5.42 (100.0% of List )
|                Other                      0.00 ( 0.09% of List )
|             List time                  5.42 (11.59% of Nonbo)
|                   Short_ene time            40.31 (99.56% of Direc)
|                   Other                      0.18 ( 0.44% of Direc)
|                Direct Ewald time         40.48 (97.81% of Ewald)
|                Virial junk                0.00 ( 0.01% of Ewald)
|                Start synchronizatio       0.00 ( 0.01% of Ewald)
|                Other                      0.90 ( 2.16% of Ewald)
|             Ewald time                41.39 (88.40% of Nonbo)
|             Other                      0.01 ( 0.01% of Nonbo)
|          Nonbond force             46.82 (72.12% of Force)
|          Bond/Angle/Dihedral       18.06 (27.82% of Force)
|          Other                      0.04 ( 0.06% of Force)
|       Force time                64.92 (100.0% of Runmd)
|    Runmd Time                64.92 (95.73% of Total)
|    Other                      2.90 ( 4.27% of Total)
| Total time                67.82 (100.0% of ALL  )

| Number of list builds   :        501

| Highest rstack allocated:       1405
| Highest istack allocated:        281
|           Job began  at 12:35:46.740  on 11/05/2021
|           Setup done at 12:35:46.816  on 11/05/2021
|           Run   done at 12:36:54.562  on 11/05/2021
|     wallclock() was called  231035 times
