
          -------------------------------------------------------
          Amber 18 SANDER                              2018
          -------------------------------------------------------

| Run on 12/24/2021 at 22:55:33

|   Executable path: sander
| Working directory: /data/temporary-scratch/ragreer/TREM2-VitaminD3_Validation/Simulation2/TREM2_R47H-VitaminD3/step5-heating
|          Hostname: c0188

  [-O]verwriting output

File Assignments:
|  MDIN: eq-100K.in                                                            
| MDOUT: eq-100K.out                                                           
|INPCRD: TREM2_R47H-VitaminD3-eq-50K.rst                                       
|  PARM: TREM2_R47H-VitaminD3-SolvI.prmtop                                     
|RESTRT: TREM2_R47H-VitaminD3-eq-100K.rst                                      
|  REFC: refc                                                                  
| MDVEL: mdvel                                                                 
| MDFRC: mdfrc                                                                 
|  MDEN: mden                                                                  
| MDCRD: TREM2_R47H-VitaminD3-eq-100K.mdcrd                                    
|MDINFO: TREM2_R47H-VitaminD3-eq-100K.mdinfo                                   
|  MTMD: mtmd                                                                  
|INPDIP: inpdip                                                                
|RSTDIP: rstdip                                                                
|INPTRA: inptraj                                                               


 Here is the input file:

Equilibration of the whole system at 100 K for 10 ps with shake at constant volume and constant temperature
 &cntrl                                                                        
  nmropt = 0,                                                                  
  ntx = 1,	irest = 0,	ntrx = 1,	ntxo = 1,                                      
  ntpr = 1000,	ntwx = 1000,	ntwv = 1000,	ntwe = 1000,                          
  ntwr = 1000,                                                                 
                                                                               
                                                                               
  ntf = 2,	ntb = 1,                                                            
  cut = 10.0,	nsnb = 20,                                                       
                                                                               
  ibelly = 0,	ntr = 0,                                                         
                                                                               
  imin = 0,                                                                    
  nstlim = 5000,                                                               
  nscm = 500,                                                                  
  t = 0.0,	dt = 0.002,                                                         
                                                                               
  temp0 = 100.0, tempi = 100.0,                                                
  ntt = 1,                                                                     
  vrand = 0,                                                                   
  vlimit = 15.0,                                                               
                                                                               
  ntc = 2,                                                                     
 &end                                                                          

--------------------------------------------------------------------------------
   1.  RESOURCE   USE: 
--------------------------------------------------------------------------------

| Flags:                                                                        
 getting new box info from bottom of inpcrd
|  INFO: Old style inpcrd file read

| peek_ewald_inpcrd: Box info found
|Largest sphere to fit in unit cell has radius =    35.782
| New format PARM file being parsed.
| Version =    1.000 Date = 12/24/21 Time = 20:44:30
 NATOM  =   47604 NTYPES =      18 NBONH =   46631 MBONA  =     906
 NTHETH =    2017 MTHETA =    1233 NPHIH =    4165 MPHIA  =    3845
 NHPARM =       0 NPARM  =       0 NNB   =   70902 NRES   =   15444
 NBONA  =     906 NTHETA =    1233 NPHIA =    3845 NUMBND =      85
 NUMANG =     189 NPTRA  =     211 NATYP =      47 NPHB   =       1
 IFBOX  =       1 NMXRS  =      72 IFCAP =       0 NEXTRA =       0
 NCOPY  =       0


|     Memory Use     Allocated
|     Real             3228713
|     Hollerith         158258
|     Integer          1484160
|     Max Pairs       27419904
|     nblistReal        571248
|     nblist Int       1637377
|       Total           149607 kbytes

| Note: 1-4 EEL scale factors are being read from the topology file.

| Note: 1-4 VDW scale factors are being read from the topology file.
| Duplicated    0 dihedrals
| Duplicated    0 dihedrals

     BOX TYPE: RECTILINEAR

--------------------------------------------------------------------------------
   2.  CONTROL  DATA  FOR  THE  RUN
--------------------------------------------------------------------------------

default_name                                                                    

General flags:
     imin    =       0, nmropt  =       0

Nature and format of input:
     ntx     =       1, irest   =       0, ntrx    =       1

Nature and format of output:
     ntxo    =       1, ntpr    =    1000, ntrx    =       1, ntwr    =    1000
     iwrap   =       0, ntwx    =    1000, ntwv    =    1000, ntwe    =    1000
     ioutfm  =       1, ntwprt  =       0, idecomp =       0, rbornstat=      0

Potential function:
     ntf     =       2, ntb     =       1, igb     =       0, nsnb    =      20
     ipol    =       0, gbsa    =       0, iesp    =       0
     dielc   =   1.00000, cut     =  10.00000, intdiel =   1.00000

Frozen or restrained atoms:
     ibelly  =       0, ntr     =       0

Molecular dynamics:
     nstlim  =      5000, nscm    =       500, nrespa  =         1
     t       =   0.00000, dt      =   0.00200, vlimit  =  15.00000

Berendsen (weak-coupling) temperature regulation:
     temp0   = 100.00000, tempi   = 100.00000, tautp   =   1.00000

SHAKE:
     ntc     =       2, jfastw  =       0
     tol     =   0.00001

Ewald parameters:
     verbose =       0, ew_type =       0, nbflag  =       1, use_pme =       1
     vdwmeth =       1, eedmeth =       1, netfrc  =       1
     Box X =   71.564   Box Y =   75.415   Box Z =   82.491
     Alpha =   90.000   Beta  =   90.000   Gamma =   90.000
     NFFT1 =   72       NFFT2 =   75       NFFT3 =   90
     Cutoff=   10.000   Tol   =0.100E-04
     Ewald Coefficient =  0.27511
     Interpolation order =    4

--------------------------------------------------------------------------------
   3.  ATOMIC COORDINATES AND VELOCITIES
--------------------------------------------------------------------------------

default_name                                                                    
 begin time read from input coords =    10.000 ps

 Number of triangulated 3-point waters found:    15246

     Sum of charges from parm topology file =   0.00000192
     Forcing neutrality...

--------------------------------------------------------------------------------
   4.  RESULTS
--------------------------------------------------------------------------------

|  # of SOLUTE  degrees of freedom (RNDFP):   96181.
|  # of SOLVENT degrees of freedom (RNDFS):       0.
|  NDFMIN =   96178.     NUM_NOSHAKE =      0     CORRECTED RNDFP =   96178.
|  TOTAL # of degrees of freedom (RNDF) =   96178.
 ---------------------------------------------------
 APPROXIMATING switch and d/dx switch using CUBIC SPLINE INTERPOLATION
 using   5000.0 points per unit in tabled values
 TESTING RELATIVE ERROR over r ranging from 0.0 to cutoff
| CHECK switch(x): max rel err =   0.2738E-14   at   2.422500
| CHECK d/dx switch(x): max rel err =   0.8314E-11   at   2.736960
 ---------------------------------------------------
| Local SIZE OF NONBOND LIST =   18374143
| TOTAL SIZE OF NONBOND LIST =   18374143

 NSTEP =        0   TIME(PS) =       0.000  TEMP(K) =   148.44  PRESS =     0.0
 Etot   =   -181266.3275  EKtot   =     14185.5992  EPtot      =   -195451.9268
 BOND   =        90.5161  ANGLE   =       362.9369  DIHED      =      1270.0031
 1-4 NB =       349.1674  1-4 EEL =      3513.4069  VDWAALS    =     37498.1523
 EELEC  =   -238536.1095  EHBOND  =         0.0000  RESTRAINT  =         0.0000
 Ewald error estimate:   0.1600E-03
 ------------------------------------------------------------------------------

check COM velocity, temp:        0.001538     0.00(Removed)
check COM velocity, temp:        0.000000     0.00(Removed)

 NSTEP =     1000   TIME(PS) =       2.000  TEMP(K) =    90.70  PRESS =     0.0
 Etot   =   -182740.5405  EKtot   =      8667.0927  EPtot      =   -191407.6332
 BOND   =       126.5328  ANGLE   =       481.1092  DIHED      =      1292.5614
 1-4 NB =       353.9481  1-4 EEL =      3515.5978  VDWAALS    =     36412.9444
 EELEC  =   -233590.3269  EHBOND  =         0.0000  RESTRAINT  =         0.0000
 Ewald error estimate:   0.1079E-03
 ------------------------------------------------------------------------------

check COM velocity, temp:        0.000000     0.00(Removed)
check COM velocity, temp:        0.000000     0.00(Removed)

 NSTEP =     2000   TIME(PS) =       4.000  TEMP(K) =    96.75  PRESS =     0.0
 Etot   =   -181613.0909  EKtot   =      9245.1756  EPtot      =   -190858.2666
 BOND   =       140.9718  ANGLE   =       466.1900  DIHED      =      1303.8995
 1-4 NB =       357.9657  1-4 EEL =      3526.0744  VDWAALS    =     35909.1087
 EELEC  =   -232562.4768  EHBOND  =         0.0000  RESTRAINT  =         0.0000
 Ewald error estimate:   0.7525E-04
 ------------------------------------------------------------------------------

check COM velocity, temp:        0.000000     0.00(Removed)
check COM velocity, temp:        0.000000     0.00(Removed)

 NSTEP =     3000   TIME(PS) =       6.000  TEMP(K) =    99.80  PRESS =     0.0
 Etot   =   -181300.1735  EKtot   =      9537.4912  EPtot      =   -190837.6646
 BOND   =       142.4630  ANGLE   =       492.5073  DIHED      =      1303.7228
 1-4 NB =       356.8803  1-4 EEL =      3526.9356  VDWAALS    =     35611.0467
 EELEC  =   -232271.2202  EHBOND  =         0.0000  RESTRAINT  =         0.0000
 Ewald error estimate:   0.9302E-04
 ------------------------------------------------------------------------------

check COM velocity, temp:        0.000000     0.00(Removed)
check COM velocity, temp:        0.000000     0.00(Removed)

 NSTEP =     4000   TIME(PS) =       8.000  TEMP(K) =   100.32  PRESS =     0.0
 Etot   =   -181282.6706  EKtot   =      9587.2266  EPtot      =   -190869.8971
 BOND   =       135.7948  ANGLE   =       493.4580  DIHED      =      1296.9313
 1-4 NB =       345.7042  1-4 EEL =      3514.0242  VDWAALS    =     35318.7026
 EELEC  =   -231974.5122  EHBOND  =         0.0000  RESTRAINT  =         0.0000
 Ewald error estimate:   0.5250E-04
 ------------------------------------------------------------------------------

check COM velocity, temp:        0.000000     0.00(Removed)
check COM velocity, temp:        0.000000     0.00(Removed)

 NSTEP =     5000   TIME(PS) =      10.000  TEMP(K) =   100.56  PRESS =     0.0
 Etot   =   -181372.6917  EKtot   =      9609.6320  EPtot      =   -190982.3237
 BOND   =       138.7897  ANGLE   =       497.8095  DIHED      =      1293.4373
 1-4 NB =       354.2099  1-4 EEL =      3539.9489  VDWAALS    =     35259.7529
 EELEC  =   -232066.2719  EHBOND  =         0.0000  RESTRAINT  =         0.0000
 Ewald error estimate:   0.1529E-03
 ------------------------------------------------------------------------------


      A V E R A G E S   O V E R    5000 S T E P S


 NSTEP =     5000   TIME(PS) =      10.000  TEMP(K) =    95.28  PRESS =     0.0
 Etot   =   -182029.9209  EKtot   =      9105.2900  EPtot      =   -191135.2109
 BOND   =       137.1087  ANGLE   =       479.8721  DIHED      =      1298.1756
 1-4 NB =       353.8192  1-4 EEL =      3518.6790  VDWAALS    =     35850.5750
 EELEC  =   -232773.4405  EHBOND  =         0.0000  RESTRAINT  =         0.0000
 Ewald error estimate:   0.9436E-04
 ------------------------------------------------------------------------------


      R M S  F L U C T U A T I O N S


 NSTEP =     5000   TIME(PS) =      10.000  TEMP(K) =     6.69  PRESS =     0.0
 Etot   =      1136.3851  EKtot   =       639.4145  EPtot      =       516.4904
 BOND   =         7.5151  ANGLE   =        15.9919  DIHED      =         6.2833
 1-4 NB =         4.2192  1-4 EEL =        13.3293  VDWAALS    =       516.7187
 EELEC  =       978.9994  EHBOND  =         0.0000  RESTRAINT  =         0.0000
 Ewald error estimate:   0.4334E-04
 ------------------------------------------------------------------------------


--------------------------------------------------------------------------------
   5.  TIMINGS
--------------------------------------------------------------------------------

|                Build the list           103.17 (99.17% of List )
|                Other                      0.86 ( 0.83% of List )
|             List time                104.03 ( 5.04% of Nonbo)
|                   Short_ene time          1722.23 (99.15% of Direc)
|                   Other                     14.82 ( 0.85% of Direc)
|                Direct Ewald time       1737.05 (88.63% of Ewald)
|                Adjust Ewald time          8.06 ( 0.41% of Ewald)
|                   Fill Bspline coeffs        9.81 ( 4.61% of Recip)
|                   Fill charge grid          27.87 (13.09% of Recip)
|                   Scalar sum                31.31 (14.70% of Recip)
|                   Grad sum                  64.39 (30.24% of Recip)
|                   FFT time                  79.55 (37.36% of Recip)
|                Recip Ewald time         212.95 (10.87% of Ewald)
|                Force Adjust               0.38 ( 0.02% of Ewald)
|                Virial junk                0.83 ( 0.04% of Ewald)
|                Other                      0.64 ( 0.03% of Ewald)
|             Ewald time              1959.91 (94.96% of Nonbo)
|          Nonbond force           2063.95 (99.58% of Force)
|          Bond/Angle/Dihedral        8.57 ( 0.41% of Force)
|          Other                      0.23 ( 0.01% of Force)
|       Force time              2072.75 (99.20% of Runmd)
|       Shake time                 8.83 ( 0.42% of Runmd)
|       Verlet update time         6.80 ( 0.33% of Runmd)
|       Other                      1.13 ( 0.05% of Runmd)
|    Runmd Time              2089.50 (100.0% of Total)
|    Other                      0.32 ( 0.02% of Total)
| Total time              2089.86 (100.0% of ALL  )

| Number of list builds   :        209

| Highest rstack allocated:    2324230
| Highest istack allocated:      47604

| Final Performance Info:
| -----------------------------------------------------
| Average timings for all steps:
|     Elapsed(s) =    2089.50 Per Step(ms) =     417.90
|         ns/day =       0.41   seconds/ns =  208950.05
| -----------------------------------------------------

|           Job began  at 22:55:33.571  on 12/24/2021
|           Setup done at 22:55:33.933  on 12/24/2021
|           Run   done at 23:30:23.433  on 12/24/2021
|     wallclock() was called  220474 times
