
          -------------------------------------------------------
          Amber 18 SANDER                              2018
          -------------------------------------------------------

| Run on 12/24/2021 at 23:30:23

|   Executable path: sander
| Working directory: /data/temporary-scratch/ragreer/TREM2-VitaminD3_Validation/Simulation2/TREM2_R47H-VitaminD3/step5-heating
|          Hostname: c0188

  [-O]verwriting output

File Assignments:
|  MDIN: eq-150K.in                                                            
| MDOUT: eq-150K.out                                                           
|INPCRD: TREM2_R47H-VitaminD3-eq-100K.rst                                      
|  PARM: TREM2_R47H-VitaminD3-SolvI.prmtop                                     
|RESTRT: TREM2_R47H-VitaminD3-eq-150K.rst                                      
|  REFC: refc                                                                  
| MDVEL: mdvel                                                                 
| MDFRC: mdfrc                                                                 
|  MDEN: mden                                                                  
| MDCRD: TREM2_R47H-VitaminD3-eq-150K.mdcrd                                    
|MDINFO: TREM2_R47H-VitaminD3-eq-150K.mdinfo                                   
|  MTMD: mtmd                                                                  
|INPDIP: inpdip                                                                
|RSTDIP: rstdip                                                                
|INPTRA: inptraj                                                               


 Here is the input file:

Equilibration of the whole system at 150 K for 10 ps with shake at constant volume and constant temperature
 &cntrl                                                                        
  nmropt = 0,                                                                  
  ntx = 1,	irest = 0,	ntrx = 1,	ntxo = 1,                                      
  ntpr = 1000,	ntwx = 1000,	ntwv = 1000,	ntwe = 1000,                          
  ntwr = 1000,                                                                 
                                                                               
                                                                               
  ntf = 2,	ntb = 1,                                                            
  cut = 10.0,	nsnb = 20,                                                       
                                                                               
  ibelly = 0,	ntr = 0,                                                         
                                                                               
  imin = 0,                                                                    
  nstlim = 5000,                                                               
  nscm = 500,                                                                  
  t = 0.0,	dt = 0.002,                                                         
                                                                               
  temp0 = 150.0, tempi = 150.0,                                                
  ntt = 1,                                                                     
  vrand = 0,                                                                   
  vlimit = 15.0,                                                               
                                                                               
  ntc = 2,                                                                     
 &end                                                                          

--------------------------------------------------------------------------------
   1.  RESOURCE   USE: 
--------------------------------------------------------------------------------

| Flags:                                                                        
 getting new box info from bottom of inpcrd
|  INFO: Old style inpcrd file read

| peek_ewald_inpcrd: Box info found
|Largest sphere to fit in unit cell has radius =    35.782
| New format PARM file being parsed.
| Version =    1.000 Date = 12/24/21 Time = 20:44:30
 NATOM  =   47604 NTYPES =      18 NBONH =   46631 MBONA  =     906
 NTHETH =    2017 MTHETA =    1233 NPHIH =    4165 MPHIA  =    3845
 NHPARM =       0 NPARM  =       0 NNB   =   70902 NRES   =   15444
 NBONA  =     906 NTHETA =    1233 NPHIA =    3845 NUMBND =      85
 NUMANG =     189 NPTRA  =     211 NATYP =      47 NPHB   =       1
 IFBOX  =       1 NMXRS  =      72 IFCAP =       0 NEXTRA =       0
 NCOPY  =       0


|     Memory Use     Allocated
|     Real             3228713
|     Hollerith         158258
|     Integer          1484160
|     Max Pairs       27419904
|     nblistReal        571248
|     nblist Int       1637377
|       Total           149607 kbytes

| Note: 1-4 EEL scale factors are being read from the topology file.

| Note: 1-4 VDW scale factors are being read from the topology file.
| Duplicated    0 dihedrals
| Duplicated    0 dihedrals

     BOX TYPE: RECTILINEAR

--------------------------------------------------------------------------------
   2.  CONTROL  DATA  FOR  THE  RUN
--------------------------------------------------------------------------------

default_name                                                                    

General flags:
     imin    =       0, nmropt  =       0

Nature and format of input:
     ntx     =       1, irest   =       0, ntrx    =       1

Nature and format of output:
     ntxo    =       1, ntpr    =    1000, ntrx    =       1, ntwr    =    1000
     iwrap   =       0, ntwx    =    1000, ntwv    =    1000, ntwe    =    1000
     ioutfm  =       1, ntwprt  =       0, idecomp =       0, rbornstat=      0

Potential function:
     ntf     =       2, ntb     =       1, igb     =       0, nsnb    =      20
     ipol    =       0, gbsa    =       0, iesp    =       0
     dielc   =   1.00000, cut     =  10.00000, intdiel =   1.00000

Frozen or restrained atoms:
     ibelly  =       0, ntr     =       0

Molecular dynamics:
     nstlim  =      5000, nscm    =       500, nrespa  =         1
     t       =   0.00000, dt      =   0.00200, vlimit  =  15.00000

Berendsen (weak-coupling) temperature regulation:
     temp0   = 150.00000, tempi   = 150.00000, tautp   =   1.00000

SHAKE:
     ntc     =       2, jfastw  =       0
     tol     =   0.00001

Ewald parameters:
     verbose =       0, ew_type =       0, nbflag  =       1, use_pme =       1
     vdwmeth =       1, eedmeth =       1, netfrc  =       1
     Box X =   71.564   Box Y =   75.415   Box Z =   82.491
     Alpha =   90.000   Beta  =   90.000   Gamma =   90.000
     NFFT1 =   72       NFFT2 =   75       NFFT3 =   90
     Cutoff=   10.000   Tol   =0.100E-04
     Ewald Coefficient =  0.27511
     Interpolation order =    4

--------------------------------------------------------------------------------
   3.  ATOMIC COORDINATES AND VELOCITIES
--------------------------------------------------------------------------------

default_name                                                                    
 begin time read from input coords =    10.000 ps

 Number of triangulated 3-point waters found:    15246

     Sum of charges from parm topology file =   0.00000192
     Forcing neutrality...

--------------------------------------------------------------------------------
   4.  RESULTS
--------------------------------------------------------------------------------

|  # of SOLUTE  degrees of freedom (RNDFP):   96181.
|  # of SOLVENT degrees of freedom (RNDFS):       0.
|  NDFMIN =   96178.     NUM_NOSHAKE =      0     CORRECTED RNDFP =   96178.
|  TOTAL # of degrees of freedom (RNDF) =   96178.
 ---------------------------------------------------
 APPROXIMATING switch and d/dx switch using CUBIC SPLINE INTERPOLATION
 using   5000.0 points per unit in tabled values
 TESTING RELATIVE ERROR over r ranging from 0.0 to cutoff
| CHECK switch(x): max rel err =   0.2738E-14   at   2.422500
| CHECK d/dx switch(x): max rel err =   0.8314E-11   at   2.736960
 ---------------------------------------------------
| Local SIZE OF NONBOND LIST =   18364474
| TOTAL SIZE OF NONBOND LIST =   18364474

 NSTEP =        0   TIME(PS) =       0.000  TEMP(K) =   222.67  PRESS =     0.0
 Etot   =   -169699.2716  EKtot   =     21278.3989  EPtot      =   -190977.6705
 BOND   =       136.7326  ANGLE   =       498.7376  DIHED      =      1292.0122
 1-4 NB =       353.7549  1-4 EEL =      3538.7766  VDWAALS    =     35258.4608
 EELEC  =   -232056.1451  EHBOND  =         0.0000  RESTRAINT  =         0.0000
 Ewald error estimate:   0.1377E-03
 ------------------------------------------------------------------------------

check COM velocity, temp:        0.001800     0.00(Removed)
check COM velocity, temp:        0.000000     0.00(Removed)

 NSTEP =     1000   TIME(PS) =       2.000  TEMP(K) =   139.22  PRESS =     0.0
 Etot   =   -173309.6828  EKtot   =     13304.0789  EPtot      =   -186613.7617
 BOND   =       174.3566  ANGLE   =       588.3095  DIHED      =      1313.9596
 1-4 NB =       365.7657  1-4 EEL =      3535.7860  VDWAALS    =     34068.9985
 EELEC  =   -226660.9375  EHBOND  =         0.0000  RESTRAINT  =         0.0000
 Ewald error estimate:   0.1158E-03
 ------------------------------------------------------------------------------

check COM velocity, temp:        0.000000     0.00(Removed)
check COM velocity, temp:        0.000000     0.00(Removed)

 NSTEP =     2000   TIME(PS) =       4.000  TEMP(K) =   146.06  PRESS =     0.0
 Etot   =   -172012.6937  EKtot   =     13957.3738  EPtot      =   -185970.0674
 BOND   =       182.3163  ANGLE   =       625.9985  DIHED      =      1330.8591
 1-4 NB =       361.4440  1-4 EEL =      3520.9624  VDWAALS    =     33288.9517
 EELEC  =   -225280.5993  EHBOND  =         0.0000  RESTRAINT  =         0.0000
 Ewald error estimate:   0.4684E-04
 ------------------------------------------------------------------------------

check COM velocity, temp:        0.000000     0.00(Removed)
check COM velocity, temp:        0.000000     0.00(Removed)

 NSTEP =     3000   TIME(PS) =       6.000  TEMP(K) =   148.86  PRESS =     0.0
 Etot   =   -171597.9790  EKtot   =     14224.8998  EPtot      =   -185822.8788
 BOND   =       194.7866  ANGLE   =       606.8258  DIHED      =      1312.3577
 1-4 NB =       366.4928  1-4 EEL =      3529.0070  VDWAALS    =     33029.3810
 EELEC  =   -224861.7298  EHBOND  =         0.0000  RESTRAINT  =         0.0000
 Ewald error estimate:   0.6313E-04
 ------------------------------------------------------------------------------

check COM velocity, temp:        0.000000     0.00(Removed)
check COM velocity, temp:        0.000000     0.00(Removed)

 NSTEP =     4000   TIME(PS) =       8.000  TEMP(K) =   150.07  PRESS =     0.0
 Etot   =   -171537.4155  EKtot   =     14340.7821  EPtot      =   -185878.1976
 BOND   =       179.5514  ANGLE   =       600.9629  DIHED      =      1348.5297
 1-4 NB =       357.1430  1-4 EEL =      3507.0541  VDWAALS    =     32371.9080
 EELEC  =   -224243.3468  EHBOND  =         0.0000  RESTRAINT  =         0.0000
 Ewald error estimate:   0.2685E-03
 ------------------------------------------------------------------------------

check COM velocity, temp:        0.000000     0.00(Removed)
check COM velocity, temp:        0.000000     0.00(Removed)

 NSTEP =     5000   TIME(PS) =      10.000  TEMP(K) =   150.15  PRESS =     0.0
 Etot   =   -171606.7520  EKtot   =     14348.1790  EPtot      =   -185954.9310
 BOND   =       187.9519  ANGLE   =       613.3630  DIHED      =      1331.2817
 1-4 NB =       357.4319  1-4 EEL =      3529.3345  VDWAALS    =     32288.1425
 EELEC  =   -224262.4365  EHBOND  =         0.0000  RESTRAINT  =         0.0000
 Ewald error estimate:   0.1427E-03
 ------------------------------------------------------------------------------


      A V E R A G E S   O V E R    5000 S T E P S


 NSTEP =     5000   TIME(PS) =      10.000  TEMP(K) =   144.74  PRESS =     0.0
 Etot   =   -172431.4259  EKtot   =     13831.2209  EPtot      =   -186262.6468
 BOND   =       188.8260  ANGLE   =       601.1348  DIHED      =      1323.2417
 1-4 NB =       360.5633  1-4 EEL =      3522.8131  VDWAALS    =     33277.5332
 EELEC  =   -225536.7590  EHBOND  =         0.0000  RESTRAINT  =         0.0000
 Ewald error estimate:   0.1248E-03
 ------------------------------------------------------------------------------


      R M S  F L U C T U A T I O N S


 NSTEP =     5000   TIME(PS) =      10.000  TEMP(K) =     6.99  PRESS =     0.0
 Etot   =      1287.2546  EKtot   =       668.0238  EPtot      =       638.8405
 BOND   =        10.2732  ANGLE   =        17.8845  DIHED      =         7.9470
 1-4 NB =         4.9695  1-4 EEL =        15.6099  VDWAALS    =       741.3665
 EELEC  =      1316.3407  EHBOND  =         0.0000  RESTRAINT  =         0.0000
 Ewald error estimate:   0.4879E-04
 ------------------------------------------------------------------------------


--------------------------------------------------------------------------------
   5.  TIMINGS
--------------------------------------------------------------------------------

|                Build the list           159.99 (99.46% of List )
|                Other                      0.87 ( 0.54% of List )
|             List time                160.86 ( 7.59% of Nonbo)
|                   Short_ene time          1720.68 (99.14% of Direc)
|                   Other                     14.90 ( 0.86% of Direc)
|                Direct Ewald time       1735.59 (88.60% of Ewald)
|                Adjust Ewald time          8.06 ( 0.41% of Ewald)
|                   Fill Bspline coeffs        9.81 ( 4.59% of Recip)
|                   Fill charge grid          27.98 (13.11% of Recip)
|                   Scalar sum                31.35 (14.68% of Recip)
|                   Grad sum                  64.69 (30.30% of Recip)
|                   FFT time                  79.65 (37.31% of Recip)
|                Recip Ewald time         213.48 (10.90% of Ewald)
|                Force Adjust               0.38 ( 0.02% of Ewald)
|                Virial junk                0.82 ( 0.04% of Ewald)
|                Other                      0.64 ( 0.03% of Ewald)
|             Ewald time              1958.98 (92.41% of Nonbo)
|          Nonbond force           2119.85 (99.59% of Force)
|          Bond/Angle/Dihedral        8.60 ( 0.40% of Force)
|          Other                      0.23 ( 0.01% of Force)
|       Force time              2128.68 (99.22% of Runmd)
|       Shake time                 8.82 ( 0.41% of Runmd)
|       Verlet update time         6.79 ( 0.32% of Runmd)
|       Other                      1.13 ( 0.05% of Runmd)
|    Runmd Time              2145.41 (100.0% of Total)
|    Other                      0.29 ( 0.01% of Total)
| Total time              2145.75 (100.0% of ALL  )

| Number of list builds   :        324

| Highest rstack allocated:    2324230
| Highest istack allocated:      47604

| Final Performance Info:
| -----------------------------------------------------
| Average timings for all steps:
|     Elapsed(s) =    2145.41 Per Step(ms) =     429.08
|         ns/day =       0.40   seconds/ns =  214541.39
| -----------------------------------------------------

|           Job began  at 23:30:23.472  on 12/24/2021
|           Setup done at 23:30:23.811  on 12/24/2021
|           Run   done at 00:06:09.224  on 12/25/2021
|     wallclock() was called  220704 times
