
          -------------------------------------------------------
          Amber 18 SANDER                              2018
          -------------------------------------------------------

| Run on 12/25/2021 at 00:06:09

|   Executable path: sander
| Working directory: /data/temporary-scratch/ragreer/TREM2-VitaminD3_Validation/Simulation2/TREM2_R47H-VitaminD3/step5-heating
|          Hostname: c0188

  [-O]verwriting output

File Assignments:
|  MDIN: eq-200K.in                                                            
| MDOUT: eq-200K.out                                                           
|INPCRD: TREM2_R47H-VitaminD3-eq-150K.rst                                      
|  PARM: TREM2_R47H-VitaminD3-SolvI.prmtop                                     
|RESTRT: TREM2_R47H-VitaminD3-eq-200K.rst                                      
|  REFC: refc                                                                  
| MDVEL: mdvel                                                                 
| MDFRC: mdfrc                                                                 
|  MDEN: mden                                                                  
| MDCRD: TREM2_R47H-VitaminD3-eq-200K.mdcrd                                    
|MDINFO: TREM2_R47H-VitaminD3-eq-200K.mdinfo                                   
|  MTMD: mtmd                                                                  
|INPDIP: inpdip                                                                
|RSTDIP: rstdip                                                                
|INPTRA: inptraj                                                               


 Here is the input file:

Equilibration of the whole system at 200 K for 10 ps with shake at constant volume and constant temperature
 &cntrl                                                                        
  nmropt = 0,                                                                  
  ntx = 1,	irest = 0,	ntrx = 1,	ntxo = 1,                                      
  ntpr = 1000,	ntwx = 1000,	ntwv = 1000,	ntwe = 1000,                          
  ntwr = 1000,                                                                 
                                                                               
                                                                               
  ntf = 2,	ntb = 1,                                                            
  cut = 10.0,	nsnb = 20,                                                       
                                                                               
  ibelly = 0,	ntr = 0,                                                         
                                                                               
  imin = 0,                                                                    
  nstlim = 5000,                                                               
  nscm = 500,                                                                  
  t = 0.0,	dt = 0.002,                                                         
                                                                               
  temp0 = 200.0, tempi = 200.0,                                                
  ntt = 1,                                                                     
  vrand = 0,                                                                   
  vlimit = 15.0,                                                               
                                                                               
  ntc = 2,                                                                     
 &end                                                                          

--------------------------------------------------------------------------------
   1.  RESOURCE   USE: 
--------------------------------------------------------------------------------

| Flags:                                                                        
 getting new box info from bottom of inpcrd
|  INFO: Old style inpcrd file read

| peek_ewald_inpcrd: Box info found
|Largest sphere to fit in unit cell has radius =    35.782
| New format PARM file being parsed.
| Version =    1.000 Date = 12/24/21 Time = 20:44:30
 NATOM  =   47604 NTYPES =      18 NBONH =   46631 MBONA  =     906
 NTHETH =    2017 MTHETA =    1233 NPHIH =    4165 MPHIA  =    3845
 NHPARM =       0 NPARM  =       0 NNB   =   70902 NRES   =   15444
 NBONA  =     906 NTHETA =    1233 NPHIA =    3845 NUMBND =      85
 NUMANG =     189 NPTRA  =     211 NATYP =      47 NPHB   =       1
 IFBOX  =       1 NMXRS  =      72 IFCAP =       0 NEXTRA =       0
 NCOPY  =       0


|     Memory Use     Allocated
|     Real             3228713
|     Hollerith         158258
|     Integer          1484160
|     Max Pairs       27419904
|     nblistReal        571248
|     nblist Int       1637377
|       Total           149607 kbytes

| Note: 1-4 EEL scale factors are being read from the topology file.

| Note: 1-4 VDW scale factors are being read from the topology file.
| Duplicated    0 dihedrals
| Duplicated    0 dihedrals

     BOX TYPE: RECTILINEAR

--------------------------------------------------------------------------------
   2.  CONTROL  DATA  FOR  THE  RUN
--------------------------------------------------------------------------------

default_name                                                                    

General flags:
     imin    =       0, nmropt  =       0

Nature and format of input:
     ntx     =       1, irest   =       0, ntrx    =       1

Nature and format of output:
     ntxo    =       1, ntpr    =    1000, ntrx    =       1, ntwr    =    1000
     iwrap   =       0, ntwx    =    1000, ntwv    =    1000, ntwe    =    1000
     ioutfm  =       1, ntwprt  =       0, idecomp =       0, rbornstat=      0

Potential function:
     ntf     =       2, ntb     =       1, igb     =       0, nsnb    =      20
     ipol    =       0, gbsa    =       0, iesp    =       0
     dielc   =   1.00000, cut     =  10.00000, intdiel =   1.00000

Frozen or restrained atoms:
     ibelly  =       0, ntr     =       0

Molecular dynamics:
     nstlim  =      5000, nscm    =       500, nrespa  =         1
     t       =   0.00000, dt      =   0.00200, vlimit  =  15.00000

Berendsen (weak-coupling) temperature regulation:
     temp0   = 200.00000, tempi   = 200.00000, tautp   =   1.00000

SHAKE:
     ntc     =       2, jfastw  =       0
     tol     =   0.00001

Ewald parameters:
     verbose =       0, ew_type =       0, nbflag  =       1, use_pme =       1
     vdwmeth =       1, eedmeth =       1, netfrc  =       1
     Box X =   71.564   Box Y =   75.415   Box Z =   82.491
     Alpha =   90.000   Beta  =   90.000   Gamma =   90.000
     NFFT1 =   72       NFFT2 =   75       NFFT3 =   90
     Cutoff=   10.000   Tol   =0.100E-04
     Ewald Coefficient =  0.27511
     Interpolation order =    4

--------------------------------------------------------------------------------
   3.  ATOMIC COORDINATES AND VELOCITIES
--------------------------------------------------------------------------------

default_name                                                                    
 begin time read from input coords =    10.000 ps

 Number of triangulated 3-point waters found:    15246

     Sum of charges from parm topology file =   0.00000192
     Forcing neutrality...

--------------------------------------------------------------------------------
   4.  RESULTS
--------------------------------------------------------------------------------

|  # of SOLUTE  degrees of freedom (RNDFP):   96181.
|  # of SOLVENT degrees of freedom (RNDFS):       0.
|  NDFMIN =   96178.     NUM_NOSHAKE =      0     CORRECTED RNDFP =   96178.
|  TOTAL # of degrees of freedom (RNDF) =   96178.
 ---------------------------------------------------
 APPROXIMATING switch and d/dx switch using CUBIC SPLINE INTERPOLATION
 using   5000.0 points per unit in tabled values
 TESTING RELATIVE ERROR over r ranging from 0.0 to cutoff
| CHECK switch(x): max rel err =   0.2738E-14   at   2.422500
| CHECK d/dx switch(x): max rel err =   0.8314E-11   at   2.736960
 ---------------------------------------------------
| Local SIZE OF NONBOND LIST =   18354938
| TOTAL SIZE OF NONBOND LIST =   18354938

 NSTEP =        0   TIME(PS) =       0.000  TEMP(K) =   296.89  PRESS =     0.0
 Etot   =   -157607.7193  EKtot   =     28371.1985  EPtot      =   -185978.9178
 BOND   =       187.9190  ANGLE   =       612.2027  DIHED      =      1329.3004
 1-4 NB =       356.8263  1-4 EEL =      3537.9684  VDWAALS    =     32305.3261
 EELEC  =   -224308.4607  EHBOND  =         0.0000  RESTRAINT  =         0.0000
 Ewald error estimate:   0.1659E-03
 ------------------------------------------------------------------------------

check COM velocity, temp:        0.002039     0.01(Removed)
check COM velocity, temp:        0.000000     0.00(Removed)

 NSTEP =     1000   TIME(PS) =       2.000  TEMP(K) =   187.21  PRESS =     0.0
 Etot   =   -163222.8227  EKtot   =     17890.2518  EPtot      =   -181113.0745
 BOND   =       229.7183  ANGLE   =       728.3697  DIHED      =      1333.0561
 1-4 NB =       364.9179  1-4 EEL =      3498.3808  VDWAALS    =     30986.2049
 EELEC  =   -218253.7222  EHBOND  =         0.0000  RESTRAINT  =         0.0000
 Ewald error estimate:   0.6486E-04
 ------------------------------------------------------------------------------

check COM velocity, temp:        0.000000     0.00(Removed)
check COM velocity, temp:        0.000000     0.00(Removed)

 NSTEP =     2000   TIME(PS) =       4.000  TEMP(K) =   193.81  PRESS =     0.0
 Etot   =   -161551.5698  EKtot   =     18521.3397  EPtot      =   -180072.9095
 BOND   =       237.9258  ANGLE   =       723.3783  DIHED      =      1368.3504
 1-4 NB =       356.0343  1-4 EEL =      3510.0876  VDWAALS    =     30077.6217
 EELEC  =   -216346.3075  EHBOND  =         0.0000  RESTRAINT  =         0.0000
 Ewald error estimate:   0.7836E-05
 ------------------------------------------------------------------------------

check COM velocity, temp:        0.000000     0.00(Removed)
check COM velocity, temp:        0.000000     0.00(Removed)

 NSTEP =     3000   TIME(PS) =       6.000  TEMP(K) =   197.76  PRESS =     0.0
 Etot   =   -160730.3926  EKtot   =     18898.3658  EPtot      =   -179628.7584
 BOND   =       239.9527  ANGLE   =       725.5019  DIHED      =      1348.6680
 1-4 NB =       373.3038  1-4 EEL =      3495.5746  VDWAALS    =     30103.4262
 EELEC  =   -215915.1855  EHBOND  =         0.0000  RESTRAINT  =         0.0000
 Ewald error estimate:   0.1001E-03
 ------------------------------------------------------------------------------

check COM velocity, temp:        0.000000     0.00(Removed)
check COM velocity, temp:        0.000000     0.00(Removed)

 NSTEP =     4000   TIME(PS) =       8.000  TEMP(K) =   198.65  PRESS =     0.0
 Etot   =   -160281.9962  EKtot   =     18983.3186  EPtot      =   -179265.3148
 BOND   =       233.1556  ANGLE   =       748.9009  DIHED      =      1340.2548
 1-4 NB =       375.4991  1-4 EEL =      3516.2573  VDWAALS    =     29570.6269
 EELEC  =   -215050.0094  EHBOND  =         0.0000  RESTRAINT  =         0.0000
 Ewald error estimate:   0.6402E-04
 ------------------------------------------------------------------------------

check COM velocity, temp:        0.000000     0.00(Removed)
check COM velocity, temp:        0.000000     0.00(Removed)

 NSTEP =     5000   TIME(PS) =      10.000  TEMP(K) =   199.45  PRESS =     0.0
 Etot   =   -160038.0480  EKtot   =     19060.2699  EPtot      =   -179098.3179
 BOND   =       229.8865  ANGLE   =       734.3359  DIHED      =      1349.4147
 1-4 NB =       370.7101  1-4 EEL =      3522.4891  VDWAALS    =     29403.1178
 EELEC  =   -214708.2720  EHBOND  =         0.0000  RESTRAINT  =         0.0000
 Ewald error estimate:   0.6977E-04
 ------------------------------------------------------------------------------


      A V E R A G E S   O V E R    5000 S T E P S


 NSTEP =     5000   TIME(PS) =      10.000  TEMP(K) =   192.86  PRESS =     0.0
 Etot   =   -161761.9806  EKtot   =     18430.4938  EPtot      =   -180192.4744
 BOND   =       238.3061  ANGLE   =       722.4175  DIHED      =      1350.3212
 1-4 NB =       369.9282  1-4 EEL =      3519.4529  VDWAALS    =     30200.0488
 EELEC  =   -216592.9492  EHBOND  =         0.0000  RESTRAINT  =         0.0000
 Ewald error estimate:   0.8279E-04
 ------------------------------------------------------------------------------


      R M S  F L U C T U A T I O N S


 NSTEP =     5000   TIME(PS) =      10.000  TEMP(K) =     6.87  PRESS =     0.0
 Etot   =      1767.8088  EKtot   =       656.0562  EPtot      =      1126.2510
 BOND   =        11.9287  ANGLE   =        19.2173  DIHED      =         9.5121
 1-4 NB =         6.7508  1-4 EEL =        18.2621  VDWAALS    =       755.2099
 EELEC  =      1842.6682  EHBOND  =         0.0000  RESTRAINT  =         0.0000
 Ewald error estimate:   0.4616E-04
 ------------------------------------------------------------------------------


--------------------------------------------------------------------------------
   5.  TIMINGS
--------------------------------------------------------------------------------

|                Build the list           203.88 (99.57% of List )
|                Other                      0.87 ( 0.43% of List )
|             List time                204.76 ( 9.49% of Nonbo)
|                   Short_ene time          1716.98 (99.15% of Direc)
|                   Other                     14.77 ( 0.85% of Direc)
|                Direct Ewald time       1731.75 (88.72% of Ewald)
|                Adjust Ewald time          8.06 ( 0.41% of Ewald)
|                   Fill Bspline coeffs        9.83 ( 4.68% of Recip)
|                   Fill charge grid          27.52 (13.09% of Recip)
|                   Scalar sum                31.16 (14.83% of Recip)
|                   Grad sum                  63.06 (30.01% of Recip)
|                   FFT time                  78.59 (37.39% of Recip)
|                Recip Ewald time         210.17 (10.77% of Ewald)
|                Force Adjust               0.37 ( 0.02% of Ewald)
|                Virial junk                0.83 ( 0.04% of Ewald)
|                Other                      0.64 ( 0.03% of Ewald)
|             Ewald time              1951.82 (90.51% of Nonbo)
|          Nonbond force           2156.58 (99.59% of Force)
|          Bond/Angle/Dihedral        8.61 ( 0.40% of Force)
|          Other                      0.23 ( 0.01% of Force)
|       Force time              2165.42 (99.23% of Runmd)
|       Shake time                 8.80 ( 0.40% of Runmd)
|       Verlet update time         6.83 ( 0.31% of Runmd)
|       Other                      1.12 ( 0.05% of Runmd)
|    Runmd Time              2182.18 (100.0% of Total)
|    Other                      0.30 ( 0.01% of Total)
| Total time              2182.52 (100.0% of ALL  )

| Number of list builds   :        413

| Highest rstack allocated:    2324230
| Highest istack allocated:      47604

| Final Performance Info:
| -----------------------------------------------------
| Average timings for all steps:
|     Elapsed(s) =    2182.18 Per Step(ms) =     436.44
|         ns/day =       0.40   seconds/ns =  218217.64
| -----------------------------------------------------

|           Job began  at 00:06:09.266  on 12/25/2021
|           Setup done at 00:06:09.608  on 12/25/2021
|           Run   done at 00:42:31.784  on 12/25/2021
|     wallclock() was called  220882 times
