
          -------------------------------------------------------
          Amber 18 SANDER                              2018
          -------------------------------------------------------

| Run on 12/25/2021 at 00:42:31

|   Executable path: sander
| Working directory: /data/temporary-scratch/ragreer/TREM2-VitaminD3_Validation/Simulation2/TREM2_R47H-VitaminD3/step5-heating
|          Hostname: c0188

  [-O]verwriting output

File Assignments:
|  MDIN: eq-250K.in                                                            
| MDOUT: eq-250K.out                                                           
|INPCRD: TREM2_R47H-VitaminD3-eq-200K.rst                                      
|  PARM: TREM2_R47H-VitaminD3-SolvI.prmtop                                     
|RESTRT: TREM2_R47H-VitaminD3-eq-250K.rst                                      
|  REFC: refc                                                                  
| MDVEL: mdvel                                                                 
| MDFRC: mdfrc                                                                 
|  MDEN: mden                                                                  
| MDCRD: TREM2_R47H-VitaminD3-eq-250K.mdcrd                                    
|MDINFO: TREM2_R47H-VitaminD3-eq-250K.mdinfo                                   
|  MTMD: mtmd                                                                  
|INPDIP: inpdip                                                                
|RSTDIP: rstdip                                                                
|INPTRA: inptraj                                                               


 Here is the input file:

Equilibration of the whole system at 250 K for 10 ps with shake at constant volume and constant temperature
 &cntrl                                                                        
  nmropt = 0,                                                                  
  ntx = 1,	irest = 0,	ntrx = 1,	ntxo = 1,                                      
  ntpr = 1000,	ntwx = 1000,	ntwv = 1000,	ntwe = 1000,                          
  ntwr = 1000,                                                                 
                                                                               
                                                                               
  ntf = 2,	ntb = 1,                                                            
  cut = 10.0,	nsnb = 20,                                                       
                                                                               
  ibelly = 0,	ntr = 0,                                                         
                                                                               
  imin = 0,                                                                    
  nstlim = 5000,                                                               
  nscm = 500,                                                                  
  t = 0.0,	dt = 0.002,                                                         
                                                                               
  temp0 = 250.0, tempi = 250.0,                                                
  ntt = 1,                                                                     
  vrand = 0,                                                                   
  vlimit = 15.0,                                                               
                                                                               
  ntc = 2,                                                                     
 &end                                                                          

--------------------------------------------------------------------------------
   1.  RESOURCE   USE: 
--------------------------------------------------------------------------------

| Flags:                                                                        
 getting new box info from bottom of inpcrd
|  INFO: Old style inpcrd file read

| peek_ewald_inpcrd: Box info found
|Largest sphere to fit in unit cell has radius =    35.782
| New format PARM file being parsed.
| Version =    1.000 Date = 12/24/21 Time = 20:44:30
 NATOM  =   47604 NTYPES =      18 NBONH =   46631 MBONA  =     906
 NTHETH =    2017 MTHETA =    1233 NPHIH =    4165 MPHIA  =    3845
 NHPARM =       0 NPARM  =       0 NNB   =   70902 NRES   =   15444
 NBONA  =     906 NTHETA =    1233 NPHIA =    3845 NUMBND =      85
 NUMANG =     189 NPTRA  =     211 NATYP =      47 NPHB   =       1
 IFBOX  =       1 NMXRS  =      72 IFCAP =       0 NEXTRA =       0
 NCOPY  =       0


|     Memory Use     Allocated
|     Real             3228713
|     Hollerith         158258
|     Integer          1484160
|     Max Pairs       27419904
|     nblistReal        571248
|     nblist Int       1637377
|       Total           149607 kbytes

| Note: 1-4 EEL scale factors are being read from the topology file.

| Note: 1-4 VDW scale factors are being read from the topology file.
| Duplicated    0 dihedrals
| Duplicated    0 dihedrals

     BOX TYPE: RECTILINEAR

--------------------------------------------------------------------------------
   2.  CONTROL  DATA  FOR  THE  RUN
--------------------------------------------------------------------------------

default_name                                                                    

General flags:
     imin    =       0, nmropt  =       0

Nature and format of input:
     ntx     =       1, irest   =       0, ntrx    =       1

Nature and format of output:
     ntxo    =       1, ntpr    =    1000, ntrx    =       1, ntwr    =    1000
     iwrap   =       0, ntwx    =    1000, ntwv    =    1000, ntwe    =    1000
     ioutfm  =       1, ntwprt  =       0, idecomp =       0, rbornstat=      0

Potential function:
     ntf     =       2, ntb     =       1, igb     =       0, nsnb    =      20
     ipol    =       0, gbsa    =       0, iesp    =       0
     dielc   =   1.00000, cut     =  10.00000, intdiel =   1.00000

Frozen or restrained atoms:
     ibelly  =       0, ntr     =       0

Molecular dynamics:
     nstlim  =      5000, nscm    =       500, nrespa  =         1
     t       =   0.00000, dt      =   0.00200, vlimit  =  15.00000

Berendsen (weak-coupling) temperature regulation:
     temp0   = 250.00000, tempi   = 250.00000, tautp   =   1.00000

SHAKE:
     ntc     =       2, jfastw  =       0
     tol     =   0.00001

Ewald parameters:
     verbose =       0, ew_type =       0, nbflag  =       1, use_pme =       1
     vdwmeth =       1, eedmeth =       1, netfrc  =       1
     Box X =   71.564   Box Y =   75.415   Box Z =   82.491
     Alpha =   90.000   Beta  =   90.000   Gamma =   90.000
     NFFT1 =   72       NFFT2 =   75       NFFT3 =   90
     Cutoff=   10.000   Tol   =0.100E-04
     Ewald Coefficient =  0.27511
     Interpolation order =    4

--------------------------------------------------------------------------------
   3.  ATOMIC COORDINATES AND VELOCITIES
--------------------------------------------------------------------------------

default_name                                                                    
 begin time read from input coords =    10.000 ps

 Number of triangulated 3-point waters found:    15246

     Sum of charges from parm topology file =   0.00000192
     Forcing neutrality...

--------------------------------------------------------------------------------
   4.  RESULTS
--------------------------------------------------------------------------------

|  # of SOLUTE  degrees of freedom (RNDFP):   96181.
|  # of SOLVENT degrees of freedom (RNDFS):       0.
|  NDFMIN =   96178.     NUM_NOSHAKE =      0     CORRECTED RNDFP =   96178.
|  TOTAL # of degrees of freedom (RNDF) =   96178.
 ---------------------------------------------------
 APPROXIMATING switch and d/dx switch using CUBIC SPLINE INTERPOLATION
 using   5000.0 points per unit in tabled values
 TESTING RELATIVE ERROR over r ranging from 0.0 to cutoff
| CHECK switch(x): max rel err =   0.2738E-14   at   2.422500
| CHECK d/dx switch(x): max rel err =   0.8314E-11   at   2.736960
 ---------------------------------------------------
| Local SIZE OF NONBOND LIST =   18347930
| TOTAL SIZE OF NONBOND LIST =   18347930

 NSTEP =        0   TIME(PS) =       0.000  TEMP(K) =   371.11  PRESS =     0.0
 Etot   =   -143661.6310  EKtot   =     35463.9981  EPtot      =   -179125.6291
 BOND   =       237.4092  ANGLE   =       745.2539  DIHED      =      1349.2475
 1-4 NB =       371.9684  1-4 EEL =      3525.8887  VDWAALS    =     29383.0507
 EELEC  =   -214738.4476  EHBOND  =         0.0000  RESTRAINT  =         0.0000
 Ewald error estimate:   0.4581E-04
 ------------------------------------------------------------------------------

check COM velocity, temp:        0.002265     0.01(Removed)
check COM velocity, temp:        0.000000     0.00(Removed)

 NSTEP =     1000   TIME(PS) =       2.000  TEMP(K) =   232.18  PRESS =     0.0
 Etot   =   -150918.0669  EKtot   =     22187.3793  EPtot      =   -173105.4462
 BOND   =       291.2082  ANGLE   =       833.3546  DIHED      =      1374.0921
 1-4 NB =       374.0849  1-4 EEL =      3528.6631  VDWAALS    =     27565.8173
 EELEC  =   -207072.6664  EHBOND  =         0.0000  RESTRAINT  =         0.0000
 Ewald error estimate:   0.1071E-05
 ------------------------------------------------------------------------------

check COM velocity, temp:        0.000000     0.00(Removed)
check COM velocity, temp:        0.000000     0.00(Removed)

 NSTEP =     2000   TIME(PS) =       4.000  TEMP(K) =   239.17  PRESS =     0.0
 Etot   =   -148305.8816  EKtot   =     22855.9455  EPtot      =   -171161.8271
 BOND   =       278.5290  ANGLE   =       837.3853  DIHED      =      1388.8702
 1-4 NB =       384.2257  1-4 EEL =      3551.9814  VDWAALS    =     26528.0640
 EELEC  =   -204130.8828  EHBOND  =         0.0000  RESTRAINT  =         0.0000
 Ewald error estimate:   0.1179E-03
 ------------------------------------------------------------------------------

check COM velocity, temp:        0.000000     0.00(Removed)
check COM velocity, temp:        0.000000     0.00(Removed)

 NSTEP =     3000   TIME(PS) =       6.000  TEMP(K) =   244.52  PRESS =     0.0
 Etot   =   -146716.0451  EKtot   =     23366.7312  EPtot      =   -170082.7764
 BOND   =       276.3930  ANGLE   =       848.3311  DIHED      =      1371.7307
 1-4 NB =       379.7422  1-4 EEL =      3556.8280  VDWAALS    =     25707.8893
 EELEC  =   -202223.6906  EHBOND  =         0.0000  RESTRAINT  =         0.0000
 Ewald error estimate:   0.6437E-04
 ------------------------------------------------------------------------------

check COM velocity, temp:        0.000000     0.00(Removed)
check COM velocity, temp:        0.000000     0.00(Removed)

 NSTEP =     4000   TIME(PS) =       8.000  TEMP(K) =   245.89  PRESS =     0.0
 Etot   =   -145724.8485  EKtot   =     23497.5055  EPtot      =   -169222.3540
 BOND   =       281.1425  ANGLE   =       863.3252  DIHED      =      1364.4187
 1-4 NB =       386.1791  1-4 EEL =      3541.6210  VDWAALS    =     25387.9333
 EELEC  =   -201046.9739  EHBOND  =         0.0000  RESTRAINT  =         0.0000
 Ewald error estimate:   0.2272E-04
 ------------------------------------------------------------------------------

check COM velocity, temp:        0.000000     0.00(Removed)
check COM velocity, temp:        0.000000     0.00(Removed)

 NSTEP =     5000   TIME(PS) =      10.000  TEMP(K) =   247.53  PRESS =     0.0
 Etot   =   -145178.0489  EKtot   =     23654.1265  EPtot      =   -168832.1755
 BOND   =       291.5073  ANGLE   =       857.6349  DIHED      =      1383.4061
 1-4 NB =       392.7527  1-4 EEL =      3504.4585  VDWAALS    =     25298.1938
 EELEC  =   -200560.1287  EHBOND  =         0.0000  RESTRAINT  =         0.0000
 Ewald error estimate:   0.6100E-04
 ------------------------------------------------------------------------------


      A V E R A G E S   O V E R    5000 S T E P S


 NSTEP =     5000   TIME(PS) =      10.000  TEMP(K) =   239.47  PRESS =     0.0
 Etot   =   -148289.1782  EKtot   =     22884.4225  EPtot      =   -171173.6007
 BOND   =       292.8164  ANGLE   =       852.7634  DIHED      =      1375.6424
 1-4 NB =       381.4464  1-4 EEL =      3519.9045  VDWAALS    =     26450.1794
 EELEC  =   -204046.3532  EHBOND  =         0.0000  RESTRAINT  =         0.0000
 Ewald error estimate:   0.4985E-04
 ------------------------------------------------------------------------------


      R M S  F L U C T U A T I O N S


 NSTEP =     5000   TIME(PS) =      10.000  TEMP(K) =     7.39  PRESS =     0.0
 Etot   =      2766.0961  EKtot   =       706.3293  EPtot      =      2075.9543
 BOND   =        14.4172  ANGLE   =        27.0166  DIHED      =        10.6307
 1-4 NB =         7.3222  1-4 EEL =        21.4710  VDWAALS    =      1049.3880
 EELEC  =      3086.0464  EHBOND  =         0.0000  RESTRAINT  =         0.0000
 Ewald error estimate:   0.3634E-04
 ------------------------------------------------------------------------------


--------------------------------------------------------------------------------
   5.  TIMINGS
--------------------------------------------------------------------------------

|                Build the list           241.74 (99.64% of List )
|                Other                      0.87 ( 0.36% of List )
|             List time                242.61 (11.07% of Nonbo)
|                   Short_ene time          1718.27 (99.14% of Direc)
|                   Other                     14.87 ( 0.86% of Direc)
|                Direct Ewald time       1733.14 (88.94% of Ewald)
|                Adjust Ewald time          8.06 ( 0.41% of Ewald)
|                   Fill Bspline coeffs        9.77 ( 4.75% of Recip)
|                   Fill charge grid          26.95 (13.11% of Recip)
|                   Scalar sum                30.91 (15.03% of Recip)
|                   Grad sum                  60.92 (29.63% of Recip)
|                   FFT time                  77.06 (37.48% of Recip)
|                Recip Ewald time         205.62 (10.55% of Ewald)
|                Force Adjust               0.37 ( 0.02% of Ewald)
|                Virial junk                0.83 ( 0.04% of Ewald)
|                Other                      0.64 ( 0.03% of Ewald)
|             Ewald time              1948.66 (88.93% of Nonbo)
|          Nonbond force           2191.27 (99.60% of Force)
|          Bond/Angle/Dihedral        8.64 ( 0.39% of Force)
|          Other                      0.23 ( 0.01% of Force)
|       Force time              2200.13 (99.25% of Runmd)
|       Shake time                 8.77 ( 0.40% of Runmd)
|       Verlet update time         6.76 ( 0.30% of Runmd)
|       Other                      1.11 ( 0.05% of Runmd)
|    Runmd Time              2216.77 (100.0% of Total)
|    Other                      0.32 ( 0.01% of Total)
| Total time              2217.14 (100.0% of ALL  )

| Number of list builds   :        489

| Highest rstack allocated:    2324230
| Highest istack allocated:      47604

| Final Performance Info:
| -----------------------------------------------------
| Average timings for all steps:
|     Elapsed(s) =    2216.77 Per Step(ms) =     443.35
|         ns/day =       0.39   seconds/ns =  221677.35
| -----------------------------------------------------

|           Job began  at 00:42:31.882  on 12/25/2021
|           Setup done at 00:42:32.246  on 12/25/2021
|           Run   done at 01:19:29.019  on 12/25/2021
|     wallclock() was called  221034 times
