
          -------------------------------------------------------
          Amber 18 SANDER                              2018
          -------------------------------------------------------

| Run on 12/25/2021 at 01:19:29

|   Executable path: sander
| Working directory: /data/temporary-scratch/ragreer/TREM2-VitaminD3_Validation/Simulation2/TREM2_R47H-VitaminD3/step5-heating
|          Hostname: c0188

  [-O]verwriting output

File Assignments:
|  MDIN: eq-300K.in                                                            
| MDOUT: eq-300K.out                                                           
|INPCRD: TREM2_R47H-VitaminD3-eq-250K.rst                                      
|  PARM: TREM2_R47H-VitaminD3-SolvI.prmtop                                     
|RESTRT: TREM2_R47H-VitaminD3-eq-300K.rst                                      
|  REFC: refc                                                                  
| MDVEL: mdvel                                                                 
| MDFRC: mdfrc                                                                 
|  MDEN: mden                                                                  
| MDCRD: TREM2_R47H-VitaminD3-eq-300K.mdcrd                                    
|MDINFO: TREM2_R47H-VitaminD3-eq-300K.mdinfo                                   
|  MTMD: mtmd                                                                  
|INPDIP: inpdip                                                                
|RSTDIP: rstdip                                                                
|INPTRA: inptraj                                                               


 Here is the input file:

Equilibration of the whole system at 300 K for 10 ps with shake at constant volume and constant temperature
 &cntrl                                                                        
  nmropt = 0,                                                                  
  ntx = 1,	irest = 0,	ntrx = 1,	ntxo = 1,                                      
  ntpr = 1000,	ntwx = 1000,	ntwv = 1000,	ntwe = 1000,                          
  ntwr = 1000,                                                                 
                                                                               
                                                                               
  ntf = 2,	ntb = 1,                                                            
  cut = 10.0,	nsnb = 20,                                                       
                                                                               
  ibelly = 0,	ntr = 0,                                                         
                                                                               
  imin = 0,                                                                    
  nstlim = 5000,                                                               
  nscm = 500,                                                                  
  t = 0.0,	dt = 0.002,                                                         
                                                                               
  temp0 = 300.0, tempi = 300.0,                                                
  ntt = 1,                                                                     
  vrand = 0,                                                                   
  vlimit = 15.0,                                                               
                                                                               
  ntc = 2,                                                                     
 &end                                                                          

--------------------------------------------------------------------------------
   1.  RESOURCE   USE: 
--------------------------------------------------------------------------------

| Flags:                                                                        
 getting new box info from bottom of inpcrd
|  INFO: Old style inpcrd file read

| peek_ewald_inpcrd: Box info found
|Largest sphere to fit in unit cell has radius =    35.782
| New format PARM file being parsed.
| Version =    1.000 Date = 12/24/21 Time = 20:44:30
 NATOM  =   47604 NTYPES =      18 NBONH =   46631 MBONA  =     906
 NTHETH =    2017 MTHETA =    1233 NPHIH =    4165 MPHIA  =    3845
 NHPARM =       0 NPARM  =       0 NNB   =   70902 NRES   =   15444
 NBONA  =     906 NTHETA =    1233 NPHIA =    3845 NUMBND =      85
 NUMANG =     189 NPTRA  =     211 NATYP =      47 NPHB   =       1
 IFBOX  =       1 NMXRS  =      72 IFCAP =       0 NEXTRA =       0
 NCOPY  =       0


|     Memory Use     Allocated
|     Real             3228713
|     Hollerith         158258
|     Integer          1484160
|     Max Pairs       27419904
|     nblistReal        571248
|     nblist Int       1637377
|       Total           149607 kbytes

| Note: 1-4 EEL scale factors are being read from the topology file.

| Note: 1-4 VDW scale factors are being read from the topology file.
| Duplicated    0 dihedrals
| Duplicated    0 dihedrals

     BOX TYPE: RECTILINEAR

--------------------------------------------------------------------------------
   2.  CONTROL  DATA  FOR  THE  RUN
--------------------------------------------------------------------------------

default_name                                                                    

General flags:
     imin    =       0, nmropt  =       0

Nature and format of input:
     ntx     =       1, irest   =       0, ntrx    =       1

Nature and format of output:
     ntxo    =       1, ntpr    =    1000, ntrx    =       1, ntwr    =    1000
     iwrap   =       0, ntwx    =    1000, ntwv    =    1000, ntwe    =    1000
     ioutfm  =       1, ntwprt  =       0, idecomp =       0, rbornstat=      0

Potential function:
     ntf     =       2, ntb     =       1, igb     =       0, nsnb    =      20
     ipol    =       0, gbsa    =       0, iesp    =       0
     dielc   =   1.00000, cut     =  10.00000, intdiel =   1.00000

Frozen or restrained atoms:
     ibelly  =       0, ntr     =       0

Molecular dynamics:
     nstlim  =      5000, nscm    =       500, nrespa  =         1
     t       =   0.00000, dt      =   0.00200, vlimit  =  15.00000

Berendsen (weak-coupling) temperature regulation:
     temp0   = 300.00000, tempi   = 300.00000, tautp   =   1.00000

SHAKE:
     ntc     =       2, jfastw  =       0
     tol     =   0.00001

Ewald parameters:
     verbose =       0, ew_type =       0, nbflag  =       1, use_pme =       1
     vdwmeth =       1, eedmeth =       1, netfrc  =       1
     Box X =   71.564   Box Y =   75.415   Box Z =   82.491
     Alpha =   90.000   Beta  =   90.000   Gamma =   90.000
     NFFT1 =   72       NFFT2 =   75       NFFT3 =   90
     Cutoff=   10.000   Tol   =0.100E-04
     Ewald Coefficient =  0.27511
     Interpolation order =    4

--------------------------------------------------------------------------------
   3.  ATOMIC COORDINATES AND VELOCITIES
--------------------------------------------------------------------------------

default_name                                                                    
 begin time read from input coords =    10.000 ps

 Number of triangulated 3-point waters found:    15246

     Sum of charges from parm topology file =   0.00000192
     Forcing neutrality...

--------------------------------------------------------------------------------
   4.  RESULTS
--------------------------------------------------------------------------------

|  # of SOLUTE  degrees of freedom (RNDFP):   96181.
|  # of SOLVENT degrees of freedom (RNDFS):       0.
|  NDFMIN =   96178.     NUM_NOSHAKE =      0     CORRECTED RNDFP =   96178.
|  TOTAL # of degrees of freedom (RNDF) =   96178.
 ---------------------------------------------------
 APPROXIMATING switch and d/dx switch using CUBIC SPLINE INTERPOLATION
 using   5000.0 points per unit in tabled values
 TESTING RELATIVE ERROR over r ranging from 0.0 to cutoff
| CHECK switch(x): max rel err =   0.2738E-14   at   2.422500
| CHECK d/dx switch(x): max rel err =   0.8314E-11   at   2.736960
 ---------------------------------------------------
| Local SIZE OF NONBOND LIST =   18346438
| TOTAL SIZE OF NONBOND LIST =   18346438

 NSTEP =        0   TIME(PS) =       0.000  TEMP(K) =   445.33  PRESS =     0.0
 Etot   =   -126331.6423  EKtot   =     42556.7977  EPtot      =   -168888.4401
 BOND   =       291.6953  ANGLE   =       862.5545  DIHED      =      1384.1029
 1-4 NB =       392.8543  1-4 EEL =      3504.2234  VDWAALS    =     25281.5759
 EELEC  =   -200605.4463  EHBOND  =         0.0000  RESTRAINT  =         0.0000
 Ewald error estimate:   0.4011E-04
 ------------------------------------------------------------------------------

check COM velocity, temp:        0.002462     0.01(Removed)
check COM velocity, temp:        0.000000     0.00(Removed)

 NSTEP =     1000   TIME(PS) =       2.000  TEMP(K) =   282.16  PRESS =     0.0
 Etot   =   -135565.3445  EKtot   =     26963.3140  EPtot      =   -162528.6585
 BOND   =       348.8357  ANGLE   =       958.0357  DIHED      =      1410.0253
 1-4 NB =       381.0044  1-4 EEL =      3486.1240  VDWAALS    =     23742.5077
 EELEC  =   -192855.1912  EHBOND  =         0.0000  RESTRAINT  =         0.0000
 Ewald error estimate:   0.3076E-04
 ------------------------------------------------------------------------------

check COM velocity, temp:        0.000000     0.00(Removed)
check COM velocity, temp:        0.000000     0.00(Removed)

 NSTEP =     2000   TIME(PS) =       4.000  TEMP(K) =   291.38  PRESS =     0.0
 Etot   =   -133143.3597  EKtot   =     27845.0071  EPtot      =   -160988.3668
 BOND   =       343.0986  ANGLE   =       940.9038  DIHED      =      1400.3617
 1-4 NB =       378.9899  1-4 EEL =      3551.1020  VDWAALS    =     23213.8482
 EELEC  =   -190816.6710  EHBOND  =         0.0000  RESTRAINT  =         0.0000
 Ewald error estimate:   0.4601E-04
 ------------------------------------------------------------------------------

check COM velocity, temp:        0.000000     0.00(Removed)
check COM velocity, temp:        0.000000     0.00(Removed)

 NSTEP =     3000   TIME(PS) =       6.000  TEMP(K) =   293.92  PRESS =     0.0
 Etot   =   -131905.7944  EKtot   =     28087.9726  EPtot      =   -159993.7670
 BOND   =       355.5080  ANGLE   =       980.4094  DIHED      =      1400.9281
 1-4 NB =       386.0196  1-4 EEL =      3560.4560  VDWAALS    =     23225.9846
 EELEC  =   -189903.0727  EHBOND  =         0.0000  RESTRAINT  =         0.0000
 Ewald error estimate:   0.9457E-04
 ------------------------------------------------------------------------------

check COM velocity, temp:        0.000000     0.00(Removed)
check COM velocity, temp:        0.000000     0.00(Removed)

 NSTEP =     4000   TIME(PS) =       8.000  TEMP(K) =   297.15  PRESS =     0.0
 Etot   =   -131329.9673  EKtot   =     28396.2756  EPtot      =   -159726.2430
 BOND   =       313.0769  ANGLE   =       959.6004  DIHED      =      1404.1504
 1-4 NB =       398.3237  1-4 EEL =      3549.5086  VDWAALS    =     22793.6993
 EELEC  =   -189144.6023  EHBOND  =         0.0000  RESTRAINT  =         0.0000
 Ewald error estimate:   0.8645E-05
 ------------------------------------------------------------------------------

check COM velocity, temp:        0.000000     0.00(Removed)
check COM velocity, temp:        0.000000     0.00(Removed)

 NSTEP =     5000   TIME(PS) =      10.000  TEMP(K) =   299.12  PRESS =     0.0
 Etot   =   -130990.9368  EKtot   =     28584.2930  EPtot      =   -159575.2298
 BOND   =       349.2833  ANGLE   =       910.3305  DIHED      =      1397.1282
 1-4 NB =       387.2960  1-4 EEL =      3540.9515  VDWAALS    =     23207.0248
 EELEC  =   -189367.2441  EHBOND  =         0.0000  RESTRAINT  =         0.0000
 Ewald error estimate:   0.1053E-03
 ------------------------------------------------------------------------------


      A V E R A G E S   O V E R    5000 S T E P S


 NSTEP =     5000   TIME(PS) =      10.000  TEMP(K) =   290.45  PRESS =     0.0
 Etot   =   -133402.1117  EKtot   =     27756.1865  EPtot      =   -161158.2981
 BOND   =       340.3269  ANGLE   =       956.3740  DIHED      =      1408.1731
 1-4 NB =       388.8877  1-4 EEL =      3525.3078  VDWAALS    =     23404.8175
 EELEC  =   -191182.1852  EHBOND  =         0.0000  RESTRAINT  =         0.0000
 Ewald error estimate:   0.5912E-04
 ------------------------------------------------------------------------------


      R M S  F L U C T U A T I O N S


 NSTEP =     5000   TIME(PS) =      10.000  TEMP(K) =     8.45  PRESS =     0.0
 Etot   =      2468.2087  EKtot   =       807.1621  EPtot      =      1685.1609
 BOND   =        16.0517  ANGLE   =        24.3381  DIHED      =        13.5103
 1-4 NB =         8.2756  1-4 EEL =        24.8523  VDWAALS    =       535.8907
 EELEC  =      2170.3061  EHBOND  =         0.0000  RESTRAINT  =         0.0000
 Ewald error estimate:   0.4363E-04
 ------------------------------------------------------------------------------


--------------------------------------------------------------------------------
   5.  TIMINGS
--------------------------------------------------------------------------------

|                Build the list           275.49 (99.68% of List )
|                Other                      0.88 ( 0.32% of List )
|             List time                276.37 (12.40% of Nonbo)
|                   Short_ene time          1720.42 (99.11% of Direc)
|                   Other                     15.46 ( 0.89% of Direc)
|                Direct Ewald time       1735.88 (88.89% of Ewald)
|                Adjust Ewald time          8.06 ( 0.41% of Ewald)
|                   Fill Bspline coeffs        9.80 ( 4.73% of Recip)
|                   Fill charge grid          27.50 (13.28% of Recip)
|                   Scalar sum                30.95 (14.94% of Recip)
|                   Grad sum                  61.84 (29.85% of Recip)
|                   FFT time                  77.05 (37.20% of Recip)
|                Recip Ewald time         207.16 (10.61% of Ewald)
|                Force Adjust               0.35 ( 0.02% of Ewald)
|                Virial junk                0.82 ( 0.04% of Ewald)
|                Other                      0.64 ( 0.03% of Ewald)
|             Ewald time              1952.92 (87.60% of Nonbo)
|          Nonbond force           2229.30 (99.61% of Force)
|          Bond/Angle/Dihedral        8.61 ( 0.38% of Force)
|          Other                      0.23 ( 0.01% of Force)
|       Force time              2238.14 (99.26% of Runmd)
|       Shake time                 8.76 ( 0.39% of Runmd)
|       Verlet update time         6.75 ( 0.30% of Runmd)
|       Other                      1.11 ( 0.05% of Runmd)
|    Runmd Time              2254.75 (100.0% of Total)
|    Other                      0.31 ( 0.01% of Total)
| Total time              2255.11 (100.0% of ALL  )

| Number of list builds   :        556

| Highest rstack allocated:    2324230
| Highest istack allocated:      47604

| Final Performance Info:
| -----------------------------------------------------
| Average timings for all steps:
|     Elapsed(s) =    2254.75 Per Step(ms) =     450.95
|         ns/day =       0.38   seconds/ns =  225475.21
| -----------------------------------------------------

|           Job began  at 01:19:29.072  on 12/25/2021
|           Setup done at 01:19:29.433  on 12/25/2021
|           Run   done at 01:57:04.184  on 12/25/2021
|     wallclock() was called  221168 times
