
          -------------------------------------------------------
          Amber 18 SANDER                              2018
          -------------------------------------------------------

| Run on 12/24/2021 at 22:21:50

|   Executable path: sander
| Working directory: /data/temporary-scratch/ragreer/TREM2-VitaminD3_Validation/Simulation2/TREM2_R47H-VitaminD3/step5-heating
|          Hostname: c0188

  [-O]verwriting output

File Assignments:
|  MDIN: eq-50K.in                                                             
| MDOUT: eq-50K.out                                                            
|INPCRD: TREM2_R47H-VitaminD3-eq-SolvI.rst                                     
|  PARM: TREM2_R47H-VitaminD3-SolvI.prmtop                                     
|RESTRT: TREM2_R47H-VitaminD3-eq-50K.rst                                       
|  REFC: refc                                                                  
| MDVEL: mdvel                                                                 
| MDFRC: mdfrc                                                                 
|  MDEN: mden                                                                  
| MDCRD: TREM2_R47H-VitaminD3-eq-50K.mdcrd                                     
|MDINFO: TREM2_R47H-VitaminD3-eq-50K.mdinfo                                    
|  MTMD: mtmd                                                                  
|INPDIP: inpdip                                                                
|RSTDIP: rstdip                                                                
|INPTRA: inptraj                                                               


 Here is the input file:

Equilibration of the whole system at 50 K for 10 ps with shake at constant volume and constant temperature
 &cntrl                                                                        
  nmropt = 0,                                                                  
  ntx = 1,	irest = 0,	ntrx = 1,	ntxo = 1,                                      
  ntpr = 1000,	ntwx = 1000,	ntwv = 1000,	ntwe = 1000,                          
  ntwr = 1000,                                                                 
                                                                               
                                                                               
  ntf = 2,	ntb = 1,                                                            
  cut = 10.0,	nsnb = 20,                                                       
                                                                               
  ibelly = 0,	ntr = 0,                                                         
                                                                               
  imin = 0,                                                                    
  nstlim = 5000,                                                               
  nscm = 500,                                                                  
  t = 0.0,	dt = 0.002,                                                         
                                                                               
  temp0 = 50.0,	tempi = 50.0,                                                  
  ntt = 1,                                                                     
  vrand = 0,                                                                   
  vlimit = 15.0,                                                               
                                                                               
  ntc = 2,                                                                     
 &end                                                                          

--------------------------------------------------------------------------------
   1.  RESOURCE   USE: 
--------------------------------------------------------------------------------

| Flags:                                                                        
 getting new box info from bottom of inpcrd
|  INFO: Old style inpcrd file read

| peek_ewald_inpcrd: Box info found
|Largest sphere to fit in unit cell has radius =    35.782
| New format PARM file being parsed.
| Version =    1.000 Date = 12/24/21 Time = 20:44:30
 NATOM  =   47604 NTYPES =      18 NBONH =   46631 MBONA  =     906
 NTHETH =    2017 MTHETA =    1233 NPHIH =    4165 MPHIA  =    3845
 NHPARM =       0 NPARM  =       0 NNB   =   70902 NRES   =   15444
 NBONA  =     906 NTHETA =    1233 NPHIA =    3845 NUMBND =      85
 NUMANG =     189 NPTRA  =     211 NATYP =      47 NPHB   =       1
 IFBOX  =       1 NMXRS  =      72 IFCAP =       0 NEXTRA =       0
 NCOPY  =       0


|     Memory Use     Allocated
|     Real             3228713
|     Hollerith         158258
|     Integer          1484160
|     Max Pairs       27419904
|     nblistReal        571248
|     nblist Int       1637377
|       Total           149607 kbytes

| Note: 1-4 EEL scale factors are being read from the topology file.

| Note: 1-4 VDW scale factors are being read from the topology file.
| Duplicated    0 dihedrals
| Duplicated    0 dihedrals

     BOX TYPE: RECTILINEAR

--------------------------------------------------------------------------------
   2.  CONTROL  DATA  FOR  THE  RUN
--------------------------------------------------------------------------------

default_name                                                                    

General flags:
     imin    =       0, nmropt  =       0

Nature and format of input:
     ntx     =       1, irest   =       0, ntrx    =       1

Nature and format of output:
     ntxo    =       1, ntpr    =    1000, ntrx    =       1, ntwr    =    1000
     iwrap   =       0, ntwx    =    1000, ntwv    =    1000, ntwe    =    1000
     ioutfm  =       1, ntwprt  =       0, idecomp =       0, rbornstat=      0

Potential function:
     ntf     =       2, ntb     =       1, igb     =       0, nsnb    =      20
     ipol    =       0, gbsa    =       0, iesp    =       0
     dielc   =   1.00000, cut     =  10.00000, intdiel =   1.00000

Frozen or restrained atoms:
     ibelly  =       0, ntr     =       0

Molecular dynamics:
     nstlim  =      5000, nscm    =       500, nrespa  =         1
     t       =   0.00000, dt      =   0.00200, vlimit  =  15.00000

Berendsen (weak-coupling) temperature regulation:
     temp0   =  50.00000, tempi   =  50.00000, tautp   =   1.00000

SHAKE:
     ntc     =       2, jfastw  =       0
     tol     =   0.00001

Ewald parameters:
     verbose =       0, ew_type =       0, nbflag  =       1, use_pme =       1
     vdwmeth =       1, eedmeth =       1, netfrc  =       1
     Box X =   71.564   Box Y =   75.415   Box Z =   82.491
     Alpha =   90.000   Beta  =   90.000   Gamma =   90.000
     NFFT1 =   72       NFFT2 =   75       NFFT3 =   90
     Cutoff=   10.000   Tol   =0.100E-04
     Ewald Coefficient =  0.27511
     Interpolation order =    4

--------------------------------------------------------------------------------
   3.  ATOMIC COORDINATES AND VELOCITIES
--------------------------------------------------------------------------------

default_name                                                                    
 begin time read from input coords =    10.000 ps

 Number of triangulated 3-point waters found:    15246

     Sum of charges from parm topology file =   0.00000192
     Forcing neutrality...

--------------------------------------------------------------------------------
   4.  RESULTS
--------------------------------------------------------------------------------

|  # of SOLUTE  degrees of freedom (RNDFP):   96181.
|  # of SOLVENT degrees of freedom (RNDFS):       0.
|  NDFMIN =   96178.     NUM_NOSHAKE =      0     CORRECTED RNDFP =   96178.
|  TOTAL # of degrees of freedom (RNDF) =   96178.
 ---------------------------------------------------
 APPROXIMATING switch and d/dx switch using CUBIC SPLINE INTERPOLATION
 using   5000.0 points per unit in tabled values
 TESTING RELATIVE ERROR over r ranging from 0.0 to cutoff
| CHECK switch(x): max rel err =   0.2738E-14   at   2.422500
| CHECK d/dx switch(x): max rel err =   0.8314E-11   at   2.736960
 ---------------------------------------------------
| Local SIZE OF NONBOND LIST =   18396895
| TOTAL SIZE OF NONBOND LIST =   18396895

 NSTEP =        0   TIME(PS) =       0.000  TEMP(K) =    74.22  PRESS =     0.0
 Etot   =   -218457.7485  EKtot   =      7092.7996  EPtot      =   -225550.5481
 BOND   =        84.9908  ANGLE   =       354.0200  DIHED      =      1246.3152
 1-4 NB =       348.2177  1-4 EEL =      3513.5076  VDWAALS    =     46011.5758
 EELEC  =   -277109.1753  EHBOND  =         0.0000  RESTRAINT  =         0.0000
 Ewald error estimate:   0.1645E-03
 ------------------------------------------------------------------------------

check COM velocity, temp:        0.000870     0.00(Removed)
check COM velocity, temp:        0.000000     0.00(Removed)

 NSTEP =     1000   TIME(PS) =       2.000  TEMP(K) =    56.96  PRESS =     0.0
 Etot   =   -188817.8977  EKtot   =      5442.8459  EPtot      =   -194260.7436
 BOND   =        90.4055  ANGLE   =       371.7983  DIHED      =      1255.2327
 1-4 NB =       343.2101  1-4 EEL =      3522.8134  VDWAALS    =     37568.5779
 EELEC  =   -237412.7815  EHBOND  =         0.0000  RESTRAINT  =         0.0000
 Ewald error estimate:   0.1230E-03
 ------------------------------------------------------------------------------

check COM velocity, temp:        0.000000     0.00(Removed)
check COM velocity, temp:        0.000000     0.00(Removed)

 NSTEP =     2000   TIME(PS) =       4.000  TEMP(K) =    53.27  PRESS =     0.0
 Etot   =   -189749.2888  EKtot   =      5090.9425  EPtot      =   -194840.2313
 BOND   =        90.4182  ANGLE   =       361.3383  DIHED      =      1273.3454
 1-4 NB =       343.9147  1-4 EEL =      3541.6949  VDWAALS    =     37649.0733
 EELEC  =   -238100.0161  EHBOND  =         0.0000  RESTRAINT  =         0.0000
 Ewald error estimate:   0.1172E-03
 ------------------------------------------------------------------------------

check COM velocity, temp:        0.000000     0.00(Removed)
check COM velocity, temp:        0.000000     0.00(Removed)

 NSTEP =     3000   TIME(PS) =       6.000  TEMP(K) =    51.97  PRESS =     0.0
 Etot   =   -190212.0587  EKtot   =      4966.7563  EPtot      =   -195178.8150
 BOND   =        84.7621  ANGLE   =       359.9331  DIHED      =      1267.8317
 1-4 NB =       348.6997  1-4 EEL =      3522.2186  VDWAALS    =     37564.6384
 EELEC  =   -238326.8986  EHBOND  =         0.0000  RESTRAINT  =         0.0000
 Ewald error estimate:   0.6685E-04
 ------------------------------------------------------------------------------

check COM velocity, temp:        0.000000     0.00(Removed)
check COM velocity, temp:        0.000000     0.00(Removed)

 NSTEP =     4000   TIME(PS) =       8.000  TEMP(K) =    51.17  PRESS =     0.0
 Etot   =   -190464.7537  EKtot   =      4889.7747  EPtot      =   -195354.5284
 BOND   =        83.1168  ANGLE   =       362.8988  DIHED      =      1269.1202
 1-4 NB =       349.8541  1-4 EEL =      3535.0262  VDWAALS    =     37430.6716
 EELEC  =   -238385.2160  EHBOND  =         0.0000  RESTRAINT  =         0.0000
 Ewald error estimate:   0.1286E-03
 ------------------------------------------------------------------------------

check COM velocity, temp:        0.000000     0.00(Removed)
check COM velocity, temp:        0.000000     0.00(Removed)

 NSTEP =     5000   TIME(PS) =      10.000  TEMP(K) =    50.63  PRESS =     0.0
 Etot   =   -190611.7023  EKtot   =      4837.9420  EPtot      =   -195449.6443
 BOND   =        90.0116  ANGLE   =       361.9556  DIHED      =      1270.6107
 1-4 NB =       349.9770  1-4 EEL =      3514.1370  VDWAALS    =     37497.3700
 EELEC  =   -238533.7063  EHBOND  =         0.0000  RESTRAINT  =         0.0000
 Ewald error estimate:   0.1543E-03
 ------------------------------------------------------------------------------


      A V E R A G E S   O V E R    5000 S T E P S


 NSTEP =     5000   TIME(PS) =      10.000  TEMP(K) =    53.91  PRESS =     0.0
 Etot   =   -189648.1788  EKtot   =      5151.3702  EPtot      =   -194799.5490
 BOND   =        88.5327  ANGLE   =       362.5922  DIHED      =      1269.7850
 1-4 NB =       348.2052  1-4 EEL =      3526.9763  VDWAALS    =     37642.2270
 EELEC  =   -238037.8673  EHBOND  =         0.0000  RESTRAINT  =         0.0000
 Ewald error estimate:   0.1078E-03
 ------------------------------------------------------------------------------


      R M S  F L U C T U A T I O N S


 NSTEP =     5000   TIME(PS) =      10.000  TEMP(K) =     4.07  PRESS =     0.0
 Etot   =      1008.6615  EKtot   =       389.3131  EPtot      =       766.7406
 BOND   =         3.3999  ANGLE   =         6.5236  DIHED      =         4.4600
 1-4 NB =         3.3524  1-4 EEL =        10.2933  VDWAALS    =       594.2748
 EELEC  =       861.2346  EHBOND  =         0.0000  RESTRAINT  =         0.0000
 Ewald error estimate:   0.4935E-04
 ------------------------------------------------------------------------------


--------------------------------------------------------------------------------
   5.  TIMINGS
--------------------------------------------------------------------------------

|                Build the list            54.34 (98.47% of List )
|                Other                      0.84 ( 1.53% of List )
|             List time                 55.19 ( 2.76% of Nonbo)
|                   Short_ene time          1709.66 (99.17% of Direc)
|                   Other                     14.36 ( 0.83% of Direc)
|                Direct Ewald time       1724.03 (88.78% of Ewald)
|                Adjust Ewald time          8.01 ( 0.41% of Ewald)
|                   Fill Bspline coeffs        9.73 ( 4.68% of Recip)
|                   Fill charge grid          27.47 (13.21% of Recip)
|                   Scalar sum                30.97 (14.89% of Recip)
|                   Grad sum                  62.27 (29.94% of Recip)
|                   FFT time                  77.57 (37.29% of Recip)
|                Recip Ewald time         208.01 (10.71% of Ewald)
|                Force Adjust               0.35 ( 0.02% of Ewald)
|                Virial junk                0.83 ( 0.04% of Ewald)
|                Other                      0.63 ( 0.03% of Ewald)
|             Ewald time              1941.87 (97.24% of Nonbo)
|          Nonbond force           1997.06 (99.56% of Force)
|          Bond/Angle/Dihedral        8.51 ( 0.42% of Force)
|          Other                      0.23 ( 0.01% of Force)
|       Force time              2005.80 (99.18% of Runmd)
|       Shake time                 8.77 ( 0.43% of Runmd)
|       Verlet update time         6.68 ( 0.33% of Runmd)
|       Other                      1.12 ( 0.06% of Runmd)
|    Runmd Time              2022.37 (100.0% of Total)
|    Other                      0.32 ( 0.02% of Total)
| Total time              2022.73 (100.0% of ALL  )

| Number of list builds   :        111

| Highest rstack allocated:    2324230
| Highest istack allocated:      47604

| Final Performance Info:
| -----------------------------------------------------
| Average timings for all steps:
|     Elapsed(s) =    2022.37 Per Step(ms) =     404.47
|         ns/day =       0.43   seconds/ns =  202237.17
| -----------------------------------------------------

|           Job began  at 22:21:50.798  on 12/24/2021
|           Setup done at 22:21:51.160  on 12/24/2021
|           Run   done at 22:55:33.532  on 12/24/2021
|     wallclock() was called  220278 times
