
          -------------------------------------------------------
          Amber 18 SANDER                              2018
          -------------------------------------------------------

| Run on 12/24/2021 at 20:49:43

|   Executable path: sander
| Working directory: /data/temporary-scratch/ragreer/TREM2-VitaminD3_Validation/Simulation2/TREM2_R47H-VitaminD3/step3-min_solvent
|          Hostname: c0189

  [-O]verwriting output

File Assignments:
|  MDIN: min-solvent.in                                                        
| MDOUT: min-solvent.out                                                       
|INPCRD: TREM2_R47H-VitaminD3-SolvI.inpcrd                                     
|  PARM: TREM2_R47H-VitaminD3-SolvI.prmtop                                     
|RESTRT: TREM2_R47H-VitaminD3-min-SolvI.rst                                    
|  REFC: TREM2_R47H-VitaminD3-SolvI.inpcrd                                     
| MDVEL: mdvel                                                                 
| MDFRC: mdfrc                                                                 
|  MDEN: mden                                                                  
| MDCRD: TREM2_R47H-VitaminD3-min-SolvI.mdcrd                                  
|MDINFO: TREM2_R47H-VitaminD3-min-SolvI.mdinfo                                 
|  MTMD: mtmd                                                                  
|INPDIP: inpdip                                                                
|RSTDIP: rstdip                                                                
|INPTRA: inptraj                                                               


 Here is the input file:

Minimization of solvent water (constant volume) with protein, VDA and ion fixed at 1000, NO shake
 &cntrl                                                                        
  imin = 1, maxcyc = 1000,                                                     
  ncyc = 1000, dx0 = 0.0005,                                                   
  ntf = 1, ntb = 1, ntc = 1,                                                   
  cut = 10.0, nsnb = 20,                                                       
  ntr = 1,                                                                     
 &end                                                                          
Group input for restrained protein                                             
10.0                                                                           
RES 1 109                                                                      
END                                                                            
Group input for restrained VDA                                                 
10.0                                                                           
RES 110                                                                        
END                                                                            
Group input for restrained ions                                                
10.0                                                                           
RES 111 198                                                                    
END                                                                            
END                                                                            

--------------------------------------------------------------------------------
   1.  RESOURCE   USE: 
--------------------------------------------------------------------------------

| Flags:                                                                        
 getting new box info from bottom of inpcrd
|  INFO: Old style inpcrd file read

| peek_ewald_inpcrd: Box info found
|Largest sphere to fit in unit cell has radius =    38.862
| New format PARM file being parsed.
| Version =    1.000 Date = 12/24/21 Time = 20:44:30
 NATOM  =   47604 NTYPES =      18 NBONH =   46631 MBONA  =     906
 NTHETH =    2017 MTHETA =    1233 NPHIH =    4165 MPHIA  =    3845
 NHPARM =       0 NPARM  =       0 NNB   =   70902 NRES   =   15444
 NBONA  =     906 NTHETA =    1233 NPHIA =    3845 NUMBND =      85
 NUMANG =     189 NPTRA  =     211 NATYP =      47 NPHB   =       1
 IFBOX  =       1 NMXRS  =      72 IFCAP =       0 NEXTRA =       0
 NCOPY  =       0


|     Memory Use     Allocated
|     Real             3990641
|     Hollerith         158258
|     Integer          1484160
|     Max Pairs       27419904
|     nblistReal        571248
|     nblist Int       1850614
|       Total           156393 kbytes

| Note: 1-4 EEL scale factors are being read from the topology file.

| Note: 1-4 VDW scale factors are being read from the topology file.
| Duplicated    0 dihedrals
| Duplicated    0 dihedrals

     BOX TYPE: RECTILINEAR

--------------------------------------------------------------------------------
   2.  CONTROL  DATA  FOR  THE  RUN
--------------------------------------------------------------------------------

default_name                                                                    

General flags:
     imin    =       1, nmropt  =       0

Nature and format of input:
     ntx     =       1, irest   =       0, ntrx    =       1

Nature and format of output:
     ntxo    =       2, ntpr    =      50, ntrx    =       1, ntwr    =       1
     iwrap   =       0, ntwx    =       0, ntwv    =       0, ntwe    =       0
     ioutfm  =       1, ntwprt  =       0, idecomp =       0, rbornstat=      0

Potential function:
     ntf     =       1, ntb     =       1, igb     =       0, nsnb    =      20
     ipol    =       0, gbsa    =       0, iesp    =       0
     dielc   =   1.00000, cut     =  10.00000, intdiel =   1.00000

Frozen or restrained atoms:
     ibelly  =       0, ntr     =       1
     restraint_wt =   0.00000

Energy minimization:
     maxcyc  =    1000, ncyc    =    1000, ntmin   =       1
     dx0     =   0.00050, drms    =   0.00010

Ewald parameters:
     verbose =       0, ew_type =       0, nbflag  =       1, use_pme =       1
     vdwmeth =       1, eedmeth =       1, netfrc  =       0
     Box X =   77.725   Box Y =   81.908   Box Z =   89.593
     Alpha =   90.000   Beta  =   90.000   Gamma =   90.000
     NFFT1 =   80       NFFT2 =   81       NFFT3 =   90
     Cutoff=   10.000   Tol   =0.100E-04
     Ewald Coefficient =  0.27511
     Interpolation order =    4

    LOADING THE CONSTRAINED ATOMS AS GROUPS


   5.  REFERENCE ATOM COORDINATES

  defa
    ----- READING GROUP     1; TITLE:
 Group input for restrained protein                                          

     GROUP    1 HAS HARMONIC CONSTRAINTS    10.00000
 GRP    1 RES    1 TO   109
      Number of atoms in this group  =  1706
    ----- READING GROUP     2; TITLE:
 Group input for restrained VDA                                              

     GROUP    2 HAS HARMONIC CONSTRAINTS    10.00000
 GRP    2 RES  110 TO   110
      Number of atoms in this group  =    72
    ----- READING GROUP     3; TITLE:
 Group input for restrained ions                                             

     GROUP    3 HAS HARMONIC CONSTRAINTS    10.00000
 GRP    3 RES  111 TO   198
      Number of atoms in this group  =    88
    ----- END OF GROUP READ -----

--------------------------------------------------------------------------------
   3.  ATOMIC COORDINATES AND VELOCITIES
--------------------------------------------------------------------------------

default_name                                                                    
 begin time read from input coords =     0.000 ps

 Number of triangulated 3-point waters found:    15246

     Sum of charges from parm topology file =   0.00000192
     Forcing neutrality...

--------------------------------------------------------------------------------
   4.  RESULTS
--------------------------------------------------------------------------------

 ---------------------------------------------------
 APPROXIMATING switch and d/dx switch using CUBIC SPLINE INTERPOLATION
 using   5000.0 points per unit in tabled values
 TESTING RELATIVE ERROR over r ranging from 0.0 to cutoff
| CHECK switch(x): max rel err =   0.2738E-14   at   2.422500
| CHECK d/dx switch(x): max rel err =   0.8314E-11   at   2.736960
 ---------------------------------------------------
| Local SIZE OF NONBOND LIST =   14686914
| TOTAL SIZE OF NONBOND LIST =   14686914


   NSTEP       ENERGY          RMS            GMAX         NAME    NUMBER
      1      -1.3759E+05     1.3088E+01     1.7279E+02     O        7111

 BOND    =       66.1710  ANGLE   =      297.5758  DIHED      =     1235.6733
 VDWAALS =    16043.4756  EEL     =  -159088.7572  HBOND      =        0.0000
 1-4 VDW =      336.1539  1-4 EEL =     3523.1149  RESTRAINT  =        0.0000


   NSTEP       ENERGY          RMS            GMAX         NAME    NUMBER
     50      -1.6204E+05     5.3717E+00     9.4266E+01     H1       5504

 BOND    =     8095.2940  ANGLE   =      294.6044  DIHED      =     1235.5130
 VDWAALS =    14703.2508  EEL     =  -190312.0117  HBOND      =        0.0000
 1-4 VDW =      336.5111  1-4 EEL =     3523.7741  RESTRAINT  =       86.9842
 EAMBER  =  -162123.0643


   NSTEP       ENERGY          RMS            GMAX         NAME    NUMBER
    100      -1.7184E+05     1.0310E+00     1.2844E+01     H2      37299

 BOND    =     9628.1396  ANGLE   =      292.3490  DIHED      =     1233.4362
 VDWAALS =    16045.8925  EEL     =  -203075.9773  HBOND      =        0.0000
 1-4 VDW =      336.0805  1-4 EEL =     3523.3835  RESTRAINT  =      176.8645
 EAMBER  =  -172016.6961


   NSTEP       ENERGY          RMS            GMAX         NAME    NUMBER
    150      -1.7583E+05     2.6044E+00     1.6113E+01     H1       5504

 BOND    =     9373.9414  ANGLE   =      291.7000  DIHED      =     1232.6083
 VDWAALS =    17578.4565  EEL     =  -208339.3805  HBOND      =        0.0000
 1-4 VDW =      335.8048  1-4 EEL =     3523.2710  RESTRAINT  =      170.2191
 EAMBER  =  -176003.5985


   NSTEP       ENERGY          RMS            GMAX         NAME    NUMBER
    200      -1.7855E+05     1.0111E+00     7.3492E+00     H2      19986

 BOND    =    10955.2004  ANGLE   =      291.5327  DIHED      =     1232.2155
 VDWAALS =    18969.0550  EEL     =  -214005.9400  HBOND      =        0.0000
 1-4 VDW =      335.6262  1-4 EEL =     3523.2060  RESTRAINT  =      154.0504
 EAMBER  =  -178699.1042


   NSTEP       ENERGY          RMS            GMAX         NAME    NUMBER
    250      -1.8036E+05     2.2936E+00     3.8306E+01     CE3       462

 BOND    =    11947.6381  ANGLE   =      291.7551  DIHED      =     1231.9710
 VDWAALS =    20209.4085  EEL     =  -218039.4702  HBOND      =        0.0000
 1-4 VDW =      335.5200  1-4 EEL =     3523.1673  RESTRAINT  =      142.0188
 EAMBER  =  -180500.0102


   NSTEP       ENERGY          RMS            GMAX         NAME    NUMBER
    300      -1.8197E+05     1.3195E+00     7.6402E+01     CE3       462

 BOND    =    10760.4018  ANGLE   =      292.1242  DIHED      =     1231.8892
 VDWAALS =    21323.4460  EEL     =  -219568.2907  HBOND      =        0.0000
 1-4 VDW =      335.5451  1-4 EEL =     3523.2595  RESTRAINT  =      134.5008
 EAMBER  =  -182101.6249


   NSTEP       ENERGY          RMS            GMAX         NAME    NUMBER
    350      -1.8322E+05     1.8349E+00     2.4624E+02     CE3       462

 BOND    =    11351.0351  ANGLE   =      300.8523  DIHED      =     1231.8419
 VDWAALS =    22330.9682  EEL     =  -222425.2203  HBOND      =        0.0000
 1-4 VDW =      335.6985  1-4 EEL =     3523.1962  RESTRAINT  =      129.6028
 EAMBER  =  -183351.6282


   NSTEP       ENERGY          RMS            GMAX         NAME    NUMBER
    400      -1.8440E+05     1.1522E+00     1.1085E+02     CG        267

 BOND    =    11646.1211  ANGLE   =      294.3504  DIHED      =     1231.5806
 VDWAALS =    23255.5771  EEL     =  -224808.5262  HBOND      =        0.0000
 1-4 VDW =      335.2323  1-4 EEL =     3523.6116  RESTRAINT  =      124.8787
 EAMBER  =  -184522.0530


   NSTEP       ENERGY          RMS            GMAX         NAME    NUMBER
    450      -1.8530E+05     1.7486E+00     2.7182E+02     CG        267

 BOND    =    11856.0267  ANGLE   =      298.8193  DIHED      =     1231.4887
 VDWAALS =    24053.2370  EEL     =  -226722.6521  HBOND      =        0.0000
 1-4 VDW =      335.1047  1-4 EEL =     3524.0092  RESTRAINT  =      121.4280
 EAMBER  =  -185423.9666


   NSTEP       ENERGY          RMS            GMAX         NAME    NUMBER
    500      -1.8618E+05     6.5284E-01     5.5312E+01     CG        267

 BOND    =    11968.1334  ANGLE   =      292.4122  DIHED      =     1231.5416
 VDWAALS =    24765.2359  EEL     =  -228417.3484  HBOND      =        0.0000
 1-4 VDW =      335.2550  1-4 EEL =     3523.2605  RESTRAINT  =      118.1945
 EAMBER  =  -186301.5099


   NSTEP       ENERGY          RMS            GMAX         NAME    NUMBER
    550      -1.8692E+05     4.1463E-01     2.1984E+01     CE1       721

 BOND    =    12107.4033  ANGLE   =      291.0281  DIHED      =     1231.4427
 VDWAALS =    25411.0970  EEL     =  -229939.6359  HBOND      =        0.0000
 1-4 VDW =      335.2115  1-4 EEL =     3523.1885  RESTRAINT  =      116.0005
 EAMBER  =  -187040.2648


   NSTEP       ENERGY          RMS            GMAX         NAME    NUMBER
    600      -1.8761E+05     5.5820E-01     4.1656E+01     CD2       725

 BOND    =    12247.5490  ANGLE   =      291.2614  DIHED      =     1231.3670
 VDWAALS =    26028.3407  EEL     =  -231382.1999  HBOND      =        0.0000
 1-4 VDW =      335.2091  1-4 EEL =     3523.1137  RESTRAINT  =      114.5363
 EAMBER  =  -187725.3588


   NSTEP       ENERGY          RMS            GMAX         NAME    NUMBER
    650      -1.8820E+05     1.1767E+00     9.8774E+01     CD2       725

 BOND    =    12391.7233  ANGLE   =      295.2059  DIHED      =     1231.2673
 VDWAALS =    26588.7687  EEL     =  -232675.6030  HBOND      =        0.0000
 1-4 VDW =      335.0684  1-4 EEL =     3523.4159  RESTRAINT  =      113.8061
 EAMBER  =  -188310.1534


   NSTEP       ENERGY          RMS            GMAX         NAME    NUMBER
    700      -1.8878E+05     4.9951E-01     3.5720E+01     CD2       725

 BOND    =    12485.4410  ANGLE   =      291.7894  DIHED      =     1231.3083
 VDWAALS =    27116.1233  EEL     =  -233878.0614  HBOND      =        0.0000
 1-4 VDW =      335.0625  1-4 EEL =     3522.9624  RESTRAINT  =      113.0316
 EAMBER  =  -188895.3746


   NSTEP       ENERGY          RMS            GMAX         NAME    NUMBER
    750      -1.8930E+05     3.2317E-01     1.2864E+01     CE1       721

 BOND    =    12590.1072  ANGLE   =      290.8683  DIHED      =     1231.2405
 VDWAALS =    27614.1618  EEL     =  -235000.2829  HBOND      =        0.0000
 1-4 VDW =      335.0280  1-4 EEL =     3522.9183  RESTRAINT  =      112.4478
 EAMBER  =  -189415.9588


   NSTEP       ENERGY          RMS            GMAX         NAME    NUMBER
    800      -1.8978E+05     5.3755E-01     4.7143E+01     CE1       721

 BOND    =    12694.8892  ANGLE   =      291.6150  DIHED      =     1231.1938
 VDWAALS =    28087.6010  EEL     =  -236059.9086  HBOND      =        0.0000
 1-4 VDW =      335.0151  1-4 EEL =     3522.8186  RESTRAINT  =      111.9590
 EAMBER  =  -189896.7760


   NSTEP       ENERGY          RMS            GMAX         NAME    NUMBER
    850      -1.9020E+05     8.5734E-01     7.7637E+01     CG        267

 BOND    =    12793.5870  ANGLE   =      293.2011  DIHED      =     1231.1442
 VDWAALS =    28510.7693  EEL     =  -237002.7785  HBOND      =        0.0000
 1-4 VDW =      334.9240  1-4 EEL =     3522.9625  RESTRAINT  =      111.6522
 EAMBER  =  -190316.1903


   NSTEP       ENERGY          RMS            GMAX         NAME    NUMBER
    900      -1.9061E+05     2.8602E-01     1.0320E+01     CE1       721

 BOND    =    12864.2491  ANGLE   =      290.9839  DIHED      =     1231.1668
 VDWAALS =    28899.9897  EEL     =  -237866.6783  HBOND      =        0.0000
 1-4 VDW =      334.9365  1-4 EEL =     3522.6008  RESTRAINT  =      111.2475
 EAMBER  =  -190722.7516


   NSTEP       ENERGY          RMS            GMAX         NAME    NUMBER
    950      -1.9099E+05     7.7735E-01     7.0975E+01     CD2       725

 BOND    =    12956.1108  ANGLE   =      293.9979  DIHED      =     1231.1680
 VDWAALS =    29287.1434  EEL     =  -238723.4897  HBOND      =        0.0000
 1-4 VDW =      334.8587  1-4 EEL =     3522.5775  RESTRAINT  =      110.9809
 EAMBER  =  -191097.6333


   NSTEP       ENERGY          RMS            GMAX         NAME    NUMBER
   1000      -1.9132E+05     1.0635E+00     9.7308E+01     CG        267

 BOND    =    13038.3355  ANGLE   =      295.9044  DIHED      =     1231.1688
 VDWAALS =    29629.6504  EEL     =  -239481.9123  HBOND      =        0.0000
 1-4 VDW =      334.9782  1-4 EEL =     3522.1532  RESTRAINT  =      110.7415
 EAMBER  =  -191429.7218


  Maximum number of minimization cycles reached.


                    FINAL RESULTS



   NSTEP       ENERGY          RMS            GMAX         NAME    NUMBER
   1000      -1.9132E+05     1.0635E+00     9.7308E+01     CG        267

 BOND    =    13038.3355  ANGLE   =      295.9044  DIHED      =     1231.1688
 VDWAALS =    29629.6504  EEL     =  -239481.9123  HBOND      =        0.0000
 1-4 VDW =      334.9782  1-4 EEL =     3522.1532  RESTRAINT  =      110.7415
 EAMBER  =  -191429.7218

--------------------------------------------------------------------------------
   5.  TIMINGS
--------------------------------------------------------------------------------

|    Read coords time           0.03 ( 0.01% of Total)
|                Build the list             2.10 (84.94% of List )
|                Other                      0.37 (15.06% of List )
|             List time                  2.48 ( 0.63% of Nonbo)
|                   Short_ene time           313.75 (98.46% of Direc)
|                   Other                      4.91 ( 1.54% of Direc)
|                Direct Ewald time        318.66 (82.11% of Ewald)
|                Adjust Ewald time          1.73 ( 0.45% of Ewald)
|                   Fill Bspline coeffs        2.58 ( 3.84% of Recip)
|                   Fill charge grid          10.09 (15.00% of Recip)
|                   Scalar sum                 9.25 (13.74% of Recip)
|                   Grad sum                  18.86 (28.03% of Recip)
|                   FFT time                  26.51 (39.39% of Recip)
|                   Other                      0.00 ( 0.01% of Recip)
|                Recip Ewald time          67.29 (17.34% of Ewald)
|                Virial junk                0.26 ( 0.07% of Ewald)
|                Other                      0.14 ( 0.04% of Ewald)
|             Ewald time               388.08 (99.36% of Nonbo)
|          Nonbond force            390.56 (99.28% of Force)
|          Bond/Angle/Dihedral        2.64 ( 0.67% of Force)
|          Other                      0.21 ( 0.05% of Force)
|       Force time               393.41 (100.0% of Runmd)
|    Runmd Time               393.41 (99.21% of Total)
|    Other                      3.11 ( 0.79% of Total)
| Total time               396.56 (100.0% of ALL  )

| Number of list builds   :          5

| Highest rstack allocated:    2524810
| Highest istack allocated:      47604
|           Job began  at 20:49:43.755  on 12/24/2021
|           Setup done at 20:49:44.135  on 12/24/2021
|           Run   done at 20:56:20.318  on 12/24/2021
|     wallclock() was called   38058 times
