
          -------------------------------------------------------
          Amber 18 SANDER                              2018
          -------------------------------------------------------

| Run on 12/24/2021 at 21:14:56

|   Executable path: sander
| Working directory: /data/temporary-scratch/ragreer/TREM2-VitaminD3_Validation/Simulation2/TREM2_R47H-VitaminD3/step4-eq_solvent
|          Hostname: c0189

  [-O]verwriting output

File Assignments:
|  MDIN: eq-solvent.in                                                         
| MDOUT: eq-solvent.out                                                        
|INPCRD: TREM2_R47H-VitaminD3-min-SolvI.rst                                    
|  PARM: TREM2_R47H-VitaminD3-SolvI.prmtop                                     
|RESTRT: TREM2_R47H-VitaminD3-eq-SolvI.rst                                     
|  REFC: TREM2_R47H-VitaminD3-min-SolvI.rst                                    
| MDVEL: mdvel                                                                 
| MDFRC: mdfrc                                                                 
|  MDEN: mden                                                                  
| MDCRD: TREM2_R47H-VitaminD3-eq-SolvI.mdcrd                                   
|MDINFO: TREM2_R47H-VitaminD3-eq-SolvI.mdinfo                                  
|  MTMD: mtmd                                                                  
|INPDIP: inpdip                                                                
|RSTDIP: rstdip                                                                
|INPTRA: inptraj                                                               


 Here is the input file:

Equilibration of solvent water for 10 ps, without shake, constant pressure, restrain the protein and ions
 &cntrl                                                                        
  nmropt = 0,                                                                  
  ntx = 1,	irest = 0,	ntrx = 1,	ntxo = 1,                                      
  ntpr = 1000,	ntwx = 1000,	ntwv = 1000,	ntwe = 1000,                          
  ntwr = 2000,                                                                 
                                                                               
                                                                               
  ntf = 1,	ntb = 2,                                                            
  cut = 10.0,	nsnb = 20,                                                       
                                                                               
  ibelly = 0,	ntr = 1,                                                         
                                                                               
  imin = 0,                                                                    
  nstlim = 10000,                                                              
  nscm = 500,                                                                  
  t = 0.0,	dt = 0.001,                                                         
                                                                               
  temp0 = 50.0, tempi = 50.0,                                                  
  ntt = 1,                                                                     
  vrand = 0,                                                                   
  vlimit = 20.0,                                                               
                                                                               
  ntp = 1,                                                                     
  taup = 0.2,                                                                  
                                                                               
  ntc = 1,                                                                     
 &end                                                                          
Group input for restrained protein                                             
10.0                                                                           
RES 1 109                                                                      
END                                                                            
Group input for restrained VDA                                                 
10.0                                                                           
RES 110                                                                        
END                                                                            
Group input for restrained ions                                                
10.0                                                                           
RES 111 198                                                                    
END                                                                            
END                                                                            

--------------------------------------------------------------------------------
   1.  RESOURCE   USE: 
--------------------------------------------------------------------------------

| Flags:                                                                        
 getting box info from netcdf restart file
| NetCDF restart box info found
|Largest sphere to fit in unit cell has radius =    38.862
| New format PARM file being parsed.
| Version =    1.000 Date = 12/24/21 Time = 20:44:30
 NATOM  =   47604 NTYPES =      18 NBONH =   46631 MBONA  =     906
 NTHETH =    2017 MTHETA =    1233 NPHIH =    4165 MPHIA  =    3845
 NHPARM =       0 NPARM  =       0 NNB   =   70902 NRES   =   15444
 NBONA  =     906 NTHETA =    1233 NPHIA =    3845 NUMBND =      85
 NUMANG =     189 NPTRA  =     211 NATYP =      47 NPHB   =       1
 IFBOX  =       1 NMXRS  =      72 IFCAP =       0 NEXTRA =       0
 NCOPY  =       0


|     Memory Use     Allocated
|     Real             3419193
|     Hollerith         158258
|     Integer          1484160
|     Max Pairs       27419904
|     nblistReal        571248
|     nblist Int       1850614
|       Total           151928 kbytes

| Note: 1-4 EEL scale factors are being read from the topology file.

| Note: 1-4 VDW scale factors are being read from the topology file.
| Duplicated    0 dihedrals
| Duplicated    0 dihedrals

     BOX TYPE: RECTILINEAR

--------------------------------------------------------------------------------
   2.  CONTROL  DATA  FOR  THE  RUN
--------------------------------------------------------------------------------

default_name                                                                    

General flags:
     imin    =       0, nmropt  =       0

Nature and format of input:
     ntx     =       1, irest   =       0, ntrx    =       1

Nature and format of output:
     ntxo    =       1, ntpr    =    1000, ntrx    =       1, ntwr    =    2000
     iwrap   =       0, ntwx    =    1000, ntwv    =    1000, ntwe    =    1000
     ioutfm  =       1, ntwprt  =       0, idecomp =       0, rbornstat=      0

Potential function:
     ntf     =       1, ntb     =       2, igb     =       0, nsnb    =      20
     ipol    =       0, gbsa    =       0, iesp    =       0
     dielc   =   1.00000, cut     =  10.00000, intdiel =   1.00000

Frozen or restrained atoms:
     ibelly  =       0, ntr     =       1
     restraint_wt =   0.00000

Molecular dynamics:
     nstlim  =     10000, nscm    =         0, nrespa  =         1
     t       =   0.00000, dt      =   0.00100, vlimit  =  20.00000

Berendsen (weak-coupling) temperature regulation:
     temp0   =  50.00000, tempi   =  50.00000, tautp   =   1.00000

Pressure regulation:
     ntp     =       1
     pres0   =   1.00000, comp    =  44.60000, taup    =   0.20000

Ewald parameters:
     verbose =       0, ew_type =       0, nbflag  =       1, use_pme =       1
     vdwmeth =       1, eedmeth =       1, netfrc  =       1
     Box X =   77.725   Box Y =   81.908   Box Z =   89.593
     Alpha =   90.000   Beta  =   90.000   Gamma =   90.000
     NFFT1 =   80       NFFT2 =   81       NFFT3 =   90
     Cutoff=   10.000   Tol   =0.100E-04
     Ewald Coefficient =  0.27511
     Interpolation order =    4
|  INFO: Old style inpcrd file read


    LOADING THE CONSTRAINED ATOMS AS GROUPS


   5.  REFERENCE ATOM COORDINATES

  defa
    ----- READING GROUP     1; TITLE:
 Group input for restrained protein                                          

     GROUP    1 HAS HARMONIC CONSTRAINTS    10.00000
 GRP    1 RES    1 TO   109
      Number of atoms in this group  =  1706
    ----- READING GROUP     2; TITLE:
 Group input for restrained VDA                                              

     GROUP    2 HAS HARMONIC CONSTRAINTS    10.00000
 GRP    2 RES  110 TO   110
      Number of atoms in this group  =    72
    ----- READING GROUP     3; TITLE:
 Group input for restrained ions                                             

     GROUP    3 HAS HARMONIC CONSTRAINTS    10.00000
 GRP    3 RES  111 TO   198
      Number of atoms in this group  =    88
    ----- END OF GROUP READ -----

--------------------------------------------------------------------------------
   3.  ATOMIC COORDINATES AND VELOCITIES
--------------------------------------------------------------------------------

default_name                                                                    
 begin time read from input coords =     0.000 ps

 Number of triangulated 3-point waters found:    15246

     Sum of charges from parm topology file =   0.00000192
     Forcing neutrality...

--------------------------------------------------------------------------------
   4.  RESULTS
--------------------------------------------------------------------------------

|  # of SOLUTE  degrees of freedom (RNDFP):  142812.
|  # of SOLVENT degrees of freedom (RNDFS):       0.
|  NDFMIN =  142812.     NUM_NOSHAKE =      0     CORRECTED RNDFP =  142812.
|  TOTAL # of degrees of freedom (RNDF) =  142812.
 ---------------------------------------------------
 APPROXIMATING switch and d/dx switch using CUBIC SPLINE INTERPOLATION
 using   5000.0 points per unit in tabled values
 TESTING RELATIVE ERROR over r ranging from 0.0 to cutoff
| CHECK switch(x): max rel err =   0.2738E-14   at   2.422500
| CHECK d/dx switch(x): max rel err =   0.8314E-11   at   2.736960
 ---------------------------------------------------
| Local SIZE OF NONBOND LIST =   14724701
| TOTAL SIZE OF NONBOND LIST =   14724701

 NSTEP =        0   TIME(PS) =       0.000  TEMP(K) =    49.99  PRESS = -6196.5
 Etot   =   -184336.9222  EKtot   =      7092.7996  EPtot      =   -191429.7218
 BOND   =     13038.3355  ANGLE   =       295.9044  DIHED      =      1231.1688
 1-4 NB =       334.9782  1-4 EEL =      3522.1532  VDWAALS    =     29629.6504
 EELEC  =   -239481.9123  EHBOND  =         0.0000  RESTRAINT  =         0.0000
 EKCMT  =      2301.8468  VIRIAL  =     78611.1656  VOLUME     =    570368.7911
                                                    Density    =         0.8439
 Ewald error estimate:   0.1850E-03
 ------------------------------------------------------------------------------


 NSTEP =     1000   TIME(PS) =       1.000  TEMP(K) =    69.20  PRESS =  -301.0
 Etot   =   -188329.3527  EKtot   =      9818.9551  EPtot      =   -198148.3077
 BOND   =     16854.8445  ANGLE   =       346.6772  DIHED      =      1243.4725
 1-4 NB =       344.7396  1-4 EEL =      3512.6081  VDWAALS    =     42179.4955
 EELEC  =   -262791.4978  EHBOND  =         0.0000  RESTRAINT  =       161.3526
 EAMBER (non-restraint)  =   -198309.6603
 EKCMT  =      6258.4343  VIRIAL  =      9432.2518  VOLUME     =    488281.2258
                                                    Density    =         0.9857
 Ewald error estimate:   0.5696E-04
 ------------------------------------------------------------------------------


 NSTEP =     2000   TIME(PS) =       2.000  TEMP(K) =    69.58  PRESS =  -145.2
 Etot   =   -191402.9988  EKtot   =      9873.7920  EPtot      =   -201276.7908
 BOND   =     17154.6492  ANGLE   =       352.9865  DIHED      =      1245.6832
 1-4 NB =       344.1811  1-4 EEL =      3521.1699  VDWAALS    =     43486.1589
 EELEC  =   -267576.4002  EHBOND  =         0.0000  RESTRAINT  =       194.7806
 EAMBER (non-restraint)  =   -201471.5714
 EKCMT  =      5902.5747  VIRIAL  =      7355.4927  VOLUME     =    463538.1936
                                                    Density    =         1.0383
 Ewald error estimate:   0.5458E-04
 ------------------------------------------------------------------------------


 NSTEP =     3000   TIME(PS) =       3.000  TEMP(K) =    65.63  PRESS =   -25.0
 Etot   =   -193992.6806  EKtot   =      9313.0370  EPtot      =   -203305.7176
 BOND   =     17217.3911  ANGLE   =       342.4289  DIHED      =      1247.5757
 1-4 NB =       350.9936  1-4 EEL =      3527.7555  VDWAALS    =     44057.7962
 EELEC  =   -270263.6980  EHBOND  =         0.0000  RESTRAINT  =       214.0394
 EAMBER (non-restraint)  =   -203519.7570
 EKCMT  =      5218.9787  VIRIAL  =      5462.1093  VOLUME     =    450997.4758
                                                    Density    =         1.0672
 Ewald error estimate:   0.2976E-04
 ------------------------------------------------------------------------------


 NSTEP =     4000   TIME(PS) =       4.000  TEMP(K) =    62.08  PRESS =   -50.2
 Etot   =   -195956.8001  EKtot   =      8809.6162  EPtot      =   -204766.4162
 BOND   =     17410.0350  ANGLE   =       343.3504  DIHED      =      1250.1028
 1-4 NB =       347.1299  1-4 EEL =      3516.5935  VDWAALS    =     44666.4687
 EELEC  =   -272511.6029  EHBOND  =         0.0000  RESTRAINT  =       211.5065
 EAMBER (non-restraint)  =   -204977.9227
 EKCMT  =      4726.1636  VIRIAL  =      5213.5347  VOLUME     =    449444.2892
                                                    Density    =         1.0709
 Ewald error estimate:   0.1148E-03
 ------------------------------------------------------------------------------


 NSTEP =     5000   TIME(PS) =       5.000  TEMP(K) =    58.91  PRESS =    57.2
 Etot   =   -197421.4505  EKtot   =      8359.8207  EPtot      =   -205781.2712
 BOND   =     17420.1027  ANGLE   =       347.1199  DIHED      =      1244.2564
 1-4 NB =       347.3264  1-4 EEL =      3520.3407  VDWAALS    =     45227.7245
 EELEC  =   -274098.7364  EHBOND  =         0.0000  RESTRAINT  =       210.5947
 EAMBER (non-restraint)  =   -205991.8658
 EKCMT  =      4370.8758  VIRIAL  =      3817.8283  VOLUME     =    447781.7440
                                                    Density    =         1.0749
 Ewald error estimate:   0.1225E-03
 ------------------------------------------------------------------------------


 NSTEP =     6000   TIME(PS) =       6.000  TEMP(K) =    56.69  PRESS =    -9.7
 Etot   =   -198483.6490  EKtot   =      8044.3079  EPtot      =   -206527.9569
 BOND   =     17483.9125  ANGLE   =       350.8880  DIHED      =      1242.7900
 1-4 NB =       346.1384  1-4 EEL =      3515.8653  VDWAALS    =     45445.7571
 EELEC  =   -275128.6538  EHBOND  =         0.0000  RESTRAINT  =       215.3456
 EAMBER (non-restraint)  =   -206743.3025
 EKCMT  =      4063.4145  VIRIAL  =      4156.5393  VOLUME     =    446366.3695
                                                    Density    =         1.0783
 Ewald error estimate:   0.1302E-03
 ------------------------------------------------------------------------------


 NSTEP =     7000   TIME(PS) =       7.000  TEMP(K) =    54.74  PRESS =    13.1
 Etot   =   -199233.9131  EKtot   =      7766.9041  EPtot      =   -207000.8172
 BOND   =     17543.4307  ANGLE   =       345.0052  DIHED      =      1245.1080
 1-4 NB =       349.7593  1-4 EEL =      3521.4571  VDWAALS    =     45629.2745
 EELEC  =   -275840.7812  EHBOND  =         0.0000  RESTRAINT  =       205.9291
 EAMBER (non-restraint)  =   -207206.7463
 EKCMT  =      3868.9046  VIRIAL  =      3742.8947  VOLUME     =    445929.6732
                                                    Density    =         1.0793
 Ewald error estimate:   0.1456E-03
 ------------------------------------------------------------------------------


 NSTEP =     8000   TIME(PS) =       8.000  TEMP(K) =    53.20  PRESS =    -1.7
 Etot   =   -199764.9614  EKtot   =      7549.5201  EPtot      =   -207314.4815
 BOND   =     17574.5544  ANGLE   =       347.8675  DIHED      =      1250.4957
 1-4 NB =       349.2430  1-4 EEL =      3506.3968  VDWAALS    =     45785.7425
 EELEC  =   -276342.1923  EHBOND  =         0.0000  RESTRAINT  =       213.4107
 EAMBER (non-restraint)  =   -207527.8923
 EKCMT  =      3696.2982  VIRIAL  =      3712.4589  VOLUME     =    445671.3753
                                                    Density    =         1.0800
 Ewald error estimate:   0.1348E-03
 ------------------------------------------------------------------------------


 NSTEP =     9000   TIME(PS) =       9.000  TEMP(K) =    52.72  PRESS =    17.1
 Etot   =   -200157.2685  EKtot   =      7480.1825  EPtot      =   -207637.4510
 BOND   =     17600.5097  ANGLE   =       353.4323  DIHED      =      1248.0935
 1-4 NB =       347.1057  1-4 EEL =      3521.5684  VDWAALS    =     45884.7617
 EELEC  =   -276811.9023  EHBOND  =         0.0000  RESTRAINT  =       218.9799
 EAMBER (non-restraint)  =   -207856.4310
 EKCMT  =      3635.1249  VIRIAL  =      3470.6554  VOLUME     =    445117.9215
                                                    Density    =         1.0813
 Ewald error estimate:   0.1383E-03
 ------------------------------------------------------------------------------


 NSTEP =    10000   TIME(PS) =      10.000  TEMP(K) =    51.77  PRESS =    13.7
 Etot   =   -200451.0226  EKtot   =      7345.5677  EPtot      =   -207796.5903
 BOND   =     17613.6453  ANGLE   =       353.7714  DIHED      =      1246.6837
 1-4 NB =       347.9020  1-4 EEL =      3512.7877  VDWAALS    =     46008.6164
 EELEC  =   -277093.2673  EHBOND  =         0.0000  RESTRAINT  =       213.2705
 EAMBER (non-restraint)  =   -208009.8609
 EKCMT  =      3506.0567  VIRIAL  =      3374.7865  VOLUME     =    445196.3092
                                                    Density    =         1.0811
 Ewald error estimate:   0.1629E-03
 ------------------------------------------------------------------------------


      A V E R A G E S   O V E R   10000 S T E P S


 NSTEP =    10000   TIME(PS) =      10.000  TEMP(K) =    59.38  PRESS =  -110.1
 Etot   =   -195795.5553  EKtot   =      8425.9570  EPtot      =   -204221.5122
 BOND   =     17315.2201  ANGLE   =       349.9117  DIHED      =      1245.8546
 1-4 NB =       345.6729  1-4 EEL =      3518.1305  VDWAALS    =     44554.1045
 EELEC  =   -271753.7035  EHBOND  =         0.0000  RESTRAINT  =       203.2969
 EAMBER (non-restraint)  =   -204424.8091
 EKCMT  =      4578.0406  VIRIAL  =      5780.1108  VOLUME     =    456648.6541
                                                    Density    =         1.0558
 Ewald error estimate:   0.1128E-03
 ------------------------------------------------------------------------------


      R M S  F L U C T U A T I O N S


 NSTEP =    10000   TIME(PS) =      10.000  TEMP(K) =     6.75  PRESS =   356.3
 Etot   =      4396.5171  EKtot   =       958.2199  EPtot      =      3835.3639
 BOND   =       337.7731  ANGLE   =         4.2562  DIHED      =         3.2051
 1-4 NB =         2.9495  1-4 EEL =         7.2054  VDWAALS    =      1472.7728
 EELEC  =      5615.2447  EHBOND  =         0.0000  RESTRAINT  =        27.3269
 EAMBER (non-restraint)  =      3808.0370
 EKCMT  =       939.0787  VIRIAL  =      4318.0938  VOLUME     =     20014.4068
                                                    Density    =         0.0421
 Ewald error estimate:   0.4620E-04
 ------------------------------------------------------------------------------


--------------------------------------------------------------------------------
   5.  TIMINGS
--------------------------------------------------------------------------------

|                Build the list           104.79 (98.52% of List )
|                Other                      1.57 ( 1.48% of List )
|             List time                106.36 ( 2.84% of Nonbo)
|                   Short_ene time          3193.67 (99.26% of Direc)
|                   Other                     23.74 ( 0.74% of Direc)
|                Direct Ewald time       3217.41 (88.31% of Ewald)
|                Adjust Ewald time         15.25 ( 0.42% of Ewald)
|                   Fill Bspline coeffs       17.48 ( 4.29% of Recip)
|                   Fill charge grid          47.37 (11.62% of Recip)
|                   Scalar sum                69.37 (17.02% of Recip)
|                   Grad sum                 110.46 (27.10% of Recip)
|                   FFT time                 162.87 (39.96% of Recip)
|                Recip Ewald time         407.56 (11.19% of Ewald)
|                Force Adjust               0.42 ( 0.01% of Ewald)
|                Virial junk                1.48 ( 0.04% of Ewald)
|                Other                      1.19 ( 0.03% of Ewald)
|             Ewald time              3643.31 (97.16% of Nonbo)
|          Nonbond force           3749.68 (99.41% of Force)
|          Bond/Angle/Dihedral       21.72 ( 0.58% of Force)
|          Other                      0.53 ( 0.01% of Force)
|       Force time              3771.93 (99.41% of Runmd)
|       Verlet update time        16.73 ( 0.44% of Runmd)
|       Ekcmr time                 2.12 ( 0.06% of Runmd)
|       Other                      3.50 ( 0.09% of Runmd)
|    Runmd Time              3794.27 (100.0% of Total)
|    Other                      0.22 ( 0.01% of Total)
| Total time              3794.51 (100.0% of ALL  )

| Number of list builds   :        233

| Highest rstack allocated:    2524810
| Highest istack allocated:      47604

| Final Performance Info:
| -----------------------------------------------------
| Average timings for all steps:
|     Elapsed(s) =    3794.27 Per Step(ms) =     379.43
|         ns/day =       0.23   seconds/ns =  379427.42
| -----------------------------------------------------

|           Job began  at 21:14:56.527  on 12/24/2021
|           Setup done at 21:14:56.763  on 12/24/2021
|           Run   done at 22:18:11.037  on 12/24/2021
|     wallclock() was called  440527 times
