
          -------------------------------------------------------
          Amber 18 SANDER                              2018
          -------------------------------------------------------

| Run on 12/24/2021 at 20:35:16

|   Executable path: sander
| Working directory: /data/temporary-scratch/ragreer/TREM2-VitaminD3_Validation/Simulation2/TREM2_R47H-VitaminD3/step1-min_complex
|          Hostname: c0189

  [-O]verwriting output

File Assignments:
|  MDIN: min-complex.in                                                        
| MDOUT: min-complex.out                                                       
|INPCRD: TREM2_R47H-VitaminD3.inpcrd                                           
|  PARM: TREM2_R47H-VitaminD3.prmtop                                           
|RESTRT: TREM2_R47H-VitaminD3-min.inpcrd                                       
|  REFC: TREM2_R47H-VitaminD3.inpcrd                                           
| MDVEL: mdvel                                                                 
| MDFRC: mdfrc                                                                 
|  MDEN: mden                                                                  
| MDCRD: TREM2_R47H-VitaminD3-min.mdcrd                                        
|MDINFO: TREM2_R47H-VitaminD3-min.mdinfo                                       
|  MTMD: mtmd                                                                  
|INPDIP: inpdip                                                                
|RSTDIP: rstdip                                                                
|INPTRA: inptraj                                                               


 Here is the input file:

JOB: Initial Minimization of Protein Complex                                   
 &cntrl                                                                        
  imin = 1,                                                                    
  maxcyc = 10000,                                                              
  ncyc = 500, dx0 = 0.005                                                      
  ntf = 1, ntb = 0,                                                            
  cut = 10.0, nsnb = 20,                                                       
  ntr = 0,                                                                     
 &end                                                                          
                                                                               

--------------------------------------------------------------------------------
   1.  RESOURCE   USE: 
--------------------------------------------------------------------------------

| Flags:                                                                        
|    NONPERIODIC   ntb=0 and igb=0: Setting up nonperiodic simulation
|Largest sphere to fit in unit cell has radius =    46.333
| New format PARM file being parsed.
| Version =    1.000 Date = 12/24/21 Time = 20:34:20
 NATOM  =    1778 NTYPES =      14 NBONH =     893 MBONA  =     906
 NTHETH =    2017 MTHETA =    1233 NPHIH =    4165 MPHIA  =    3845
 NHPARM =       0 NPARM  =       0 NNB   =    9830 NRES   =     110
 NBONA  =     906 NTHETA =    1233 NPHIA =    3845 NUMBND =      83
 NUMANG =     189 NPTRA  =     211 NATYP =      43 NPHB   =       0
 IFBOX  =       1 NMXRS  =      72 IFCAP =       0 NEXTRA =       0
 NCOPY  =       0


|     Memory Use     Allocated
|     Real              143792
|     Hollerith           5446
|     Integer           445808
|     Max Pairs         592666
|     nblistReal         21336
|     nblist Int       2378658
|       Total            14659 kbytes

| Note: 1-4 EEL scale factors are being read from the topology file.

| Note: 1-4 VDW scale factors are being read from the topology file.
| Duplicated    0 dihedrals
| Duplicated    0 dihedrals

     BOX TYPE: RECTILINEAR

--------------------------------------------------------------------------------
   2.  CONTROL  DATA  FOR  THE  RUN
--------------------------------------------------------------------------------

default_name                                                                    

General flags:
     imin    =       1, nmropt  =       0

Nature and format of input:
     ntx     =       1, irest   =       0, ntrx    =       1

Nature and format of output:
     ntxo    =       2, ntpr    =      50, ntrx    =       1, ntwr    =       1
     iwrap   =       0, ntwx    =       0, ntwv    =       0, ntwe    =       0
     ioutfm  =       1, ntwprt  =       0, idecomp =       0, rbornstat=      0

Potential function:
     ntf     =       1, ntb     =       0, igb     =       0, nsnb    =      20
     ipol    =       0, gbsa    =       0, iesp    =       0
     dielc   =   1.00000, cut     =  10.00000, intdiel =   1.00000

Frozen or restrained atoms:
     ibelly  =       0, ntr     =       0

Energy minimization:
     maxcyc  =   10000, ncyc    =     500, ntmin   =       1
     dx0     =   0.00500, drms    =   0.00010
|  INFO: Old style inpcrd file read


--------------------------------------------------------------------------------
   3.  ATOMIC COORDINATES AND VELOCITIES
--------------------------------------------------------------------------------

default_name                                                                    
 begin time read from input coords =     0.000 ps

 Number of triangulated 3-point waters found:        0

     Sum of charges from parm topology file =   4.00000192

--------------------------------------------------------------------------------
   4.  RESULTS
--------------------------------------------------------------------------------

 ---------------------------------------------------

     eedmeth=4: Setting switch to one everywhere

 ---------------------------------------------------
| Local SIZE OF NONBOND LIST =     213960
| TOTAL SIZE OF NONBOND LIST =     213960


   NSTEP       ENERGY          RMS            GMAX         NAME    NUMBER
      1      -3.6168E+02     3.0590E+01     1.2223E+03     O         742

 BOND    =      289.3388  ANGLE   =      628.4431  DIHED      =     1362.3262
 VDWAALS =     -552.8733  EEL     =    -5965.2541  HBOND      =        0.0000
 1-4 VDW =      389.6064  1-4 EEL =     3486.7303  RESTRAINT  =        0.0000


   NSTEP       ENERGY          RMS            GMAX         NAME    NUMBER
     50      -1.5463E+03     1.9046E+00     3.0400E+01     C        1421

 BOND    =       74.1021  ANGLE   =      310.4245  DIHED      =     1269.1183
 VDWAALS =     -841.8030  EEL     =    -6189.0901  HBOND      =        0.0000
 1-4 VDW =      335.5617  1-4 EEL =     3495.3870  RESTRAINT  =        0.0000


   NSTEP       ENERGY          RMS            GMAX         NAME    NUMBER
    100      -1.5414E+03     6.6332E-01     1.1739E+01     HG1      1070

 BOND    =       69.8807  ANGLE   =      296.3913  DIHED      =     1258.8398
 VDWAALS =     -846.7076  EEL     =    -6161.6912  HBOND      =        0.0000
 1-4 VDW =      332.9483  1-4 EEL =     3508.9672  RESTRAINT  =        0.0000


   NSTEP       ENERGY          RMS            GMAX         NAME    NUMBER
    150      -1.5884E+03     5.1993E-01     8.6543E+00     HG1      1070

 BOND    =       68.8885  ANGLE   =      291.1194  DIHED      =     1254.3812
 VDWAALS =     -845.2490  EEL     =    -6203.5348  HBOND      =        0.0000
 1-4 VDW =      332.3502  1-4 EEL =     3513.6598  RESTRAINT  =        0.0000


   NSTEP       ENERGY          RMS            GMAX         NAME    NUMBER
    200      -1.7779E+03     6.2603E-01     7.8597E+00     CD        624

 BOND    =       68.3122  ANGLE   =      287.7606  DIHED      =     1251.9361
 VDWAALS =     -843.9836  EEL     =    -6390.3026  HBOND      =        0.0000
 1-4 VDW =      332.4464  1-4 EEL =     3515.9215  RESTRAINT  =        0.0000


   NSTEP       ENERGY          RMS            GMAX         NAME    NUMBER
    250      -1.9482E+03     4.3186E-01     5.1570E+00     HZ2      1601

 BOND    =       67.6903  ANGLE   =      285.7872  DIHED      =     1250.0160
 VDWAALS =     -842.8377  EEL     =    -6559.8593  HBOND      =        0.0000
 1-4 VDW =      332.6719  1-4 EEL =     3518.3147  RESTRAINT  =        0.0000


   NSTEP       ENERGY          RMS            GMAX         NAME    NUMBER
    300      -1.9373E+03     6.0285E-01     1.0521E+01     CD        624

 BOND    =       67.2775  ANGLE   =      285.1990  DIHED      =     1248.1250
 VDWAALS =     -840.1604  EEL     =    -6549.8132  HBOND      =        0.0000
 1-4 VDW =      332.5762  1-4 EEL =     3519.5221  RESTRAINT  =        0.0000


   NSTEP       ENERGY          RMS            GMAX         NAME    NUMBER
    350      -1.9252E+03     1.2531E+00     2.2826E+01     CD        624

 BOND    =       68.1259  ANGLE   =      285.0207  DIHED      =     1246.0984
 VDWAALS =     -838.2657  EEL     =    -6537.4768  HBOND      =        0.0000
 1-4 VDW =      332.4752  1-4 EEL =     3518.8698  RESTRAINT  =        0.0000


   NSTEP       ENERGY          RMS            GMAX         NAME    NUMBER
    400      -1.9408E+03     7.3380E-01     1.6082E+01     CD        624

 BOND    =       66.1095  ANGLE   =      284.1775  DIHED      =     1244.0072
 VDWAALS =     -836.4544  EEL     =    -6550.1374  HBOND      =        0.0000
 1-4 VDW =      332.7749  1-4 EEL =     3518.7049  RESTRAINT  =        0.0000


   NSTEP       ENERGY          RMS            GMAX         NAME    NUMBER
    450      -1.8824E+03     3.0892E-01     4.1292E+00     HG1       989

 BOND    =       66.0609  ANGLE   =      284.2947  DIHED      =     1241.2574
 VDWAALS =     -835.4789  EEL     =    -6488.9470  HBOND      =        0.0000
 1-4 VDW =      332.6982  1-4 EEL =     3517.6804  RESTRAINT  =        0.0000


   NSTEP       ENERGY          RMS            GMAX         NAME    NUMBER
    500      -1.8881E+03     4.8133E-01     9.3488E+00     CD        624

 BOND    =       66.2732  ANGLE   =      284.7398  DIHED      =     1238.5861
 VDWAALS =     -834.5910  EEL     =    -6492.9144  HBOND      =        0.0000
 1-4 VDW =      332.7223  1-4 EEL =     3517.0721  RESTRAINT  =        0.0000


   NSTEP       ENERGY          RMS            GMAX         NAME    NUMBER
    550      -1.8787E+03     5.3287E-01     7.9975E+00     C        1704

 BOND    =       65.3437  ANGLE   =      288.6123  DIHED      =     1232.0603
 VDWAALS =     -825.9108  EEL     =    -6486.3760  HBOND      =        0.0000
 1-4 VDW =      334.1432  1-4 EEL =     3513.3874  RESTRAINT  =        0.0000


   NSTEP       ENERGY          RMS            GMAX         NAME    NUMBER
    600      -2.1206E+03     9.2596E-01     1.1488E+01     CE2       455

 BOND    =       67.1138  ANGLE   =      287.4164  DIHED      =     1230.5308
 VDWAALS =     -821.9151  EEL     =    -6733.7135  HBOND      =        0.0000
 1-4 VDW =      333.2035  1-4 EEL =     3516.7957  RESTRAINT  =        0.0000


   NSTEP       ENERGY          RMS            GMAX         NAME    NUMBER
    650      -2.0122E+03     6.0813E-01     8.3703E+00     CG        267

 BOND    =       65.6540  ANGLE   =      288.1953  DIHED      =     1229.3560
 VDWAALS =     -823.2079  EEL     =    -6621.4641  HBOND      =        0.0000
 1-4 VDW =      333.6711  1-4 EEL =     3515.5812  RESTRAINT  =        0.0000


   NSTEP       ENERGY          RMS            GMAX         NAME    NUMBER
    700      -1.9995E+03     8.6705E-01     1.2153E+01     OG       1430

 BOND    =       66.8608  ANGLE   =      288.2631  DIHED      =     1230.0776
 VDWAALS =     -823.5541  EEL     =    -6610.2589  HBOND      =        0.0000
 1-4 VDW =      334.0553  1-4 EEL =     3515.0116  RESTRAINT  =        0.0000


   NSTEP       ENERGY          RMS            GMAX         NAME    NUMBER
    750      -1.9104E+03     6.2441E-01     1.1869E+01     CG        267

 BOND    =       66.1558  ANGLE   =      288.6819  DIHED      =     1229.6925
 VDWAALS =     -823.3073  EEL     =    -6521.8991  HBOND      =        0.0000
 1-4 VDW =      333.7650  1-4 EEL =     3516.5569  RESTRAINT  =        0.0000


   NSTEP       ENERGY          RMS            GMAX         NAME    NUMBER
    800      -1.9145E+03     7.0270E-01     9.0568E+00     NE2       626

 BOND    =       66.9455  ANGLE   =      288.6411  DIHED      =     1230.3587
 VDWAALS =     -821.8853  EEL     =    -6530.8131  HBOND      =        0.0000
 1-4 VDW =      333.3066  1-4 EEL =     3518.9064  RESTRAINT  =        0.0000


   NSTEP       ENERGY          RMS            GMAX         NAME    NUMBER
    850      -1.9662E+03     5.7196E-01     8.9017E+00     CG        267

 BOND    =       65.7671  ANGLE   =      290.1456  DIHED      =     1229.0636
 VDWAALS =     -823.8991  EEL     =    -6579.0670  HBOND      =        0.0000
 1-4 VDW =      333.8904  1-4 EEL =     3517.8826  RESTRAINT  =        0.0000


   NSTEP       ENERGY          RMS            GMAX         NAME    NUMBER
    900      -2.0807E+03     7.2279E-01     9.2898E+00     NE2       626

 BOND    =       66.8682  ANGLE   =      290.4026  DIHED      =     1229.1716
 VDWAALS =     -824.0911  EEL     =    -6695.3821  HBOND      =        0.0000
 1-4 VDW =      334.5414  1-4 EEL =     3517.8257  RESTRAINT  =        0.0000


   NSTEP       ENERGY          RMS            GMAX         NAME    NUMBER
    950      -2.1146E+03     5.7367E-01     7.9017E+00     CG        267

 BOND    =       66.3115  ANGLE   =      290.6254  DIHED      =     1228.0896
 VDWAALS =     -822.1977  EEL     =    -6730.5817  HBOND      =        0.0000
 1-4 VDW =      334.6162  1-4 EEL =     3518.5368  RESTRAINT  =        0.0000


   NSTEP       ENERGY          RMS            GMAX         NAME    NUMBER
   1000      -2.0113E+03     6.0410E-01     9.4033E+00     NE2       626

 BOND    =       67.3029  ANGLE   =      290.8360  DIHED      =     1228.3283
 VDWAALS =     -819.4081  EEL     =    -6629.6598  HBOND      =        0.0000
 1-4 VDW =      334.2695  1-4 EEL =     3517.0133  RESTRAINT  =        0.0000


   NSTEP       ENERGY          RMS            GMAX         NAME    NUMBER
   1050      -1.9405E+03     4.8394E-01     9.9808E+00     CG        267

 BOND    =       65.9467  ANGLE   =      290.7519  DIHED      =     1227.3133
 VDWAALS =     -820.0112  EEL     =    -6557.0464  HBOND      =        0.0000
 1-4 VDW =      334.7983  1-4 EEL =     3517.7209  RESTRAINT  =        0.0000


   NSTEP       ENERGY          RMS            GMAX         NAME    NUMBER
   1100      -1.9027E+03     5.4395E-01     5.9703E+00     OG        148

 BOND    =       66.4818  ANGLE   =      289.3356  DIHED      =     1226.6999
 VDWAALS =     -819.4729  EEL     =    -6521.5643  HBOND      =        0.0000
 1-4 VDW =      335.2294  1-4 EEL =     3520.6400  RESTRAINT  =        0.0000


   NSTEP       ENERGY          RMS            GMAX         NAME    NUMBER
   1150      -1.9369E+03     5.0207E-01     6.3598E+00     CG        267

 BOND    =       65.7468  ANGLE   =      290.2274  DIHED      =     1226.3500
 VDWAALS =     -818.5218  EEL     =    -6556.1840  HBOND      =        0.0000
 1-4 VDW =      335.2462  1-4 EEL =     3520.2590  RESTRAINT  =        0.0000


   NSTEP       ENERGY          RMS            GMAX         NAME    NUMBER
   1200      -1.9159E+03     5.4570E-01     7.8085E+00     OG       1430

 BOND    =       66.1711  ANGLE   =      290.4792  DIHED      =     1226.0139
 VDWAALS =     -816.3618  EEL     =    -6537.3824  HBOND      =        0.0000
 1-4 VDW =      335.1554  1-4 EEL =     3520.0441  RESTRAINT  =        0.0000


   NSTEP       ENERGY          RMS            GMAX         NAME    NUMBER
   1250      -1.9412E+03     4.7296E-01     8.8844E+00     CG        267

 BOND    =       65.3559  ANGLE   =      290.0626  DIHED      =     1225.5149
 VDWAALS =     -816.3211  EEL     =    -6562.5817  HBOND      =        0.0000
 1-4 VDW =      335.5425  1-4 EEL =     3521.2626  RESTRAINT  =        0.0000


   NSTEP       ENERGY          RMS            GMAX         NAME    NUMBER
   1300      -1.9288E+03     4.7778E-01     6.1937E+00     OG       1430

 BOND    =       66.0502  ANGLE   =      289.1128  DIHED      =     1226.0294
 VDWAALS =     -815.9137  EEL     =    -6548.7847  HBOND      =        0.0000
 1-4 VDW =      335.3861  1-4 EEL =     3519.3543  RESTRAINT  =        0.0000


   NSTEP       ENERGY          RMS            GMAX         NAME    NUMBER
   1350      -1.8461E+03     4.0987E-01     6.7954E+00     CD        555

 BOND    =       65.8444  ANGLE   =      289.2065  DIHED      =     1225.8366
 VDWAALS =     -815.5994  EEL     =    -6465.6644  HBOND      =        0.0000
 1-4 VDW =      335.5141  1-4 EEL =     3518.8078  RESTRAINT  =        0.0000


   NSTEP       ENERGY          RMS            GMAX         NAME    NUMBER
   1400      -1.8421E+03     5.0123E-01     6.6718E+00     CD        555

 BOND    =       66.2972  ANGLE   =      290.4130  DIHED      =     1226.1767
 VDWAALS =     -814.8764  EEL     =    -6463.5671  HBOND      =        0.0000
 1-4 VDW =      335.0913  1-4 EEL =     3518.4134  RESTRAINT  =        0.0000


   NSTEP       ENERGY          RMS            GMAX         NAME    NUMBER
   1450      -1.8261E+03     4.5363E-01     7.3546E+00     CD        555

 BOND    =       65.4786  ANGLE   =      289.9083  DIHED      =     1226.7981
 VDWAALS =     -814.7933  EEL     =    -6447.3781  HBOND      =        0.0000
 1-4 VDW =      335.3656  1-4 EEL =     3518.5300  RESTRAINT  =        0.0000


   NSTEP       ENERGY          RMS            GMAX         NAME    NUMBER
   1500      -1.8862E+03     5.3734E-01     9.5330E+00     CD        555

 BOND    =       65.6840  ANGLE   =      288.5952  DIHED      =     1227.0052
 VDWAALS =     -815.2091  EEL     =    -6506.3143  HBOND      =        0.0000
 1-4 VDW =      335.6385  1-4 EEL =     3518.3834  RESTRAINT  =        0.0000


   NSTEP       ENERGY          RMS            GMAX         NAME    NUMBER
   1550      -1.8703E+03     3.9160E-01     5.2193E+00     CG        267

 BOND    =       65.2908  ANGLE   =      289.2497  DIHED      =     1227.1877
 VDWAALS =     -814.8189  EEL     =    -6490.7300  HBOND      =        0.0000
 1-4 VDW =      335.8450  1-4 EEL =     3517.6267  RESTRAINT  =        0.0000


   NSTEP       ENERGY          RMS            GMAX         NAME    NUMBER
   1600      -1.9254E+03     5.1228E-01     1.0489E+01     CD        555

 BOND    =       65.8166  ANGLE   =      290.6453  DIHED      =     1227.1222
 VDWAALS =     -813.8026  EEL     =    -6547.1122  HBOND      =        0.0000
 1-4 VDW =      335.4323  1-4 EEL =     3516.4587  RESTRAINT  =        0.0000


   NSTEP       ENERGY          RMS            GMAX         NAME    NUMBER
   1650      -1.8346E+03     3.9804E-01     5.0158E+00     CD        555

 BOND    =       65.0204  ANGLE   =      290.1825  DIHED      =     1227.4605
 VDWAALS =     -814.3826  EEL     =    -6456.0940  HBOND      =        0.0000
 1-4 VDW =      335.8964  1-4 EEL =     3517.3233  RESTRAINT  =        0.0000


   NSTEP       ENERGY          RMS            GMAX         NAME    NUMBER
   1700      -1.9099E+03     4.6770E-01     6.5955E+00     NE2      1274

 BOND    =       65.3178  ANGLE   =      288.8627  DIHED      =     1227.7485
 VDWAALS =     -814.8287  EEL     =    -6531.5478  HBOND      =        0.0000
 1-4 VDW =      335.9063  1-4 EEL =     3518.6594  RESTRAINT  =        0.0000


   NSTEP       ENERGY          RMS            GMAX         NAME    NUMBER
   1750      -1.8159E+03     3.6656E-01     5.5828E+00     CG        267

 BOND    =       64.6938  ANGLE   =      289.2754  DIHED      =     1227.8685
 VDWAALS =     -814.7679  EEL     =    -6437.7093  HBOND      =        0.0000
 1-4 VDW =      336.2227  1-4 EEL =     3518.5127  RESTRAINT  =        0.0000


   NSTEP       ENERGY          RMS            GMAX         NAME    NUMBER
   1800      -1.9936E+03     4.7510E-01     7.8748E+00     CD        555

 BOND    =       65.4036  ANGLE   =      289.3980  DIHED      =     1228.5346
 VDWAALS =     -814.0755  EEL     =    -6615.2208  HBOND      =        0.0000
 1-4 VDW =      335.8026  1-4 EEL =     3516.5453  RESTRAINT  =        0.0000


   NSTEP       ENERGY          RMS            GMAX         NAME    NUMBER
   1850      -1.9315E+03     3.9201E-01     5.2849E+00     CG        267

 BOND    =       64.7451  ANGLE   =      289.7889  DIHED      =     1228.0699
 VDWAALS =     -814.4202  EEL     =    -6552.7379  HBOND      =        0.0000
 1-4 VDW =      336.1007  1-4 EEL =     3516.9507  RESTRAINT  =        0.0000


   NSTEP       ENERGY          RMS            GMAX         NAME    NUMBER
   1900      -1.9022E+03     4.6151E-01     5.3369E+00     CD        555

 BOND    =       65.0069  ANGLE   =      289.5328  DIHED      =     1227.8542
 VDWAALS =     -814.3384  EEL     =    -6523.2205  HBOND      =        0.0000
 1-4 VDW =      335.8863  1-4 EEL =     3517.0594  RESTRAINT  =        0.0000


   NSTEP       ENERGY          RMS            GMAX         NAME    NUMBER
   1950      -1.9860E+03     3.5609E-01     6.2626E+00     CG        267

 BOND    =       64.6591  ANGLE   =      289.8419  DIHED      =     1228.1791
 VDWAALS =     -814.4037  EEL     =    -6606.6923  HBOND      =        0.0000
 1-4 VDW =      336.0176  1-4 EEL =     3516.3688  RESTRAINT  =        0.0000


   NSTEP       ENERGY          RMS            GMAX         NAME    NUMBER
   2000      -1.8227E+03     4.0055E-01     6.0320E+00     CD        555

 BOND    =       65.3614  ANGLE   =      290.3650  DIHED      =     1228.3647
 VDWAALS =     -813.7459  EEL     =    -6444.6065  HBOND      =        0.0000
 1-4 VDW =      335.9132  1-4 EEL =     3515.5988  RESTRAINT  =        0.0000


   NSTEP       ENERGY          RMS            GMAX         NAME    NUMBER
   2050      -1.9181E+03     4.4054E-01     5.2089E+00     CG        267

 BOND    =       64.6626  ANGLE   =      290.4148  DIHED      =     1228.3729
 VDWAALS =     -813.8063  EEL     =    -6540.9360  HBOND      =        0.0000
 1-4 VDW =      335.9620  1-4 EEL =     3517.2071  RESTRAINT  =        0.0000


   NSTEP       ENERGY          RMS            GMAX         NAME    NUMBER
   2100      -2.0713E+03     4.1013E-01     4.9796E+00     CD        555

 BOND    =       64.7892  ANGLE   =      289.5262  DIHED      =     1227.9089
 VDWAALS =     -814.6142  EEL     =    -6692.2037  HBOND      =        0.0000
 1-4 VDW =      335.9388  1-4 EEL =     3517.3052  RESTRAINT  =        0.0000


   NSTEP       ENERGY          RMS            GMAX         NAME    NUMBER
   2150      -2.0680E+03     3.8864E-01     6.2050E+00     CG        267

 BOND    =       64.2859  ANGLE   =      289.8250  DIHED      =     1228.3553
 VDWAALS =     -814.4584  EEL     =    -6689.1873  HBOND      =        0.0000
 1-4 VDW =      336.3087  1-4 EEL =     3516.9082  RESTRAINT  =        0.0000


   NSTEP       ENERGY          RMS            GMAX         NAME    NUMBER
   2200      -1.8353E+03     4.8308E-01     7.9751E+00     CD        555

 BOND    =       65.2126  ANGLE   =      290.8636  DIHED      =     1228.8143
 VDWAALS =     -813.8953  EEL     =    -6458.3662  HBOND      =        0.0000
 1-4 VDW =      335.8317  1-4 EEL =     3516.2453  RESTRAINT  =        0.0000


   NSTEP       ENERGY          RMS            GMAX         NAME    NUMBER
   2250      -1.9916E+03     3.7477E-01     4.2906E+00     CG        267

 BOND    =       64.1288  ANGLE   =      290.3457  DIHED      =     1228.8054
 VDWAALS =     -814.6249  EEL     =    -6614.0932  HBOND      =        0.0000
 1-4 VDW =      336.3572  1-4 EEL =     3517.4430  RESTRAINT  =        0.0000


   NSTEP       ENERGY          RMS            GMAX         NAME    NUMBER
   2300      -2.0815E+03     4.7192E-01     6.2253E+00     NH1       647

 BOND    =       64.6734  ANGLE   =      290.2205  DIHED      =     1228.7425
 VDWAALS =     -814.8953  EEL     =    -6703.7937  HBOND      =        0.0000
 1-4 VDW =      336.3279  1-4 EEL =     3517.2280  RESTRAINT  =        0.0000


   NSTEP       ENERGY          RMS            GMAX         NAME    NUMBER
   2350      -2.0473E+03     4.2098E-01     6.6408E+00     NH1       647

 BOND    =       63.9232  ANGLE   =      290.0343  DIHED      =     1228.7755
 VDWAALS =     -815.2831  EEL     =    -6670.1924  HBOND      =        0.0000
 1-4 VDW =      336.6972  1-4 EEL =     3518.7289  RESTRAINT  =        0.0000


   NSTEP       ENERGY          RMS            GMAX         NAME    NUMBER
   2400      -2.0205E+03     5.0516E-01     7.9765E+00     CD        555

 BOND    =       64.8262  ANGLE   =      290.7489  DIHED      =     1229.1886
 VDWAALS =     -815.2993  EEL     =    -6644.4147  HBOND      =        0.0000
 1-4 VDW =      336.5105  1-4 EEL =     3517.8950  RESTRAINT  =        0.0000


   NSTEP       ENERGY          RMS            GMAX         NAME    NUMBER
   2450      -1.8656E+03     4.3368E-01     4.7590E+00     NH1       647

 BOND    =       64.0810  ANGLE   =      291.1420  DIHED      =     1229.4081
 VDWAALS =     -815.5148  EEL     =    -6490.1832  HBOND      =        0.0000
 1-4 VDW =      336.8385  1-4 EEL =     3518.6419  RESTRAINT  =        0.0000


   NSTEP       ENERGY          RMS            GMAX         NAME    NUMBER
   2500      -2.1153E+03     4.4820E-01     5.5564E+00     CD        555

 BOND    =       64.4366  ANGLE   =      290.6126  DIHED      =     1229.5935
 VDWAALS =     -815.1018  EEL     =    -6739.6872  HBOND      =        0.0000
 1-4 VDW =      336.7170  1-4 EEL =     3518.1410  RESTRAINT  =        0.0000


   NSTEP       ENERGY          RMS            GMAX         NAME    NUMBER
   2550      -2.0739E+03     3.9196E-01     6.7687E+00     CD        555

 BOND    =       63.9263  ANGLE   =      290.9237  DIHED      =     1229.3554
 VDWAALS =     -814.9657  EEL     =    -6699.3324  HBOND      =        0.0000
 1-4 VDW =      336.7977  1-4 EEL =     3519.3581  RESTRAINT  =        0.0000


   NSTEP       ENERGY          RMS            GMAX         NAME    NUMBER
   2600      -1.8092E+03     4.9239E-01     7.5468E+00     CG        267

 BOND    =       64.6395  ANGLE   =      291.3326  DIHED      =     1229.8102
 VDWAALS =     -814.7724  EEL     =    -6436.2629  HBOND      =        0.0000
 1-4 VDW =      336.6508  1-4 EEL =     3519.4465  RESTRAINT  =        0.0000


   NSTEP       ENERGY          RMS            GMAX         NAME    NUMBER
   2650      -1.8149E+03     4.6244E-01     6.2589E+00     CG        267

 BOND    =       64.2135  ANGLE   =      291.1249  DIHED      =     1230.0693
 VDWAALS =     -814.6205  EEL     =    -6442.3954  HBOND      =        0.0000
 1-4 VDW =      337.0025  1-4 EEL =     3519.7536  RESTRAINT  =        0.0000


   NSTEP       ENERGY          RMS            GMAX         NAME    NUMBER
   2700      -2.0326E+03     4.4274E-01     6.1558E+00     CD        555

 BOND    =       64.3081  ANGLE   =      290.7143  DIHED      =     1230.2878
 VDWAALS =     -814.0247  EEL     =    -6661.3792  HBOND      =        0.0000
 1-4 VDW =      337.1720  1-4 EEL =     3520.3710  RESTRAINT  =        0.0000


   NSTEP       ENERGY          RMS            GMAX         NAME    NUMBER
   2750      -1.9958E+03     4.3008E-01     5.8647E+00     CG        267

 BOND    =       63.7822  ANGLE   =      290.6045  DIHED      =     1230.7089
 VDWAALS =     -815.4292  EEL     =    -6624.4960  HBOND      =        0.0000
 1-4 VDW =      337.4539  1-4 EEL =     3521.5858  RESTRAINT  =        0.0000


   NSTEP       ENERGY          RMS            GMAX         NAME    NUMBER
   2800      -1.8601E+03     5.2343E-01     7.2773E+00     NE2       136

 BOND    =       64.4492  ANGLE   =      290.4701  DIHED      =     1231.0871
 VDWAALS =     -816.6770  EEL     =    -6489.1968  HBOND      =        0.0000
 1-4 VDW =      337.5533  1-4 EEL =     3522.2068  RESTRAINT  =        0.0000


   NSTEP       ENERGY          RMS            GMAX         NAME    NUMBER
   2850      -1.8861E+03     3.7880E-01     5.4783E+00     CG        267

 BOND    =       64.0832  ANGLE   =      290.8565  DIHED      =     1230.6266
 VDWAALS =     -815.3534  EEL     =    -6515.3694  HBOND      =        0.0000
 1-4 VDW =      337.3842  1-4 EEL =     3521.7057  RESTRAINT  =        0.0000


   NSTEP       ENERGY          RMS            GMAX         NAME    NUMBER
   2900      -1.8648E+03     4.6844E-01     6.3498E+00     CD        555

 BOND    =       64.1560  ANGLE   =      291.3442  DIHED      =     1230.3485
 VDWAALS =     -814.4324  EEL     =    -6495.3356  HBOND      =        0.0000
 1-4 VDW =      337.2419  1-4 EEL =     3521.8749  RESTRAINT  =        0.0000


   NSTEP       ENERGY          RMS            GMAX         NAME    NUMBER
   2950      -1.8070E+03     4.5015E-01     6.4285E+00     CD        555

 BOND    =       63.9163  ANGLE   =      290.6583  DIHED      =     1231.0182
 VDWAALS =     -816.5562  EEL     =    -6435.8306  HBOND      =        0.0000
 1-4 VDW =      337.4285  1-4 EEL =     3522.3205  RESTRAINT  =        0.0000


   NSTEP       ENERGY          RMS            GMAX         NAME    NUMBER
   3000      -1.9938E+03     4.7046E-01     5.7005E+00     NE2       136

 BOND    =       64.5495  ANGLE   =      290.7636  DIHED      =     1232.1316
 VDWAALS =     -818.9312  EEL     =    -6621.5692  HBOND      =        0.0000
 1-4 VDW =      337.2955  1-4 EEL =     3521.9343  RESTRAINT  =        0.0000


   NSTEP       ENERGY          RMS            GMAX         NAME    NUMBER
   3050      -1.9957E+03     4.1932E-01     7.3092E+00     CG        267

 BOND    =       64.2831  ANGLE   =      291.1402  DIHED      =     1231.1581
 VDWAALS =     -817.0104  EEL     =    -6624.6899  HBOND      =        0.0000
 1-4 VDW =      337.3356  1-4 EEL =     3522.1154  RESTRAINT  =        0.0000


   NSTEP       ENERGY          RMS            GMAX         NAME    NUMBER
   3100      -1.9431E+03     5.5788E-01     6.4746E+00     CG        267

 BOND    =       64.4122  ANGLE   =      291.5828  DIHED      =     1230.3800
 VDWAALS =     -815.7771  EEL     =    -6573.5573  HBOND      =        0.0000
 1-4 VDW =      337.5387  1-4 EEL =     3522.3304  RESTRAINT  =        0.0000


   NSTEP       ENERGY          RMS            GMAX         NAME    NUMBER
   3150      -1.8578E+03     4.0333E-01     6.1817E+00     CG        267

 BOND    =       63.8832  ANGLE   =      290.6654  DIHED      =     1231.2791
 VDWAALS =     -818.4191  EEL     =    -6485.5724  HBOND      =        0.0000
 1-4 VDW =      337.4913  1-4 EEL =     3522.8539  RESTRAINT  =        0.0000


   NSTEP       ENERGY          RMS            GMAX         NAME    NUMBER
   3200      -2.0563E+03     4.8380E-01     6.1269E+00     NH1       647

 BOND    =       64.4270  ANGLE   =      291.2402  DIHED      =     1232.4332
 VDWAALS =     -820.2517  EEL     =    -6683.5199  HBOND      =        0.0000
 1-4 VDW =      337.3990  1-4 EEL =     3522.0198  RESTRAINT  =        0.0000


   NSTEP       ENERGY          RMS            GMAX         NAME    NUMBER
   3250      -2.0609E+03     4.3337E-01     5.1590E+00     CG        267

 BOND    =       64.2256  ANGLE   =      291.4413  DIHED      =     1231.6545
 VDWAALS =     -818.9017  EEL     =    -6689.3930  HBOND      =        0.0000
 1-4 VDW =      337.4347  1-4 EEL =     3522.6558  RESTRAINT  =        0.0000


   NSTEP       ENERGY          RMS            GMAX         NAME    NUMBER
   3300      -1.8578E+03     4.9819E-01     6.0376E+00     CG        267

 BOND    =       64.0724  ANGLE   =      291.3017  DIHED      =     1231.1514
 VDWAALS =     -818.3850  EEL     =    -6487.0724  HBOND      =        0.0000
 1-4 VDW =      337.6307  1-4 EEL =     3523.4875  RESTRAINT  =        0.0000


   NSTEP       ENERGY          RMS            GMAX         NAME    NUMBER
   3350      -1.8144E+03     4.6474E-01     7.6760E+00     CG        267

 BOND    =       63.7394  ANGLE   =      291.0560  DIHED      =     1231.4347
 VDWAALS =     -818.6161  EEL     =    -6444.3783  HBOND      =        0.0000
 1-4 VDW =      337.9630  1-4 EEL =     3524.4146  RESTRAINT  =        0.0000


   NSTEP       ENERGY          RMS            GMAX         NAME    NUMBER
   3400      -2.0165E+03     5.2113E-01     6.6988E+00     NE2       136

 BOND    =       64.6636  ANGLE   =      291.4936  DIHED      =     1232.3058
 VDWAALS =     -820.3646  EEL     =    -6645.9955  HBOND      =        0.0000
 1-4 VDW =      337.5371  1-4 EEL =     3523.9048  RESTRAINT  =        0.0000


   NSTEP       ENERGY          RMS            GMAX         NAME    NUMBER
   3450      -1.9660E+03     4.5880E-01     7.7610E+00     CD        555

 BOND    =       64.1134  ANGLE   =      291.6957  DIHED      =     1231.7672
 VDWAALS =     -819.0170  EEL     =    -6596.8980  HBOND      =        0.0000
 1-4 VDW =      337.8949  1-4 EEL =     3524.4207  RESTRAINT  =        0.0000


   NSTEP       ENERGY          RMS            GMAX         NAME    NUMBER
   3500      -1.6214E+03     5.2597E-01     6.9087E+00     CG        267

 BOND    =       64.2308  ANGLE   =      291.2082  DIHED      =     1231.0979
 VDWAALS =     -817.6281  EEL     =    -6253.4532  HBOND      =        0.0000
 1-4 VDW =      338.1554  1-4 EEL =     3524.9615  RESTRAINT  =        0.0000


   NSTEP       ENERGY          RMS            GMAX         NAME    NUMBER
   3550      -1.6588E+03     4.3513E-01     8.3353E+00     CG        267

 BOND    =       64.1538  ANGLE   =      291.1657  DIHED      =     1231.2816
 VDWAALS =     -819.7034  EEL     =    -6288.3818  HBOND      =        0.0000
 1-4 VDW =      337.6299  1-4 EEL =     3525.0279  RESTRAINT  =        0.0000


   NSTEP       ENERGY          RMS            GMAX         NAME    NUMBER
   3600      -1.9372E+03     4.7290E-01     5.2957E+00     NH1       647

 BOND    =       64.9760  ANGLE   =      292.2755  DIHED      =     1232.0597
 VDWAALS =     -819.9902  EEL     =    -6567.3951  HBOND      =        0.0000
 1-4 VDW =      337.3903  1-4 EEL =     3523.4591  RESTRAINT  =        0.0000


   NSTEP       ENERGY          RMS            GMAX         NAME    NUMBER
   3650      -1.9710E+03     4.3192E-01     5.4562E+00     CG       1042

 BOND    =       64.3522  ANGLE   =      292.0210  DIHED      =     1231.3687
 VDWAALS =     -820.4581  EEL     =    -6601.1291  HBOND      =        0.0000
 1-4 VDW =      337.7640  1-4 EEL =     3525.1078  RESTRAINT  =        0.0000


   NSTEP       ENERGY          RMS            GMAX         NAME    NUMBER
   3700      -1.6958E+03     5.1746E-01     5.6489E+00     ND2      1238

 BOND    =       64.4690  ANGLE   =      291.6047  DIHED      =     1231.3563
 VDWAALS =     -819.6513  EEL     =    -6326.7808  HBOND      =        0.0000
 1-4 VDW =      337.8425  1-4 EEL =     3525.3206  RESTRAINT  =        0.0000


   NSTEP       ENERGY          RMS            GMAX         NAME    NUMBER
   3750      -1.7561E+03     4.5469E-01     9.2020E+00     CG        267

 BOND    =       64.4044  ANGLE   =      291.6391  DIHED      =     1231.6166
 VDWAALS =     -821.0405  EEL     =    -6385.6265  HBOND      =        0.0000
 1-4 VDW =      337.6594  1-4 EEL =     3525.2961  RESTRAINT  =        0.0000


   NSTEP       ENERGY          RMS            GMAX         NAME    NUMBER
   3800      -1.8301E+03     5.2019E-01     7.1298E+00     NH1       647

 BOND    =       65.1326  ANGLE   =      292.3369  DIHED      =     1232.1162
 VDWAALS =     -820.8863  EEL     =    -6459.5001  HBOND      =        0.0000
 1-4 VDW =      337.1568  1-4 EEL =     3523.5693  RESTRAINT  =        0.0000


   NSTEP       ENERGY          RMS            GMAX         NAME    NUMBER
   3850      -1.9213E+03     4.5471E-01     6.7427E+00     CG       1042

 BOND    =       64.1989  ANGLE   =      292.4876  DIHED      =     1231.4880
 VDWAALS =     -821.3706  EEL     =    -6550.7186  HBOND      =        0.0000
 1-4 VDW =      337.6077  1-4 EEL =     3525.0137  RESTRAINT  =        0.0000


   NSTEP       ENERGY          RMS            GMAX         NAME    NUMBER
   3900      -1.6279E+03     5.6353E-01     5.8583E+00     CG        267

 BOND    =       64.8699  ANGLE   =      292.5599  DIHED      =     1230.9620
 VDWAALS =     -820.5878  EEL     =    -6257.8893  HBOND      =        0.0000
 1-4 VDW =      337.9929  1-4 EEL =     3524.1519  RESTRAINT  =        0.0000


   NSTEP       ENERGY          RMS            GMAX         NAME    NUMBER
   3950      -1.7373E+03     4.8712E-01     9.5842E+00     CG        267

 BOND    =       64.5452  ANGLE   =      292.0880  DIHED      =     1231.6857
 VDWAALS =     -820.9321  EEL     =    -6366.5801  HBOND      =        0.0000
 1-4 VDW =      337.5633  1-4 EEL =     3524.3727  RESTRAINT  =        0.0000


   NSTEP       ENERGY          RMS            GMAX         NAME    NUMBER
   4000      -1.8154E+03     4.7806E-01     5.4878E+00     NE2       136

 BOND    =       65.1866  ANGLE   =      292.8648  DIHED      =     1232.0178
 VDWAALS =     -820.7108  EEL     =    -6444.5924  HBOND      =        0.0000
 1-4 VDW =      337.1521  1-4 EEL =     3522.6588  RESTRAINT  =        0.0000


   NSTEP       ENERGY          RMS            GMAX         NAME    NUMBER
   4050      -1.7438E+03     4.3237E-01     6.7179E+00     CG       1042

 BOND    =       64.5037  ANGLE   =      293.1160  DIHED      =     1231.9161
 VDWAALS =     -821.0276  EEL     =    -6373.4724  HBOND      =        0.0000
 1-4 VDW =      337.6057  1-4 EEL =     3523.5344  RESTRAINT  =        0.0000


   NSTEP       ENERGY          RMS            GMAX         NAME    NUMBER
   4100      -1.6696E+03     4.7740E-01     4.6058E+00     NH1       647

 BOND    =       64.9653  ANGLE   =      293.2454  DIHED      =     1231.4906
 VDWAALS =     -820.3043  EEL     =    -6301.3985  HBOND      =        0.0000
 1-4 VDW =      337.7813  1-4 EEL =     3524.5966  RESTRAINT  =        0.0000


   NSTEP       ENERGY          RMS            GMAX         NAME    NUMBER
   4150      -1.7183E+03     4.5188E-01     8.0149E+00     CG        267

 BOND    =       64.6400  ANGLE   =      293.0502  DIHED      =     1231.3247
 VDWAALS =     -819.7675  EEL     =    -6349.0050  HBOND      =        0.0000
 1-4 VDW =      337.6635  1-4 EEL =     3523.7956  RESTRAINT  =        0.0000


   NSTEP       ENERGY          RMS            GMAX         NAME    NUMBER
   4200      -1.7825E+03     4.5387E-01     6.1727E+00     NH1       647

 BOND    =       65.3209  ANGLE   =      293.3681  DIHED      =     1231.9376
 VDWAALS =     -820.8613  EEL     =    -6411.8068  HBOND      =        0.0000
 1-4 VDW =      337.0733  1-4 EEL =     3522.4426  RESTRAINT  =        0.0000


   NSTEP       ENERGY          RMS            GMAX         NAME    NUMBER
   4250      -1.9221E+03     4.2596E-01     6.2069E+00     CG       1042

 BOND    =       64.8825  ANGLE   =      293.3995  DIHED      =     1231.8468
 VDWAALS =     -820.9532  EEL     =    -6552.7788  HBOND      =        0.0000
 1-4 VDW =      337.3804  1-4 EEL =     3524.1211  RESTRAINT  =        0.0000


   NSTEP       ENERGY          RMS            GMAX         NAME    NUMBER
   4300      -1.7980E+03     5.1517E-01     6.0350E+00     CG        267

 BOND    =       65.0714  ANGLE   =      293.9045  DIHED      =     1230.9390
 VDWAALS =     -819.9455  EEL     =    -6429.6900  HBOND      =        0.0000
 1-4 VDW =      337.6317  1-4 EEL =     3524.0615  RESTRAINT  =        0.0000


   NSTEP       ENERGY          RMS            GMAX         NAME    NUMBER
   4350      -1.6826E+03     4.2692E-01     7.2893E+00     CG        267

 BOND    =       64.7495  ANGLE   =      292.9948  DIHED      =     1231.2733
 VDWAALS =     -820.5463  EEL     =    -6313.3606  HBOND      =        0.0000
 1-4 VDW =      337.6595  1-4 EEL =     3524.6757  RESTRAINT  =        0.0000


   NSTEP       ENERGY          RMS            GMAX         NAME    NUMBER
   4400      -1.7537E+03     4.3595E-01     5.3237E+00     CG       1042

 BOND    =       65.4075  ANGLE   =      293.8048  DIHED      =     1231.6312
 VDWAALS =     -820.5769  EEL     =    -6383.4964  HBOND      =        0.0000
 1-4 VDW =      336.9601  1-4 EEL =     3522.5736  RESTRAINT  =        0.0000


   NSTEP       ENERGY          RMS            GMAX         NAME    NUMBER
   4450      -1.7786E+03     4.2007E-01     6.0925E+00     CG       1042

 BOND    =       64.7929  ANGLE   =      294.2907  DIHED      =     1231.4827
 VDWAALS =     -820.4011  EEL     =    -6409.6943  HBOND      =        0.0000
 1-4 VDW =      337.2391  1-4 EEL =     3523.7382  RESTRAINT  =        0.0000


   NSTEP       ENERGY          RMS            GMAX         NAME    NUMBER
   4500      -1.7743E+03     4.3915E-01     5.7417E+00     CG        267

 BOND    =       65.4549  ANGLE   =      294.1983  DIHED      =     1231.1130
 VDWAALS =     -819.5337  EEL     =    -6405.9878  HBOND      =        0.0000
 1-4 VDW =      337.3134  1-4 EEL =     3523.1775  RESTRAINT  =        0.0000


   NSTEP       ENERGY          RMS            GMAX         NAME    NUMBER
   4550      -1.5340E+03     3.9027E-01     6.0882E+00     CG        267

 BOND    =       64.8898  ANGLE   =      293.7269  DIHED      =     1231.3467
 VDWAALS =     -820.1925  EEL     =    -6164.8770  HBOND      =        0.0000
 1-4 VDW =      337.1669  1-4 EEL =     3523.9539  RESTRAINT  =        0.0000


   NSTEP       ENERGY          RMS            GMAX         NAME    NUMBER
   4600      -1.7374E+03     4.1682E-01     5.3909E+00     NE2       136

 BOND    =       65.2243  ANGLE   =      294.2926  DIHED      =     1231.4218
 VDWAALS =     -819.8452  EEL     =    -6369.1133  HBOND      =        0.0000
 1-4 VDW =      337.0477  1-4 EEL =     3523.5898  RESTRAINT  =        0.0000


   NSTEP       ENERGY          RMS            GMAX         NAME    NUMBER
   4650      -1.8600E+03     4.5485E-01     5.5094E+00     CG       1042

 BOND    =       65.0676  ANGLE   =      294.4499  DIHED      =     1231.4552
 VDWAALS =     -820.5046  EEL     =    -6491.3460  HBOND      =        0.0000
 1-4 VDW =      337.2089  1-4 EEL =     3523.6461  RESTRAINT  =        0.0000


   NSTEP       ENERGY          RMS            GMAX         NAME    NUMBER
   4700      -1.5463E+03     4.6393E-01     7.2334E+00     CG        267

 BOND    =       65.5964  ANGLE   =      294.4923  DIHED      =     1231.3214
 VDWAALS =     -819.2379  EEL     =    -6178.3597  HBOND      =        0.0000
 1-4 VDW =      337.1584  1-4 EEL =     3522.6916  RESTRAINT  =        0.0000


   NSTEP       ENERGY          RMS            GMAX         NAME    NUMBER
   4750      -1.6763E+03     4.2866E-01     6.9263E+00     CG        267

 BOND    =       65.1319  ANGLE   =      294.3068  DIHED      =     1230.8739
 VDWAALS =     -819.8558  EEL     =    -6308.7165  HBOND      =        0.0000
 1-4 VDW =      337.1737  1-4 EEL =     3524.8251  RESTRAINT  =        0.0000


   NSTEP       ENERGY          RMS            GMAX         NAME    NUMBER
   4800      -1.6198E+03     4.2376E-01     5.0298E+00     NH1       647

 BOND    =       65.4110  ANGLE   =      294.1848  DIHED      =     1231.3798
 VDWAALS =     -821.0772  EEL     =    -6250.8134  HBOND      =        0.0000
 1-4 VDW =      337.0052  1-4 EEL =     3524.1374  RESTRAINT  =        0.0000


   NSTEP       ENERGY          RMS            GMAX         NAME    NUMBER
   4850      -1.7018E+03     3.9338E-01     4.7852E+00     CG       1042

 BOND    =       65.1524  ANGLE   =      294.3831  DIHED      =     1231.5635
 VDWAALS =     -820.5214  EEL     =    -6333.6883  HBOND      =        0.0000
 1-4 VDW =      337.0841  1-4 EEL =     3524.1965  RESTRAINT  =        0.0000


   NSTEP       ENERGY          RMS            GMAX         NAME    NUMBER
   4900      -1.6590E+03     4.1910E-01     3.3489E+00     OD2      1523

 BOND    =       65.4360  ANGLE   =      294.5495  DIHED      =     1231.4490
 VDWAALS =     -820.8730  EEL     =    -6289.1946  HBOND      =        0.0000
 1-4 VDW =      336.9341  1-4 EEL =     3522.7464  RESTRAINT  =        0.0000


   NSTEP       ENERGY          RMS            GMAX         NAME    NUMBER
   4950      -1.5688E+03     4.6100E-01     7.7283E+00     CG        267

 BOND    =       65.2215  ANGLE   =      294.5720  DIHED      =     1231.3045
 VDWAALS =     -820.1385  EEL     =    -6200.7753  HBOND      =        0.0000
 1-4 VDW =      337.1799  1-4 EEL =     3523.8511  RESTRAINT  =        0.0000


   NSTEP       ENERGY          RMS            GMAX         NAME    NUMBER
   5000      -1.6474E+03     3.8924E-01     5.2502E+00     NH1       647

 BOND    =       65.2898  ANGLE   =      294.6334  DIHED      =     1231.2649
 VDWAALS =     -820.4328  EEL     =    -6278.7270  HBOND      =        0.0000
 1-4 VDW =      337.0481  1-4 EEL =     3523.5042  RESTRAINT  =        0.0000


   NSTEP       ENERGY          RMS            GMAX         NAME    NUMBER
   5050      -1.5674E+03     4.2240E-01     7.0276E+00     CG        267

 BOND    =       64.9460  ANGLE   =      294.6573  DIHED      =     1231.6633
 VDWAALS =     -820.2993  EEL     =    -6199.9463  HBOND      =        0.0000
 1-4 VDW =      337.1046  1-4 EEL =     3524.4677  RESTRAINT  =        0.0000


   NSTEP       ENERGY          RMS            GMAX         NAME    NUMBER
   5100      -1.5203E+03     4.9134E-01     4.7805E+00     NE2       136

 BOND    =       65.5881  ANGLE   =      295.5690  DIHED      =     1231.2915
 VDWAALS =     -818.6971  EEL     =    -6154.3499  HBOND      =        0.0000
 1-4 VDW =      337.1788  1-4 EEL =     3523.0966  RESTRAINT  =        0.0000


   NSTEP       ENERGY          RMS            GMAX         NAME    NUMBER
   5150      -1.5209E+03     3.9498E-01     5.3283E+00     CG        267

 BOND    =       65.1005  ANGLE   =      294.4928  DIHED      =     1231.2398
 VDWAALS =     -820.2990  EEL     =    -6153.1235  HBOND      =        0.0000
 1-4 VDW =      337.0003  1-4 EEL =     3524.6835  RESTRAINT  =        0.0000


   NSTEP       ENERGY          RMS            GMAX         NAME    NUMBER
   5200      -1.6616E+03     4.0316E-01     4.5315E+00     NE2       626

 BOND    =       65.2666  ANGLE   =      294.2988  DIHED      =     1231.4682
 VDWAALS =     -820.3133  EEL     =    -6292.6110  HBOND      =        0.0000
 1-4 VDW =      336.9949  1-4 EEL =     3523.2723  RESTRAINT  =        0.0000


   NSTEP       ENERGY          RMS            GMAX         NAME    NUMBER
   5250      -1.7343E+03     4.3276E-01     6.4682E+00     CG       1042

 BOND    =       65.0249  ANGLE   =      294.7326  DIHED      =     1231.5469
 VDWAALS =     -820.8791  EEL     =    -6366.6644  HBOND      =        0.0000
 1-4 VDW =      337.2032  1-4 EEL =     3524.7234  RESTRAINT  =        0.0000


   NSTEP       ENERGY          RMS            GMAX         NAME    NUMBER
   5300      -1.5899E+03     4.1793E-01     5.5372E+00     NE2       136

 BOND    =       65.4264  ANGLE   =      295.2896  DIHED      =     1231.0701
 VDWAALS =     -820.1562  EEL     =    -6224.0057  HBOND      =        0.0000
 1-4 VDW =      337.4155  1-4 EEL =     3525.0436  RESTRAINT  =        0.0000


   NSTEP       ENERGY          RMS            GMAX         NAME    NUMBER
   5350      -1.7064E+03     4.2568E-01     6.1938E+00     CG        267

 BOND    =       65.1475  ANGLE   =      295.0128  DIHED      =     1231.2364
 VDWAALS =     -820.0366  EEL     =    -6338.9181  HBOND      =        0.0000
 1-4 VDW =      337.1232  1-4 EEL =     3524.0641  RESTRAINT  =        0.0000


   NSTEP       ENERGY          RMS            GMAX         NAME    NUMBER
   5400      -1.7044E+03     4.3449E-01     5.0847E+00     NE2       136

 BOND    =       65.7090  ANGLE   =      294.7453  DIHED      =     1231.4910
 VDWAALS =     -819.7077  EEL     =    -6336.2024  HBOND      =        0.0000
 1-4 VDW =      336.8787  1-4 EEL =     3522.7171  RESTRAINT  =        0.0000


   NSTEP       ENERGY          RMS            GMAX         NAME    NUMBER
   5450      -1.7369E+03     4.2108E-01     5.7460E+00     CG        267

 BOND    =       65.2320  ANGLE   =      294.9878  DIHED      =     1231.5538
 VDWAALS =     -820.0794  EEL     =    -6370.5276  HBOND      =        0.0000
 1-4 VDW =      337.2086  1-4 EEL =     3524.7266  RESTRAINT  =        0.0000


   NSTEP       ENERGY          RMS            GMAX         NAME    NUMBER
   5500      -1.7355E+03     4.6510E-01     6.2713E+00     NH1       647

 BOND    =       65.3710  ANGLE   =      294.8712  DIHED      =     1231.2422
 VDWAALS =     -820.2157  EEL     =    -6369.7426  HBOND      =        0.0000
 1-4 VDW =      337.4585  1-4 EEL =     3525.5396  RESTRAINT  =        0.0000


   NSTEP       ENERGY          RMS            GMAX         NAME    NUMBER
   5550      -1.6793E+03     4.9373E-01     6.8670E+00     CG        267

 BOND    =       64.9008  ANGLE   =      294.6220  DIHED      =     1231.2573
 VDWAALS =     -820.2648  EEL     =    -6312.8486  HBOND      =        0.0000
 1-4 VDW =      337.3461  1-4 EEL =     3525.7253  RESTRAINT  =        0.0000


   NSTEP       ENERGY          RMS            GMAX         NAME    NUMBER
   5600      -1.7177E+03     3.7981E-01     4.5940E+00     NH1       647

 BOND    =       65.0695  ANGLE   =      294.8528  DIHED      =     1231.1992
 VDWAALS =     -820.8193  EEL     =    -6349.6484  HBOND      =        0.0000
 1-4 VDW =      337.1095  1-4 EEL =     3524.5304  RESTRAINT  =        0.0000


   NSTEP       ENERGY          RMS            GMAX         NAME    NUMBER
   5650      -1.7843E+03     4.5574E-01     5.7201E+00     CG        267

 BOND    =       65.1150  ANGLE   =      294.9435  DIHED      =     1231.1845
 VDWAALS =     -819.9431  EEL     =    -6418.0018  HBOND      =        0.0000
 1-4 VDW =      337.6357  1-4 EEL =     3524.7706  RESTRAINT  =        0.0000


   NSTEP       ENERGY          RMS            GMAX         NAME    NUMBER
   5700      -1.6347E+03     4.5845E-01     6.5087E+00     CG       1042

 BOND    =       65.3399  ANGLE   =      294.9697  DIHED      =     1231.1269
 VDWAALS =     -819.6068  EEL     =    -6269.9485  HBOND      =        0.0000
 1-4 VDW =      337.7425  1-4 EEL =     3525.6278  RESTRAINT  =        0.0000


   NSTEP       ENERGY          RMS            GMAX         NAME    NUMBER
   5750      -1.7227E+03     4.3227E-01     4.9075E+00     CG        267

 BOND    =       65.2240  ANGLE   =      294.6096  DIHED      =     1231.1895
 VDWAALS =     -820.3861  EEL     =    -6356.3620  HBOND      =        0.0000
 1-4 VDW =      337.3347  1-4 EEL =     3525.7111  RESTRAINT  =        0.0000


   NSTEP       ENERGY          RMS            GMAX         NAME    NUMBER
   5800      -1.8423E+03     4.1770E-01     4.8447E+00     NH1       647

 BOND    =       65.0329  ANGLE   =      294.4369  DIHED      =     1231.1689
 VDWAALS =     -820.7921  EEL     =    -6474.3259  HBOND      =        0.0000
 1-4 VDW =      337.3502  1-4 EEL =     3524.8328  RESTRAINT  =        0.0000


   NSTEP       ENERGY          RMS            GMAX         NAME    NUMBER
   5850      -1.7555E+03     3.9106E-01     5.4193E+00     CG       1042

 BOND    =       65.0980  ANGLE   =      294.9343  DIHED      =     1231.1001
 VDWAALS =     -820.7991  EEL     =    -6389.0098  HBOND      =        0.0000
 1-4 VDW =      337.6426  1-4 EEL =     3525.5806  RESTRAINT  =        0.0000


   NSTEP       ENERGY          RMS            GMAX         NAME    NUMBER
   5900      -1.5725E+03     5.0550E-01     5.3507E+00     CG        267

 BOND    =       65.6076  ANGLE   =      294.8135  DIHED      =     1230.9624
 VDWAALS =     -820.7964  EEL     =    -6205.5585  HBOND      =        0.0000
 1-4 VDW =      337.4908  1-4 EEL =     3524.9672  RESTRAINT  =        0.0000


   NSTEP       ENERGY          RMS            GMAX         NAME    NUMBER
   5950      -1.5984E+03     4.0395E-01     6.2217E+00     CG        267

 BOND    =       65.0649  ANGLE   =      294.9613  DIHED      =     1231.0712
 VDWAALS =     -821.2172  EEL     =    -6231.0927  HBOND      =        0.0000
 1-4 VDW =      337.3966  1-4 EEL =     3525.4563  RESTRAINT  =        0.0000


   NSTEP       ENERGY          RMS            GMAX         NAME    NUMBER
   6000      -1.7283E+03     4.5730E-01     4.6452E+00     NE2       626

 BOND    =       65.2142  ANGLE   =      295.0554  DIHED      =     1230.8823
 VDWAALS =     -821.4531  EEL     =    -6358.7954  HBOND      =        0.0000
 1-4 VDW =      337.1587  1-4 EEL =     3523.6277  RESTRAINT  =        0.0000


   NSTEP       ENERGY          RMS            GMAX         NAME    NUMBER
   6050      -1.7040E+03     3.8105E-01     6.1556E+00     CD       1666

 BOND    =       65.0027  ANGLE   =      295.1397  DIHED      =     1230.9529
 VDWAALS =     -821.1359  EEL     =    -6336.7803  HBOND      =        0.0000
 1-4 VDW =      337.6447  1-4 EEL =     3525.1903  RESTRAINT  =        0.0000


   NSTEP       ENERGY          RMS            GMAX         NAME    NUMBER
   6100      -1.6267E+03     4.7012E-01     6.1001E+00     NH1       647

 BOND    =       65.8621  ANGLE   =      295.5592  DIHED      =     1230.8327
 VDWAALS =     -820.0986  EEL     =    -6261.1309  HBOND      =        0.0000
 1-4 VDW =      337.5310  1-4 EEL =     3524.7427  RESTRAINT  =        0.0000


   NSTEP       ENERGY          RMS            GMAX         NAME    NUMBER
   6150      -1.7084E+03     4.3169E-01     6.5803E+00     CG        267

 BOND    =       65.2214  ANGLE   =      294.5516  DIHED      =     1231.3485
 VDWAALS =     -821.6382  EEL     =    -6340.3213  HBOND      =        0.0000
 1-4 VDW =      337.3443  1-4 EEL =     3525.1336  RESTRAINT  =        0.0000


   NSTEP       ENERGY          RMS            GMAX         NAME    NUMBER
   6200      -1.5857E+03     4.5187E-01     5.1129E+00     NH1       647

 BOND    =       65.1594  ANGLE   =      295.4359  DIHED      =     1231.0776
 VDWAALS =     -821.9337  EEL     =    -6217.8727  HBOND      =        0.0000
 1-4 VDW =      337.2746  1-4 EEL =     3525.1537  RESTRAINT  =        0.0000


   NSTEP       ENERGY          RMS            GMAX         NAME    NUMBER
   6250      -1.7186E+03     4.2661E-01     6.2520E+00     CG        267

 BOND    =       65.3216  ANGLE   =      295.0873  DIHED      =     1231.4555
 VDWAALS =     -821.1594  EEL     =    -6351.3747  HBOND      =        0.0000
 1-4 VDW =      337.5442  1-4 EEL =     3524.5259  RESTRAINT  =        0.0000


   NSTEP       ENERGY          RMS            GMAX         NAME    NUMBER
   6300      -1.7021E+03     4.9567E-01     4.4121E+00     ND2       738

 BOND    =       65.5776  ANGLE   =      295.0966  DIHED      =     1231.1927
 VDWAALS =     -820.3262  EEL     =    -6335.9566  HBOND      =        0.0000
 1-4 VDW =      337.6087  1-4 EEL =     3524.7411  RESTRAINT  =        0.0000


   NSTEP       ENERGY          RMS            GMAX         NAME    NUMBER
   6350      -1.6281E+03     3.9660E-01     5.7561E+00     CG        267

 BOND    =       65.1816  ANGLE   =      294.8938  DIHED      =     1231.4285
 VDWAALS =     -821.4605  EEL     =    -6260.8362  HBOND      =        0.0000
 1-4 VDW =      337.3477  1-4 EEL =     3525.3840  RESTRAINT  =        0.0000


   NSTEP       ENERGY          RMS            GMAX         NAME    NUMBER
   6400      -1.6729E+03     4.8471E-01     5.8294E+00     NE2       136

 BOND    =       65.1948  ANGLE   =      294.9944  DIHED      =     1231.1863
 VDWAALS =     -821.9982  EEL     =    -6303.9369  HBOND      =        0.0000
 1-4 VDW =      337.3439  1-4 EEL =     3524.3262  RESTRAINT  =        0.0000


   NSTEP       ENERGY          RMS            GMAX         NAME    NUMBER
   6450      -1.6255E+03     4.2888E-01     6.6416E+00     CG        267

 BOND    =       65.4227  ANGLE   =      295.1631  DIHED      =     1231.1439
 VDWAALS =     -821.4750  EEL     =    -6257.8386  HBOND      =        0.0000
 1-4 VDW =      337.5211  1-4 EEL =     3524.5446  RESTRAINT  =        0.0000


   NSTEP       ENERGY          RMS            GMAX         NAME    NUMBER
   6500      -1.6323E+03     4.3764E-01     4.1034E+00     NE2       626

 BOND    =       65.8139  ANGLE   =      295.4394  DIHED      =     1231.2443
 VDWAALS =     -820.3683  EEL     =    -6265.8811  HBOND      =        0.0000
 1-4 VDW =      337.4741  1-4 EEL =     3523.9651  RESTRAINT  =        0.0000


   NSTEP       ENERGY          RMS            GMAX         NAME    NUMBER
   6550      -1.6772E+03     4.0505E-01     6.1493E+00     CG        267

 BOND    =       65.1082  ANGLE   =      294.8965  DIHED      =     1231.4722
 VDWAALS =     -821.6504  EEL     =    -6309.7677  HBOND      =        0.0000
 1-4 VDW =      337.5119  1-4 EEL =     3525.2759  RESTRAINT  =        0.0000


   NSTEP       ENERGY          RMS            GMAX         NAME    NUMBER
   6600      -1.6787E+03     4.2437E-01     4.3560E+00     ND2       738

 BOND    =       65.2648  ANGLE   =      294.8758  DIHED      =     1231.3703
 VDWAALS =     -822.2876  EEL     =    -6309.2259  HBOND      =        0.0000
 1-4 VDW =      337.4572  1-4 EEL =     3523.8274  RESTRAINT  =        0.0000


   NSTEP       ENERGY          RMS            GMAX         NAME    NUMBER
   6650      -1.6507E+03     4.7195E-01     7.1011E+00     CG        267

 BOND    =       65.4996  ANGLE   =      295.1421  DIHED      =     1231.1866
 VDWAALS =     -821.1358  EEL     =    -6282.8388  HBOND      =        0.0000
 1-4 VDW =      337.7596  1-4 EEL =     3523.6501  RESTRAINT  =        0.0000


   NSTEP       ENERGY          RMS            GMAX         NAME    NUMBER
   6700      -1.7218E+03     4.4891E-01     4.9604E+00     CG       1042

 BOND    =       65.6734  ANGLE   =      295.5936  DIHED      =     1231.1318
 VDWAALS =     -821.0723  EEL     =    -6354.7421  HBOND      =        0.0000
 1-4 VDW =      337.7693  1-4 EEL =     3523.8491  RESTRAINT  =        0.0000


   NSTEP       ENERGY          RMS            GMAX         NAME    NUMBER
   6750      -1.7840E+03     4.2928E-01     5.5243E+00     CG        267

 BOND    =       65.1897  ANGLE   =      294.6759  DIHED      =     1231.3922
 VDWAALS =     -821.1730  EEL     =    -6416.7182  HBOND      =        0.0000
 1-4 VDW =      337.4003  1-4 EEL =     3525.2486  RESTRAINT  =        0.0000


   NSTEP       ENERGY          RMS            GMAX         NAME    NUMBER
   6800      -1.7148E+03     4.3773E-01     5.7872E+00     CG       1042

 BOND    =       65.2181  ANGLE   =      294.5808  DIHED      =     1231.1550
 VDWAALS =     -822.7671  EEL     =    -6344.7836  HBOND      =        0.0000
 1-4 VDW =      337.2350  1-4 EEL =     3524.5213  RESTRAINT  =        0.0000


   NSTEP       ENERGY          RMS            GMAX         NAME    NUMBER
   6850      -1.6530E+03     4.6727E-01     5.5144E+00     CG        267

 BOND    =       65.3069  ANGLE   =      295.1860  DIHED      =     1231.7488
 VDWAALS =     -822.5445  EEL     =    -6284.0644  HBOND      =        0.0000
 1-4 VDW =      337.5084  1-4 EEL =     3523.8569  RESTRAINT  =        0.0000


   NSTEP       ENERGY          RMS            GMAX         NAME    NUMBER
   6900      -1.7386E+03     4.1747E-01     4.8692E+00     CG       1042

 BOND    =       65.5001  ANGLE   =      295.9403  DIHED      =     1231.1323
 VDWAALS =     -821.3434  EEL     =    -6371.2490  HBOND      =        0.0000
 1-4 VDW =      337.6803  1-4 EEL =     3523.6947  RESTRAINT  =        0.0000


   NSTEP       ENERGY          RMS            GMAX         NAME    NUMBER
   6950      -1.6614E+03     4.5950E-01     5.4785E+00     CG        267

 BOND    =       65.3611  ANGLE   =      295.0623  DIHED      =     1231.5692
 VDWAALS =     -821.9143  EEL     =    -6293.2007  HBOND      =        0.0000
 1-4 VDW =      337.5252  1-4 EEL =     3524.2254  RESTRAINT  =        0.0000


   NSTEP       ENERGY          RMS            GMAX         NAME    NUMBER
   7000      -1.6686E+03     4.5617E-01     5.3897E+00     CG       1042

 BOND    =       65.2401  ANGLE   =      294.8432  DIHED      =     1231.6776
 VDWAALS =     -822.6993  EEL     =    -6298.6306  HBOND      =        0.0000
 1-4 VDW =      337.2892  1-4 EEL =     3523.6926  RESTRAINT  =        0.0000


   NSTEP       ENERGY          RMS            GMAX         NAME    NUMBER
   7050      -1.6953E+03     4.0074E-01     5.4291E+00     CG        267

 BOND    =       65.0913  ANGLE   =      295.2829  DIHED      =     1231.4897
 VDWAALS =     -822.5758  EEL     =    -6325.8131  HBOND      =        0.0000
 1-4 VDW =      337.6409  1-4 EEL =     3523.6229  RESTRAINT  =        0.0000


   NSTEP       ENERGY          RMS            GMAX         NAME    NUMBER
   7100      -1.6329E+03     4.6774E-01     4.4495E+00     CG        267

 BOND    =       65.5320  ANGLE   =      295.6271  DIHED      =     1231.2553
 VDWAALS =     -821.3042  EEL     =    -6265.1814  HBOND      =        0.0000
 1-4 VDW =      337.6203  1-4 EEL =     3523.5098  RESTRAINT  =        0.0000


   NSTEP       ENERGY          RMS            GMAX         NAME    NUMBER
   7150      -1.7015E+03     4.7117E-01     7.0780E+00     CG        267

 BOND    =       65.3448  ANGLE   =      295.1266  DIHED      =     1231.4004
 VDWAALS =     -821.7026  EEL     =    -6333.6156  HBOND      =        0.0000
 1-4 VDW =      337.3204  1-4 EEL =     3524.5776  RESTRAINT  =        0.0000


   NSTEP       ENERGY          RMS            GMAX         NAME    NUMBER
   7200      -1.8490E+03     4.4393E-01     6.2579E+00     NE2       136

 BOND    =       65.2346  ANGLE   =      294.8816  DIHED      =     1231.6362
 VDWAALS =     -823.3591  EEL     =    -6478.2632  HBOND      =        0.0000
 1-4 VDW =      337.1830  1-4 EEL =     3523.6820  RESTRAINT  =        0.0000


   NSTEP       ENERGY          RMS            GMAX         NAME    NUMBER
   7250      -1.9157E+03     4.2260E-01     5.9468E+00     CD       1666

 BOND    =       65.1989  ANGLE   =      295.4667  DIHED      =     1231.5691
 VDWAALS =     -822.3016  EEL     =    -6546.7569  HBOND      =        0.0000
 1-4 VDW =      337.5423  1-4 EEL =     3523.6230  RESTRAINT  =        0.0000


   NSTEP       ENERGY          RMS            GMAX         NAME    NUMBER
   7300      -1.7620E+03     4.8686E-01     5.7729E+00     NH1       647

 BOND    =       65.3756  ANGLE   =      295.7223  DIHED      =     1231.0073
 VDWAALS =     -820.1458  EEL     =    -6396.4449  HBOND      =        0.0000
 1-4 VDW =      337.7651  1-4 EEL =     3524.6735  RESTRAINT  =        0.0000


   NSTEP       ENERGY          RMS            GMAX         NAME    NUMBER
   7350      -1.6574E+03     4.3750E-01     6.9468E+00     CG        267

 BOND    =       65.4791  ANGLE   =      294.8523  DIHED      =     1231.6102
 VDWAALS =     -821.4956  EEL     =    -6289.6988  HBOND      =        0.0000
 1-4 VDW =      337.4363  1-4 EEL =     3524.4332  RESTRAINT  =        0.0000


   NSTEP       ENERGY          RMS            GMAX         NAME    NUMBER
   7400      -1.7295E+03     4.1373E-01     5.5197E+00     NE2       136

 BOND    =       65.2472  ANGLE   =      295.3066  DIHED      =     1231.6947
 VDWAALS =     -822.6278  EEL     =    -6360.3501  HBOND      =        0.0000
 1-4 VDW =      337.4575  1-4 EEL =     3523.7329  RESTRAINT  =        0.0000


   NSTEP       ENERGY          RMS            GMAX         NAME    NUMBER
   7450      -1.8236E+03     4.4235E-01     6.7967E+00     CG        267

 BOND    =       65.2852  ANGLE   =      295.4353  DIHED      =     1231.7087
 VDWAALS =     -822.1992  EEL     =    -6455.1454  HBOND      =        0.0000
 1-4 VDW =      337.5530  1-4 EEL =     3523.7620  RESTRAINT  =        0.0000


   NSTEP       ENERGY          RMS            GMAX         NAME    NUMBER
   7500      -1.5758E+03     4.6795E-01     3.9812E+00     CZ2       456

 BOND    =       65.7166  ANGLE   =      295.8629  DIHED      =     1231.5413
 VDWAALS =     -821.7948  EEL     =    -6208.8696  HBOND      =        0.0000
 1-4 VDW =      337.5725  1-4 EEL =     3524.1583  RESTRAINT  =        0.0000


   NSTEP       ENERGY          RMS            GMAX         NAME    NUMBER
   7550      -1.7420E+03     4.1135E-01     6.7710E+00     CG        267

 BOND    =       65.1977  ANGLE   =      295.5971  DIHED      =     1231.8907
 VDWAALS =     -822.1007  EEL     =    -6374.6695  HBOND      =        0.0000
 1-4 VDW =      337.4137  1-4 EEL =     3524.6298  RESTRAINT  =        0.0000


   NSTEP       ENERGY          RMS            GMAX         NAME    NUMBER
   7600      -1.7189E+03     4.5190E-01     5.6905E+00     NH1       647

 BOND    =       65.0280  ANGLE   =      295.2287  DIHED      =     1231.4768
 VDWAALS =     -822.5176  EEL     =    -6349.9231  HBOND      =        0.0000
 1-4 VDW =      337.5054  1-4 EEL =     3524.2954  RESTRAINT  =        0.0000


   NSTEP       ENERGY          RMS            GMAX         NAME    NUMBER
   7650      -1.6807E+03     4.4853E-01     7.1968E+00     CG        267

 BOND    =       64.9850  ANGLE   =      296.0739  DIHED      =     1231.9031
 VDWAALS =     -822.4115  EEL     =    -6312.9338  HBOND      =        0.0000
 1-4 VDW =      337.5216  1-4 EEL =     3524.1119  RESTRAINT  =        0.0000


   NSTEP       ENERGY          RMS            GMAX         NAME    NUMBER
   7700      -1.6857E+03     4.4670E-01     4.1793E+00     OG       1430

 BOND    =       65.6042  ANGLE   =      296.5913  DIHED      =     1231.4951
 VDWAALS =     -821.4839  EEL     =    -6319.0328  HBOND      =        0.0000
 1-4 VDW =      337.4902  1-4 EEL =     3523.6234  RESTRAINT  =        0.0000


   NSTEP       ENERGY          RMS            GMAX         NAME    NUMBER
   7750      -1.6765E+03     4.1022E-01     6.7938E+00     CG        267

 BOND    =       65.3283  ANGLE   =      295.7632  DIHED      =     1231.7783
 VDWAALS =     -822.0285  EEL     =    -6308.3793  HBOND      =        0.0000
 1-4 VDW =      337.3895  1-4 EEL =     3523.6343  RESTRAINT  =        0.0000


   NSTEP       ENERGY          RMS            GMAX         NAME    NUMBER
   7800      -1.8192E+03     4.6034E-01     3.9883E+00     OG1       988

 BOND    =       64.9989  ANGLE   =      295.2574  DIHED      =     1231.6978
 VDWAALS =     -822.2508  EEL     =    -6450.6570  HBOND      =        0.0000
 1-4 VDW =      337.5464  1-4 EEL =     3524.1880  RESTRAINT  =        0.0000


   NSTEP       ENERGY          RMS            GMAX         NAME    NUMBER
   7850      -1.7649E+03     4.0799E-01     5.9885E+00     CG        267

 BOND    =       65.2960  ANGLE   =      295.9639  DIHED      =     1231.8871
 VDWAALS =     -821.9603  EEL     =    -6397.0443  HBOND      =        0.0000
 1-4 VDW =      337.4915  1-4 EEL =     3523.4237  RESTRAINT  =        0.0000


   NSTEP       ENERGY          RMS            GMAX         NAME    NUMBER
   7900      -1.6510E+03     4.5289E-01     3.8900E+00     O         214

 BOND    =       65.7498  ANGLE   =      296.7510  DIHED      =     1231.8864
 VDWAALS =     -821.4141  EEL     =    -6283.9509  HBOND      =        0.0000
 1-4 VDW =      337.1607  1-4 EEL =     3522.8093  RESTRAINT  =        0.0000


   NSTEP       ENERGY          RMS            GMAX         NAME    NUMBER
   7950      -1.6222E+03     4.5683E-01     7.7302E+00     CG        267

 BOND    =       65.3174  ANGLE   =      296.2705  DIHED      =     1231.9885
 VDWAALS =     -821.7444  EEL     =    -6255.2840  HBOND      =        0.0000
 1-4 VDW =      337.1254  1-4 EEL =     3524.0809  RESTRAINT  =        0.0000


   NSTEP       ENERGY          RMS            GMAX         NAME    NUMBER
   8000      -1.8701E+03     4.6476E-01     5.5229E+00     NH1       647

 BOND    =       65.2901  ANGLE   =      295.9965  DIHED      =     1232.0469
 VDWAALS =     -822.5259  EEL     =    -6501.5989  HBOND      =        0.0000
 1-4 VDW =      337.0305  1-4 EEL =     3523.6469  RESTRAINT  =        0.0000


   NSTEP       ENERGY          RMS            GMAX         NAME    NUMBER
   8050      -1.7853E+03     4.1585E-01     6.7956E+00     CG        267

 BOND    =       65.2004  ANGLE   =      296.7239  DIHED      =     1232.2483
 VDWAALS =     -822.5952  EEL     =    -6417.2715  HBOND      =        0.0000
 1-4 VDW =      337.3242  1-4 EEL =     3523.0854  RESTRAINT  =        0.0000


   NSTEP       ENERGY          RMS            GMAX         NAME    NUMBER
   8100      -1.6575E+03     5.0126E-01     5.6818E+00     NH1       647

 BOND    =       65.7973  ANGLE   =      297.6453  DIHED      =     1231.9784
 VDWAALS =     -820.9568  EEL     =    -6291.1372  HBOND      =        0.0000
 1-4 VDW =      336.9185  1-4 EEL =     3522.2173  RESTRAINT  =        0.0000


   NSTEP       ENERGY          RMS            GMAX         NAME    NUMBER
   8150      -1.6970E+03     4.5517E-01     6.8701E+00     CG        267

 BOND    =       65.3784  ANGLE   =      296.5405  DIHED      =     1232.0590
 VDWAALS =     -821.6046  EEL     =    -6330.0841  HBOND      =        0.0000
 1-4 VDW =      336.8683  1-4 EEL =     3523.8114  RESTRAINT  =        0.0000


   NSTEP       ENERGY          RMS            GMAX         NAME    NUMBER
   8200      -1.8160E+03     4.3422E-01     4.1421E+00     NH1      1575

 BOND    =       65.3298  ANGLE   =      296.6885  DIHED      =     1232.0942
 VDWAALS =     -822.1348  EEL     =    -6448.8571  HBOND      =        0.0000
 1-4 VDW =      336.9039  1-4 EEL =     3524.0192  RESTRAINT  =        0.0000


   NSTEP       ENERGY          RMS            GMAX         NAME    NUMBER
   8250      -1.9542E+03     3.8318E-01     6.1966E+00     CG        267

 BOND    =       65.6206  ANGLE   =      297.1665  DIHED      =     1232.0613
 VDWAALS =     -820.9626  EEL     =    -6587.8036  HBOND      =        0.0000
 1-4 VDW =      337.0442  1-4 EEL =     3522.7033  RESTRAINT  =        0.0000


   NSTEP       ENERGY          RMS            GMAX         NAME    NUMBER
   8300      -1.5809E+03     5.1909E-01     6.4036E+00     NH1       647

 BOND    =       65.8821  ANGLE   =      297.2418  DIHED      =     1232.1768
 VDWAALS =     -820.0410  EEL     =    -6215.5501  HBOND      =        0.0000
 1-4 VDW =      337.0137  1-4 EEL =     3522.4139  RESTRAINT  =        0.0000


   NSTEP       ENERGY          RMS            GMAX         NAME    NUMBER
   8350      -1.5918E+03     4.6273E-01     6.2099E+00     CG        267

 BOND    =       65.4148  ANGLE   =      296.8783  DIHED      =     1232.4091
 VDWAALS =     -820.9761  EEL     =    -6225.3432  HBOND      =        0.0000
 1-4 VDW =      336.8960  1-4 EEL =     3522.8739  RESTRAINT  =        0.0000


   NSTEP       ENERGY          RMS            GMAX         NAME    NUMBER
   8400      -2.0158E+03     4.4695E-01     6.1747E+00     CG       1042

 BOND    =       65.8419  ANGLE   =      297.3115  DIHED      =     1232.0621
 VDWAALS =     -822.6020  EEL     =    -6646.7495  HBOND      =        0.0000
 1-4 VDW =      336.7507  1-4 EEL =     3521.5950  RESTRAINT  =        0.0000


   NSTEP       ENERGY          RMS            GMAX         NAME    NUMBER
   8450      -1.8984E+03     4.5871E-01     5.8806E+00     CG       1042

 BOND    =       65.6159  ANGLE   =      297.4066  DIHED      =     1232.3443
 VDWAALS =     -821.9512  EEL     =    -6530.6230  HBOND      =        0.0000
 1-4 VDW =      336.7465  1-4 EEL =     3522.0337  RESTRAINT  =        0.0000


   NSTEP       ENERGY          RMS            GMAX         NAME    NUMBER
   8500      -1.5251E+03     4.7589E-01     7.5608E+00     CG       1042

 BOND    =       65.9800  ANGLE   =      297.5736  DIHED      =     1232.4690
 VDWAALS =     -820.1832  EEL     =    -6158.5871  HBOND      =        0.0000
 1-4 VDW =      336.6917  1-4 EEL =     3520.9084  RESTRAINT  =        0.0000


   NSTEP       ENERGY          RMS            GMAX         NAME    NUMBER
   8550      -1.5933E+03     4.6727E-01     5.7411E+00     NH1       647

 BOND    =       65.5273  ANGLE   =      297.3402  DIHED      =     1232.1952
 VDWAALS =     -821.5755  EEL     =    -6225.4177  HBOND      =        0.0000
 1-4 VDW =      336.7667  1-4 EEL =     3521.8518  RESTRAINT  =        0.0000


   NSTEP       ENERGY          RMS            GMAX         NAME    NUMBER
   8600      -1.7178E+03     4.8983E-01     6.9756E+00     CG       1042

 BOND    =       65.6147  ANGLE   =      297.0872  DIHED      =     1231.5860
 VDWAALS =     -822.5346  EEL     =    -6348.2562  HBOND      =        0.0000
 1-4 VDW =      336.7553  1-4 EEL =     3521.9235  RESTRAINT  =        0.0000


   NSTEP       ENERGY          RMS            GMAX         NAME    NUMBER
   8650      -1.9242E+03     4.0459E-01     4.7733E+00     CG        267

 BOND    =       65.5383  ANGLE   =      297.2120  DIHED      =     1232.4136
 VDWAALS =     -821.5984  EEL     =    -6556.5327  HBOND      =        0.0000
 1-4 VDW =      336.6023  1-4 EEL =     3522.1553  RESTRAINT  =        0.0000


   NSTEP       ENERGY          RMS            GMAX         NAME    NUMBER
   8700      -1.7570E+03     4.8994E-01     7.1224E+00     CG       1042

 BOND    =       66.1234  ANGLE   =      297.1334  DIHED      =     1232.8254
 VDWAALS =     -820.5837  EEL     =    -6390.3498  HBOND      =        0.0000
 1-4 VDW =      336.5687  1-4 EEL =     3521.3317  RESTRAINT  =        0.0000


   NSTEP       ENERGY          RMS            GMAX         NAME    NUMBER
   8750      -1.6798E+03     3.9484E-01     5.4612E+00     NH1       647

 BOND    =       65.4968  ANGLE   =      297.6529  DIHED      =     1232.5406
 VDWAALS =     -822.0338  EEL     =    -6311.5697  HBOND      =        0.0000
 1-4 VDW =      336.3565  1-4 EEL =     3521.7083  RESTRAINT  =        0.0000


   NSTEP       ENERGY          RMS            GMAX         NAME    NUMBER
   8800      -1.8052E+03     4.6935E-01     7.0503E+00     CG       1042

 BOND    =       65.5946  ANGLE   =      297.1757  DIHED      =     1232.5114
 VDWAALS =     -822.6528  EEL     =    -6435.5762  HBOND      =        0.0000
 1-4 VDW =      336.4422  1-4 EEL =     3521.3355  RESTRAINT  =        0.0000


   NSTEP       ENERGY          RMS            GMAX         NAME    NUMBER
   8850      -1.7433E+03     4.7506E-01     5.0296E+00     CG        267

 BOND    =       65.5326  ANGLE   =      298.1294  DIHED      =     1233.0516
 VDWAALS =     -821.6467  EEL     =    -6376.2696  HBOND      =        0.0000
 1-4 VDW =      336.5273  1-4 EEL =     3521.3643  RESTRAINT  =        0.0000


   NSTEP       ENERGY          RMS            GMAX         NAME    NUMBER
   8900      -1.7341E+03     4.8249E-01     7.3364E+00     CG       1042

 BOND    =       66.2821  ANGLE   =      298.2654  DIHED      =     1233.0853
 VDWAALS =     -820.7104  EEL     =    -6368.5176  HBOND      =        0.0000
 1-4 VDW =      336.4518  1-4 EEL =     3521.0444  RESTRAINT  =        0.0000


   NSTEP       ENERGY          RMS            GMAX         NAME    NUMBER
   8950      -1.6292E+03     3.9351E-01     4.7212E+00     NH1       647

 BOND    =       65.5014  ANGLE   =      297.5521  DIHED      =     1232.8034
 VDWAALS =     -821.5821  EEL     =    -6262.1965  HBOND      =        0.0000
 1-4 VDW =      336.4826  1-4 EEL =     3522.2884  RESTRAINT  =        0.0000


   NSTEP       ENERGY          RMS            GMAX         NAME    NUMBER
   9000      -1.8675E+03     4.6213E-01     5.4307E+00     NH1       647

 BOND    =       65.4223  ANGLE   =      297.5473  DIHED      =     1232.6321
 VDWAALS =     -822.2085  EEL     =    -6500.1181  HBOND      =        0.0000
 1-4 VDW =      336.5220  1-4 EEL =     3522.7259  RESTRAINT  =        0.0000


   NSTEP       ENERGY          RMS            GMAX         NAME    NUMBER
   9050      -1.8019E+03     4.2865E-01     6.7927E+00     NH1       647

 BOND    =       65.5562  ANGLE   =      298.2161  DIHED      =     1233.2138
 VDWAALS =     -821.5645  EEL     =    -6435.2007  HBOND      =        0.0000
 1-4 VDW =      336.6543  1-4 EEL =     3521.2005  RESTRAINT  =        0.0000


   NSTEP       ENERGY          RMS            GMAX         NAME    NUMBER
   9100      -1.6835E+03     4.6597E-01     7.1063E+00     CG       1042

 BOND    =       66.0034  ANGLE   =      298.3543  DIHED      =     1233.2973
 VDWAALS =     -820.5003  EEL     =    -6318.3897  HBOND      =        0.0000
 1-4 VDW =      336.5495  1-4 EEL =     3521.2159  RESTRAINT  =        0.0000


   NSTEP       ENERGY          RMS            GMAX         NAME    NUMBER
   9150      -1.6663E+03     4.2300E-01     5.0172E+00     NH1       647

 BOND    =       65.3719  ANGLE   =      297.9273  DIHED      =     1233.1435
 VDWAALS =     -821.6009  EEL     =    -6299.8926  HBOND      =        0.0000
 1-4 VDW =      336.3782  1-4 EEL =     3522.3494  RESTRAINT  =        0.0000


   NSTEP       ENERGY          RMS            GMAX         NAME    NUMBER
   9200      -1.6958E+03     5.0515E-01     7.6535E+00     CG       1042

 BOND    =       65.5648  ANGLE   =      297.8224  DIHED      =     1233.1633
 VDWAALS =     -822.2558  EEL     =    -6328.1121  HBOND      =        0.0000
 1-4 VDW =      336.3274  1-4 EEL =     3521.7295  RESTRAINT  =        0.0000


   NSTEP       ENERGY          RMS            GMAX         NAME    NUMBER
   9250      -1.8638E+03     4.0007E-01     5.5644E+00     NH1       647

 BOND    =       65.3072  ANGLE   =      298.1755  DIHED      =     1233.5203
 VDWAALS =     -821.0728  EEL     =    -6497.9836  HBOND      =        0.0000
 1-4 VDW =      336.5618  1-4 EEL =     3521.7125  RESTRAINT  =        0.0000


   NSTEP       ENERGY          RMS            GMAX         NAME    NUMBER
   9300      -1.7448E+03     4.8954E-01     7.6131E+00     CG       1042

 BOND    =       66.1845  ANGLE   =      298.4273  DIHED      =     1233.3557
 VDWAALS =     -820.5711  EEL     =    -6378.8154  HBOND      =        0.0000
 1-4 VDW =      336.5995  1-4 EEL =     3520.0059  RESTRAINT  =        0.0000


   NSTEP       ENERGY          RMS            GMAX         NAME    NUMBER
   9350      -1.8322E+03     4.0757E-01     4.8331E+00     CG        267

 BOND    =       65.3790  ANGLE   =      297.8305  DIHED      =     1233.7006
 VDWAALS =     -821.7648  EEL     =    -6465.5680  HBOND      =        0.0000
 1-4 VDW =      336.4179  1-4 EEL =     3521.8201  RESTRAINT  =        0.0000


   NSTEP       ENERGY          RMS            GMAX         NAME    NUMBER
   9400      -1.9354E+03     4.7942E-01     6.0966E+00     CG       1042

 BOND    =       65.3806  ANGLE   =      298.0494  DIHED      =     1233.5786
 VDWAALS =     -822.4691  EEL     =    -6568.1374  HBOND      =        0.0000
 1-4 VDW =      336.3299  1-4 EEL =     3521.8666  RESTRAINT  =        0.0000


   NSTEP       ENERGY          RMS            GMAX         NAME    NUMBER
   9450      -1.8157E+03     4.1924E-01     5.7266E+00     CG        267

 BOND    =       65.4442  ANGLE   =      298.4679  DIHED      =     1233.9566
 VDWAALS =     -821.8300  EEL     =    -6450.0454  HBOND      =        0.0000
 1-4 VDW =      336.4181  1-4 EEL =     3521.8545  RESTRAINT  =        0.0000


   NSTEP       ENERGY          RMS            GMAX         NAME    NUMBER
   9500      -1.7899E+03     4.4944E-01     7.4284E+00     CG       1042

 BOND    =       65.9756  ANGLE   =      298.2789  DIHED      =     1234.0727
 VDWAALS =     -821.1751  EEL     =    -6425.3732  HBOND      =        0.0000
 1-4 VDW =      336.5042  1-4 EEL =     3521.7820  RESTRAINT  =        0.0000


   NSTEP       ENERGY          RMS            GMAX         NAME    NUMBER
   9550      -1.6877E+03     5.2123E-01     6.3195E+00     CG        267

 BOND    =       65.3944  ANGLE   =      298.3077  DIHED      =     1234.3536
 VDWAALS =     -822.2297  EEL     =    -6322.5293  HBOND      =        0.0000
 1-4 VDW =      336.1663  1-4 EEL =     3522.8272  RESTRAINT  =        0.0000


   NSTEP       ENERGY          RMS            GMAX         NAME    NUMBER
   9600      -1.7009E+03     4.8936E-01     7.1694E+00     CG       1042

 BOND    =       65.5112  ANGLE   =      298.2658  DIHED      =     1234.3326
 VDWAALS =     -822.5070  EEL     =    -6335.1396  HBOND      =        0.0000
 1-4 VDW =      336.3627  1-4 EEL =     3522.2805  RESTRAINT  =        0.0000


   NSTEP       ENERGY          RMS            GMAX         NAME    NUMBER
   9650      -1.7755E+03     4.3779E-01     5.4718E+00     CG        267

 BOND    =       65.3520  ANGLE   =      298.5438  DIHED      =     1234.7349
 VDWAALS =     -821.6177  EEL     =    -6411.2220  HBOND      =        0.0000
 1-4 VDW =      336.3644  1-4 EEL =     3522.3032  RESTRAINT  =        0.0000


   NSTEP       ENERGY          RMS            GMAX         NAME    NUMBER
   9700      -1.8151E+03     5.3354E-01     8.8689E+00     CG       1042

 BOND    =       65.9722  ANGLE   =      298.8600  DIHED      =     1235.1374
 VDWAALS =     -820.5632  EEL     =    -6451.3436  HBOND      =        0.0000
 1-4 VDW =      336.1602  1-4 EEL =     3520.6428  RESTRAINT  =        0.0000


   NSTEP       ENERGY          RMS            GMAX         NAME    NUMBER
   9750      -1.7972E+03     4.0874E-01     5.1151E+00     CG       1042

 BOND    =       65.2619  ANGLE   =      298.7481  DIHED      =     1235.1411
 VDWAALS =     -821.1821  EEL     =    -6433.8238  HBOND      =        0.0000
 1-4 VDW =      336.1409  1-4 EEL =     3522.5196  RESTRAINT  =        0.0000


   NSTEP       ENERGY          RMS            GMAX         NAME    NUMBER
   9800      -1.7214E+03     4.4455E-01     6.3786E+00     CG       1042

 BOND    =       65.3230  ANGLE   =      298.1755  DIHED      =     1235.2461
 VDWAALS =     -821.6120  EEL     =    -6356.7128  HBOND      =        0.0000
 1-4 VDW =      336.0953  1-4 EEL =     3522.0916  RESTRAINT  =        0.0000


   NSTEP       ENERGY          RMS            GMAX         NAME    NUMBER
   9850      -1.6613E+03     4.8335E-01     5.6388E+00     CG        267

 BOND    =       65.1976  ANGLE   =      298.3525  DIHED      =     1235.5274
 VDWAALS =     -821.5856  EEL     =    -6297.6213  HBOND      =        0.0000
 1-4 VDW =      336.1192  1-4 EEL =     3522.6708  RESTRAINT  =        0.0000


   NSTEP       ENERGY          RMS            GMAX         NAME    NUMBER
   9900      -1.8828E+03     4.2112E-01     6.8119E+00     CG       1042

 BOND    =       65.6852  ANGLE   =      298.4553  DIHED      =     1235.9534
 VDWAALS =     -821.8160  EEL     =    -6518.5672  HBOND      =        0.0000
 1-4 VDW =      336.0520  1-4 EEL =     3521.4861  RESTRAINT  =        0.0000


   NSTEP       ENERGY          RMS            GMAX         NAME    NUMBER
   9950      -1.8488E+03     4.2544E-01     5.9415E+00     CG       1042

 BOND    =       65.5637  ANGLE   =      298.2379  DIHED      =     1235.9953
 VDWAALS =     -821.4520  EEL     =    -6484.6353  HBOND      =        0.0000
 1-4 VDW =      335.7465  1-4 EEL =     3521.7331  RESTRAINT  =        0.0000


   NSTEP       ENERGY          RMS            GMAX         NAME    NUMBER
  10000      -1.5757E+03     4.8605E-01     7.6912E+00     CG       1042

 BOND    =       65.3225  ANGLE   =      297.5854  DIHED      =     1235.6794
 VDWAALS =     -821.6599  EEL     =    -6211.8983  HBOND      =        0.0000
 1-4 VDW =      336.1766  1-4 EEL =     3523.1177  RESTRAINT  =        0.0000


  Maximum number of minimization cycles reached.


                    FINAL RESULTS



   NSTEP       ENERGY          RMS            GMAX         NAME    NUMBER
  10000      -1.5757E+03     4.8605E-01     7.6912E+00     CG       1042

 BOND    =       65.3225  ANGLE   =      297.5854  DIHED      =     1235.6794
 VDWAALS =     -821.6599  EEL     =    -6211.8983  HBOND      =        0.0000
 1-4 VDW =      336.1766  1-4 EEL =     3523.1177  RESTRAINT  =        0.0000

--------------------------------------------------------------------------------
   5.  TIMINGS
--------------------------------------------------------------------------------

|                Build the list             6.12 (99.85% of List )
|                Other                      0.01 ( 0.15% of List )
|             List time                  6.13 ( 9.29% of Nonbo)
|                   Short_ene time            58.20 (99.54% of Direc)
|                   Other                      0.27 ( 0.46% of Direc)
|                Direct Ewald time         58.47 (97.72% of Ewald)
|                Virial junk                0.01 ( 0.02% of Ewald)
|                Start synchronizatio       0.01 ( 0.01% of Ewald)
|                Other                      1.35 ( 2.25% of Ewald)
|             Ewald time                59.84 (90.69% of Nonbo)
|             IPS excludes               0.00 ( 0.01% of Nonbo)
|             Other                      0.01 ( 0.01% of Nonbo)
|          Nonbond force             65.98 (78.33% of Force)
|          Bond/Angle/Dihedral       18.18 (21.58% of Force)
|          Other                      0.08 ( 0.09% of Force)
|       Force time                84.23 (100.0% of Runmd)
|    Runmd Time                84.23 (94.82% of Total)
|    Other                      4.60 ( 5.18% of Total)
| Total time                88.83 (100.0% of ALL  )

| Number of list builds   :        501

| Highest rstack allocated:       1445
| Highest istack allocated:        289
|           Job began  at 20:35:16.457  on 12/24/2021
|           Setup done at 20:35:16.507  on 12/24/2021
|           Run   done at 20:36:45.289  on 12/24/2021
|     wallclock() was called  231035 times
