
          -------------------------------------------------------
          Amber 18 SANDER                              2018
          -------------------------------------------------------

| Run on 12/24/2021 at 19:25:02

|   Executable path: sander
| Working directory: /data/temporary-scratch/ragreer/TREM2-VitaminD3_Validation/Simulation2/TREM2_F74D-VitaminD3/step5-heating
|          Hostname: c0153

  [-O]verwriting output

File Assignments:
|  MDIN: eq-150K.in                                                            
| MDOUT: eq-150K.out                                                           
|INPCRD: TREM2_F74D-VitaminD3-eq-100K.rst                                      
|  PARM: TREM2_F74D-VitaminD3-SolvI.prmtop                                     
|RESTRT: TREM2_F74D-VitaminD3-eq-150K.rst                                      
|  REFC: refc                                                                  
| MDVEL: mdvel                                                                 
| MDFRC: mdfrc                                                                 
|  MDEN: mden                                                                  
| MDCRD: TREM2_F74D-VitaminD3-eq-150K.mdcrd                                    
|MDINFO: TREM2_F74D-VitaminD3-eq-150K.mdinfo                                   
|  MTMD: mtmd                                                                  
|INPDIP: inpdip                                                                
|RSTDIP: rstdip                                                                
|INPTRA: inptraj                                                               


 Here is the input file:

Equilibration of the whole system at 150 K for 10 ps with shake at constant volume and constant temperature
 &cntrl                                                                        
  nmropt = 0,                                                                  
  ntx = 1,	irest = 0,	ntrx = 1,	ntxo = 1,                                      
  ntpr = 1000,	ntwx = 1000,	ntwv = 1000,	ntwe = 1000,                          
  ntwr = 1000,                                                                 
                                                                               
                                                                               
  ntf = 2,	ntb = 1,                                                            
  cut = 10.0,	nsnb = 20,                                                       
                                                                               
  ibelly = 0,	ntr = 0,                                                         
                                                                               
  imin = 0,                                                                    
  nstlim = 5000,                                                               
  nscm = 500,                                                                  
  t = 0.0,	dt = 0.002,                                                         
                                                                               
  temp0 = 150.0, tempi = 150.0,                                                
  ntt = 1,                                                                     
  vrand = 0,                                                                   
  vlimit = 15.0,                                                               
                                                                               
  ntc = 2,                                                                     
 &end                                                                          

--------------------------------------------------------------------------------
   1.  RESOURCE   USE: 
--------------------------------------------------------------------------------

| Flags:                                                                        
 getting new box info from bottom of inpcrd
|  INFO: Old style inpcrd file read

| peek_ewald_inpcrd: Box info found
|Largest sphere to fit in unit cell has radius =    36.022
| New format PARM file being parsed.
| Version =    1.000 Date = 12/24/21 Time = 14:57:36
 NATOM  =   47720 NTYPES =      18 NBONH =   46749 MBONA  =     902
 NTHETH =    2019 MTHETA =    1227 NPHIH =    4172 MPHIA  =    3829
 NHPARM =       0 NPARM  =       0 NNB   =   71049 NRES   =   15483
 NBONA  =     902 NTHETA =    1227 NPHIA =    3829 NUMBND =      85
 NUMANG =     189 NPTRA  =     211 NATYP =      47 NPHB   =       1
 IFBOX  =       1 NMXRS  =      72 IFCAP =       0 NEXTRA =       0
 NCOPY  =       0


|     Memory Use     Allocated
|     Real             3236359
|     Hollerith         158645
|     Integer          1486349
|     Max Pairs       27486720
|     nblistReal        572640
|     nblist Int       1674102
|       Total           150093 kbytes

| Note: 1-4 EEL scale factors are being read from the topology file.

| Note: 1-4 VDW scale factors are being read from the topology file.
| Duplicated    0 dihedrals
| Duplicated    0 dihedrals

     BOX TYPE: RECTILINEAR

--------------------------------------------------------------------------------
   2.  CONTROL  DATA  FOR  THE  RUN
--------------------------------------------------------------------------------

default_name                                                                    

General flags:
     imin    =       0, nmropt  =       0

Nature and format of input:
     ntx     =       1, irest   =       0, ntrx    =       1

Nature and format of output:
     ntxo    =       1, ntpr    =    1000, ntrx    =       1, ntwr    =    1000
     iwrap   =       0, ntwx    =    1000, ntwv    =    1000, ntwe    =    1000
     ioutfm  =       1, ntwprt  =       0, idecomp =       0, rbornstat=      0

Potential function:
     ntf     =       2, ntb     =       1, igb     =       0, nsnb    =      20
     ipol    =       0, gbsa    =       0, iesp    =       0
     dielc   =   1.00000, cut     =  10.00000, intdiel =   1.00000

Frozen or restrained atoms:
     ibelly  =       0, ntr     =       0

Molecular dynamics:
     nstlim  =      5000, nscm    =       500, nrespa  =         1
     t       =   0.00000, dt      =   0.00200, vlimit  =  15.00000

Berendsen (weak-coupling) temperature regulation:
     temp0   = 150.00000, tempi   = 150.00000, tautp   =   1.00000

SHAKE:
     ntc     =       2, jfastw  =       0
     tol     =   0.00001

Ewald parameters:
     verbose =       0, ew_type =       0, nbflag  =       1, use_pme =       1
     vdwmeth =       1, eedmeth =       1, netfrc  =       1
     Box X =   72.044   Box Y =   75.099   Box Z =   82.145
     Alpha =   90.000   Beta  =   90.000   Gamma =   90.000
     NFFT1 =   72       NFFT2 =   75       NFFT3 =   90
     Cutoff=   10.000   Tol   =0.100E-04
     Ewald Coefficient =  0.27511
     Interpolation order =    4

--------------------------------------------------------------------------------
   3.  ATOMIC COORDINATES AND VELOCITIES
--------------------------------------------------------------------------------

default_name                                                                    
 begin time read from input coords =    10.000 ps

 Number of triangulated 3-point waters found:    15285

     Sum of charges from parm topology file =   0.00000192
     Forcing neutrality...

--------------------------------------------------------------------------------
   4.  RESULTS
--------------------------------------------------------------------------------

|  # of SOLUTE  degrees of freedom (RNDFP):   96411.
|  # of SOLVENT degrees of freedom (RNDFS):       0.
|  NDFMIN =   96408.     NUM_NOSHAKE =      0     CORRECTED RNDFP =   96408.
|  TOTAL # of degrees of freedom (RNDF) =   96408.
 ---------------------------------------------------
 APPROXIMATING switch and d/dx switch using CUBIC SPLINE INTERPOLATION
 using   5000.0 points per unit in tabled values
 TESTING RELATIVE ERROR over r ranging from 0.0 to cutoff
| CHECK switch(x): max rel err =   0.2738E-14   at   2.422500
| CHECK d/dx switch(x): max rel err =   0.8314E-11   at   2.736960
 ---------------------------------------------------
| Local SIZE OF NONBOND LIST =   18480743
| TOTAL SIZE OF NONBOND LIST =   18480743

 NSTEP =        0   TIME(PS) =       0.000  TEMP(K) =   222.65  PRESS =     0.0
 Etot   =   -170547.6839  EKtot   =     21328.1345  EPtot      =   -191875.8184
 BOND   =       138.2586  ANGLE   =       480.2864  DIHED      =      1299.0723
 1-4 NB =       352.5444  1-4 EEL =      3263.9291  VDWAALS    =     35842.6535
 EELEC  =   -233252.5628  EHBOND  =         0.0000  RESTRAINT  =         0.0000
 Ewald error estimate:   0.8312E-04
 ------------------------------------------------------------------------------

check COM velocity, temp:        0.001949     0.01(Removed)
check COM velocity, temp:        0.000000     0.00(Removed)

 NSTEP =     1000   TIME(PS) =       2.000  TEMP(K) =   138.68  PRESS =     0.0
 Etot   =   -174138.2293  EKtot   =     13284.1810  EPtot      =   -187422.4104
 BOND   =       191.3336  ANGLE   =       596.8240  DIHED      =      1314.5912
 1-4 NB =       362.8989  1-4 EEL =      3266.1645  VDWAALS    =     34189.5917
 EELEC  =   -227343.8143  EHBOND  =         0.0000  RESTRAINT  =         0.0000
 Ewald error estimate:   0.1832E-03
 ------------------------------------------------------------------------------

check COM velocity, temp:        0.000000     0.00(Removed)
check COM velocity, temp:        0.000000     0.00(Removed)

 NSTEP =     2000   TIME(PS) =       4.000  TEMP(K) =   145.81  PRESS =     0.0
 Etot   =   -172828.0792  EKtot   =     13966.9138  EPtot      =   -186794.9930
 BOND   =       186.9241  ANGLE   =       620.3883  DIHED      =      1320.4972
 1-4 NB =       360.1496  1-4 EEL =      3309.6918  VDWAALS    =     33690.0507
 EELEC  =   -226282.6948  EHBOND  =         0.0000  RESTRAINT  =         0.0000
 Ewald error estimate:   0.6265E-04
 ------------------------------------------------------------------------------

check COM velocity, temp:        0.000000     0.00(Removed)
check COM velocity, temp:        0.000000     0.00(Removed)

 NSTEP =     3000   TIME(PS) =       6.000  TEMP(K) =   148.82  PRESS =     0.0
 Etot   =   -172423.3014  EKtot   =     14255.1426  EPtot      =   -186678.4441
 BOND   =       198.9519  ANGLE   =       614.1332  DIHED      =      1332.1351
 1-4 NB =       352.7750  1-4 EEL =      3235.6295  VDWAALS    =     33276.8209
 EELEC  =   -225688.8897  EHBOND  =         0.0000  RESTRAINT  =         0.0000
 Ewald error estimate:   0.1369E-03
 ------------------------------------------------------------------------------

check COM velocity, temp:        0.000000     0.00(Removed)
check COM velocity, temp:        0.000000     0.00(Removed)

 NSTEP =     4000   TIME(PS) =       8.000  TEMP(K) =   149.97  PRESS =     0.0
 Etot   =   -172347.1914  EKtot   =     14365.6023  EPtot      =   -186712.7937
 BOND   =       201.5516  ANGLE   =       598.3851  DIHED      =      1318.0781
 1-4 NB =       358.8085  1-4 EEL =      3278.9034  VDWAALS    =     33034.2657
 EELEC  =   -225502.7863  EHBOND  =         0.0000  RESTRAINT  =         0.0000
 Ewald error estimate:   0.5097E-04
 ------------------------------------------------------------------------------

check COM velocity, temp:        0.000000     0.00(Removed)
check COM velocity, temp:        0.000000     0.00(Removed)

 NSTEP =     5000   TIME(PS) =      10.000  TEMP(K) =   150.47  PRESS =     0.0
 Etot   =   -172425.9607  EKtot   =     14413.5196  EPtot      =   -186839.4804
 BOND   =       186.6329  ANGLE   =       615.4214  DIHED      =      1335.9345
 1-4 NB =       367.0657  1-4 EEL =      3250.5285  VDWAALS    =     32780.9387
 EELEC  =   -225376.0020  EHBOND  =         0.0000  RESTRAINT  =         0.0000
 Ewald error estimate:   0.1414E-03
 ------------------------------------------------------------------------------


      A V E R A G E S   O V E R    5000 S T E P S


 NSTEP =     5000   TIME(PS) =      10.000  TEMP(K) =   144.67  PRESS =     0.0
 Etot   =   -173255.2042  EKtot   =     13858.1230  EPtot      =   -187113.3271
 BOND   =       191.6529  ANGLE   =       595.6093  DIHED      =      1324.5534
 1-4 NB =       362.8501  1-4 EEL =      3267.7667  VDWAALS    =     33657.8300
 EELEC  =   -226513.5896  EHBOND  =         0.0000  RESTRAINT  =         0.0000
 Ewald error estimate:   0.1409E-03
 ------------------------------------------------------------------------------


      R M S  F L U C T U A T I O N S


 NSTEP =     5000   TIME(PS) =      10.000  TEMP(K) =     7.10  PRESS =     0.0
 Etot   =      1305.9160  EKtot   =       680.5911  EPtot      =       646.0583
 BOND   =         9.9932  ANGLE   =        18.4822  DIHED      =         9.0252
 1-4 NB =         6.2596  1-4 EEL =        16.5527  VDWAALS    =       676.8977
 EELEC  =      1261.7890  EHBOND  =         0.0000  RESTRAINT  =         0.0000
 Ewald error estimate:   0.4795E-04
 ------------------------------------------------------------------------------


--------------------------------------------------------------------------------
   5.  TIMINGS
--------------------------------------------------------------------------------

|                Build the list           144.31 (99.50% of List )
|                Other                      0.73 ( 0.50% of List )
|             List time                145.04 ( 7.60% of Nonbo)
|                   Short_ene time          1573.81 (99.30% of Direc)
|                   Other                     11.06 ( 0.70% of Direc)
|                Direct Ewald time       1584.87 (89.86% of Ewald)
|                Adjust Ewald time          7.54 ( 0.43% of Ewald)
|                   Fill Bspline coeffs        8.39 ( 4.94% of Recip)
|                   Fill charge grid          22.72 (13.38% of Recip)
|                   Scalar sum                28.90 (17.02% of Recip)
|                   Grad sum                  45.38 (26.73% of Recip)
|                   FFT time                  64.38 (37.92% of Recip)
|                Recip Ewald time         169.76 ( 9.63% of Ewald)
|                Force Adjust               0.20 ( 0.01% of Ewald)
|                Virial junk                0.76 ( 0.04% of Ewald)
|                Other                      0.58 ( 0.03% of Ewald)
|             Ewald time              1763.72 (92.40% of Nonbo)
|          Nonbond force           1908.76 (99.57% of Force)
|          Bond/Angle/Dihedral        8.03 ( 0.42% of Force)
|          Other                      0.22 ( 0.01% of Force)
|       Force time              1917.01 (99.21% of Runmd)
|       Shake time                 8.24 ( 0.43% of Runmd)
|       Verlet update time         5.99 ( 0.31% of Runmd)
|       Other                      1.00 ( 0.05% of Runmd)
|    Runmd Time              1932.24 (100.0% of Total)
|    Other                      0.31 ( 0.02% of Total)
| Total time              1932.60 (100.0% of ALL  )

| Number of list builds   :        319

| Highest rstack allocated:    2327362
| Highest istack allocated:      47720

| Final Performance Info:
| -----------------------------------------------------
| Average timings for all steps:
|     Elapsed(s) =    1932.24 Per Step(ms) =     386.45
|         ns/day =       0.45   seconds/ns =  193224.46
| -----------------------------------------------------

|           Job began  at 19:25:02.898  on 12/24/2021
|           Setup done at 19:25:03.253  on 12/24/2021
|           Run   done at 19:57:15.497  on 12/24/2021
|     wallclock() was called  220694 times

|3D-RISM memory allocation summary
|Type          Maximum        Current   
|Integer       0.00000 GB     0.00000 GB
|Real          0.00000 GB     0.00000 GB
|Logical       0.00000 GB     0.00000 GB
|Character     0.00000 GB     0.00000 GB
|---------------------------------------
|Total         0.00000 GB     0.00000 GB
