
          -------------------------------------------------------
          Amber 18 SANDER                              2018
          -------------------------------------------------------

| Run on 12/24/2021 at 18:53:37

|   Executable path: sander
| Working directory: /data/temporary-scratch/ragreer/TREM2-VitaminD3_Validation/Simulation2/TREM2_F74D-VitaminD3/step5-heating
|          Hostname: c0153

  [-O]verwriting output

File Assignments:
|  MDIN: eq-100K.in                                                            
| MDOUT: eq-100K.out                                                           
|INPCRD: TREM2_F74D-VitaminD3-eq-50K.rst                                       
|  PARM: TREM2_F74D-VitaminD3-SolvI.prmtop                                     
|RESTRT: TREM2_F74D-VitaminD3-eq-100K.rst                                      
|  REFC: refc                                                                  
| MDVEL: mdvel                                                                 
| MDFRC: mdfrc                                                                 
|  MDEN: mden                                                                  
| MDCRD: TREM2_F74D-VitaminD3-eq-100K.mdcrd                                    
|MDINFO: TREM2_F74D-VitaminD3-eq-100K.mdinfo                                   
|  MTMD: mtmd                                                                  
|INPDIP: inpdip                                                                
|RSTDIP: rstdip                                                                
|INPTRA: inptraj                                                               


 Here is the input file:

Equilibration of the whole system at 100 K for 10 ps with shake at constant volume and constant temperature
 &cntrl                                                                        
  nmropt = 0,                                                                  
  ntx = 1,	irest = 0,	ntrx = 1,	ntxo = 1,                                      
  ntpr = 1000,	ntwx = 1000,	ntwv = 1000,	ntwe = 1000,                          
  ntwr = 1000,                                                                 
                                                                               
                                                                               
  ntf = 2,	ntb = 1,                                                            
  cut = 10.0,	nsnb = 20,                                                       
                                                                               
  ibelly = 0,	ntr = 0,                                                         
                                                                               
  imin = 0,                                                                    
  nstlim = 5000,                                                               
  nscm = 500,                                                                  
  t = 0.0,	dt = 0.002,                                                         
                                                                               
  temp0 = 100.0, tempi = 100.0,                                                
  ntt = 1,                                                                     
  vrand = 0,                                                                   
  vlimit = 15.0,                                                               
                                                                               
  ntc = 2,                                                                     
 &end                                                                          

--------------------------------------------------------------------------------
   1.  RESOURCE   USE: 
--------------------------------------------------------------------------------

| Flags:                                                                        
 getting new box info from bottom of inpcrd
|  INFO: Old style inpcrd file read

| peek_ewald_inpcrd: Box info found
|Largest sphere to fit in unit cell has radius =    36.022
| New format PARM file being parsed.
| Version =    1.000 Date = 12/24/21 Time = 14:57:36
 NATOM  =   47720 NTYPES =      18 NBONH =   46749 MBONA  =     902
 NTHETH =    2019 MTHETA =    1227 NPHIH =    4172 MPHIA  =    3829
 NHPARM =       0 NPARM  =       0 NNB   =   71049 NRES   =   15483
 NBONA  =     902 NTHETA =    1227 NPHIA =    3829 NUMBND =      85
 NUMANG =     189 NPTRA  =     211 NATYP =      47 NPHB   =       1
 IFBOX  =       1 NMXRS  =      72 IFCAP =       0 NEXTRA =       0
 NCOPY  =       0


|     Memory Use     Allocated
|     Real             3236359
|     Hollerith         158645
|     Integer          1486349
|     Max Pairs       27486720
|     nblistReal        572640
|     nblist Int       1674102
|       Total           150093 kbytes

| Note: 1-4 EEL scale factors are being read from the topology file.

| Note: 1-4 VDW scale factors are being read from the topology file.
| Duplicated    0 dihedrals
| Duplicated    0 dihedrals

     BOX TYPE: RECTILINEAR

--------------------------------------------------------------------------------
   2.  CONTROL  DATA  FOR  THE  RUN
--------------------------------------------------------------------------------

default_name                                                                    

General flags:
     imin    =       0, nmropt  =       0

Nature and format of input:
     ntx     =       1, irest   =       0, ntrx    =       1

Nature and format of output:
     ntxo    =       1, ntpr    =    1000, ntrx    =       1, ntwr    =    1000
     iwrap   =       0, ntwx    =    1000, ntwv    =    1000, ntwe    =    1000
     ioutfm  =       1, ntwprt  =       0, idecomp =       0, rbornstat=      0

Potential function:
     ntf     =       2, ntb     =       1, igb     =       0, nsnb    =      20
     ipol    =       0, gbsa    =       0, iesp    =       0
     dielc   =   1.00000, cut     =  10.00000, intdiel =   1.00000

Frozen or restrained atoms:
     ibelly  =       0, ntr     =       0

Molecular dynamics:
     nstlim  =      5000, nscm    =       500, nrespa  =         1
     t       =   0.00000, dt      =   0.00200, vlimit  =  15.00000

Berendsen (weak-coupling) temperature regulation:
     temp0   = 100.00000, tempi   = 100.00000, tautp   =   1.00000

SHAKE:
     ntc     =       2, jfastw  =       0
     tol     =   0.00001

Ewald parameters:
     verbose =       0, ew_type =       0, nbflag  =       1, use_pme =       1
     vdwmeth =       1, eedmeth =       1, netfrc  =       1
     Box X =   72.044   Box Y =   75.099   Box Z =   82.145
     Alpha =   90.000   Beta  =   90.000   Gamma =   90.000
     NFFT1 =   72       NFFT2 =   75       NFFT3 =   90
     Cutoff=   10.000   Tol   =0.100E-04
     Ewald Coefficient =  0.27511
     Interpolation order =    4

--------------------------------------------------------------------------------
   3.  ATOMIC COORDINATES AND VELOCITIES
--------------------------------------------------------------------------------

default_name                                                                    
 begin time read from input coords =    10.000 ps

 Number of triangulated 3-point waters found:    15285

     Sum of charges from parm topology file =   0.00000192
     Forcing neutrality...

--------------------------------------------------------------------------------
   4.  RESULTS
--------------------------------------------------------------------------------

|  # of SOLUTE  degrees of freedom (RNDFP):   96411.
|  # of SOLVENT degrees of freedom (RNDFS):       0.
|  NDFMIN =   96408.     NUM_NOSHAKE =      0     CORRECTED RNDFP =   96408.
|  TOTAL # of degrees of freedom (RNDF) =   96408.
 ---------------------------------------------------
 APPROXIMATING switch and d/dx switch using CUBIC SPLINE INTERPOLATION
 using   5000.0 points per unit in tabled values
 TESTING RELATIVE ERROR over r ranging from 0.0 to cutoff
| CHECK switch(x): max rel err =   0.2738E-14   at   2.422500
| CHECK d/dx switch(x): max rel err =   0.8314E-11   at   2.736960
 ---------------------------------------------------
| Local SIZE OF NONBOND LIST =   18487615
| TOTAL SIZE OF NONBOND LIST =   18487615

 NSTEP =        0   TIME(PS) =       0.000  TEMP(K) =   148.44  PRESS =     0.0
 Etot   =   -182156.4294  EKtot   =     14218.7563  EPtot      =   -196375.1858
 BOND   =        88.6394  ANGLE   =       362.3037  DIHED      =      1263.7918
 1-4 NB =       335.3485  1-4 EEL =      3237.3907  VDWAALS    =     37692.7595
 EELEC  =   -239355.4194  EHBOND  =         0.0000  RESTRAINT  =         0.0000
 Ewald error estimate:   0.2324E-03
 ------------------------------------------------------------------------------

check COM velocity, temp:        0.001666     0.00(Removed)
check COM velocity, temp:        0.000000     0.00(Removed)

 NSTEP =     1000   TIME(PS) =       2.000  TEMP(K) =    90.32  PRESS =     0.0
 Etot   =   -183649.9169  EKtot   =      8651.8546  EPtot      =   -192301.7715
 BOND   =       138.0799  ANGLE   =       462.2956  DIHED      =      1284.5993
 1-4 NB =       350.3044  1-4 EEL =      3266.3593  VDWAALS    =     36536.4712
 EELEC  =   -234339.8814  EHBOND  =         0.0000  RESTRAINT  =         0.0000
 Ewald error estimate:   0.2004E-03
 ------------------------------------------------------------------------------

check COM velocity, temp:        0.000000     0.00(Removed)
check COM velocity, temp:        0.000000     0.00(Removed)

 NSTEP =     2000   TIME(PS) =       4.000  TEMP(K) =    96.74  PRESS =     0.0
 Etot   =   -182522.2116  EKtot   =      9266.4053  EPtot      =   -191788.6169
 BOND   =       140.8930  ANGLE   =       476.5256  DIHED      =      1291.0999
 1-4 NB =       357.4010  1-4 EEL =      3278.0175  VDWAALS    =     36067.9891
 EELEC  =   -233400.5431  EHBOND  =         0.0000  RESTRAINT  =         0.0000
 Ewald error estimate:   0.2184E-03
 ------------------------------------------------------------------------------

check COM velocity, temp:        0.000000     0.00(Removed)
check COM velocity, temp:        0.000000     0.00(Removed)

 NSTEP =     3000   TIME(PS) =       6.000  TEMP(K) =    99.55  PRESS =     0.0
 Etot   =   -182182.8934  EKtot   =      9536.1486  EPtot      =   -191719.0420
 BOND   =       145.4842  ANGLE   =       482.9403  DIHED      =      1293.3812
 1-4 NB =       358.5721  1-4 EEL =      3278.9949  VDWAALS    =     36027.6067
 EELEC  =   -233306.0215  EHBOND  =         0.0000  RESTRAINT  =         0.0000
 Ewald error estimate:   0.1252E-03
 ------------------------------------------------------------------------------

check COM velocity, temp:        0.000000     0.00(Removed)
check COM velocity, temp:        0.000000     0.00(Removed)

 NSTEP =     4000   TIME(PS) =       8.000  TEMP(K) =   100.66  PRESS =     0.0
 Etot   =   -182151.9301  EKtot   =      9642.6122  EPtot      =   -191794.5423
 BOND   =       152.8584  ANGLE   =       491.7881  DIHED      =      1293.5955
 1-4 NB =       342.4585  1-4 EEL =      3239.2633  VDWAALS    =     35741.7831
 EELEC  =   -233056.2892  EHBOND  =         0.0000  RESTRAINT  =         0.0000
 Ewald error estimate:   0.1756E-03
 ------------------------------------------------------------------------------

check COM velocity, temp:        0.000000     0.00(Removed)
check COM velocity, temp:        0.000000     0.00(Removed)

 NSTEP =     5000   TIME(PS) =      10.000  TEMP(K) =   100.60  PRESS =     0.0
 Etot   =   -182229.5044  EKtot   =      9636.3787  EPtot      =   -191865.8831
 BOND   =       144.5410  ANGLE   =       478.8581  DIHED      =      1297.6215
 1-4 NB =       352.9008  1-4 EEL =      3266.0617  VDWAALS    =     35847.0603
 EELEC  =   -233252.9265  EHBOND  =         0.0000  RESTRAINT  =         0.0000
 Ewald error estimate:   0.7535E-04
 ------------------------------------------------------------------------------


      A V E R A G E S   O V E R    5000 S T E P S


 NSTEP =     5000   TIME(PS) =      10.000  TEMP(K) =    95.20  PRESS =     0.0
 Etot   =   -182922.6939  EKtot   =      9119.4349  EPtot      =   -192042.1289
 BOND   =       139.2634  ANGLE   =       474.0530  DIHED      =      1291.2130
 1-4 NB =       349.5677  1-4 EEL =      3259.2548  VDWAALS    =     36160.0140
 EELEC  =   -233715.4949  EHBOND  =         0.0000  RESTRAINT  =         0.0000
 Ewald error estimate:   0.1906E-03
 ------------------------------------------------------------------------------


      R M S  F L U C T U A T I O N S


 NSTEP =     5000   TIME(PS) =      10.000  TEMP(K) =     6.72  PRESS =     0.0
 Etot   =      1154.7430  EKtot   =       644.1617  EPtot      =       527.6376
 BOND   =         8.1301  ANGLE   =        15.9808  DIHED      =         7.1333
 1-4 NB =         4.3595  1-4 EEL =        13.8146  VDWAALS    =       447.2285
 EELEC  =       928.5878  EHBOND  =         0.0000  RESTRAINT  =         0.0000
 Ewald error estimate:   0.5255E-04
 ------------------------------------------------------------------------------


--------------------------------------------------------------------------------
   5.  TIMINGS
--------------------------------------------------------------------------------

|                Build the list            96.56 (99.26% of List )
|                Other                      0.72 ( 0.74% of List )
|             List time                 97.27 ( 5.23% of Nonbo)
|                   Short_ene time          1573.86 (99.30% of Direc)
|                   Other                     11.16 ( 0.70% of Direc)
|                Direct Ewald time       1585.02 (89.85% of Ewald)
|                Adjust Ewald time          7.54 ( 0.43% of Ewald)
|                   Fill Bspline coeffs        8.35 ( 4.91% of Recip)
|                   Fill charge grid          22.88 (13.46% of Recip)
|                   Scalar sum                28.89 (16.99% of Recip)
|                   Grad sum                  45.36 (26.69% of Recip)
|                   FFT time                  64.50 (37.95% of Recip)
|                Recip Ewald time         169.98 ( 9.64% of Ewald)
|                Force Adjust               0.20 ( 0.01% of Ewald)
|                Virial junk                0.76 ( 0.04% of Ewald)
|                Other                      0.58 ( 0.03% of Ewald)
|             Ewald time              1764.10 (94.77% of Nonbo)
|          Nonbond force           1861.37 (99.56% of Force)
|          Bond/Angle/Dihedral        8.03 ( 0.43% of Force)
|          Other                      0.22 ( 0.01% of Force)
|       Force time              1869.62 (99.19% of Runmd)
|       Shake time                 8.23 ( 0.44% of Runmd)
|       Verlet update time         6.00 ( 0.32% of Runmd)
|       Other                      0.99 ( 0.05% of Runmd)
|    Runmd Time              1884.84 (100.0% of Total)
|    Other                      0.31 ( 0.02% of Total)
| Total time              1885.18 (100.0% of ALL  )

| Number of list builds   :        213

| Highest rstack allocated:    2327362
| Highest istack allocated:      47720

| Final Performance Info:
| -----------------------------------------------------
| Average timings for all steps:
|     Elapsed(s) =    1884.84 Per Step(ms) =     376.97
|         ns/day =       0.46   seconds/ns =  188483.56
| -----------------------------------------------------

|           Job began  at 18:53:37.621  on 12/24/2021
|           Setup done at 18:53:37.970  on 12/24/2021
|           Run   done at 19:25:02.806  on 12/24/2021
|     wallclock() was called  220482 times

|3D-RISM memory allocation summary
|Type          Maximum        Current   
|Integer       0.00000 GB     0.00000 GB
|Real          0.00000 GB     0.00000 GB
|Logical       0.00000 GB     0.00000 GB
|Character     0.00000 GB     0.00000 GB
|---------------------------------------
|Total         0.00000 GB     0.00000 GB
