
          -------------------------------------------------------
          Amber 18 SANDER                              2018
          -------------------------------------------------------

| Run on 12/24/2021 at 19:57:15

|   Executable path: sander
| Working directory: /data/temporary-scratch/ragreer/TREM2-VitaminD3_Validation/Simulation2/TREM2_F74D-VitaminD3/step5-heating
|          Hostname: c0153

  [-O]verwriting output

File Assignments:
|  MDIN: eq-200K.in                                                            
| MDOUT: eq-200K.out                                                           
|INPCRD: TREM2_F74D-VitaminD3-eq-150K.rst                                      
|  PARM: TREM2_F74D-VitaminD3-SolvI.prmtop                                     
|RESTRT: TREM2_F74D-VitaminD3-eq-200K.rst                                      
|  REFC: refc                                                                  
| MDVEL: mdvel                                                                 
| MDFRC: mdfrc                                                                 
|  MDEN: mden                                                                  
| MDCRD: TREM2_F74D-VitaminD3-eq-200K.mdcrd                                    
|MDINFO: TREM2_F74D-VitaminD3-eq-200K.mdinfo                                   
|  MTMD: mtmd                                                                  
|INPDIP: inpdip                                                                
|RSTDIP: rstdip                                                                
|INPTRA: inptraj                                                               


 Here is the input file:

Equilibration of the whole system at 200 K for 10 ps with shake at constant volume and constant temperature
 &cntrl                                                                        
  nmropt = 0,                                                                  
  ntx = 1,	irest = 0,	ntrx = 1,	ntxo = 1,                                      
  ntpr = 1000,	ntwx = 1000,	ntwv = 1000,	ntwe = 1000,                          
  ntwr = 1000,                                                                 
                                                                               
                                                                               
  ntf = 2,	ntb = 1,                                                            
  cut = 10.0,	nsnb = 20,                                                       
                                                                               
  ibelly = 0,	ntr = 0,                                                         
                                                                               
  imin = 0,                                                                    
  nstlim = 5000,                                                               
  nscm = 500,                                                                  
  t = 0.0,	dt = 0.002,                                                         
                                                                               
  temp0 = 200.0, tempi = 200.0,                                                
  ntt = 1,                                                                     
  vrand = 0,                                                                   
  vlimit = 15.0,                                                               
                                                                               
  ntc = 2,                                                                     
 &end                                                                          

--------------------------------------------------------------------------------
   1.  RESOURCE   USE: 
--------------------------------------------------------------------------------

| Flags:                                                                        
 getting new box info from bottom of inpcrd
|  INFO: Old style inpcrd file read

| peek_ewald_inpcrd: Box info found
|Largest sphere to fit in unit cell has radius =    36.022
| New format PARM file being parsed.
| Version =    1.000 Date = 12/24/21 Time = 14:57:36
 NATOM  =   47720 NTYPES =      18 NBONH =   46749 MBONA  =     902
 NTHETH =    2019 MTHETA =    1227 NPHIH =    4172 MPHIA  =    3829
 NHPARM =       0 NPARM  =       0 NNB   =   71049 NRES   =   15483
 NBONA  =     902 NTHETA =    1227 NPHIA =    3829 NUMBND =      85
 NUMANG =     189 NPTRA  =     211 NATYP =      47 NPHB   =       1
 IFBOX  =       1 NMXRS  =      72 IFCAP =       0 NEXTRA =       0
 NCOPY  =       0


|     Memory Use     Allocated
|     Real             3236359
|     Hollerith         158645
|     Integer          1486349
|     Max Pairs       27486720
|     nblistReal        572640
|     nblist Int       1674102
|       Total           150093 kbytes

| Note: 1-4 EEL scale factors are being read from the topology file.

| Note: 1-4 VDW scale factors are being read from the topology file.
| Duplicated    0 dihedrals
| Duplicated    0 dihedrals

     BOX TYPE: RECTILINEAR

--------------------------------------------------------------------------------
   2.  CONTROL  DATA  FOR  THE  RUN
--------------------------------------------------------------------------------

default_name                                                                    

General flags:
     imin    =       0, nmropt  =       0

Nature and format of input:
     ntx     =       1, irest   =       0, ntrx    =       1

Nature and format of output:
     ntxo    =       1, ntpr    =    1000, ntrx    =       1, ntwr    =    1000
     iwrap   =       0, ntwx    =    1000, ntwv    =    1000, ntwe    =    1000
     ioutfm  =       1, ntwprt  =       0, idecomp =       0, rbornstat=      0

Potential function:
     ntf     =       2, ntb     =       1, igb     =       0, nsnb    =      20
     ipol    =       0, gbsa    =       0, iesp    =       0
     dielc   =   1.00000, cut     =  10.00000, intdiel =   1.00000

Frozen or restrained atoms:
     ibelly  =       0, ntr     =       0

Molecular dynamics:
     nstlim  =      5000, nscm    =       500, nrespa  =         1
     t       =   0.00000, dt      =   0.00200, vlimit  =  15.00000

Berendsen (weak-coupling) temperature regulation:
     temp0   = 200.00000, tempi   = 200.00000, tautp   =   1.00000

SHAKE:
     ntc     =       2, jfastw  =       0
     tol     =   0.00001

Ewald parameters:
     verbose =       0, ew_type =       0, nbflag  =       1, use_pme =       1
     vdwmeth =       1, eedmeth =       1, netfrc  =       1
     Box X =   72.044   Box Y =   75.099   Box Z =   82.145
     Alpha =   90.000   Beta  =   90.000   Gamma =   90.000
     NFFT1 =   72       NFFT2 =   75       NFFT3 =   90
     Cutoff=   10.000   Tol   =0.100E-04
     Ewald Coefficient =  0.27511
     Interpolation order =    4

--------------------------------------------------------------------------------
   3.  ATOMIC COORDINATES AND VELOCITIES
--------------------------------------------------------------------------------

default_name                                                                    
 begin time read from input coords =    10.000 ps

 Number of triangulated 3-point waters found:    15285

     Sum of charges from parm topology file =   0.00000192
     Forcing neutrality...

--------------------------------------------------------------------------------
   4.  RESULTS
--------------------------------------------------------------------------------

|  # of SOLUTE  degrees of freedom (RNDFP):   96411.
|  # of SOLVENT degrees of freedom (RNDFS):       0.
|  NDFMIN =   96408.     NUM_NOSHAKE =      0     CORRECTED RNDFP =   96408.
|  TOTAL # of degrees of freedom (RNDF) =   96408.
 ---------------------------------------------------
 APPROXIMATING switch and d/dx switch using CUBIC SPLINE INTERPOLATION
 using   5000.0 points per unit in tabled values
 TESTING RELATIVE ERROR over r ranging from 0.0 to cutoff
| CHECK switch(x): max rel err =   0.2738E-14   at   2.422500
| CHECK d/dx switch(x): max rel err =   0.8314E-11   at   2.736960
 ---------------------------------------------------
| Local SIZE OF NONBOND LIST =   18474425
| TOTAL SIZE OF NONBOND LIST =   18474425

 NSTEP =        0   TIME(PS) =       0.000  TEMP(K) =   296.87  PRESS =     0.0
 Etot   =   -158432.7206  EKtot   =     28437.5127  EPtot      =   -186870.2333
 BOND   =       183.1104  ANGLE   =       604.7518  DIHED      =      1338.6119
 1-4 NB =       366.7252  1-4 EEL =      3249.1017  VDWAALS    =     32776.0065
 EELEC  =   -225388.5408  EHBOND  =         0.0000  RESTRAINT  =         0.0000
 Ewald error estimate:   0.1468E-03
 ------------------------------------------------------------------------------

check COM velocity, temp:        0.002209     0.01(Removed)
check COM velocity, temp:        0.000000     0.00(Removed)

 NSTEP =     1000   TIME(PS) =       2.000  TEMP(K) =   187.62  PRESS =     0.0
 Etot   =   -164020.3970  EKtot   =     17972.2884  EPtot      =   -181992.6854
 BOND   =       235.2728  ANGLE   =       695.4727  DIHED      =      1350.3724
 1-4 NB =       370.6356  1-4 EEL =      3286.6200  VDWAALS    =     31128.3079
 EELEC  =   -219059.3667  EHBOND  =         0.0000  RESTRAINT  =         0.0000
 Ewald error estimate:   0.1371E-03
 ------------------------------------------------------------------------------

check COM velocity, temp:        0.000000     0.00(Removed)
check COM velocity, temp:        0.000000     0.00(Removed)

 NSTEP =     2000   TIME(PS) =       4.000  TEMP(K) =   192.95  PRESS =     0.0
 Etot   =   -162241.9924  EKtot   =     18482.7712  EPtot      =   -180724.7636
 BOND   =       244.7151  ANGLE   =       698.2082  DIHED      =      1351.9240
 1-4 NB =       381.5372  1-4 EEL =      3283.5924  VDWAALS    =     30434.3459
 EELEC  =   -217119.0864  EHBOND  =         0.0000  RESTRAINT  =         0.0000
 Ewald error estimate:   0.3835E-04
 ------------------------------------------------------------------------------

check COM velocity, temp:        0.000000     0.00(Removed)
check COM velocity, temp:        0.000000     0.00(Removed)

 NSTEP =     3000   TIME(PS) =       6.000  TEMP(K) =   196.20  PRESS =     0.0
 Etot   =   -161306.3173  EKtot   =     18794.3335  EPtot      =   -180100.6508
 BOND   =       248.0132  ANGLE   =       709.2772  DIHED      =      1342.3604
 1-4 NB =       372.7239  1-4 EEL =      3259.8181  VDWAALS    =     29818.7945
 EELEC  =   -215851.6381  EHBOND  =         0.0000  RESTRAINT  =         0.0000
 Ewald error estimate:   0.8978E-04
 ------------------------------------------------------------------------------

check COM velocity, temp:        0.000000     0.00(Removed)
check COM velocity, temp:        0.000000     0.00(Removed)

 NSTEP =     4000   TIME(PS) =       8.000  TEMP(K) =   196.95  PRESS =     0.0
 Etot   =   -160874.8933  EKtot   =     18865.5800  EPtot      =   -179740.4733
 BOND   =       244.8581  ANGLE   =       729.8506  DIHED      =      1355.4349
 1-4 NB =       380.7947  1-4 EEL =      3277.9756  VDWAALS    =     29368.7012
 EELEC  =   -215098.0884  EHBOND  =         0.0000  RESTRAINT  =         0.0000
 Ewald error estimate:   0.1424E-03
 ------------------------------------------------------------------------------

check COM velocity, temp:        0.000000     0.00(Removed)
check COM velocity, temp:        0.000000     0.00(Removed)

 NSTEP =     5000   TIME(PS) =      10.000  TEMP(K) =   199.14  PRESS =     0.0
 Etot   =   -160652.9314  EKtot   =     19076.1453  EPtot      =   -179729.0767
 BOND   =       239.3512  ANGLE   =       709.8108  DIHED      =      1336.2566
 1-4 NB =       366.0648  1-4 EEL =      3286.5125  VDWAALS    =     29238.5321
 EELEC  =   -214905.6047  EHBOND  =         0.0000  RESTRAINT  =         0.0000
 Ewald error estimate:   0.6065E-04
 ------------------------------------------------------------------------------


      A V E R A G E S   O V E R    5000 S T E P S


 NSTEP =     5000   TIME(PS) =      10.000  TEMP(K) =   192.57  PRESS =     0.0
 Etot   =   -162444.1142  EKtot   =     18446.2893  EPtot      =   -180890.4035
 BOND   =       238.8134  ANGLE   =       698.4635  DIHED      =      1352.0970
 1-4 NB =       373.3490  1-4 EEL =      3277.0581  VDWAALS    =     30303.2527
 EELEC  =   -217133.4372  EHBOND  =         0.0000  RESTRAINT  =         0.0000
 Ewald error estimate:   0.8389E-04
 ------------------------------------------------------------------------------


      R M S  F L U C T U A T I O N S


 NSTEP =     5000   TIME(PS) =      10.000  TEMP(K) =     7.07  PRESS =     0.0
 Etot   =      1871.1086  EKtot   =       677.0630  EPtot      =      1207.2086
 BOND   =        12.7694  ANGLE   =        18.4912  DIHED      =         8.8722
 1-4 NB =         6.4308  1-4 EEL =        19.3445  VDWAALS    =       900.3195
 EELEC  =      2073.2817  EHBOND  =         0.0000  RESTRAINT  =         0.0000
 Ewald error estimate:   0.4831E-04
 ------------------------------------------------------------------------------


--------------------------------------------------------------------------------
   5.  TIMINGS
--------------------------------------------------------------------------------

|                Build the list           188.63 (99.61% of List )
|                Other                      0.75 ( 0.39% of List )
|             List time                189.37 ( 9.65% of Nonbo)
|                   Short_ene time          1579.04 (99.25% of Direc)
|                   Other                     11.91 ( 0.75% of Direc)
|                Direct Ewald time       1590.95 (89.75% of Ewald)
|                Adjust Ewald time          7.57 ( 0.43% of Ewald)
|                   Fill Bspline coeffs        8.64 ( 5.01% of Recip)
|                   Fill charge grid          23.50 (13.62% of Recip)
|                   Scalar sum                29.02 (16.82% of Recip)
|                   Grad sum                  45.70 (26.49% of Recip)
|                   FFT time                  65.66 (38.06% of Recip)
|                Recip Ewald time         172.52 ( 9.73% of Ewald)
|                Force Adjust               0.20 ( 0.01% of Ewald)
|                Virial junk                0.77 ( 0.04% of Ewald)
|                Other                      0.58 ( 0.03% of Ewald)
|             Ewald time              1772.60 (90.35% of Nonbo)
|          Nonbond force           1961.98 (99.58% of Force)
|          Bond/Angle/Dihedral        8.08 ( 0.41% of Force)
|          Other                      0.22 ( 0.01% of Force)
|       Force time              1970.28 (99.23% of Runmd)
|       Shake time                 8.26 ( 0.42% of Runmd)
|       Verlet update time         6.08 ( 0.31% of Runmd)
|       Other                      1.03 ( 0.05% of Runmd)
|    Runmd Time              1985.65 (100.0% of Total)
|    Other                      0.28 ( 0.01% of Total)
| Total time              1985.97 (100.0% of ALL  )

| Number of list builds   :        415

| Highest rstack allocated:    2327362
| Highest istack allocated:      47720

| Final Performance Info:
| -----------------------------------------------------
| Average timings for all steps:
|     Elapsed(s) =    1985.65 Per Step(ms) =     397.13
|         ns/day =       0.44   seconds/ns =  198565.07
| -----------------------------------------------------

|           Job began  at 19:57:15.553  on 12/24/2021
|           Setup done at 19:57:15.875  on 12/24/2021
|           Run   done at 20:30:21.525  on 12/24/2021
|     wallclock() was called  220886 times

|3D-RISM memory allocation summary
|Type          Maximum        Current   
|Integer       0.00000 GB     0.00000 GB
|Real          0.00000 GB     0.00000 GB
|Logical       0.00000 GB     0.00000 GB
|Character     0.00000 GB     0.00000 GB
|---------------------------------------
|Total         0.00000 GB     0.00000 GB
