
          -------------------------------------------------------
          Amber 18 SANDER                              2018
          -------------------------------------------------------

| Run on 12/24/2021 at 20:30:21

|   Executable path: sander
| Working directory: /data/temporary-scratch/ragreer/TREM2-VitaminD3_Validation/Simulation2/TREM2_F74D-VitaminD3/step5-heating
|          Hostname: c0153

  [-O]verwriting output

File Assignments:
|  MDIN: eq-250K.in                                                            
| MDOUT: eq-250K.out                                                           
|INPCRD: TREM2_F74D-VitaminD3-eq-200K.rst                                      
|  PARM: TREM2_F74D-VitaminD3-SolvI.prmtop                                     
|RESTRT: TREM2_F74D-VitaminD3-eq-250K.rst                                      
|  REFC: refc                                                                  
| MDVEL: mdvel                                                                 
| MDFRC: mdfrc                                                                 
|  MDEN: mden                                                                  
| MDCRD: TREM2_F74D-VitaminD3-eq-250K.mdcrd                                    
|MDINFO: TREM2_F74D-VitaminD3-eq-250K.mdinfo                                   
|  MTMD: mtmd                                                                  
|INPDIP: inpdip                                                                
|RSTDIP: rstdip                                                                
|INPTRA: inptraj                                                               


 Here is the input file:

Equilibration of the whole system at 250 K for 10 ps with shake at constant volume and constant temperature
 &cntrl                                                                        
  nmropt = 0,                                                                  
  ntx = 1,	irest = 0,	ntrx = 1,	ntxo = 1,                                      
  ntpr = 1000,	ntwx = 1000,	ntwv = 1000,	ntwe = 1000,                          
  ntwr = 1000,                                                                 
                                                                               
                                                                               
  ntf = 2,	ntb = 1,                                                            
  cut = 10.0,	nsnb = 20,                                                       
                                                                               
  ibelly = 0,	ntr = 0,                                                         
                                                                               
  imin = 0,                                                                    
  nstlim = 5000,                                                               
  nscm = 500,                                                                  
  t = 0.0,	dt = 0.002,                                                         
                                                                               
  temp0 = 250.0, tempi = 250.0,                                                
  ntt = 1,                                                                     
  vrand = 0,                                                                   
  vlimit = 15.0,                                                               
                                                                               
  ntc = 2,                                                                     
 &end                                                                          

--------------------------------------------------------------------------------
   1.  RESOURCE   USE: 
--------------------------------------------------------------------------------

| Flags:                                                                        
 getting new box info from bottom of inpcrd
|  INFO: Old style inpcrd file read

| peek_ewald_inpcrd: Box info found
|Largest sphere to fit in unit cell has radius =    36.022
| New format PARM file being parsed.
| Version =    1.000 Date = 12/24/21 Time = 14:57:36
 NATOM  =   47720 NTYPES =      18 NBONH =   46749 MBONA  =     902
 NTHETH =    2019 MTHETA =    1227 NPHIH =    4172 MPHIA  =    3829
 NHPARM =       0 NPARM  =       0 NNB   =   71049 NRES   =   15483
 NBONA  =     902 NTHETA =    1227 NPHIA =    3829 NUMBND =      85
 NUMANG =     189 NPTRA  =     211 NATYP =      47 NPHB   =       1
 IFBOX  =       1 NMXRS  =      72 IFCAP =       0 NEXTRA =       0
 NCOPY  =       0


|     Memory Use     Allocated
|     Real             3236359
|     Hollerith         158645
|     Integer          1486349
|     Max Pairs       27486720
|     nblistReal        572640
|     nblist Int       1674102
|       Total           150093 kbytes

| Note: 1-4 EEL scale factors are being read from the topology file.

| Note: 1-4 VDW scale factors are being read from the topology file.
| Duplicated    0 dihedrals
| Duplicated    0 dihedrals

     BOX TYPE: RECTILINEAR

--------------------------------------------------------------------------------
   2.  CONTROL  DATA  FOR  THE  RUN
--------------------------------------------------------------------------------

default_name                                                                    

General flags:
     imin    =       0, nmropt  =       0

Nature and format of input:
     ntx     =       1, irest   =       0, ntrx    =       1

Nature and format of output:
     ntxo    =       1, ntpr    =    1000, ntrx    =       1, ntwr    =    1000
     iwrap   =       0, ntwx    =    1000, ntwv    =    1000, ntwe    =    1000
     ioutfm  =       1, ntwprt  =       0, idecomp =       0, rbornstat=      0

Potential function:
     ntf     =       2, ntb     =       1, igb     =       0, nsnb    =      20
     ipol    =       0, gbsa    =       0, iesp    =       0
     dielc   =   1.00000, cut     =  10.00000, intdiel =   1.00000

Frozen or restrained atoms:
     ibelly  =       0, ntr     =       0

Molecular dynamics:
     nstlim  =      5000, nscm    =       500, nrespa  =         1
     t       =   0.00000, dt      =   0.00200, vlimit  =  15.00000

Berendsen (weak-coupling) temperature regulation:
     temp0   = 250.00000, tempi   = 250.00000, tautp   =   1.00000

SHAKE:
     ntc     =       2, jfastw  =       0
     tol     =   0.00001

Ewald parameters:
     verbose =       0, ew_type =       0, nbflag  =       1, use_pme =       1
     vdwmeth =       1, eedmeth =       1, netfrc  =       1
     Box X =   72.044   Box Y =   75.099   Box Z =   82.145
     Alpha =   90.000   Beta  =   90.000   Gamma =   90.000
     NFFT1 =   72       NFFT2 =   75       NFFT3 =   90
     Cutoff=   10.000   Tol   =0.100E-04
     Ewald Coefficient =  0.27511
     Interpolation order =    4

--------------------------------------------------------------------------------
   3.  ATOMIC COORDINATES AND VELOCITIES
--------------------------------------------------------------------------------

default_name                                                                    
 begin time read from input coords =    10.000 ps

 Number of triangulated 3-point waters found:    15285

     Sum of charges from parm topology file =   0.00000192
     Forcing neutrality...

--------------------------------------------------------------------------------
   4.  RESULTS
--------------------------------------------------------------------------------

|  # of SOLUTE  degrees of freedom (RNDFP):   96411.
|  # of SOLVENT degrees of freedom (RNDFS):       0.
|  NDFMIN =   96408.     NUM_NOSHAKE =      0     CORRECTED RNDFP =   96408.
|  TOTAL # of degrees of freedom (RNDF) =   96408.
 ---------------------------------------------------
 APPROXIMATING switch and d/dx switch using CUBIC SPLINE INTERPOLATION
 using   5000.0 points per unit in tabled values
 TESTING RELATIVE ERROR over r ranging from 0.0 to cutoff
| CHECK switch(x): max rel err =   0.2738E-14   at   2.422500
| CHECK d/dx switch(x): max rel err =   0.8314E-11   at   2.736960
 ---------------------------------------------------
| Local SIZE OF NONBOND LIST =   18466405
| TOTAL SIZE OF NONBOND LIST =   18466405

 NSTEP =        0   TIME(PS) =       0.000  TEMP(K) =   371.09  PRESS =     0.0
 Etot   =   -144173.3648  EKtot   =     35546.8909  EPtot      =   -179720.2556
 BOND   =       238.8911  ANGLE   =       713.7554  DIHED      =      1334.6595
 1-4 NB =       367.1513  1-4 EEL =      3279.0566  VDWAALS    =     29234.3353
 EELEC  =   -214888.1050  EHBOND  =         0.0000  RESTRAINT  =         0.0000
 Ewald error estimate:   0.4194E-04
 ------------------------------------------------------------------------------

check COM velocity, temp:        0.002449     0.01(Removed)
check COM velocity, temp:        0.000000     0.00(Removed)

 NSTEP =     1000   TIME(PS) =       2.000  TEMP(K) =   231.86  PRESS =     0.0
 Etot   =   -151510.3291  EKtot   =     22210.2664  EPtot      =   -173720.5955
 BOND   =       301.7726  ANGLE   =       821.3314  DIHED      =      1370.1253
 1-4 NB =       383.0803  1-4 EEL =      3247.7096  VDWAALS    =     27481.2093
 EELEC  =   -207325.8240  EHBOND  =         0.0000  RESTRAINT  =         0.0000
 Ewald error estimate:   0.7417E-04
 ------------------------------------------------------------------------------

check COM velocity, temp:        0.000000     0.00(Removed)
check COM velocity, temp:        0.000000     0.00(Removed)

 NSTEP =     2000   TIME(PS) =       4.000  TEMP(K) =   238.90  PRESS =     0.0
 Etot   =   -148883.9719  EKtot   =     22884.3757  EPtot      =   -171768.3475
 BOND   =       327.7651  ANGLE   =       844.6860  DIHED      =      1398.6855
 1-4 NB =       371.0723  1-4 EEL =      3226.7206  VDWAALS    =     26334.5871
 EELEC  =   -204271.8641  EHBOND  =         0.0000  RESTRAINT  =         0.0000
 Ewald error estimate:   0.4628E-04
 ------------------------------------------------------------------------------

check COM velocity, temp:        0.000000     0.00(Removed)
check COM velocity, temp:        0.000000     0.00(Removed)

 NSTEP =     3000   TIME(PS) =       6.000  TEMP(K) =   243.48  PRESS =     0.0
 Etot   =   -147329.6997  EKtot   =     23322.6983  EPtot      =   -170652.3980
 BOND   =       292.8112  ANGLE   =       827.5350  DIHED      =      1377.4003
 1-4 NB =       384.3454  1-4 EEL =      3330.1350  VDWAALS    =     26104.4205
 EELEC  =   -202969.0454  EHBOND  =         0.0000  RESTRAINT  =         0.0000
 Ewald error estimate:   0.2259E-04
 ------------------------------------------------------------------------------

check COM velocity, temp:        0.000000     0.00(Removed)
check COM velocity, temp:        0.000000     0.00(Removed)

 NSTEP =     4000   TIME(PS) =       8.000  TEMP(K) =   246.50  PRESS =     0.0
 Etot   =   -146404.7087  EKtot   =     23611.9914  EPtot      =   -170016.7001
 BOND   =       294.4835  ANGLE   =       829.1628  DIHED      =      1373.6308
 1-4 NB =       389.2870  1-4 EEL =      3262.1614  VDWAALS    =     25899.8250
 EELEC  =   -202065.2507  EHBOND  =         0.0000  RESTRAINT  =         0.0000
 Ewald error estimate:   0.3914E-05
 ------------------------------------------------------------------------------

check COM velocity, temp:        0.000000     0.00(Removed)
check COM velocity, temp:        0.000000     0.00(Removed)

 NSTEP =     5000   TIME(PS) =      10.000  TEMP(K) =   248.46  PRESS =     0.0
 Etot   =   -145905.4199  EKtot   =     23800.0250  EPtot      =   -169705.4450
 BOND   =       299.4597  ANGLE   =       885.8227  DIHED      =      1402.6974
 1-4 NB =       374.1646  1-4 EEL =      3212.4959  VDWAALS    =     25599.5846
 EELEC  =   -201479.6699  EHBOND  =         0.0000  RESTRAINT  =         0.0000
 Ewald error estimate:   0.6542E-05
 ------------------------------------------------------------------------------


      A V E R A G E S   O V E R    5000 S T E P S


 NSTEP =     5000   TIME(PS) =      10.000  TEMP(K) =   239.61  PRESS =     0.0
 Etot   =   -148910.0098  EKtot   =     22952.7228  EPtot      =   -171862.7325
 BOND   =       301.0281  ANGLE   =       828.6828  DIHED      =      1383.1643
 1-4 NB =       378.3090  1-4 EEL =      3265.3155  VDWAALS    =     26556.2526
 EELEC  =   -204575.4849  EHBOND  =         0.0000  RESTRAINT  =         0.0000
 Ewald error estimate:   0.4802E-04
 ------------------------------------------------------------------------------


      R M S  F L U C T U A T I O N S


 NSTEP =     5000   TIME(PS) =      10.000  TEMP(K) =     7.54  PRESS =     0.0
 Etot   =      2744.9116  EKtot   =       721.9716  EPtot      =      2039.0450
 BOND   =        16.1150  ANGLE   =        28.4304  DIHED      =        11.3988
 1-4 NB =         7.8145  1-4 EEL =        22.0402  VDWAALS    =       863.9168
 EELEC  =      2856.2531  EHBOND  =         0.0000  RESTRAINT  =         0.0000
 Ewald error estimate:   0.3422E-04
 ------------------------------------------------------------------------------


--------------------------------------------------------------------------------
   5.  TIMINGS
--------------------------------------------------------------------------------

|                Build the list           220.57 (99.66% of List )
|                Other                      0.75 ( 0.34% of List )
|             List time                221.32 (11.14% of Nonbo)
|                   Short_ene time          1572.44 (99.23% of Direc)
|                   Other                     12.17 ( 0.77% of Direc)
|                Direct Ewald time       1584.61 (89.73% of Ewald)
|                Adjust Ewald time          7.53 ( 0.43% of Ewald)
|                   Fill Bspline coeffs        8.58 ( 4.98% of Recip)
|                   Fill charge grid          23.41 (13.60% of Recip)
|                   Scalar sum                28.88 (16.77% of Recip)
|                   Grad sum                  45.67 (26.52% of Recip)
|                   FFT time                  65.65 (38.12% of Recip)
|                Recip Ewald time         172.20 ( 9.75% of Ewald)
|                Force Adjust               0.20 ( 0.01% of Ewald)
|                Virial junk                0.77 ( 0.04% of Ewald)
|                Other                      0.58 ( 0.03% of Ewald)
|             Ewald time              1765.90 (88.86% of Nonbo)
|          Nonbond force           1987.23 (99.58% of Force)
|          Bond/Angle/Dihedral        8.07 ( 0.40% of Force)
|          Other                      0.22 ( 0.01% of Force)
|       Force time              1995.52 (99.24% of Runmd)
|       Shake time                 8.24 ( 0.41% of Runmd)
|       Verlet update time         6.09 ( 0.30% of Runmd)
|       Other                      1.02 ( 0.05% of Runmd)
|    Runmd Time              2010.86 (100.0% of Total)
|    Other                      0.28 ( 0.01% of Total)
| Total time              2011.19 (100.0% of ALL  )

| Number of list builds   :        487

| Highest rstack allocated:    2327362
| Highest istack allocated:      47720

| Final Performance Info:
| -----------------------------------------------------
| Average timings for all steps:
|     Elapsed(s) =    2010.86 Per Step(ms) =     402.17
|         ns/day =       0.43   seconds/ns =  201086.22
| -----------------------------------------------------

|           Job began  at 20:30:21.598  on 12/24/2021
|           Setup done at 20:30:21.921  on 12/24/2021
|           Run   done at 21:03:52.783  on 12/24/2021
|     wallclock() was called  221030 times

|3D-RISM memory allocation summary
|Type          Maximum        Current   
|Integer       0.00000 GB     0.00000 GB
|Real          0.00000 GB     0.00000 GB
|Logical       0.00000 GB     0.00000 GB
|Character     0.00000 GB     0.00000 GB
|---------------------------------------
|Total         0.00000 GB     0.00000 GB
