
          -------------------------------------------------------
          Amber 18 SANDER                              2018
          -------------------------------------------------------

| Run on 12/24/2021 at 21:03:52

|   Executable path: sander
| Working directory: /data/temporary-scratch/ragreer/TREM2-VitaminD3_Validation/Simulation2/TREM2_F74D-VitaminD3/step5-heating
|          Hostname: c0153

  [-O]verwriting output

File Assignments:
|  MDIN: eq-300K.in                                                            
| MDOUT: eq-300K.out                                                           
|INPCRD: TREM2_F74D-VitaminD3-eq-250K.rst                                      
|  PARM: TREM2_F74D-VitaminD3-SolvI.prmtop                                     
|RESTRT: TREM2_F74D-VitaminD3-eq-300K.rst                                      
|  REFC: refc                                                                  
| MDVEL: mdvel                                                                 
| MDFRC: mdfrc                                                                 
|  MDEN: mden                                                                  
| MDCRD: TREM2_F74D-VitaminD3-eq-300K.mdcrd                                    
|MDINFO: TREM2_F74D-VitaminD3-eq-300K.mdinfo                                   
|  MTMD: mtmd                                                                  
|INPDIP: inpdip                                                                
|RSTDIP: rstdip                                                                
|INPTRA: inptraj                                                               


 Here is the input file:

Equilibration of the whole system at 300 K for 10 ps with shake at constant volume and constant temperature
 &cntrl                                                                        
  nmropt = 0,                                                                  
  ntx = 1,	irest = 0,	ntrx = 1,	ntxo = 1,                                      
  ntpr = 1000,	ntwx = 1000,	ntwv = 1000,	ntwe = 1000,                          
  ntwr = 1000,                                                                 
                                                                               
                                                                               
  ntf = 2,	ntb = 1,                                                            
  cut = 10.0,	nsnb = 20,                                                       
                                                                               
  ibelly = 0,	ntr = 0,                                                         
                                                                               
  imin = 0,                                                                    
  nstlim = 5000,                                                               
  nscm = 500,                                                                  
  t = 0.0,	dt = 0.002,                                                         
                                                                               
  temp0 = 300.0, tempi = 300.0,                                                
  ntt = 1,                                                                     
  vrand = 0,                                                                   
  vlimit = 15.0,                                                               
                                                                               
  ntc = 2,                                                                     
 &end                                                                          

--------------------------------------------------------------------------------
   1.  RESOURCE   USE: 
--------------------------------------------------------------------------------

| Flags:                                                                        
 getting new box info from bottom of inpcrd
|  INFO: Old style inpcrd file read

| peek_ewald_inpcrd: Box info found
|Largest sphere to fit in unit cell has radius =    36.022
| New format PARM file being parsed.
| Version =    1.000 Date = 12/24/21 Time = 14:57:36
 NATOM  =   47720 NTYPES =      18 NBONH =   46749 MBONA  =     902
 NTHETH =    2019 MTHETA =    1227 NPHIH =    4172 MPHIA  =    3829
 NHPARM =       0 NPARM  =       0 NNB   =   71049 NRES   =   15483
 NBONA  =     902 NTHETA =    1227 NPHIA =    3829 NUMBND =      85
 NUMANG =     189 NPTRA  =     211 NATYP =      47 NPHB   =       1
 IFBOX  =       1 NMXRS  =      72 IFCAP =       0 NEXTRA =       0
 NCOPY  =       0


|     Memory Use     Allocated
|     Real             3236359
|     Hollerith         158645
|     Integer          1486349
|     Max Pairs       27486720
|     nblistReal        572640
|     nblist Int       1674102
|       Total           150093 kbytes

| Note: 1-4 EEL scale factors are being read from the topology file.

| Note: 1-4 VDW scale factors are being read from the topology file.
| Duplicated    0 dihedrals
| Duplicated    0 dihedrals

     BOX TYPE: RECTILINEAR

--------------------------------------------------------------------------------
   2.  CONTROL  DATA  FOR  THE  RUN
--------------------------------------------------------------------------------

default_name                                                                    

General flags:
     imin    =       0, nmropt  =       0

Nature and format of input:
     ntx     =       1, irest   =       0, ntrx    =       1

Nature and format of output:
     ntxo    =       1, ntpr    =    1000, ntrx    =       1, ntwr    =    1000
     iwrap   =       0, ntwx    =    1000, ntwv    =    1000, ntwe    =    1000
     ioutfm  =       1, ntwprt  =       0, idecomp =       0, rbornstat=      0

Potential function:
     ntf     =       2, ntb     =       1, igb     =       0, nsnb    =      20
     ipol    =       0, gbsa    =       0, iesp    =       0
     dielc   =   1.00000, cut     =  10.00000, intdiel =   1.00000

Frozen or restrained atoms:
     ibelly  =       0, ntr     =       0

Molecular dynamics:
     nstlim  =      5000, nscm    =       500, nrespa  =         1
     t       =   0.00000, dt      =   0.00200, vlimit  =  15.00000

Berendsen (weak-coupling) temperature regulation:
     temp0   = 300.00000, tempi   = 300.00000, tautp   =   1.00000

SHAKE:
     ntc     =       2, jfastw  =       0
     tol     =   0.00001

Ewald parameters:
     verbose =       0, ew_type =       0, nbflag  =       1, use_pme =       1
     vdwmeth =       1, eedmeth =       1, netfrc  =       1
     Box X =   72.044   Box Y =   75.099   Box Z =   82.145
     Alpha =   90.000   Beta  =   90.000   Gamma =   90.000
     NFFT1 =   72       NFFT2 =   75       NFFT3 =   90
     Cutoff=   10.000   Tol   =0.100E-04
     Ewald Coefficient =  0.27511
     Interpolation order =    4

--------------------------------------------------------------------------------
   3.  ATOMIC COORDINATES AND VELOCITIES
--------------------------------------------------------------------------------

default_name                                                                    
 begin time read from input coords =    10.000 ps

 Number of triangulated 3-point waters found:    15285

     Sum of charges from parm topology file =   0.00000192
     Forcing neutrality...

--------------------------------------------------------------------------------
   4.  RESULTS
--------------------------------------------------------------------------------

|  # of SOLUTE  degrees of freedom (RNDFP):   96411.
|  # of SOLVENT degrees of freedom (RNDFS):       0.
|  NDFMIN =   96408.     NUM_NOSHAKE =      0     CORRECTED RNDFP =   96408.
|  TOTAL # of degrees of freedom (RNDF) =   96408.
 ---------------------------------------------------
 APPROXIMATING switch and d/dx switch using CUBIC SPLINE INTERPOLATION
 using   5000.0 points per unit in tabled values
 TESTING RELATIVE ERROR over r ranging from 0.0 to cutoff
| CHECK switch(x): max rel err =   0.2738E-14   at   2.422500
| CHECK d/dx switch(x): max rel err =   0.8314E-11   at   2.736960
 ---------------------------------------------------
| Local SIZE OF NONBOND LIST =   18465197
| TOTAL SIZE OF NONBOND LIST =   18465197

 NSTEP =        0   TIME(PS) =       0.000  TEMP(K) =   445.31  PRESS =     0.0
 Etot   =   -127079.4487  EKtot   =     42656.2690  EPtot      =   -169735.7178
 BOND   =       293.9937  ANGLE   =       889.2664  DIHED      =      1402.4514
 1-4 NB =       374.6988  1-4 EEL =      3214.3634  VDWAALS    =     25599.7261
 EELEC  =   -201510.2175  EHBOND  =         0.0000  RESTRAINT  =         0.0000
 Ewald error estimate:   0.8597E-05
 ------------------------------------------------------------------------------

check COM velocity, temp:        0.002664     0.01(Removed)
check COM velocity, temp:        0.000000     0.00(Removed)

 NSTEP =     1000   TIME(PS) =       2.000  TEMP(K) =   279.01  PRESS =     0.0
 Etot   =   -136448.2203  EKtot   =     26726.2915  EPtot      =   -163174.5118
 BOND   =       354.9473  ANGLE   =       956.4406  DIHED      =      1447.3517
 1-4 NB =       367.6056  1-4 EEL =      3222.5860  VDWAALS    =     23995.1535
 EELEC  =   -193518.5965  EHBOND  =         0.0000  RESTRAINT  =         0.0000
 Ewald error estimate:   0.7483E-04
 ------------------------------------------------------------------------------

check COM velocity, temp:        0.000000     0.00(Removed)
check COM velocity, temp:        0.000000     0.00(Removed)

 NSTEP =     2000   TIME(PS) =       4.000  TEMP(K) =   291.47  PRESS =     0.0
 Etot   =   -133923.2410  EKtot   =     27920.2088  EPtot      =   -161843.4497
 BOND   =       325.3359  ANGLE   =       959.8410  DIHED      =      1408.7650
 1-4 NB =       398.5246  1-4 EEL =      3312.5970  VDWAALS    =     23361.8486
 EELEC  =   -191610.3618  EHBOND  =         0.0000  RESTRAINT  =         0.0000
 Ewald error estimate:   0.1059E-03
 ------------------------------------------------------------------------------

check COM velocity, temp:        0.000000     0.00(Removed)
check COM velocity, temp:        0.000000     0.00(Removed)

 NSTEP =     3000   TIME(PS) =       6.000  TEMP(K) =   295.62  PRESS =     0.0
 Etot   =   -132638.1229  EKtot   =     28317.4628  EPtot      =   -160955.5857
 BOND   =       374.6129  ANGLE   =       935.0561  DIHED      =      1423.1680
 1-4 NB =       402.5456  1-4 EEL =      3278.5328  VDWAALS    =     23172.0135
 EELEC  =   -190541.5146  EHBOND  =         0.0000  RESTRAINT  =         0.0000
 Ewald error estimate:   0.1171E-04
 ------------------------------------------------------------------------------

check COM velocity, temp:        0.000000     0.00(Removed)
check COM velocity, temp:        0.000000     0.00(Removed)

 NSTEP =     4000   TIME(PS) =       8.000  TEMP(K) =   298.55  PRESS =     0.0
 Etot   =   -131971.2320  EKtot   =     28598.1639  EPtot      =   -160569.3959
 BOND   =       360.4191  ANGLE   =       943.3088  DIHED      =      1425.0821
 1-4 NB =       392.7948  1-4 EEL =      3277.8435  VDWAALS    =     23121.8416
 EELEC  =   -190090.6860  EHBOND  =         0.0000  RESTRAINT  =         0.0000
 Ewald error estimate:   0.7409E-05
 ------------------------------------------------------------------------------

check COM velocity, temp:        0.000000     0.00(Removed)
check COM velocity, temp:        0.000000     0.00(Removed)

 NSTEP =     5000   TIME(PS) =      10.000  TEMP(K) =   297.81  PRESS =     0.0
 Etot   =   -131668.1493  EKtot   =     28527.5159  EPtot      =   -160195.6652
 BOND   =       358.1625  ANGLE   =       969.8580  DIHED      =      1403.5939
 1-4 NB =       387.4634  1-4 EEL =      3271.1017  VDWAALS    =     23133.7174
 EELEC  =   -189719.5620  EHBOND  =         0.0000  RESTRAINT  =         0.0000
 Ewald error estimate:   0.1190E-03
 ------------------------------------------------------------------------------


      A V E R A G E S   O V E R    5000 S T E P S


 NSTEP =     5000   TIME(PS) =      10.000  TEMP(K) =   290.19  PRESS =     0.0
 Etot   =   -134178.6731  EKtot   =     27797.0768  EPtot      =   -161975.7500
 BOND   =       346.9097  ANGLE   =       951.1366  DIHED      =      1420.3038
 1-4 NB =       386.8133  1-4 EEL =      3256.2948  VDWAALS    =     23557.4371
 EELEC  =   -191894.6453  EHBOND  =         0.0000  RESTRAINT  =         0.0000
 Ewald error estimate:   0.5443E-04
 ------------------------------------------------------------------------------


      R M S  F L U C T U A T I O N S


 NSTEP =     5000   TIME(PS) =      10.000  TEMP(K) =     8.55  PRESS =     0.0
 Etot   =      2556.4333  EKtot   =       818.8403  EPtot      =      1760.8637
 BOND   =        16.2626  ANGLE   =        24.5159  DIHED      =        14.8756
 1-4 NB =         8.4095  1-4 EEL =        23.5352  VDWAALS    =       627.5411
 EELEC  =      2328.0938  EHBOND  =         0.0000  RESTRAINT  =         0.0000
 Ewald error estimate:   0.4180E-04
 ------------------------------------------------------------------------------


--------------------------------------------------------------------------------
   5.  TIMINGS
--------------------------------------------------------------------------------

|                Build the list           251.19 (99.70% of List )
|                Other                      0.76 ( 0.30% of List )
|             List time                251.95 (12.46% of Nonbo)
|                   Short_ene time          1575.48 (99.21% of Direc)
|                   Other                     12.47 ( 0.79% of Direc)
|                Direct Ewald time       1587.95 (89.70% of Ewald)
|                Adjust Ewald time          7.53 ( 0.43% of Ewald)
|                   Fill Bspline coeffs        8.60 ( 4.96% of Recip)
|                   Fill charge grid          23.66 (13.66% of Recip)
|                   Scalar sum                28.88 (16.66% of Recip)
|                   Grad sum                  46.68 (26.94% of Recip)
|                   FFT time                  65.46 (37.78% of Recip)
|                Recip Ewald time         173.30 ( 9.79% of Ewald)
|                Force Adjust               0.20 ( 0.01% of Ewald)
|                Virial junk                0.76 ( 0.04% of Ewald)
|                Other                      0.59 ( 0.03% of Ewald)
|             Ewald time              1770.33 (87.54% of Nonbo)
|          Nonbond force           2022.28 (99.59% of Force)
|          Bond/Angle/Dihedral        8.08 ( 0.40% of Force)
|          Other                      0.23 ( 0.01% of Force)
|       Force time              2030.58 (99.25% of Runmd)
|       Shake time                 8.23 ( 0.40% of Runmd)
|       Verlet update time         6.01 ( 0.29% of Runmd)
|       Other                      1.03 ( 0.05% of Runmd)
|    Runmd Time              2045.86 (100.0% of Total)
|    Other                      0.30 ( 0.01% of Total)
| Total time              2046.20 (100.0% of ALL  )

| Number of list builds   :        553

| Highest rstack allocated:    2327362
| Highest istack allocated:      47720

| Final Performance Info:
| -----------------------------------------------------
| Average timings for all steps:
|     Elapsed(s) =    2045.86 Per Step(ms) =     409.17
|         ns/day =       0.42   seconds/ns =  204585.69
| -----------------------------------------------------

|           Job began  at 21:03:52.881  on 12/24/2021
|           Setup done at 21:03:53.226  on 12/24/2021
|           Run   done at 21:37:59.082  on 12/24/2021
|     wallclock() was called  221162 times

|3D-RISM memory allocation summary
|Type          Maximum        Current   
|Integer       0.00000 GB     0.00000 GB
|Real          0.00000 GB     0.00000 GB
|Logical       0.00000 GB     0.00000 GB
|Character     0.00000 GB     0.00000 GB
|---------------------------------------
|Total         0.00000 GB     0.00000 GB
