
          -------------------------------------------------------
          Amber 18 SANDER                              2018
          -------------------------------------------------------

| Run on 12/24/2021 at 18:16:27

|   Executable path: sander
| Working directory: /data/temporary-scratch/ragreer/TREM2-VitaminD3_Validation/Simulation2/TREM2_F74D-VitaminD3/step5-heating
|          Hostname: c0153

  [-O]verwriting output

File Assignments:
|  MDIN: eq-50K.in                                                             
| MDOUT: eq-50K.out                                                            
|INPCRD: TREM2_F74D-VitaminD3-eq-SolvI.rst                                     
|  PARM: TREM2_F74D-VitaminD3-SolvI.prmtop                                     
|RESTRT: TREM2_F74D-VitaminD3-eq-50K.rst                                       
|  REFC: refc                                                                  
| MDVEL: mdvel                                                                 
| MDFRC: mdfrc                                                                 
|  MDEN: mden                                                                  
| MDCRD: TREM2_F74D-VitaminD3-eq-50K.mdcrd                                     
|MDINFO: TREM2_F74D-VitaminD3-eq-50K.mdinfo                                    
|  MTMD: mtmd                                                                  
|INPDIP: inpdip                                                                
|RSTDIP: rstdip                                                                
|INPTRA: inptraj                                                               


 Here is the input file:

Equilibration of the whole system at 50 K for 10 ps with shake at constant volume and constant temperature
 &cntrl                                                                        
  nmropt = 0,                                                                  
  ntx = 1,	irest = 0,	ntrx = 1,	ntxo = 1,                                      
  ntpr = 1000,	ntwx = 1000,	ntwv = 1000,	ntwe = 1000,                          
  ntwr = 1000,                                                                 
                                                                               
                                                                               
  ntf = 2,	ntb = 1,                                                            
  cut = 10.0,	nsnb = 20,                                                       
                                                                               
  ibelly = 0,	ntr = 0,                                                         
                                                                               
  imin = 0,                                                                    
  nstlim = 5000,                                                               
  nscm = 500,                                                                  
  t = 0.0,	dt = 0.002,                                                         
                                                                               
  temp0 = 50.0,	tempi = 50.0,                                                  
  ntt = 1,                                                                     
  vrand = 0,                                                                   
  vlimit = 15.0,                                                               
                                                                               
  ntc = 2,                                                                     
 &end                                                                          

--------------------------------------------------------------------------------
   1.  RESOURCE   USE: 
--------------------------------------------------------------------------------

| Flags:                                                                        
 getting new box info from bottom of inpcrd
|  INFO: Old style inpcrd file read

| peek_ewald_inpcrd: Box info found
|Largest sphere to fit in unit cell has radius =    36.022
| New format PARM file being parsed.
| Version =    1.000 Date = 12/24/21 Time = 14:57:36
 NATOM  =   47720 NTYPES =      18 NBONH =   46749 MBONA  =     902
 NTHETH =    2019 MTHETA =    1227 NPHIH =    4172 MPHIA  =    3829
 NHPARM =       0 NPARM  =       0 NNB   =   71049 NRES   =   15483
 NBONA  =     902 NTHETA =    1227 NPHIA =    3829 NUMBND =      85
 NUMANG =     189 NPTRA  =     211 NATYP =      47 NPHB   =       1
 IFBOX  =       1 NMXRS  =      72 IFCAP =       0 NEXTRA =       0
 NCOPY  =       0


|     Memory Use     Allocated
|     Real             3236359
|     Hollerith         158645
|     Integer          1486349
|     Max Pairs       27486720
|     nblistReal        572640
|     nblist Int       1674102
|       Total           150093 kbytes

| Note: 1-4 EEL scale factors are being read from the topology file.

| Note: 1-4 VDW scale factors are being read from the topology file.
| Duplicated    0 dihedrals
| Duplicated    0 dihedrals

     BOX TYPE: RECTILINEAR

--------------------------------------------------------------------------------
   2.  CONTROL  DATA  FOR  THE  RUN
--------------------------------------------------------------------------------

default_name                                                                    

General flags:
     imin    =       0, nmropt  =       0

Nature and format of input:
     ntx     =       1, irest   =       0, ntrx    =       1

Nature and format of output:
     ntxo    =       1, ntpr    =    1000, ntrx    =       1, ntwr    =    1000
     iwrap   =       0, ntwx    =    1000, ntwv    =    1000, ntwe    =    1000
     ioutfm  =       1, ntwprt  =       0, idecomp =       0, rbornstat=      0

Potential function:
     ntf     =       2, ntb     =       1, igb     =       0, nsnb    =      20
     ipol    =       0, gbsa    =       0, iesp    =       0
     dielc   =   1.00000, cut     =  10.00000, intdiel =   1.00000

Frozen or restrained atoms:
     ibelly  =       0, ntr     =       0

Molecular dynamics:
     nstlim  =      5000, nscm    =       500, nrespa  =         1
     t       =   0.00000, dt      =   0.00200, vlimit  =  15.00000

Berendsen (weak-coupling) temperature regulation:
     temp0   =  50.00000, tempi   =  50.00000, tautp   =   1.00000

SHAKE:
     ntc     =       2, jfastw  =       0
     tol     =   0.00001

Ewald parameters:
     verbose =       0, ew_type =       0, nbflag  =       1, use_pme =       1
     vdwmeth =       1, eedmeth =       1, netfrc  =       1
     Box X =   72.044   Box Y =   75.099   Box Z =   82.145
     Alpha =   90.000   Beta  =   90.000   Gamma =   90.000
     NFFT1 =   72       NFFT2 =   75       NFFT3 =   90
     Cutoff=   10.000   Tol   =0.100E-04
     Ewald Coefficient =  0.27511
     Interpolation order =    4

--------------------------------------------------------------------------------
   3.  ATOMIC COORDINATES AND VELOCITIES
--------------------------------------------------------------------------------

default_name                                                                    
 begin time read from input coords =    10.000 ps

 Number of triangulated 3-point waters found:    15285

     Sum of charges from parm topology file =   0.00000192
     Forcing neutrality...

--------------------------------------------------------------------------------
   4.  RESULTS
--------------------------------------------------------------------------------

|  # of SOLUTE  degrees of freedom (RNDFP):   96411.
|  # of SOLVENT degrees of freedom (RNDFS):       0.
|  NDFMIN =   96408.     NUM_NOSHAKE =      0     CORRECTED RNDFP =   96408.
|  TOTAL # of degrees of freedom (RNDF) =   96408.
 ---------------------------------------------------
 APPROXIMATING switch and d/dx switch using CUBIC SPLINE INTERPOLATION
 using   5000.0 points per unit in tabled values
 TESTING RELATIVE ERROR over r ranging from 0.0 to cutoff
| CHECK switch(x): max rel err =   0.2738E-14   at   2.422500
| CHECK d/dx switch(x): max rel err =   0.8314E-11   at   2.736960
 ---------------------------------------------------
| Local SIZE OF NONBOND LIST =   18509445
| TOTAL SIZE OF NONBOND LIST =   18509445

 NSTEP =        0   TIME(PS) =       0.000  TEMP(K) =    74.22  PRESS =     0.0
 Etot   =   -219447.7315  EKtot   =      7109.3782  EPtot      =   -226557.1097
 BOND   =        91.8185  ANGLE   =       338.3734  DIHED      =      1272.4056
 1-4 NB =       339.1414  1-4 EEL =      3258.8333  VDWAALS    =     46231.3650
 EELEC  =   -278089.0469  EHBOND  =         0.0000  RESTRAINT  =         0.0000
 Ewald error estimate:   0.1301E-03
 ------------------------------------------------------------------------------

check COM velocity, temp:        0.000941     0.00(Removed)
check COM velocity, temp:        0.000000     0.00(Removed)

 NSTEP =     1000   TIME(PS) =       2.000  TEMP(K) =    56.73  PRESS =     0.0
 Etot   =   -189738.3294  EKtot   =      5434.0450  EPtot      =   -195172.3744
 BOND   =        92.9902  ANGLE   =       362.3853  DIHED      =      1257.4551
 1-4 NB =       343.4910  1-4 EEL =      3264.6068  VDWAALS    =     37633.0815
 EELEC  =   -238126.3843  EHBOND  =         0.0000  RESTRAINT  =         0.0000
 Ewald error estimate:   0.2670E-03
 ------------------------------------------------------------------------------

check COM velocity, temp:        0.000000     0.00(Removed)
check COM velocity, temp:        0.000000     0.00(Removed)

 NSTEP =     2000   TIME(PS) =       4.000  TEMP(K) =    53.29  PRESS =     0.0
 Etot   =   -190654.7647  EKtot   =      5104.2682  EPtot      =   -195759.0329
 BOND   =        90.0519  ANGLE   =       358.3829  DIHED      =      1261.7723
 1-4 NB =       343.3163  1-4 EEL =      3273.7820  VDWAALS    =     37888.3572
 EELEC  =   -238974.6955  EHBOND  =         0.0000  RESTRAINT  =         0.0000
 Ewald error estimate:   0.3073E-03
 ------------------------------------------------------------------------------

check COM velocity, temp:        0.000000     0.00(Removed)
check COM velocity, temp:        0.000000     0.00(Removed)

 NSTEP =     3000   TIME(PS) =       6.000  TEMP(K) =    51.65  PRESS =     0.0
 Etot   =   -191103.8144  EKtot   =      4947.4697  EPtot      =   -196051.2841
 BOND   =        94.4864  ANGLE   =       352.0898  DIHED      =      1259.2198
 1-4 NB =       343.6971  1-4 EEL =      3266.8068  VDWAALS    =     37813.7638
 EELEC  =   -239181.3479  EHBOND  =         0.0000  RESTRAINT  =         0.0000
 Ewald error estimate:   0.2293E-03
 ------------------------------------------------------------------------------

check COM velocity, temp:        0.000000     0.00(Removed)
check COM velocity, temp:        0.000000     0.00(Removed)

 NSTEP =     4000   TIME(PS) =       8.000  TEMP(K) =    50.98  PRESS =     0.0
 Etot   =   -191346.3977  EKtot   =      4883.7556  EPtot      =   -196230.1533
 BOND   =        91.5130  ANGLE   =       349.7598  DIHED      =      1258.7568
 1-4 NB =       342.0912  1-4 EEL =      3261.8419  VDWAALS    =     37828.2626
 EELEC  =   -239362.3787  EHBOND  =         0.0000  RESTRAINT  =         0.0000
 Ewald error estimate:   0.2771E-03
 ------------------------------------------------------------------------------

check COM velocity, temp:        0.000000     0.00(Removed)
check COM velocity, temp:        0.000000     0.00(Removed)

 NSTEP =     5000   TIME(PS) =      10.000  TEMP(K) =    50.89  PRESS =     0.0
 Etot   =   -191492.6219  EKtot   =      4874.5623  EPtot      =   -196367.1841
 BOND   =        90.0661  ANGLE   =       361.7045  DIHED      =      1263.2992
 1-4 NB =       335.0882  1-4 EEL =      3236.5234  VDWAALS    =     37694.3373
 EELEC  =   -239348.2028  EHBOND  =         0.0000  RESTRAINT  =         0.0000
 Ewald error estimate:   0.2146E-03
 ------------------------------------------------------------------------------


      A V E R A G E S   O V E R    5000 S T E P S


 NSTEP =     5000   TIME(PS) =      10.000  TEMP(K) =    53.89  PRESS =     0.0
 Etot   =   -190544.5323  EKtot   =      5162.0366  EPtot      =   -195706.5689
 BOND   =        91.9155  ANGLE   =       355.7261  DIHED      =      1265.7582
 1-4 NB =       343.7591  1-4 EEL =      3262.9391  VDWAALS    =     37872.7630
 EELEC  =   -238899.4299  EHBOND  =         0.0000  RESTRAINT  =         0.0000
 Ewald error estimate:   0.2278E-03
 ------------------------------------------------------------------------------


      R M S  F L U C T U A T I O N S


 NSTEP =     5000   TIME(PS) =      10.000  TEMP(K) =     4.12  PRESS =     0.0
 Etot   =      1003.2592  EKtot   =       394.5169  EPtot      =       758.2417
 BOND   =         3.4657  ANGLE   =         6.0507  DIHED      =         7.9081
 1-4 NB =         3.5834  1-4 EEL =        11.0676  VDWAALS    =       606.2265
 EELEC  =       858.3371  EHBOND  =         0.0000  RESTRAINT  =         0.0000
 Ewald error estimate:   0.4255E-04
 ------------------------------------------------------------------------------


--------------------------------------------------------------------------------
   5.  TIMINGS
--------------------------------------------------------------------------------

|                Build the list            57.71 (97.55% of List )
|                Other                      1.45 ( 2.45% of List )
|             List time                 59.16 ( 2.69% of Nonbo)
|                   Short_ene time          1827.17 (98.72% of Direc)
|                   Other                     23.70 ( 1.28% of Direc)
|                Direct Ewald time       1850.88 (86.42% of Ewald)
|                Adjust Ewald time          8.46 ( 0.40% of Ewald)
|                   Fill Bspline coeffs       12.94 ( 4.62% of Recip)
|                   Fill charge grid          47.51 (16.96% of Recip)
|                   Scalar sum                38.13 (13.61% of Recip)
|                   Grad sum                  77.85 (27.79% of Recip)
|                   FFT time                 103.64 (37.00% of Recip)
|                   Other                      0.02 ( 0.01% of Recip)
|                Recip Ewald time         280.08 (13.08% of Ewald)
|                Force Adjust               0.52 ( 0.02% of Ewald)
|                Virial junk                1.09 ( 0.05% of Ewald)
|                Other                      0.67 ( 0.03% of Ewald)
|             Ewald time              2141.72 (97.31% of Nonbo)
|          Nonbond force           2200.89 (99.58% of Force)
|          Bond/Angle/Dihedral        8.81 ( 0.40% of Force)
|          Other                      0.44 ( 0.02% of Force)
|       Force time              2210.14 (99.12% of Runmd)
|       Shake time                 9.90 ( 0.44% of Runmd)
|       Verlet update time         8.06 ( 0.36% of Runmd)
|       Other                      1.56 ( 0.07% of Runmd)
|    Runmd Time              2229.65 (100.0% of Total)
|    Other                      0.52 ( 0.02% of Total)
| Total time              2230.22 (100.0% of ALL  )

| Number of list builds   :        113

| Highest rstack allocated:    2327362
| Highest istack allocated:      47720

| Final Performance Info:
| -----------------------------------------------------
| Average timings for all steps:
|     Elapsed(s) =    2229.65 Per Step(ms) =     445.93
|         ns/day =       0.39   seconds/ns =  222965.30
| -----------------------------------------------------

|           Job began  at 18:16:27.314  on 12/24/2021
|           Setup done at 18:16:27.879  on 12/24/2021
|           Run   done at 18:53:37.532  on 12/24/2021
|     wallclock() was called  220282 times

|3D-RISM memory allocation summary
|Type          Maximum        Current   
|Integer       0.00000 GB     0.00000 GB
|Real          0.00000 GB     0.00000 GB
|Logical       0.00000 GB     0.00000 GB
|Character     0.00000 GB     0.00000 GB
|---------------------------------------
|Total         0.00000 GB     0.00000 GB
