log started: Tue Nov 23 16:10:38 2021

Log file: ./leap.log
>> #
>> # ----- leaprc for loading the ff14SB force field
>> # ----- NOTE: this is designed for PDB format 3!
>> #
>> #	load atom type hybridizations
>> #
>> addAtomTypes {
>> 	{ "H"   "H" "sp3" }
>> 	{ "HO"  "H" "sp3" }
>> 	{ "HS"  "H" "sp3" }
>> 	{ "H1"  "H" "sp3" }
>> 	{ "H2"  "H" "sp3" }
>> 	{ "H3"  "H" "sp3" }
>> 	{ "H4"  "H" "sp3" }
>> 	{ "H5"  "H" "sp3" }
>> 	{ "HW"  "H" "sp3" }
>> 	{ "HC"  "H" "sp3" }
>> 	{ "HA"  "H" "sp3" }
>> 	{ "HP"  "H" "sp3" }
>> 	{ "HZ"  "H" "sp3" }
>> 	{ "OH"  "O" "sp3" }
>> 	{ "OS"  "O" "sp3" }
>> 	{ "O"   "O" "sp2" }
>> 	{ "O2"  "O" "sp2" }
>> 	{ "OP"  "O" "sp2" }
>> 	{ "OW"  "O" "sp3" }
>> 	{ "CT"  "C" "sp3" }
>> 	{ "CX"  "C" "sp3" }
>> 	{ "C8"  "C" "sp3" }
>> 	{ "2C"  "C" "sp3" }
>> 	{ "3C"  "C" "sp3" }
>> 	{ "CH"  "C" "sp3" }
>> 	{ "CS"  "C" "sp2" }
>> 	{ "C"   "C" "sp2" }
>> 	{ "CO"   "C" "sp2" }
>> 	{ "C*"  "C" "sp2" }
>> 	{ "CA"  "C" "sp2" }
>> 	{ "CB"  "C" "sp2" }
>> 	{ "CC"  "C" "sp2" }
>> 	{ "CN"  "C" "sp2" }
>> 	{ "CM"  "C" "sp2" }
>> 	{ "CK"  "C" "sp2" }
>> 	{ "CQ"  "C" "sp2" }
>> 	{ "CD"  "C" "sp2" }
>> 	{ "C5"  "C" "sp2" }
>> 	{ "C4"  "C" "sp2" }
>> 	{ "CP"  "C" "sp2" }
>> 	{ "CI"  "C" "sp3" }
>> 	{ "CJ"  "C" "sp2" }
>> 	{ "CW"  "C" "sp2" }
>> 	{ "CV"  "C" "sp2" }
>> 	{ "CR"  "C" "sp2" }
>> 	{ "CA"  "C" "sp2" }
>> 	{ "CY"  "C" "sp2" }
>> 	{ "C0"  "Ca" "sp3" }
>> 	{ "MG"  "Mg" "sp3" }
>> 	{ "N"   "N" "sp2" }
>> 	{ "NA"  "N" "sp2" }
>> 	{ "N2"  "N" "sp2" }
>> 	{ "N*"  "N" "sp2" }
>> 	{ "NP"  "N" "sp2" }
>> 	{ "NQ"  "N" "sp2" }
>> 	{ "NB"  "N" "sp2" }
>> 	{ "NC"  "N" "sp2" }
>> 	{ "NT"  "N" "sp3" }
>> 	{ "NY"  "N" "sp2" }
>> 	{ "N3"  "N" "sp3" }
>> 	{ "S"   "S" "sp3" }
>> 	{ "SH"  "S" "sp3" }
>> 	{ "P"   "P" "sp3" }
>> 	{ "LP"  ""  "sp3" }
>> 	{ "EP"  ""  "sp3" }
>> 	{ "F"   "F" "sp3" }
>> 	{ "Cl"  "Cl" "sp3" }
>> 	{ "Br"  "Br" "sp3" }
>> 	{ "I"   "I"  "sp3" }
>> }
>> #
>> #	Load the main parameter set.
>> #
>> parm10 = loadamberparams parm10.dat
Loading parameters: /share/apps/rc/software/AmberTools/19-fosscuda-2018a/dat/leap/parm/parm10.dat
Reading title:
PARM99 + frcmod.ff99SB + frcmod.parmbsc0 + OL3 for RNA
>> frcmod14SB = loadamberparams frcmod.ff14SB
Loading parameters: /share/apps/rc/software/AmberTools/19-fosscuda-2018a/dat/leap/parm/frcmod.ff14SB
Reading force field modification type file (frcmod)
Reading title:
ff14SB protein backbone and sidechain parameters
>> #
>> #	Load main chain and terminating amino acid libraries
>> #
>> loadOff amino12.lib
Loading library: /share/apps/rc/software/AmberTools/19-fosscuda-2018a/dat/leap/lib/amino12.lib
Loading: ALA
Loading: ARG
Loading: ASH
Loading: ASN
Loading: ASP
Loading: CYM
Loading: CYS
Loading: CYX
Loading: GLH
Loading: GLN
Loading: GLU
Loading: GLY
Loading: HID
Loading: HIE
Loading: HIP
Loading: HYP
Loading: ILE
Loading: LEU
Loading: LYN
Loading: LYS
Loading: MET
Loading: PHE
Loading: PRO
Loading: SER
Loading: THR
Loading: TRP
Loading: TYR
Loading: VAL
>> loadOff aminoct12.lib
Loading library: /share/apps/rc/software/AmberTools/19-fosscuda-2018a/dat/leap/lib/aminoct12.lib
Loading: CALA
Loading: CARG
Loading: CASN
Loading: CASP
Loading: CCYS
Loading: CCYX
Loading: CGLN
Loading: CGLU
Loading: CGLY
Loading: CHID
Loading: CHIE
Loading: CHIP
Loading: CHYP
Loading: CILE
Loading: CLEU
Loading: CLYS
Loading: CMET
Loading: CPHE
Loading: CPRO
Loading: CSER
Loading: CTHR
Loading: CTRP
Loading: CTYR
Loading: CVAL
Loading: NHE
Loading: NME
>> loadOff aminont12.lib
Loading library: /share/apps/rc/software/AmberTools/19-fosscuda-2018a/dat/leap/lib/aminont12.lib
Loading: ACE
Loading: NALA
Loading: NARG
Loading: NASN
Loading: NASP
Loading: NCYS
Loading: NCYX
Loading: NGLN
Loading: NGLU
Loading: NGLY
Loading: NHID
Loading: NHIE
Loading: NHIP
Loading: NILE
Loading: NLEU
Loading: NLYS
Loading: NMET
Loading: NPHE
Loading: NPRO
Loading: NSER
Loading: NTHR
Loading: NTRP
Loading: NTYR
Loading: NVAL
>> 
>> #
>> #	Define the PDB name map for the amino acids
>> #
>> addPdbResMap {
>>   { 0 "HYP" "HYP" } { 1 "HYP" "CHYP" }
>>   { 0 "ALA" "NALA" } { 1 "ALA" "CALA" }
>>   { 0 "ARG" "NARG" } { 1 "ARG" "CARG" }
>>   { 0 "ASN" "NASN" } { 1 "ASN" "CASN" }
>>   { 0 "ASP" "NASP" } { 1 "ASP" "CASP" }
>>   { 0 "CYS" "NCYS" } { 1 "CYS" "CCYS" }
>>   { 0 "CYX" "NCYX" } { 1 "CYX" "CCYX" }
>>   { 0 "GLN" "NGLN" } { 1 "GLN" "CGLN" }
>>   { 0 "GLU" "NGLU" } { 1 "GLU" "CGLU" }
>>   { 0 "GLY" "NGLY" } { 1 "GLY" "CGLY" }
>>   { 0 "HID" "NHID" } { 1 "HID" "CHID" }
>>   { 0 "HIE" "NHIE" } { 1 "HIE" "CHIE" }
>>   { 0 "HIP" "NHIP" } { 1 "HIP" "CHIP" }
>>   { 0 "ILE" "NILE" } { 1 "ILE" "CILE" }
>>   { 0 "LEU" "NLEU" } { 1 "LEU" "CLEU" }
>>   { 0 "LYS" "NLYS" } { 1 "LYS" "CLYS" }
>>   { 0 "MET" "NMET" } { 1 "MET" "CMET" }
>>   { 0 "PHE" "NPHE" } { 1 "PHE" "CPHE" }
>>   { 0 "PRO" "NPRO" } { 1 "PRO" "CPRO" }
>>   { 0 "SER" "NSER" } { 1 "SER" "CSER" }
>>   { 0 "THR" "NTHR" } { 1 "THR" "CTHR" }
>>   { 0 "TRP" "NTRP" } { 1 "TRP" "CTRP" }
>>   { 0 "TYR" "NTYR" } { 1 "TYR" "CTYR" }
>>   { 0 "VAL" "NVAL" } { 1 "VAL" "CVAL" }
>>   { 0 "HIS" "NHIS" } { 1 "HIS" "CHIS" }
>> }
>> 
>> #
>> # assume that most often proteins use HIE
>> #
>> NHIS = NHIE
>> HIS = HIE
>> CHIS = CHIE
> 
> source leaprc.water.tip3p
----- Source: /share/apps/rc/software/AmberTools/19-fosscuda-2018a/dat/leap/cmd/leaprc.water.tip3p
----- Source of /share/apps/rc/software/AmberTools/19-fosscuda-2018a/dat/leap/cmd/leaprc.water.tip3p done
>> #
>> #       Load water and ions for TIP3P + Li/Merz monovalent ions 
>> #       + Joung-Chetham monovalent ions
>> #       + Li/Merz highly charged ions (+2 to +4, 12-6 normal usage set)
>> #
>> #       Note: the Li/Merz monovalent set is loaded only to get Tl+,
>> #          Cu+, Ag+ NH4+, H3O+.  Since we load Joung-Cheatham second,
>> #          the alkali halide parameters come from the Joung-Cheatham set
>> #
>> addAtomTypes {
>> 	{ "HW"  "H" "sp3" }
>> 	{ "OW"  "O" "sp3" }
>> 	{ "F-"   "F" "sp3" }
>> 	{ "Cl-"  "Cl" "sp3" }
>> 	{ "Br-"  "Br" "sp3" }
>> 	{ "I-"   "I"  "sp3" }
>> 	{ "Li+"  "Li"  "sp3" }
>> 	{ "Na+"  "Na"  "sp3" }
>> 	{ "K+"  "K"  "sp3" }
>> 	{ "Rb+"  "Rb"  "sp3" }
>> 	{ "Cs+"  "Cs"  "sp3" }
>> 	{ "Mg+"  "Mg"  "sp3" }
>>     { "Tl+"  "Tl"  "sp3" }
>>     { "Cu+"  "Cu"  "sp3" }
>>     { "Ag+"  "Ag"  "sp3" }
>>     { "NH4+"  "N"  "sp3" }
>>     { "H3O+"  "O"  "sp3" }
>>     { "Be2+" "Be"  "sp3" }
>>     { "Cu2+" "Cu"  "sp3" }
>>     { "Ni2+" "Ni"  "sp3" }
>>     { "Pt2+" "Pt"  "sp3" }
>>     { "Zn2+" "Zn"  "sp3" }
>>     { "Co2+" "Co"  "sp3" }
>>     { "Pd2+" "Pd"  "sp3" }
>>     { "Ag2+" "Ag"  "sp3" }
>>     { "Cr2+" "Cr"  "sp3" }
>>     { "Fe2+" "Fe"  "sp3" }
>>     { "Mg2+" "Mg"  "sp3" }
>>     { "V2+"  "V"   "sp3" }
>>     { "Mn2+" "Mn"  "sp3" }
>>     { "Hg2+" "Hg"  "sp3" }
>>     { "Cd2+" "Cd"  "sp3" }
>>     { "Yb2+" "Yb"  "sp3" }
>>     { "Ca2+" "Ca"  "sp3" }
>>     { "Sn2+" "Sn"  "sp3" }
>>     { "Pb2+" "Pb"  "sp3" }
>>     { "Eu2+" "Eu"  "sp3" }
>>     { "Sr2+" "Sr"  "sp3" }
>>     { "Sm2+" "Sm"  "sp3" }
>>     { "Ba2+" "Ba"  "sp3" }
>>     { "Ra2+" "Ra"  "sp3" }
>>     { "Al3+" "Al"  "sp3" }
>>     { "Fe3+" "Fe"  "sp3" }
>>     { "Cr3+" "Cr"  "sp3" }
>>     { "In3+" "In"  "sp3" }
>>     { "Tl3+" "Tl"  "sp3" }
>>     { "Y3+"  "Y"   "sp3" }
>>     { "La3+" "La"  "sp3" }
>>     { "Ce3+" "Ce"  "sp3" }
>>     { "Pr3+" "Pr"  "sp3" }
>>     { "Nd3+" "Nd"  "sp3" }
>>     { "Sm3+" "Sm"  "sp3" }
>>     { "Eu3+" "Eu"  "sp3" }
>>     { "Gd3+" "Gd"  "sp3" }
>>     { "Tb3+" "Tb"  "sp3" }
>>     { "Dy3+" "Dy"  "sp3" }
>>     { "Er3+" "Er"  "sp3" }
>>     { "Tm3+" "Tm"  "sp3" }
>>     { "Lu3+" "Lu"  "sp3" }
>>     { "Hf4+" "Hf"  "sp3" }
>>     { "Zr4+" "Zr"  "sp3" }
>>     { "Ce4+" "Ce"  "sp3" }
>>     { "U4+"  "U"   "sp3" }
>>     { "Pu4+" "Pu"  "sp3" }
>>     { "Th4+" "Th"  "sp3" }
>> }
>> loadOff atomic_ions.lib
Loading library: /share/apps/rc/software/AmberTools/19-fosscuda-2018a/dat/leap/lib/atomic_ions.lib
Loading: AG
Loading: AL
Loading: Ag
Loading: BA
Loading: BR
Loading: Be
Loading: CA
Loading: CD
Loading: CE
Loading: CL
Loading: CO
Loading: CR
Loading: CS
Loading: CU
Loading: CU1
Loading: Ce
Loading: Cl-
Loading: Cr
Loading: Dy
Loading: EU
Loading: EU3
Loading: Er
Loading: F
Loading: FE
Loading: FE2
Loading: GD3
Loading: H3O+
Loading: HE+
Loading: HG
Loading: HZ+
Loading: Hf
Loading: IN
Loading: IOD
Loading: K
Loading: K+
Loading: LA
Loading: LI
Loading: LU
Loading: MG
Loading: MN
Loading: NA
Loading: NH4
Loading: NI
Loading: Na+
Loading: Nd
Loading: PB
Loading: PD
Loading: PR
Loading: PT
Loading: Pu
Loading: RB
Loading: Ra
Loading: SM
Loading: SR
Loading: Sm
Loading: Sn
Loading: TB
Loading: TL
Loading: Th
Loading: Tl
Loading: Tm
Loading: U4+
Loading: V2+
Loading: Y
Loading: YB2
Loading: ZN
Loading: Zr
>> loadOff solvents.lib
Loading library: /share/apps/rc/software/AmberTools/19-fosscuda-2018a/dat/leap/lib/solvents.lib
Loading: CHCL3BOX
Loading: DC4
Loading: FB3
Loading: FB3BOX
Loading: FB4
Loading: FB4BOX
Loading: MEOHBOX
Loading: NMABOX
Loading: OP3
Loading: OPC
Loading: OPC3BOX
Loading: OPCBOX
Loading: PL3
Loading: POL3BOX
Loading: QSPCFWBOX
Loading: SPC
Loading: SPCBOX
Loading: SPCFWBOX
Loading: SPF
Loading: SPG
Loading: T4E
Loading: TIP3PBOX
Loading: TIP3PFBOX
Loading: TIP4PBOX
Loading: TIP4PEWBOX
Loading: TIP5PBOX
Loading: TP3
Loading: TP4
Loading: TP5
Loading: TPF
>> HOH = TP3
>> WAT = TP3
>> loadAmberParams frcmod.tip3p
Loading parameters: /share/apps/rc/software/AmberTools/19-fosscuda-2018a/dat/leap/parm/frcmod.tip3p
Reading force field modification type file (frcmod)
Reading title:
This is the additional/replacement parameter set for TIP3P water
>> loadAmberParams frcmod.ions1lm_126_tip3p
Loading parameters: /share/apps/rc/software/AmberTools/19-fosscuda-2018a/dat/leap/parm/frcmod.ions1lm_126_tip3p
Reading force field modification type file (frcmod)
Reading title:
Li/Merz ion parameters of monovalent ions for TIP3P water model (12-6 normal usage set)
>> loadAmberParams frcmod.ionsjc_tip3p
Loading parameters: /share/apps/rc/software/AmberTools/19-fosscuda-2018a/dat/leap/parm/frcmod.ionsjc_tip3p
Reading force field modification type file (frcmod)
Reading title:
Monovalent ion parameters for Ewald and TIP3P water from Joung & Cheatham JPCB (2008)
>> loadAmberParams frcmod.ions234lm_126_tip3p
Loading parameters: /share/apps/rc/software/AmberTools/19-fosscuda-2018a/dat/leap/parm/frcmod.ions234lm_126_tip3p
Reading force field modification type file (frcmod)
Reading title:
Li/Merz ion parameters of divalent to tetravalent ions for TIP3P water model (12-6 normal usage set)
>> 
> 
> source leaprc.gaff
----- Source: /share/apps/rc/software/AmberTools/19-fosscuda-2018a/dat/leap/cmd/leaprc.gaff
----- Source of /share/apps/rc/software/AmberTools/19-fosscuda-2018a/dat/leap/cmd/leaprc.gaff done
>> logFile leap.log
log started: Tue Nov 23 16:10:51 2021

Log file: ./leap.log
>> #
>> # ----- leaprc for loading the general Amber Force field.
>> #       This file is mostly for use with Antechamber
>> #
>> #	load atom type hybridizations
>> #
>> addAtomTypes {
>> 	{ "h1"  "H" "sp3" }
>> 	{ "h2"  "H" "sp3" }
>> 	{ "h3"  "H" "sp3" }
>> 	{ "h4"  "H" "sp3" }
>> 	{ "h5"  "H" "sp3" }
>> 	{ "ha"  "H" "sp3" }
>> 	{ "hc"  "H" "sp3" }
>> 	{ "hn"  "H" "sp3" }
>> 	{ "ho"  "H" "sp3" }
>> 	{ "hp"  "H" "sp3" }
>> 	{ "hs"  "H" "sp3" }
>> 	{ "hw"  "H" "sp3" }
>> 	{ "hx"  "H" "sp3" }
>> 	{ "o"  "O" "sp2" }
>> 	{ "o2"  "O" "sp2" }
>> 	{ "oh"  "O" "sp3" }
>> 	{ "op"  "O" "sp3" }
>> 	{ "oq"  "O" "sp3" }
>> 	{ "os"  "O" "sp3" }
>> 	{ "ow"  "O" "sp3" }
>> 	{ "c"  "C" "sp2" }
>> 	{ "c1"  "C" "sp2" }
>> 	{ "c2"  "C" "sp2" }
>> 	{ "c3"  "C" "sp3" }
>> 	{ "ca"  "C" "sp2" }
>> 	{ "cc"  "C" "sp2" }
>> 	{ "cd"  "C" "sp2" }
>> 	{ "ce"  "C" "sp2" }
>> 	{ "cf"  "C" "sp2" }
>> 	{ "cg"  "C" "sp2" }
>> 	{ "ch"  "C" "sp2" }
>> 	{ "cp"  "C" "sp2" }
>> 	{ "cq"  "C" "sp2" }
>> 	{ "cu"  "C" "sp2" }
>> 	{ "cv"  "C" "sp2" }
>> 	{ "cx"  "C" "sp2" }
>> 	{ "cy"  "C" "sp2" }
>> 	{ "cz"  "C" "sp2" }
>> 	{ "n"   "N" "sp2" }
>> 	{ "n1"  "N" "sp2" }
>> 	{ "n2"  "N" "sp2" }
>> 	{ "n3"  "N" "sp3" }
>> 	{ "n4"  "N" "sp3" }
>> 	{ "na"  "N" "sp2" }
>> 	{ "nb"  "N" "sp2" }
>> 	{ "nc"  "N" "sp2" }
>> 	{ "nd"  "N" "sp2" }
>> 	{ "ne"  "N" "sp2" }
>> 	{ "nf"  "N" "sp2" }
>> 	{ "nh"  "N" "sp2" }
>> 	{ "ni"  "N" "sp2" }
>> 	{ "nj"  "N" "sp2" }
>> 	{ "nk"  "N" "sp3" }
>> 	{ "nl"  "N" "sp3" }
>> 	{ "nm"  "N" "sp2" }
>> 	{ "nn"  "N" "sp2" }
>> 	{ "no"  "N" "sp2" }
>> 	{ "np"  "N" "sp3" }
>> 	{ "nq"  "N" "sp3" }
>> 	{ "s"   "S" "sp2" }
>> 	{ "s2"   "S" "sp2" }
>> 	{ "s3"   "S" "sp3" }
>> 	{ "s4"   "S" "sp3" }
>> 	{ "s6"   "S" "sp3" }
>> 	{ "sh"   "S" "sp3" }
>> 	{ "sp"   "S" "sp3" }
>> 	{ "sq"   "S" "sp3" }
>> 	{ "ss"   "S" "sp3" }
>> 	{ "sx"   "S" "sp3" }
>> 	{ "sy"   "S" "sp3" }
>> 	{ "p2"   "P" "sp2" }
>> 	{ "p3"   "P" "sp3" }
>> 	{ "p4"   "P" "sp3" }
>> 	{ "p5"   "P" "sp3" }
>> 	{ "pb"   "P" "sp3" }
>> 	{ "pc"   "P" "sp3" }
>> 	{ "pd"   "P" "sp3" }
>> 	{ "pe"   "P" "sp3" }
>> 	{ "pf"   "P" "sp3" }
>> 	{ "px"   "P" "sp3" }
>> 	{ "py"   "P" "sp3" }
>> 	{ "f"   "F" "sp3" }
>> 	{ "cl"  "Cl" "sp3" }
>> 	{ "br"  "Br" "sp3" }
>> 	{ "i"   "I"  "sp3" }
>> }
>> #
>> #	Load the general force field parameter set.
>> #
>> gaff = loadamberparams gaff.dat
Loading parameters: /share/apps/rc/software/AmberTools/19-fosscuda-2018a/dat/leap/parm/gaff.dat
Reading title:
AMBER General Force Field for organic molecules (Version 1.81, May 2017)
> 
> loadamberparams VitaminD3.frcmod
Loading parameters: ./VitaminD3.frcmod
Reading force field modification type file (frcmod)
Reading title:
Remark line goes here
> loadaff VitaminD3.lib

Error: Error from the parser: syntax error

> loadoff VitaminD3.lib
Loading library: ./VitaminD3.lib
Loading: LIG
> complex = loadpdb TREM2-VitaminD3-min.pdb
Loading PDB file: ./TREM2-VitaminD3-min.pdb
Matching PDB residue names to LEaP variables.
Mapped residue THR, term: Terminal/beginning, seq. number: 0 to: NTHR.
Mapped residue LEU, term: Terminal/last, seq. number: 108 to: CLEU.
  total atoms in file: 1785
> solvateBox complex TIP3PBOX 20.0
  Solute vdw bounding box:              33.306 46.270 40.172
  Total bounding box for atom centers:  73.306 86.270 80.172
  Solvent unit box:                     18.774 18.774 18.774
The number of boxes:  x= 4  y= 5  z= 5
  Total vdw box size:                   76.409 89.185 83.256 angstroms.
  Volume: 567348.407 A^3 
  Total mass 284495.194 amu,  Density 0.833 g/cc
  Added 15092 residues.
> charge complex
Total unperturbed charge:   5.000002
Total perturbed charge:     5.000002
> addions complex Cl- 5
Adding 5 counter ions to "complex" using 1A grid
Total solute charge:   5.00  Max atom radius:   2.00
Grid extends from solute vdw + 2.51  to  8.51
Box:
   enclosing:  -23.84 -30.10 -27.53   23.72 30.08 26.95
   sized:			      40.16 33.90 36.47
   edge:        64.00
Resolution:      1.00 Angstrom.
Tree depth: 6
Volume = 13.27% of box, grid points 34777
Solvent present: replacing closest with ion
	 when steric overlaps occur
Calculating grid charges
(Replacing solvent molecule)
Placed Cl- in complex at (10.66, -0.40, -4.53).
(Replacing solvent molecule)
Placed Cl- in complex at (-10.50, 10.31, -1.27).
(Replacing solvent molecule)
Placed Cl- in complex at (-8.59, 0.87, 18.88).
(Replacing solvent molecule)
Placed Cl- in complex at (-0.24, 20.86, -1.39).
(Replacing solvent molecule)
Placed Cl- in complex at (-17.68, 6.81, 6.87).

Done adding ions.
> charge complex
Total unperturbed charge:   0.000002
Total perturbed charge:     0.000002
> addionsrand complex Na+ 41 Cl- 41
Adding 82 counter ions to "complex". 15005 solvent molecules will remain.
0: Placed Na+ in complex at (31.29, -34.59, -38.62).
Placed Cl- in complex at (-2.73, -27.48, -24.79).
0: Placed Na+ in complex at (35.24, -24.59, 4.70).
Placed Cl- in complex at (-5.55, -35.40, -35.20).
0: Placed Na+ in complex at (-13.84, -21.69, 25.26).
Placed Cl- in complex at (-8.12, 15.13, -37.21).
0: Placed Na+ in complex at (23.37, -24.73, 2.41).
Placed Cl- in complex at (13.15, -8.93, 27.86).
0: Placed Na+ in complex at (-28.94, 22.49, 15.11).
Placed Cl- in complex at (-30.37, 24.98, 22.07).
0: Placed Na+ in complex at (8.40, -5.77, -21.30).
Placed Cl- in complex at (32.98, 42.82, 17.66).
0: Placed Na+ in complex at (13.65, 8.32, 13.08).
Placed Cl- in complex at (-1.85, 16.55, 21.51).
0: Placed Na+ in complex at (-19.89, 15.16, 7.27).
Placed Cl- in complex at (-32.81, 19.89, 10.48).
0: Placed Na+ in complex at (-20.56, -36.32, 24.21).
Placed Cl- in complex at (14.21, 24.05, 17.66).
0: Placed Na+ in complex at (19.89, -10.23, 29.94).
Placed Cl- in complex at (32.42, -10.45, 31.85).
0: Placed Na+ in complex at (-20.08, 37.01, 14.69).
Placed Cl- in complex at (13.97, -5.45, -7.78).
0: Placed Na+ in complex at (-32.61, 34.64, 6.49).
Placed Cl- in complex at (7.86, -34.46, -27.59).
0: Placed Na+ in complex at (-25.25, -4.68, 22.41).
Placed Cl- in complex at (-18.11, -15.54, 22.87).
0: Placed Na+ in complex at (26.92, 33.94, -25.79).
Placed Cl- in complex at (-20.69, 17.38, -32.00).
0: Placed Na+ in complex at (-1.30, -38.09, -22.86).
Placed Cl- in complex at (-34.77, -3.98, 10.62).
0: Placed Na+ in complex at (11.67, -25.50, 34.85).
Placed Cl- in complex at (-0.96, -14.44, -31.24).
0: Placed Na+ in complex at (31.67, -9.11, -1.29).
Placed Cl- in complex at (-34.55, -1.49, -10.25).
0: Placed Na+ in complex at (-0.70, -33.06, -8.74).
Placed Cl- in complex at (4.66, 37.97, 5.64).
0: Placed Na+ in complex at (24.60, 3.55, 25.84).
Placed Cl- in complex at (7.47, -25.87, 19.77).
0: Placed Na+ in complex at (-5.27, -11.06, 26.01).
Placed Cl- in complex at (26.96, -7.39, 3.60).
0: Placed Na+ in complex at (32.61, 20.33, -31.30).
Placed Cl- in complex at (-1.60, -18.22, -35.10).
0: Placed Na+ in complex at (29.43, 33.42, 30.02).
Placed Cl- in complex at (4.66, -18.35, -13.13).
0: Placed Na+ in complex at (-0.24, -35.46, 36.16).
Placed Cl- in complex at (-5.90, -37.15, -25.79).
0: Placed Na+ in complex at (17.67, 14.35, -2.31).
Placed Cl- in complex at (9.63, 3.55, -37.43).
0: Placed Na+ in complex at (-29.46, 14.17, 37.54).
Placed Cl- in complex at (4.18, 23.99, -36.37).
0: Placed Na+ in complex at (18.07, 42.03, 28.81).
Placed Cl- in complex at (22.58, -27.71, 15.20).
0: Placed Na+ in complex at (23.71, -21.69, 25.26).
Placed Cl- in complex at (-26.89, 15.13, 19.12).
0: Placed Na+ in complex at (-4.94, -17.22, -12.52).
Placed Cl- in complex at (16.86, -20.17, -32.00).
0: Placed Na+ in complex at (22.25, -14.12, -29.85).
Placed Cl- in complex at (-19.74, -33.21, -12.47).
0: Placed Na+ in complex at (-35.49, 18.91, -35.01).
Placed Cl- in complex at (-18.17, 39.74, 20.33).
0: Placed Na+ in complex at (16.93, 29.69, -20.76).
Placed Cl- in complex at (13.65, 27.10, -5.69).
0: Placed Na+ in complex at (13.27, -37.76, -14.59).
Placed Cl- in complex at (6.27, 37.67, 35.80).
0: Placed Na+ in complex at (29.28, -26.96, 39.51).
Placed Cl- in complex at (-20.02, 1.23, 12.54).
0: Placed Na+ in complex at (33.90, -14.80, -22.66).
Placed Cl- in complex at (-1.20, -36.02, -9.08).
0: Placed Na+ in complex at (16.12, -28.68, 20.15).
Placed Cl- in complex at (4.60, 23.82, 12.08).
0: Placed Na+ in complex at (21.32, 9.78, -11.97).
Placed Cl- in complex at (-18.03, 18.11, 10.60).
0: Placed Na+ in complex at (1.19, 7.24, -35.91).
Placed Cl- in complex at (-21.26, -13.37, -35.24).
0: Placed Na+ in complex at (32.60, 26.02, 19.80).
Placed Cl- in complex at (-19.02, 2.09, -20.16).
0: Placed Na+ in complex at (-22.01, -27.19, 6.84).
Placed Cl- in complex at (-29.64, -36.83, -22.82).
0: Placed Na+ in complex at (-25.53, 11.10, -12.08).
Placed Cl- in complex at (-21.98, -29.33, -2.45).
0: Placed Na+ in complex at (11.82, -2.05, -10.81).
Placed Cl- in complex at (-15.53, 7.88, 8.68).
> charge complex
Total unperturbed charge:   0.000002
Total perturbed charge:     0.000002
> check complex
Checking 'complex'....
Checking parameters for unit 'complex'.
Checking for bond parameters.
Checking for angle parameters.
Unit is OK.
> saveamberparm complex TREM2-VitaminD3-SolvI.prmtop TREM2-VitaminD3-SolvI.inpcrd
Checking Unit.
Building topology.
Building atom parameters.
Building bond parameters.
Building angle parameters.
Building proper torsion parameters.
Building improper torsion parameters.
 ** Warning: No sp2 improper torsion term for  C*-CN-CB-CA
        atoms are: CG CE2 CD2 CE3
 ** Warning: No sp2 improper torsion term for  NA-CA-CN-CB
        atoms are: NE1 CZ2 CE2 CD2
 ** Warning: No sp2 improper torsion term for  C*-CN-CB-CA
        atoms are: CG CE2 CD2 CE3
 ** Warning: No sp2 improper torsion term for  NA-CA-CN-CB
        atoms are: NE1 CZ2 CE2 CD2
 ** Warning: No sp2 improper torsion term for  C*-CN-CB-CA
        atoms are: CG CE2 CD2 CE3
 ** Warning: No sp2 improper torsion term for  NA-CA-CN-CB
        atoms are: NE1 CZ2 CE2 CD2
 ** Warning: No sp2 improper torsion term for  C*-CN-CB-CA
        atoms are: CG CE2 CD2 CE3
 ** Warning: No sp2 improper torsion term for  NA-CA-CN-CB
        atoms are: NE1 CZ2 CE2 CD2
 total 354 improper torsions applied
Building H-Bond parameters.
Incorporating Non-Bonded adjustments.
Not Marking per-residue atom chain types.
Marking per-residue atom chain types.
  (Residues lacking connect0/connect1 - 
   these don't have chain types marked:

	res	total affected

	CLEU	1
	LIG	1
	NTHR	1
	WAT	15005
  )
 (no restraints)
> quit
	Quit

Exiting LEaP: Errors = 1; Warnings = 0; Notes = 0.
