
          -------------------------------------------------------
          Amber 18 SANDER                              2018
          -------------------------------------------------------

| Run on 11/25/2021 at 00:27:03

|   Executable path: sander
| Working directory: /data/temporary-scratch/ragreer/TREM2-VitaminD3_32_new/step5-heating
|          Hostname: c0151

  [-O]verwriting output

File Assignments:
|  MDIN: eq-150K.in                                                            
| MDOUT: eq-150K.out                                                           
|INPCRD: TREM2-VitaminD3-eq-100K.rst                                           
|  PARM: TREM2-VitaminD3-SolvI.prmtop                                          
|RESTRT: TREM2-VitaminD3-eq-150K.rst                                           
|  REFC: refc                                                                  
| MDVEL: mdvel                                                                 
| MDFRC: mdfrc                                                                 
|  MDEN: mden                                                                  
| MDCRD: TREM2-VitaminD3-eq-150K.mdcrd                                         
|MDINFO: TREM2-VitaminD3-eq-150K.mdinfo                                        
|  MTMD: mtmd                                                                  
|INPDIP: inpdip                                                                
|RSTDIP: rstdip                                                                
|INPTRA: inptraj                                                               


 Here is the input file:

Equilibration of the whole system at 150 K for 10 ps with shake at constant volume and constant temperature
 &cntrl                                                                        
  nmropt = 0,                                                                  
  ntx = 1,	irest = 0,	ntrx = 1,	ntxo = 1,                                      
  ntpr = 1000,	ntwx = 1000,	ntwv = 1000,	ntwe = 1000,                          
  ntwr = 1000,                                                                 
                                                                               
                                                                               
  ntf = 2,	ntb = 1,                                                            
  cut = 10.0,	nsnb = 20,                                                       
                                                                               
  ibelly = 0,	ntr = 0,                                                         
                                                                               
  imin = 0,                                                                    
  nstlim = 5000,                                                               
  nscm = 500,                                                                  
  t = 0.0,	dt = 0.002,                                                         
                                                                               
  temp0 = 150.0, tempi = 150.0,                                                
  ntt = 1,                                                                     
  vrand = 0,                                                                   
  vlimit = 15.0,                                                               
                                                                               
  ntc = 2,                                                                     
 &end                                                                          

--------------------------------------------------------------------------------
   1.  RESOURCE   USE: 
--------------------------------------------------------------------------------

| Flags:                                                                        
 getting new box info from bottom of inpcrd
|  INFO: Old style inpcrd file read

| peek_ewald_inpcrd: Box info found
|Largest sphere to fit in unit cell has radius =    35.006
| New format PARM file being parsed.
| Version =    1.000 Date = 11/23/21 Time = 16:19:17
 NATOM  =   46887 NTYPES =      18 NBONH =   45914 MBONA  =     906
 NTHETH =    2029 MTHETA =    1232 NPHIH =    4193 MPHIA  =    3837
 NHPARM =       0 NPARM  =       0 NNB   =   69973 NRES   =   15202
 NBONA  =     906 NTHETA =    1232 NPHIA =    3837 NUMBND =      85
 NUMANG =     189 NPTRA  =     211 NATYP =      47 NPHB   =       1
 IFBOX  =       1 NMXRS  =      72 IFCAP =       0 NEXTRA =       0
 NCOPY  =       0


|     Memory Use     Allocated
|     Real             3181279
|     Hollerith         155865
|     Integer          1468928
|     Max Pairs       27006912
|     nblistReal        562644
|     nblist Int       1654421
|       Total           147554 kbytes

| Note: 1-4 EEL scale factors are being read from the topology file.

| Note: 1-4 VDW scale factors are being read from the topology file.
| Duplicated    0 dihedrals
| Duplicated    0 dihedrals

     BOX TYPE: RECTILINEAR

--------------------------------------------------------------------------------
   2.  CONTROL  DATA  FOR  THE  RUN
--------------------------------------------------------------------------------

default_name                                                                    

General flags:
     imin    =       0, nmropt  =       0

Nature and format of input:
     ntx     =       1, irest   =       0, ntrx    =       1

Nature and format of output:
     ntxo    =       1, ntpr    =    1000, ntrx    =       1, ntwr    =    1000
     iwrap   =       0, ntwx    =    1000, ntwv    =    1000, ntwe    =    1000
     ioutfm  =       1, ntwprt  =       0, idecomp =       0, rbornstat=      0

Potential function:
     ntf     =       2, ntb     =       1, igb     =       0, nsnb    =      20
     ipol    =       0, gbsa    =       0, iesp    =       0
     dielc   =   1.00000, cut     =  10.00000, intdiel =   1.00000

Frozen or restrained atoms:
     ibelly  =       0, ntr     =       0

Molecular dynamics:
     nstlim  =      5000, nscm    =       500, nrespa  =         1
     t       =   0.00000, dt      =   0.00200, vlimit  =  15.00000

Berendsen (weak-coupling) temperature regulation:
     temp0   = 150.00000, tempi   = 150.00000, tautp   =   1.00000

SHAKE:
     ntc     =       2, jfastw  =       0
     tol     =   0.00001

Ewald parameters:
     verbose =       0, ew_type =       0, nbflag  =       1, use_pme =       1
     vdwmeth =       1, eedmeth =       1, netfrc  =       1
     Box X =   70.013   Box Y =   81.719   Box Z =   76.286
     Alpha =   90.000   Beta  =   90.000   Gamma =   90.000
     NFFT1 =   72       NFFT2 =   81       NFFT3 =   80
     Cutoff=   10.000   Tol   =0.100E-04
     Ewald Coefficient =  0.27511
     Interpolation order =    4

--------------------------------------------------------------------------------
   3.  ATOMIC COORDINATES AND VELOCITIES
--------------------------------------------------------------------------------

default_name                                                                    
 begin time read from input coords =    10.000 ps

 Number of triangulated 3-point waters found:    15005

     Sum of charges from parm topology file =   0.00000192
     Forcing neutrality...

--------------------------------------------------------------------------------
   4.  RESULTS
--------------------------------------------------------------------------------

|  # of SOLUTE  degrees of freedom (RNDFP):   94747.
|  # of SOLVENT degrees of freedom (RNDFS):       0.
|  NDFMIN =   94744.     NUM_NOSHAKE =      0     CORRECTED RNDFP =   94744.
|  TOTAL # of degrees of freedom (RNDF) =   94744.
 ---------------------------------------------------
 APPROXIMATING switch and d/dx switch using CUBIC SPLINE INTERPOLATION
 using   5000.0 points per unit in tabled values
 TESTING RELATIVE ERROR over r ranging from 0.0 to cutoff
| CHECK switch(x): max rel err =   0.2738E-14   at   2.422500
| CHECK d/dx switch(x): max rel err =   0.8314E-11   at   2.736960
 ---------------------------------------------------
| Local SIZE OF NONBOND LIST =   18167489
| TOTAL SIZE OF NONBOND LIST =   18167489

 NSTEP =        0   TIME(PS) =       0.000  TEMP(K) =   222.61  PRESS =     0.0
 Etot   =   -167480.3629  EKtot   =     20955.6276  EPtot      =   -188435.9905
 BOND   =       147.5551  ANGLE   =       470.3528  DIHED      =      1293.2351
 1-4 NB =       360.0524  1-4 EEL =      3266.0861  VDWAALS    =     34931.0280
 EELEC  =   -228904.3001  EHBOND  =         0.0000  RESTRAINT  =         0.0000
 Ewald error estimate:   0.1649E-03
 ------------------------------------------------------------------------------

check COM velocity, temp:        0.001347     0.00(Removed)
check COM velocity, temp:        0.000000     0.00(Removed)

 NSTEP =     1000   TIME(PS) =       2.000  TEMP(K) =   139.75  PRESS =     0.0
 Etot   =   -171019.3569  EKtot   =     13155.2159  EPtot      =   -184174.5728
 BOND   =       193.8857  ANGLE   =       567.6734  DIHED      =      1315.9232
 1-4 NB =       371.4589  1-4 EEL =      3278.8313  VDWAALS    =     33728.0624
 EELEC  =   -223630.4078  EHBOND  =         0.0000  RESTRAINT  =         0.0000
 Ewald error estimate:   0.1607E-03
 ------------------------------------------------------------------------------

check COM velocity, temp:        0.000000     0.00(Removed)
check COM velocity, temp:        0.000000     0.00(Removed)

 NSTEP =     2000   TIME(PS) =       4.000  TEMP(K) =   145.34  PRESS =     0.0
 Etot   =   -169746.6209  EKtot   =     13681.6394  EPtot      =   -183428.2603
 BOND   =       208.2529  ANGLE   =       588.4375  DIHED      =      1315.5393
 1-4 NB =       363.1857  1-4 EEL =      3266.1089  VDWAALS    =     32900.0278
 EELEC  =   -222069.8125  EHBOND  =         0.0000  RESTRAINT  =         0.0000
 Ewald error estimate:   0.1777E-03
 ------------------------------------------------------------------------------

check COM velocity, temp:        0.000000     0.00(Removed)
check COM velocity, temp:        0.000000     0.00(Removed)

 NSTEP =     3000   TIME(PS) =       6.000  TEMP(K) =   148.89  PRESS =     0.0
 Etot   =   -169338.2376  EKtot   =     14016.0746  EPtot      =   -183354.3122
 BOND   =       201.7017  ANGLE   =       606.0979  DIHED      =      1329.5625
 1-4 NB =       353.0483  1-4 EEL =      3248.2875  VDWAALS    =     32627.9131
 EELEC  =   -221720.9232  EHBOND  =         0.0000  RESTRAINT  =         0.0000
 Ewald error estimate:   0.1489E-03
 ------------------------------------------------------------------------------

check COM velocity, temp:        0.000000     0.00(Removed)
check COM velocity, temp:        0.000000     0.00(Removed)

 NSTEP =     4000   TIME(PS) =       8.000  TEMP(K) =   150.20  PRESS =     0.0
 Etot   =   -169244.8105  EKtot   =     14139.4602  EPtot      =   -183384.2707
 BOND   =       206.3684  ANGLE   =       613.0057  DIHED      =      1325.5220
 1-4 NB =       354.0409  1-4 EEL =      3266.3891  VDWAALS    =     32425.7490
 EELEC  =   -221575.3457  EHBOND  =         0.0000  RESTRAINT  =         0.0000
 Ewald error estimate:   0.2012E-03
 ------------------------------------------------------------------------------

check COM velocity, temp:        0.000000     0.00(Removed)
check COM velocity, temp:        0.000000     0.00(Removed)

 NSTEP =     5000   TIME(PS) =      10.000  TEMP(K) =   150.86  PRESS =     0.0
 Etot   =   -169302.2820  EKtot   =     14201.6364  EPtot      =   -183503.9184
 BOND   =       204.0015  ANGLE   =       594.0398  DIHED      =      1329.4929
 1-4 NB =       358.8106  1-4 EEL =      3280.8727  VDWAALS    =     32083.3232
 EELEC  =   -221354.4591  EHBOND  =         0.0000  RESTRAINT  =         0.0000
 Ewald error estimate:   0.1715E-03
 ------------------------------------------------------------------------------


      A V E R A G E S   O V E R    5000 S T E P S


 NSTEP =     5000   TIME(PS) =      10.000  TEMP(K) =   144.69  PRESS =     0.0
 Etot   =   -170146.7196  EKtot   =     13620.6612  EPtot      =   -183767.3808
 BOND   =       191.7438  ANGLE   =       586.6091  DIHED      =      1323.2956
 1-4 NB =       366.5292  1-4 EEL =      3268.4688  VDWAALS    =     33014.9888
 EELEC  =   -222519.0161  EHBOND  =         0.0000  RESTRAINT  =         0.0000
 Ewald error estimate:   0.1654E-03
 ------------------------------------------------------------------------------


      R M S  F L U C T U A T I O N S


 NSTEP =     5000   TIME(PS) =      10.000  TEMP(K) =     6.96  PRESS =     0.0
 Etot   =      1273.2575  EKtot   =       654.9508  EPtot      =       635.5798
 BOND   =        10.9754  ANGLE   =        19.9031  DIHED      =         7.7026
 1-4 NB =         5.2813  1-4 EEL =        16.5862  VDWAALS    =       644.2138
 EELEC  =      1217.8474  EHBOND  =         0.0000  RESTRAINT  =         0.0000
 Ewald error estimate:   0.4840E-04
 ------------------------------------------------------------------------------


--------------------------------------------------------------------------------
   5.  TIMINGS
--------------------------------------------------------------------------------

|                Build the list           145.84 (99.50% of List )
|                Other                      0.73 ( 0.50% of List )
|             List time                146.57 ( 7.62% of Nonbo)
|                   Short_ene time          1589.52 (99.31% of Direc)
|                   Other                     10.98 ( 0.69% of Direc)
|                Direct Ewald time       1600.51 (90.10% of Ewald)
|                Adjust Ewald time          7.62 ( 0.43% of Ewald)
|                   Fill Bspline coeffs        8.42 ( 5.05% of Recip)
|                   Fill charge grid          22.92 (13.75% of Recip)
|                   Scalar sum                27.70 (16.61% of Recip)
|                   Grad sum                  45.45 (27.26% of Recip)
|                   FFT time                  62.23 (37.33% of Recip)
|                Recip Ewald time         166.72 ( 9.39% of Ewald)
|                Force Adjust               0.22 ( 0.01% of Ewald)
|                Virial junk                0.74 ( 0.04% of Ewald)
|                Other                      0.60 ( 0.03% of Ewald)
|             Ewald time              1776.40 (92.38% of Nonbo)
|          Nonbond force           1922.98 (99.56% of Force)
|          Bond/Angle/Dihedral        8.26 ( 0.43% of Force)
|          Other                      0.23 ( 0.01% of Force)
|       Force time              1931.46 (99.22% of Runmd)
|       Shake time                 8.33 ( 0.43% of Runmd)
|       Verlet update time         5.81 ( 0.30% of Runmd)
|       Other                      0.99 ( 0.05% of Runmd)
|    Runmd Time              1946.60 (100.0% of Total)
|    Other                      0.32 ( 0.02% of Total)
| Total time              1946.97 (100.0% of ALL  )

| Number of list builds   :        321

| Highest rstack allocated:    2263539
| Highest istack allocated:      46887

| Final Performance Info:
| -----------------------------------------------------
| Average timings for all steps:
|     Elapsed(s) =    1946.61 Per Step(ms) =     389.32
|         ns/day =       0.44   seconds/ns =  194660.53
| -----------------------------------------------------

|           Job began  at 00:27:03.704  on 11/25/2021
|           Setup done at 00:27:04.071  on 11/25/2021
|           Run   done at 00:59:30.676  on 11/25/2021
|     wallclock() was called  220698 times

|3D-RISM memory allocation summary
|Type          Maximum        Current   
|Integer       0.00000 GB     0.00000 GB
|Real          0.00000 GB     0.00000 GB
|Logical       0.00000 GB     0.00000 GB
|Character     0.00000 GB     0.00000 GB
|---------------------------------------
|Total         0.00000 GB     0.00000 GB
