
          -------------------------------------------------------
          Amber 18 SANDER                              2018
          -------------------------------------------------------

| Run on 11/24/2021 at 23:55:18

|   Executable path: sander
| Working directory: /data/temporary-scratch/ragreer/TREM2-VitaminD3_32_new/step5-heating
|          Hostname: c0151

  [-O]verwriting output

File Assignments:
|  MDIN: eq-100K.in                                                            
| MDOUT: eq-100K.out                                                           
|INPCRD: TREM2-VitaminD3-eq-50K.rst                                            
|  PARM: TREM2-VitaminD3-SolvI.prmtop                                          
|RESTRT: TREM2-VitaminD3-eq-100K.rst                                           
|  REFC: refc                                                                  
| MDVEL: mdvel                                                                 
| MDFRC: mdfrc                                                                 
|  MDEN: mden                                                                  
| MDCRD: TREM2-VitaminD3-eq-100K.mdcrd                                         
|MDINFO: TREM2-VitaminD3-eq-100K.mdinfo                                        
|  MTMD: mtmd                                                                  
|INPDIP: inpdip                                                                
|RSTDIP: rstdip                                                                
|INPTRA: inptraj                                                               


 Here is the input file:

Equilibration of the whole system at 100 K for 10 ps with shake at constant volume and constant temperature
 &cntrl                                                                        
  nmropt = 0,                                                                  
  ntx = 1,	irest = 0,	ntrx = 1,	ntxo = 1,                                      
  ntpr = 1000,	ntwx = 1000,	ntwv = 1000,	ntwe = 1000,                          
  ntwr = 1000,                                                                 
                                                                               
                                                                               
  ntf = 2,	ntb = 1,                                                            
  cut = 10.0,	nsnb = 20,                                                       
                                                                               
  ibelly = 0,	ntr = 0,                                                         
                                                                               
  imin = 0,                                                                    
  nstlim = 5000,                                                               
  nscm = 500,                                                                  
  t = 0.0,	dt = 0.002,                                                         
                                                                               
  temp0 = 100.0, tempi = 100.0,                                                
  ntt = 1,                                                                     
  vrand = 0,                                                                   
  vlimit = 15.0,                                                               
                                                                               
  ntc = 2,                                                                     
 &end                                                                          

--------------------------------------------------------------------------------
   1.  RESOURCE   USE: 
--------------------------------------------------------------------------------

| Flags:                                                                        
 getting new box info from bottom of inpcrd
|  INFO: Old style inpcrd file read

| peek_ewald_inpcrd: Box info found
|Largest sphere to fit in unit cell has radius =    35.006
| New format PARM file being parsed.
| Version =    1.000 Date = 11/23/21 Time = 16:19:17
 NATOM  =   46887 NTYPES =      18 NBONH =   45914 MBONA  =     906
 NTHETH =    2029 MTHETA =    1232 NPHIH =    4193 MPHIA  =    3837
 NHPARM =       0 NPARM  =       0 NNB   =   69973 NRES   =   15202
 NBONA  =     906 NTHETA =    1232 NPHIA =    3837 NUMBND =      85
 NUMANG =     189 NPTRA  =     211 NATYP =      47 NPHB   =       1
 IFBOX  =       1 NMXRS  =      72 IFCAP =       0 NEXTRA =       0
 NCOPY  =       0


|     Memory Use     Allocated
|     Real             3181279
|     Hollerith         155865
|     Integer          1468928
|     Max Pairs       27006912
|     nblistReal        562644
|     nblist Int       1654421
|       Total           147554 kbytes

| Note: 1-4 EEL scale factors are being read from the topology file.

| Note: 1-4 VDW scale factors are being read from the topology file.
| Duplicated    0 dihedrals
| Duplicated    0 dihedrals

     BOX TYPE: RECTILINEAR

--------------------------------------------------------------------------------
   2.  CONTROL  DATA  FOR  THE  RUN
--------------------------------------------------------------------------------

default_name                                                                    

General flags:
     imin    =       0, nmropt  =       0

Nature and format of input:
     ntx     =       1, irest   =       0, ntrx    =       1

Nature and format of output:
     ntxo    =       1, ntpr    =    1000, ntrx    =       1, ntwr    =    1000
     iwrap   =       0, ntwx    =    1000, ntwv    =    1000, ntwe    =    1000
     ioutfm  =       1, ntwprt  =       0, idecomp =       0, rbornstat=      0

Potential function:
     ntf     =       2, ntb     =       1, igb     =       0, nsnb    =      20
     ipol    =       0, gbsa    =       0, iesp    =       0
     dielc   =   1.00000, cut     =  10.00000, intdiel =   1.00000

Frozen or restrained atoms:
     ibelly  =       0, ntr     =       0

Molecular dynamics:
     nstlim  =      5000, nscm    =       500, nrespa  =         1
     t       =   0.00000, dt      =   0.00200, vlimit  =  15.00000

Berendsen (weak-coupling) temperature regulation:
     temp0   = 100.00000, tempi   = 100.00000, tautp   =   1.00000

SHAKE:
     ntc     =       2, jfastw  =       0
     tol     =   0.00001

Ewald parameters:
     verbose =       0, ew_type =       0, nbflag  =       1, use_pme =       1
     vdwmeth =       1, eedmeth =       1, netfrc  =       1
     Box X =   70.013   Box Y =   81.719   Box Z =   76.286
     Alpha =   90.000   Beta  =   90.000   Gamma =   90.000
     NFFT1 =   72       NFFT2 =   81       NFFT3 =   80
     Cutoff=   10.000   Tol   =0.100E-04
     Ewald Coefficient =  0.27511
     Interpolation order =    4

--------------------------------------------------------------------------------
   3.  ATOMIC COORDINATES AND VELOCITIES
--------------------------------------------------------------------------------

default_name                                                                    
 begin time read from input coords =    10.000 ps

 Number of triangulated 3-point waters found:    15005

     Sum of charges from parm topology file =   0.00000192
     Forcing neutrality...

--------------------------------------------------------------------------------
   4.  RESULTS
--------------------------------------------------------------------------------

|  # of SOLUTE  degrees of freedom (RNDFP):   94747.
|  # of SOLVENT degrees of freedom (RNDFS):       0.
|  NDFMIN =   94744.     NUM_NOSHAKE =      0     CORRECTED RNDFP =   94744.
|  TOTAL # of degrees of freedom (RNDF) =   94744.
 ---------------------------------------------------
 APPROXIMATING switch and d/dx switch using CUBIC SPLINE INTERPOLATION
 using   5000.0 points per unit in tabled values
 TESTING RELATIVE ERROR over r ranging from 0.0 to cutoff
| CHECK switch(x): max rel err =   0.2738E-14   at   2.422500
| CHECK d/dx switch(x): max rel err =   0.8314E-11   at   2.736960
 ---------------------------------------------------
| Local SIZE OF NONBOND LIST =   18173458
| TOTAL SIZE OF NONBOND LIST =   18173458

 NSTEP =        0   TIME(PS) =       0.000  TEMP(K) =   148.40  PRESS =     0.0
 Etot   =   -178884.9559  EKtot   =     13970.4184  EPtot      =   -192855.3743
 BOND   =        89.5292  ANGLE   =       338.6765  DIHED      =      1271.5390
 1-4 NB =       355.1519  1-4 EEL =      3281.8458  VDWAALS    =     36929.2316
 EELEC  =   -235121.3484  EHBOND  =         0.0000  RESTRAINT  =         0.0000
 Ewald error estimate:   0.9421E-04
 ------------------------------------------------------------------------------

check COM velocity, temp:        0.001150     0.00(Removed)
check COM velocity, temp:        0.000000     0.00(Removed)

 NSTEP =     1000   TIME(PS) =       2.000  TEMP(K) =    90.69  PRESS =     0.0
 Etot   =   -180331.8242  EKtot   =      8537.6352  EPtot      =   -188869.4594
 BOND   =       138.6996  ANGLE   =       441.1805  DIHED      =      1291.6937
 1-4 NB =       356.5642  1-4 EEL =      3269.1142  VDWAALS    =     36047.8920
 EELEC  =   -230414.6035  EHBOND  =         0.0000  RESTRAINT  =         0.0000
 Ewald error estimate:   0.2234E-03
 ------------------------------------------------------------------------------

check COM velocity, temp:        0.000000     0.00(Removed)
check COM velocity, temp:        0.000000     0.00(Removed)

 NSTEP =     2000   TIME(PS) =       4.000  TEMP(K) =    96.95  PRESS =     0.0
 Etot   =   -179231.5455  EKtot   =      9126.6028  EPtot      =   -188358.1483
 BOND   =       133.6518  ANGLE   =       470.3604  DIHED      =      1304.9578
 1-4 NB =       360.4357  1-4 EEL =      3271.6635  VDWAALS    =     35572.4534
 EELEC  =   -229471.6710  EHBOND  =         0.0000  RESTRAINT  =         0.0000
 Ewald error estimate:   0.1602E-03
 ------------------------------------------------------------------------------

check COM velocity, temp:        0.000000     0.00(Removed)
check COM velocity, temp:        0.000000     0.00(Removed)

 NSTEP =     3000   TIME(PS) =       6.000  TEMP(K) =    99.19  PRESS =     0.0
 Etot   =   -178918.2142  EKtot   =      9337.5015  EPtot      =   -188255.7157
 BOND   =       134.8715  ANGLE   =       478.3044  DIHED      =      1313.2947
 1-4 NB =       362.4529  1-4 EEL =      3285.7692  VDWAALS    =     35278.9792
 EELEC  =   -229109.3877  EHBOND  =         0.0000  RESTRAINT  =         0.0000
 Ewald error estimate:   0.1682E-03
 ------------------------------------------------------------------------------

check COM velocity, temp:        0.000000     0.00(Removed)
check COM velocity, temp:        0.000000     0.00(Removed)

 NSTEP =     4000   TIME(PS) =       8.000  TEMP(K) =   100.26  PRESS =     0.0
 Etot   =   -178905.3768  EKtot   =      9438.1726  EPtot      =   -188343.5494
 BOND   =       154.6792  ANGLE   =       471.6679  DIHED      =      1292.5595
 1-4 NB =       360.1358  1-4 EEL =      3251.9297  VDWAALS    =     35175.2628
 EELEC  =   -229049.7843  EHBOND  =         0.0000  RESTRAINT  =         0.0000
 Ewald error estimate:   0.1666E-03
 ------------------------------------------------------------------------------

check COM velocity, temp:        0.000000     0.00(Removed)
check COM velocity, temp:        0.000000     0.00(Removed)

 NSTEP =     5000   TIME(PS) =      10.000  TEMP(K) =   100.47  PRESS =     0.0
 Etot   =   -178964.1275  EKtot   =      9458.3911  EPtot      =   -188422.5186
 BOND   =       143.2920  ANGLE   =       464.1269  DIHED      =      1295.4004
 1-4 NB =       360.0603  1-4 EEL =      3271.8853  VDWAALS    =     34927.4439
 EELEC  =   -228884.7275  EHBOND  =         0.0000  RESTRAINT  =         0.0000
 Ewald error estimate:   0.1527E-03
 ------------------------------------------------------------------------------


      A V E R A G E S   O V E R    5000 S T E P S


 NSTEP =     5000   TIME(PS) =      10.000  TEMP(K) =    95.27  PRESS =     0.0
 Etot   =   -179633.1673  EKtot   =      8968.0915  EPtot      =   -188601.2588
 BOND   =       138.6570  ANGLE   =       462.5919  DIHED      =      1296.9578
 1-4 NB =       359.5229  1-4 EEL =      3276.5412  VDWAALS    =     35504.6777
 EELEC  =   -229640.2075  EHBOND  =         0.0000  RESTRAINT  =         0.0000
 Ewald error estimate:   0.1598E-03
 ------------------------------------------------------------------------------


      R M S  F L U C T U A T I O N S


 NSTEP =     5000   TIME(PS) =      10.000  TEMP(K) =     6.65  PRESS =     0.0
 Etot   =      1117.4659  EKtot   =       626.4137  EPtot      =       508.9794
 BOND   =         8.7355  ANGLE   =        17.3179  DIHED      =         6.3597
 1-4 NB =         4.4354  1-4 EEL =        14.0800  VDWAALS    =       498.9432
 EELEC  =       946.3088  EHBOND  =         0.0000  RESTRAINT  =         0.0000
 Ewald error estimate:   0.4297E-04
 ------------------------------------------------------------------------------


--------------------------------------------------------------------------------
   5.  TIMINGS
--------------------------------------------------------------------------------

|                Build the list            94.09 (99.24% of List )
|                Other                      0.72 ( 0.76% of List )
|             List time                 94.80 ( 5.04% of Nonbo)
|                   Short_ene time          1597.66 (99.32% of Direc)
|                   Other                     10.95 ( 0.68% of Direc)
|                Direct Ewald time       1608.61 (90.09% of Ewald)
|                Adjust Ewald time          7.66 ( 0.43% of Ewald)
|                   Fill Bspline coeffs        8.38 ( 5.00% of Recip)
|                   Fill charge grid          23.12 (13.79% of Recip)
|                   Scalar sum                27.80 (16.58% of Recip)
|                   Grad sum                  45.62 (27.20% of Recip)
|                   FFT time                  62.81 (37.44% of Recip)
|                Recip Ewald time         167.74 ( 9.39% of Ewald)
|                Force Adjust               0.21 ( 0.01% of Ewald)
|                Virial junk                0.74 ( 0.04% of Ewald)
|                Other                      0.60 ( 0.03% of Ewald)
|             Ewald time              1785.57 (94.96% of Nonbo)
|          Nonbond force           1880.38 (99.55% of Force)
|          Bond/Angle/Dihedral        8.30 ( 0.44% of Force)
|          Other                      0.23 ( 0.01% of Force)
|       Force time              1888.91 (99.20% of Runmd)
|       Shake time                 8.37 ( 0.44% of Runmd)
|       Verlet update time         5.90 ( 0.31% of Runmd)
|       Other                      0.99 ( 0.05% of Runmd)
|    Runmd Time              1904.17 (100.0% of Total)
|    Other                      1.20 ( 0.06% of Total)
| Total time              1905.42 (100.0% of ALL  )

| Number of list builds   :        206

| Highest rstack allocated:    2263539
| Highest istack allocated:      46887

| Final Performance Info:
| -----------------------------------------------------
| Average timings for all steps:
|     Elapsed(s) =    1904.17 Per Step(ms) =     380.83
|         ns/day =       0.45   seconds/ns =  190417.19
| -----------------------------------------------------

|           Job began  at 23:55:18.196  on 11/24/2021
|           Setup done at 23:55:19.443  on 11/24/2021
|           Run   done at 00:27:03.615  on 11/25/2021
|     wallclock() was called  220468 times

|3D-RISM memory allocation summary
|Type          Maximum        Current   
|Integer       0.00000 GB     0.00000 GB
|Real          0.00000 GB     0.00000 GB
|Logical       0.00000 GB     0.00000 GB
|Character     0.00000 GB     0.00000 GB
|---------------------------------------
|Total         0.00000 GB     0.00000 GB
