
          -------------------------------------------------------
          Amber 18 SANDER                              2018
          -------------------------------------------------------

| Run on 11/25/2021 at 00:59:30

|   Executable path: sander
| Working directory: /data/temporary-scratch/ragreer/TREM2-VitaminD3_32_new/step5-heating
|          Hostname: c0151

  [-O]verwriting output

File Assignments:
|  MDIN: eq-200K.in                                                            
| MDOUT: eq-200K.out                                                           
|INPCRD: TREM2-VitaminD3-eq-150K.rst                                           
|  PARM: TREM2-VitaminD3-SolvI.prmtop                                          
|RESTRT: TREM2-VitaminD3-eq-200K.rst                                           
|  REFC: refc                                                                  
| MDVEL: mdvel                                                                 
| MDFRC: mdfrc                                                                 
|  MDEN: mden                                                                  
| MDCRD: TREM2-VitaminD3-eq-200K.mdcrd                                         
|MDINFO: TREM2-VitaminD3-eq-200K.mdinfo                                        
|  MTMD: mtmd                                                                  
|INPDIP: inpdip                                                                
|RSTDIP: rstdip                                                                
|INPTRA: inptraj                                                               


 Here is the input file:

Equilibration of the whole system at 200 K for 10 ps with shake at constant volume and constant temperature
 &cntrl                                                                        
  nmropt = 0,                                                                  
  ntx = 1,	irest = 0,	ntrx = 1,	ntxo = 1,                                      
  ntpr = 1000,	ntwx = 1000,	ntwv = 1000,	ntwe = 1000,                          
  ntwr = 1000,                                                                 
                                                                               
                                                                               
  ntf = 2,	ntb = 1,                                                            
  cut = 10.0,	nsnb = 20,                                                       
                                                                               
  ibelly = 0,	ntr = 0,                                                         
                                                                               
  imin = 0,                                                                    
  nstlim = 5000,                                                               
  nscm = 500,                                                                  
  t = 0.0,	dt = 0.002,                                                         
                                                                               
  temp0 = 200.0, tempi = 200.0,                                                
  ntt = 1,                                                                     
  vrand = 0,                                                                   
  vlimit = 15.0,                                                               
                                                                               
  ntc = 2,                                                                     
 &end                                                                          

--------------------------------------------------------------------------------
   1.  RESOURCE   USE: 
--------------------------------------------------------------------------------

| Flags:                                                                        
 getting new box info from bottom of inpcrd
|  INFO: Old style inpcrd file read

| peek_ewald_inpcrd: Box info found
|Largest sphere to fit in unit cell has radius =    35.006
| New format PARM file being parsed.
| Version =    1.000 Date = 11/23/21 Time = 16:19:17
 NATOM  =   46887 NTYPES =      18 NBONH =   45914 MBONA  =     906
 NTHETH =    2029 MTHETA =    1232 NPHIH =    4193 MPHIA  =    3837
 NHPARM =       0 NPARM  =       0 NNB   =   69973 NRES   =   15202
 NBONA  =     906 NTHETA =    1232 NPHIA =    3837 NUMBND =      85
 NUMANG =     189 NPTRA  =     211 NATYP =      47 NPHB   =       1
 IFBOX  =       1 NMXRS  =      72 IFCAP =       0 NEXTRA =       0
 NCOPY  =       0


|     Memory Use     Allocated
|     Real             3181279
|     Hollerith         155865
|     Integer          1468928
|     Max Pairs       27006912
|     nblistReal        562644
|     nblist Int       1654421
|       Total           147554 kbytes

| Note: 1-4 EEL scale factors are being read from the topology file.

| Note: 1-4 VDW scale factors are being read from the topology file.
| Duplicated    0 dihedrals
| Duplicated    0 dihedrals

     BOX TYPE: RECTILINEAR

--------------------------------------------------------------------------------
   2.  CONTROL  DATA  FOR  THE  RUN
--------------------------------------------------------------------------------

default_name                                                                    

General flags:
     imin    =       0, nmropt  =       0

Nature and format of input:
     ntx     =       1, irest   =       0, ntrx    =       1

Nature and format of output:
     ntxo    =       1, ntpr    =    1000, ntrx    =       1, ntwr    =    1000
     iwrap   =       0, ntwx    =    1000, ntwv    =    1000, ntwe    =    1000
     ioutfm  =       1, ntwprt  =       0, idecomp =       0, rbornstat=      0

Potential function:
     ntf     =       2, ntb     =       1, igb     =       0, nsnb    =      20
     ipol    =       0, gbsa    =       0, iesp    =       0
     dielc   =   1.00000, cut     =  10.00000, intdiel =   1.00000

Frozen or restrained atoms:
     ibelly  =       0, ntr     =       0

Molecular dynamics:
     nstlim  =      5000, nscm    =       500, nrespa  =         1
     t       =   0.00000, dt      =   0.00200, vlimit  =  15.00000

Berendsen (weak-coupling) temperature regulation:
     temp0   = 200.00000, tempi   = 200.00000, tautp   =   1.00000

SHAKE:
     ntc     =       2, jfastw  =       0
     tol     =   0.00001

Ewald parameters:
     verbose =       0, ew_type =       0, nbflag  =       1, use_pme =       1
     vdwmeth =       1, eedmeth =       1, netfrc  =       1
     Box X =   70.013   Box Y =   81.719   Box Z =   76.286
     Alpha =   90.000   Beta  =   90.000   Gamma =   90.000
     NFFT1 =   72       NFFT2 =   81       NFFT3 =   80
     Cutoff=   10.000   Tol   =0.100E-04
     Ewald Coefficient =  0.27511
     Interpolation order =    4

--------------------------------------------------------------------------------
   3.  ATOMIC COORDINATES AND VELOCITIES
--------------------------------------------------------------------------------

default_name                                                                    
 begin time read from input coords =    10.000 ps

 Number of triangulated 3-point waters found:    15005

     Sum of charges from parm topology file =   0.00000192
     Forcing neutrality...

--------------------------------------------------------------------------------
   4.  RESULTS
--------------------------------------------------------------------------------

|  # of SOLUTE  degrees of freedom (RNDFP):   94747.
|  # of SOLVENT degrees of freedom (RNDFS):       0.
|  NDFMIN =   94744.     NUM_NOSHAKE =      0     CORRECTED RNDFP =   94744.
|  TOTAL # of degrees of freedom (RNDF) =   94744.
 ---------------------------------------------------
 APPROXIMATING switch and d/dx switch using CUBIC SPLINE INTERPOLATION
 using   5000.0 points per unit in tabled values
 TESTING RELATIVE ERROR over r ranging from 0.0 to cutoff
| CHECK switch(x): max rel err =   0.2738E-14   at   2.422500
| CHECK d/dx switch(x): max rel err =   0.8314E-11   at   2.736960
 ---------------------------------------------------
| Local SIZE OF NONBOND LIST =   18157414
| TOTAL SIZE OF NONBOND LIST =   18157414

 NSTEP =        0   TIME(PS) =       0.000  TEMP(K) =   296.81  PRESS =     0.0
 Etot   =   -155556.5445  EKtot   =     27940.8368  EPtot      =   -183497.3813
 BOND   =       205.5745  ANGLE   =       605.5552  DIHED      =      1329.8640
 1-4 NB =       359.6192  1-4 EEL =      3281.6083  VDWAALS    =     32074.0316
 EELEC  =   -221353.6341  EHBOND  =         0.0000  RESTRAINT  =         0.0000
 Ewald error estimate:   0.1876E-03
 ------------------------------------------------------------------------------

check COM velocity, temp:        0.001527     0.00(Removed)
check COM velocity, temp:        0.000000     0.00(Removed)

 NSTEP =     1000   TIME(PS) =       2.000  TEMP(K) =   186.47  PRESS =     0.0
 Etot   =   -161075.1002  EKtot   =     17553.3139  EPtot      =   -178628.4141
 BOND   =       250.7951  ANGLE   =       716.1441  DIHED      =      1348.6638
 1-4 NB =       374.7803  1-4 EEL =      3265.9602  VDWAALS    =     31004.3311
 EELEC  =   -215589.0886  EHBOND  =         0.0000  RESTRAINT  =         0.0000
 Ewald error estimate:   0.9192E-04
 ------------------------------------------------------------------------------

check COM velocity, temp:        0.000000     0.00(Removed)
check COM velocity, temp:        0.000000     0.00(Removed)

 NSTEP =     2000   TIME(PS) =       4.000  TEMP(K) =   193.55  PRESS =     0.0
 Etot   =   -159367.9346  EKtot   =     18220.2677  EPtot      =   -177588.2023
 BOND   =       262.4683  ANGLE   =       729.7956  DIHED      =      1331.2003
 1-4 NB =       367.8052  1-4 EEL =      3230.7856  VDWAALS    =     30122.4876
 EELEC  =   -213632.7449  EHBOND  =         0.0000  RESTRAINT  =         0.0000
 Ewald error estimate:   0.6879E-04
 ------------------------------------------------------------------------------

check COM velocity, temp:        0.000000     0.00(Removed)
check COM velocity, temp:        0.000000     0.00(Removed)

 NSTEP =     3000   TIME(PS) =       6.000  TEMP(K) =   197.59  PRESS =     0.0
 Etot   =   -158502.0090  EKtot   =     18600.8805  EPtot      =   -177102.8895
 BOND   =       241.6872  ANGLE   =       707.8288  DIHED      =      1354.2771
 1-4 NB =       376.4474  1-4 EEL =      3236.9264  VDWAALS    =     29353.5915
 EELEC  =   -212373.6479  EHBOND  =         0.0000  RESTRAINT  =         0.0000
 Ewald error estimate:   0.5794E-04
 ------------------------------------------------------------------------------

check COM velocity, temp:        0.000000     0.00(Removed)
check COM velocity, temp:        0.000000     0.00(Removed)

 NSTEP =     4000   TIME(PS) =       8.000  TEMP(K) =   198.23  PRESS =     0.0
 Etot   =   -158043.4096  EKtot   =     18661.1024  EPtot      =   -176704.5120
 BOND   =       242.4317  ANGLE   =       693.4609  DIHED      =      1341.1832
 1-4 NB =       377.2689  1-4 EEL =      3269.8599  VDWAALS    =     29330.6521
 EELEC  =   -211959.3687  EHBOND  =         0.0000  RESTRAINT  =         0.0000
 Ewald error estimate:   0.1616E-03
 ------------------------------------------------------------------------------

check COM velocity, temp:        0.000000     0.00(Removed)
check COM velocity, temp:        0.000000     0.00(Removed)

 NSTEP =     5000   TIME(PS) =      10.000  TEMP(K) =   198.78  PRESS =     0.0
 Etot   =   -157802.6402  EKtot   =     18712.4448  EPtot      =   -176515.0850
 BOND   =       248.6918  ANGLE   =       718.4006  DIHED      =      1357.3839
 1-4 NB =       373.6862  1-4 EEL =      3227.2611  VDWAALS    =     28928.8114
 EELEC  =   -211369.3200  EHBOND  =         0.0000  RESTRAINT  =         0.0000
 Ewald error estimate:   0.3494E-04
 ------------------------------------------------------------------------------


      A V E R A G E S   O V E R    5000 S T E P S


 NSTEP =     5000   TIME(PS) =      10.000  TEMP(K) =   192.68  PRESS =     0.0
 Etot   =   -159564.5731  EKtot   =     18138.7308  EPtot      =   -177703.3039
 BOND   =       244.6680  ANGLE   =       709.2561  DIHED      =      1349.2555
 1-4 NB =       374.1815  1-4 EEL =      3264.2231  VDWAALS    =     29941.7895
 EELEC  =   -213586.6775  EHBOND  =         0.0000  RESTRAINT  =         0.0000
 Ewald error estimate:   0.8713E-04
 ------------------------------------------------------------------------------


      R M S  F L U C T U A T I O N S


 NSTEP =     5000   TIME(PS) =      10.000  TEMP(K) =     6.93  PRESS =     0.0
 Etot   =      1793.3953  EKtot   =       652.4035  EPtot      =      1155.9697
 BOND   =        12.2382  ANGLE   =        21.6062  DIHED      =        10.0643
 1-4 NB =         6.3082  1-4 EEL =        19.2304  VDWAALS    =       830.2462
 EELEC  =      1949.9005  EHBOND  =         0.0000  RESTRAINT  =         0.0000
 Ewald error estimate:   0.5589E-04
 ------------------------------------------------------------------------------


--------------------------------------------------------------------------------
   5.  TIMINGS
--------------------------------------------------------------------------------

|                Build the list           191.26 (99.62% of List )
|                Other                      0.73 ( 0.38% of List )
|             List time                191.99 ( 9.69% of Nonbo)
|                   Short_ene time          1601.90 (99.33% of Direc)
|                   Other                     10.73 ( 0.67% of Direc)
|                Direct Ewald time       1612.63 (90.14% of Ewald)
|                Adjust Ewald time          7.64 ( 0.43% of Ewald)
|                   Fill Bspline coeffs        8.42 ( 5.03% of Recip)
|                   Fill charge grid          22.84 (13.66% of Recip)
|                   Scalar sum                27.75 (16.60% of Recip)
|                   Grad sum                  45.64 (27.30% of Recip)
|                   FFT time                  62.54 (37.41% of Recip)
|                Recip Ewald time         167.19 ( 9.35% of Ewald)
|                Force Adjust               0.22 ( 0.01% of Ewald)
|                Virial junk                0.75 ( 0.04% of Ewald)
|                Other                      0.60 ( 0.03% of Ewald)
|             Ewald time              1789.04 (90.31% of Nonbo)
|          Nonbond force           1981.03 (99.57% of Force)
|          Bond/Angle/Dihedral        8.30 ( 0.42% of Force)
|          Other                      0.23 ( 0.01% of Force)
|       Force time              1989.56 (99.23% of Runmd)
|       Shake time                 8.36 ( 0.42% of Runmd)
|       Verlet update time         6.02 ( 0.30% of Runmd)
|       Other                      1.00 ( 0.05% of Runmd)
|    Runmd Time              2004.94 (100.0% of Total)
|    Other                      0.33 ( 0.02% of Total)
| Total time              2005.31 (100.0% of ALL  )

| Number of list builds   :        419

| Highest rstack allocated:    2263539
| Highest istack allocated:      46887

| Final Performance Info:
| -----------------------------------------------------
| Average timings for all steps:
|     Elapsed(s) =    2004.94 Per Step(ms) =     400.99
|         ns/day =       0.43   seconds/ns =  200493.71
| -----------------------------------------------------

|           Job began  at 00:59:30.765  on 11/25/2021
|           Setup done at 00:59:31.136  on 11/25/2021
|           Run   done at 01:32:56.071  on 11/25/2021
|     wallclock() was called  220894 times

|3D-RISM memory allocation summary
|Type          Maximum        Current   
|Integer       0.00000 GB     0.00000 GB
|Real          0.00000 GB     0.00000 GB
|Logical       0.00000 GB     0.00000 GB
|Character     0.00000 GB     0.00000 GB
|---------------------------------------
|Total         0.00000 GB     0.00000 GB
