
          -------------------------------------------------------
          Amber 18 SANDER                              2018
          -------------------------------------------------------

| Run on 11/25/2021 at 01:32:56

|   Executable path: sander
| Working directory: /data/temporary-scratch/ragreer/TREM2-VitaminD3_32_new/step5-heating
|          Hostname: c0151

  [-O]verwriting output

File Assignments:
|  MDIN: eq-250K.in                                                            
| MDOUT: eq-250K.out                                                           
|INPCRD: TREM2-VitaminD3-eq-200K.rst                                           
|  PARM: TREM2-VitaminD3-SolvI.prmtop                                          
|RESTRT: TREM2-VitaminD3-eq-250K.rst                                           
|  REFC: refc                                                                  
| MDVEL: mdvel                                                                 
| MDFRC: mdfrc                                                                 
|  MDEN: mden                                                                  
| MDCRD: TREM2-VitaminD3-eq-250K.mdcrd                                         
|MDINFO: TREM2-VitaminD3-eq-250K.mdinfo                                        
|  MTMD: mtmd                                                                  
|INPDIP: inpdip                                                                
|RSTDIP: rstdip                                                                
|INPTRA: inptraj                                                               


 Here is the input file:

Equilibration of the whole system at 250 K for 10 ps with shake at constant volume and constant temperature
 &cntrl                                                                        
  nmropt = 0,                                                                  
  ntx = 1,	irest = 0,	ntrx = 1,	ntxo = 1,                                      
  ntpr = 1000,	ntwx = 1000,	ntwv = 1000,	ntwe = 1000,                          
  ntwr = 1000,                                                                 
                                                                               
                                                                               
  ntf = 2,	ntb = 1,                                                            
  cut = 10.0,	nsnb = 20,                                                       
                                                                               
  ibelly = 0,	ntr = 0,                                                         
                                                                               
  imin = 0,                                                                    
  nstlim = 5000,                                                               
  nscm = 500,                                                                  
  t = 0.0,	dt = 0.002,                                                         
                                                                               
  temp0 = 250.0, tempi = 250.0,                                                
  ntt = 1,                                                                     
  vrand = 0,                                                                   
  vlimit = 15.0,                                                               
                                                                               
  ntc = 2,                                                                     
 &end                                                                          

--------------------------------------------------------------------------------
   1.  RESOURCE   USE: 
--------------------------------------------------------------------------------

| Flags:                                                                        
 getting new box info from bottom of inpcrd
|  INFO: Old style inpcrd file read

| peek_ewald_inpcrd: Box info found
|Largest sphere to fit in unit cell has radius =    35.006
| New format PARM file being parsed.
| Version =    1.000 Date = 11/23/21 Time = 16:19:17
 NATOM  =   46887 NTYPES =      18 NBONH =   45914 MBONA  =     906
 NTHETH =    2029 MTHETA =    1232 NPHIH =    4193 MPHIA  =    3837
 NHPARM =       0 NPARM  =       0 NNB   =   69973 NRES   =   15202
 NBONA  =     906 NTHETA =    1232 NPHIA =    3837 NUMBND =      85
 NUMANG =     189 NPTRA  =     211 NATYP =      47 NPHB   =       1
 IFBOX  =       1 NMXRS  =      72 IFCAP =       0 NEXTRA =       0
 NCOPY  =       0


|     Memory Use     Allocated
|     Real             3181279
|     Hollerith         155865
|     Integer          1468928
|     Max Pairs       27006912
|     nblistReal        562644
|     nblist Int       1654421
|       Total           147554 kbytes

| Note: 1-4 EEL scale factors are being read from the topology file.

| Note: 1-4 VDW scale factors are being read from the topology file.
| Duplicated    0 dihedrals
| Duplicated    0 dihedrals

     BOX TYPE: RECTILINEAR

--------------------------------------------------------------------------------
   2.  CONTROL  DATA  FOR  THE  RUN
--------------------------------------------------------------------------------

default_name                                                                    

General flags:
     imin    =       0, nmropt  =       0

Nature and format of input:
     ntx     =       1, irest   =       0, ntrx    =       1

Nature and format of output:
     ntxo    =       1, ntpr    =    1000, ntrx    =       1, ntwr    =    1000
     iwrap   =       0, ntwx    =    1000, ntwv    =    1000, ntwe    =    1000
     ioutfm  =       1, ntwprt  =       0, idecomp =       0, rbornstat=      0

Potential function:
     ntf     =       2, ntb     =       1, igb     =       0, nsnb    =      20
     ipol    =       0, gbsa    =       0, iesp    =       0
     dielc   =   1.00000, cut     =  10.00000, intdiel =   1.00000

Frozen or restrained atoms:
     ibelly  =       0, ntr     =       0

Molecular dynamics:
     nstlim  =      5000, nscm    =       500, nrespa  =         1
     t       =   0.00000, dt      =   0.00200, vlimit  =  15.00000

Berendsen (weak-coupling) temperature regulation:
     temp0   = 250.00000, tempi   = 250.00000, tautp   =   1.00000

SHAKE:
     ntc     =       2, jfastw  =       0
     tol     =   0.00001

Ewald parameters:
     verbose =       0, ew_type =       0, nbflag  =       1, use_pme =       1
     vdwmeth =       1, eedmeth =       1, netfrc  =       1
     Box X =   70.013   Box Y =   81.719   Box Z =   76.286
     Alpha =   90.000   Beta  =   90.000   Gamma =   90.000
     NFFT1 =   72       NFFT2 =   81       NFFT3 =   80
     Cutoff=   10.000   Tol   =0.100E-04
     Ewald Coefficient =  0.27511
     Interpolation order =    4

--------------------------------------------------------------------------------
   3.  ATOMIC COORDINATES AND VELOCITIES
--------------------------------------------------------------------------------

default_name                                                                    
 begin time read from input coords =    10.000 ps

 Number of triangulated 3-point waters found:    15005

     Sum of charges from parm topology file =   0.00000192
     Forcing neutrality...

--------------------------------------------------------------------------------
   4.  RESULTS
--------------------------------------------------------------------------------

|  # of SOLUTE  degrees of freedom (RNDFP):   94747.
|  # of SOLVENT degrees of freedom (RNDFS):       0.
|  NDFMIN =   94744.     NUM_NOSHAKE =      0     CORRECTED RNDFP =   94744.
|  TOTAL # of degrees of freedom (RNDF) =   94744.
 ---------------------------------------------------
 APPROXIMATING switch and d/dx switch using CUBIC SPLINE INTERPOLATION
 using   5000.0 points per unit in tabled values
 TESTING RELATIVE ERROR over r ranging from 0.0 to cutoff
| CHECK switch(x): max rel err =   0.2738E-14   at   2.422500
| CHECK d/dx switch(x): max rel err =   0.8314E-11   at   2.736960
 ---------------------------------------------------
| Local SIZE OF NONBOND LIST =   18154083
| TOTAL SIZE OF NONBOND LIST =   18154083

 NSTEP =        0   TIME(PS) =       0.000  TEMP(K) =   371.01  PRESS =     0.0
 Etot   =   -141640.6134  EKtot   =     34926.0460  EPtot      =   -176566.6594
 BOND   =       245.0194  ANGLE   =       723.1543  DIHED      =      1358.3369
 1-4 NB =       373.2661  1-4 EEL =      3230.6940  VDWAALS    =     28919.6814
 EELEC  =   -211416.8116  EHBOND  =         0.0000  RESTRAINT  =         0.0000
 Ewald error estimate:   0.4178E-04
 ------------------------------------------------------------------------------

check COM velocity, temp:        0.001696     0.00(Removed)
check COM velocity, temp:        0.000000     0.00(Removed)

 NSTEP =     1000   TIME(PS) =       2.000  TEMP(K) =   233.83  PRESS =     0.0
 Etot   =   -148753.1667  EKtot   =     22011.8614  EPtot      =   -170765.0281
 BOND   =       309.7751  ANGLE   =       806.9133  DIHED      =      1392.1000
 1-4 NB =       375.4452  1-4 EEL =      3247.7791  VDWAALS    =     27080.7568
 EELEC  =   -203977.7977  EHBOND  =         0.0000  RESTRAINT  =         0.0000
 Ewald error estimate:   0.6596E-04
 ------------------------------------------------------------------------------

check COM velocity, temp:        0.000000     0.00(Removed)
check COM velocity, temp:        0.000000     0.00(Removed)

 NSTEP =     2000   TIME(PS) =       4.000  TEMP(K) =   240.03  PRESS =     0.0
 Etot   =   -146171.5843  EKtot   =     22595.5018  EPtot      =   -168767.0861
 BOND   =       305.3931  ANGLE   =       849.3542  DIHED      =      1362.9022
 1-4 NB =       389.3840  1-4 EEL =      3252.0048  VDWAALS    =     26138.6760
 EELEC  =   -201064.8005  EHBOND  =         0.0000  RESTRAINT  =         0.0000
 Ewald error estimate:   0.4387E-04
 ------------------------------------------------------------------------------

check COM velocity, temp:        0.000000     0.00(Removed)
check COM velocity, temp:        0.000000     0.00(Removed)

 NSTEP =     3000   TIME(PS) =       6.000  TEMP(K) =   242.00  PRESS =     0.0
 Etot   =   -144590.0126  EKtot   =     22781.2130  EPtot      =   -167371.2256
 BOND   =       311.3952  ANGLE   =       850.9277  DIHED      =      1375.6851
 1-4 NB =       370.6546  1-4 EEL =      3224.9480  VDWAALS    =     25378.8842
 EELEC  =   -198883.7203  EHBOND  =         0.0000  RESTRAINT  =         0.0000
 Ewald error estimate:   0.1030E-04
 ------------------------------------------------------------------------------

check COM velocity, temp:        0.000000     0.00(Removed)
check COM velocity, temp:        0.000000     0.00(Removed)

 NSTEP =     4000   TIME(PS) =       8.000  TEMP(K) =   246.55  PRESS =     0.0
 Etot   =   -143631.2238  EKtot   =     23209.3034  EPtot      =   -166840.5273
 BOND   =       293.3819  ANGLE   =       867.1084  DIHED      =      1360.6427
 1-4 NB =       390.3701  1-4 EEL =      3242.1148  VDWAALS    =     25086.9272
 EELEC  =   -198081.0723  EHBOND  =         0.0000  RESTRAINT  =         0.0000
 Ewald error estimate:   0.1066E-03
 ------------------------------------------------------------------------------

check COM velocity, temp:        0.000000     0.00(Removed)
check COM velocity, temp:        0.000000     0.00(Removed)

 NSTEP =     5000   TIME(PS) =      10.000  TEMP(K) =   248.20  PRESS =     0.0
 Etot   =   -143164.7279  EKtot   =     23364.4853  EPtot      =   -166529.2132
 BOND   =       283.2494  ANGLE   =       847.1957  DIHED      =      1392.4473
 1-4 NB =       393.2125  1-4 EEL =      3236.6084  VDWAALS    =     24878.2790
 EELEC  =   -197560.2054  EHBOND  =         0.0000  RESTRAINT  =         0.0000
 Ewald error estimate:   0.1359E-04
 ------------------------------------------------------------------------------


      A V E R A G E S   O V E R    5000 S T E P S


 NSTEP =     5000   TIME(PS) =      10.000  TEMP(K) =   239.52  PRESS =     0.0
 Etot   =   -146162.6230  EKtot   =     22547.6549  EPtot      =   -168710.2779
 BOND   =       297.3568  ANGLE   =       837.0386  DIHED      =      1375.1452
 1-4 NB =       381.3113  1-4 EEL =      3252.3089  VDWAALS    =     26059.8409
 EELEC  =   -200913.2795  EHBOND  =         0.0000  RESTRAINT  =         0.0000
 Ewald error estimate:   0.4893E-04
 ------------------------------------------------------------------------------


      R M S  F L U C T U A T I O N S


 NSTEP =     5000   TIME(PS) =      10.000  TEMP(K) =     7.54  PRESS =     0.0
 Etot   =      2724.3889  EKtot   =       709.5292  EPtot      =      2032.0576
 BOND   =        16.6965  ANGLE   =        30.3468  DIHED      =        11.0395
 1-4 NB =         7.1028  1-4 EEL =        22.2424  VDWAALS    =       950.3345
 EELEC  =      2928.8614  EHBOND  =         0.0000  RESTRAINT  =         0.0000
 Ewald error estimate:   0.3665E-04
 ------------------------------------------------------------------------------


--------------------------------------------------------------------------------
   5.  TIMINGS
--------------------------------------------------------------------------------

|                Build the list           221.45 (99.66% of List )
|                Other                      0.76 ( 0.34% of List )
|             List time                222.21 (11.10% of Nonbo)
|                   Short_ene time          1591.70 (99.28% of Direc)
|                   Other                     11.48 ( 0.72% of Direc)
|                Direct Ewald time       1603.18 (90.05% of Ewald)
|                Adjust Ewald time          7.62 ( 0.43% of Ewald)
|                   Fill Bspline coeffs        8.53 ( 5.08% of Recip)
|                   Fill charge grid          23.07 (13.74% of Recip)
|                   Scalar sum                27.68 (16.48% of Recip)
|                   Grad sum                  45.82 (27.29% of Recip)
|                   FFT time                  62.81 (37.41% of Recip)
|                Recip Ewald time         167.91 ( 9.43% of Ewald)
|                Force Adjust               0.22 ( 0.01% of Ewald)
|                Virial junk                0.74 ( 0.04% of Ewald)
|                Other                      0.60 ( 0.03% of Ewald)
|             Ewald time              1780.28 (88.90% of Nonbo)
|          Nonbond force           2002.49 (99.58% of Force)
|          Bond/Angle/Dihedral        8.31 ( 0.41% of Force)
|          Other                      0.23 ( 0.01% of Force)
|       Force time              2011.03 (99.24% of Runmd)
|       Shake time                 8.32 ( 0.41% of Runmd)
|       Verlet update time         6.11 ( 0.30% of Runmd)
|       Other                      1.01 ( 0.05% of Runmd)
|    Runmd Time              2026.47 (100.0% of Total)
|    Other                      0.33 ( 0.02% of Total)
| Total time              2026.84 (100.0% of ALL  )

| Number of list builds   :        486

| Highest rstack allocated:    2263539
| Highest istack allocated:      46887

| Final Performance Info:
| -----------------------------------------------------
| Average timings for all steps:
|     Elapsed(s) =    2026.47 Per Step(ms) =     405.29
|         ns/day =       0.43   seconds/ns =  202646.79
| -----------------------------------------------------

|           Job began  at 01:32:56.164  on 11/25/2021
|           Setup done at 01:32:56.540  on 11/25/2021
|           Run   done at 02:06:43.008  on 11/25/2021
|     wallclock() was called  221028 times

|3D-RISM memory allocation summary
|Type          Maximum        Current   
|Integer       0.00000 GB     0.00000 GB
|Real          0.00000 GB     0.00000 GB
|Logical       0.00000 GB     0.00000 GB
|Character     0.00000 GB     0.00000 GB
|---------------------------------------
|Total         0.00000 GB     0.00000 GB
