
          -------------------------------------------------------
          Amber 18 SANDER                              2018
          -------------------------------------------------------

| Run on 11/25/2021 at 02:06:43

|   Executable path: sander
| Working directory: /data/temporary-scratch/ragreer/TREM2-VitaminD3_32_new/step5-heating
|          Hostname: c0151

  [-O]verwriting output

File Assignments:
|  MDIN: eq-300K.in                                                            
| MDOUT: eq-300K.out                                                           
|INPCRD: TREM2-VitaminD3-eq-250K.rst                                           
|  PARM: TREM2-VitaminD3-SolvI.prmtop                                          
|RESTRT: TREM2-VitaminD3-eq-300K.rst                                           
|  REFC: refc                                                                  
| MDVEL: mdvel                                                                 
| MDFRC: mdfrc                                                                 
|  MDEN: mden                                                                  
| MDCRD: TREM2-VitaminD3-eq-300K.mdcrd                                         
|MDINFO: TREM2-VitaminD3-eq-300K.mdinfo                                        
|  MTMD: mtmd                                                                  
|INPDIP: inpdip                                                                
|RSTDIP: rstdip                                                                
|INPTRA: inptraj                                                               


 Here is the input file:

Equilibration of the whole system at 300 K for 10 ps with shake at constant volume and constant temperature
 &cntrl                                                                        
  nmropt = 0,                                                                  
  ntx = 1,	irest = 0,	ntrx = 1,	ntxo = 1,                                      
  ntpr = 1000,	ntwx = 1000,	ntwv = 1000,	ntwe = 1000,                          
  ntwr = 1000,                                                                 
                                                                               
                                                                               
  ntf = 2,	ntb = 1,                                                            
  cut = 10.0,	nsnb = 20,                                                       
                                                                               
  ibelly = 0,	ntr = 0,                                                         
                                                                               
  imin = 0,                                                                    
  nstlim = 5000,                                                               
  nscm = 500,                                                                  
  t = 0.0,	dt = 0.002,                                                         
                                                                               
  temp0 = 300.0, tempi = 300.0,                                                
  ntt = 1,                                                                     
  vrand = 0,                                                                   
  vlimit = 15.0,                                                               
                                                                               
  ntc = 2,                                                                     
 &end                                                                          

--------------------------------------------------------------------------------
   1.  RESOURCE   USE: 
--------------------------------------------------------------------------------

| Flags:                                                                        
 getting new box info from bottom of inpcrd
|  INFO: Old style inpcrd file read

| peek_ewald_inpcrd: Box info found
|Largest sphere to fit in unit cell has radius =    35.006
| New format PARM file being parsed.
| Version =    1.000 Date = 11/23/21 Time = 16:19:17
 NATOM  =   46887 NTYPES =      18 NBONH =   45914 MBONA  =     906
 NTHETH =    2029 MTHETA =    1232 NPHIH =    4193 MPHIA  =    3837
 NHPARM =       0 NPARM  =       0 NNB   =   69973 NRES   =   15202
 NBONA  =     906 NTHETA =    1232 NPHIA =    3837 NUMBND =      85
 NUMANG =     189 NPTRA  =     211 NATYP =      47 NPHB   =       1
 IFBOX  =       1 NMXRS  =      72 IFCAP =       0 NEXTRA =       0
 NCOPY  =       0


|     Memory Use     Allocated
|     Real             3181279
|     Hollerith         155865
|     Integer          1468928
|     Max Pairs       27006912
|     nblistReal        562644
|     nblist Int       1654421
|       Total           147554 kbytes

| Note: 1-4 EEL scale factors are being read from the topology file.

| Note: 1-4 VDW scale factors are being read from the topology file.
| Duplicated    0 dihedrals
| Duplicated    0 dihedrals

     BOX TYPE: RECTILINEAR

--------------------------------------------------------------------------------
   2.  CONTROL  DATA  FOR  THE  RUN
--------------------------------------------------------------------------------

default_name                                                                    

General flags:
     imin    =       0, nmropt  =       0

Nature and format of input:
     ntx     =       1, irest   =       0, ntrx    =       1

Nature and format of output:
     ntxo    =       1, ntpr    =    1000, ntrx    =       1, ntwr    =    1000
     iwrap   =       0, ntwx    =    1000, ntwv    =    1000, ntwe    =    1000
     ioutfm  =       1, ntwprt  =       0, idecomp =       0, rbornstat=      0

Potential function:
     ntf     =       2, ntb     =       1, igb     =       0, nsnb    =      20
     ipol    =       0, gbsa    =       0, iesp    =       0
     dielc   =   1.00000, cut     =  10.00000, intdiel =   1.00000

Frozen or restrained atoms:
     ibelly  =       0, ntr     =       0

Molecular dynamics:
     nstlim  =      5000, nscm    =       500, nrespa  =         1
     t       =   0.00000, dt      =   0.00200, vlimit  =  15.00000

Berendsen (weak-coupling) temperature regulation:
     temp0   = 300.00000, tempi   = 300.00000, tautp   =   1.00000

SHAKE:
     ntc     =       2, jfastw  =       0
     tol     =   0.00001

Ewald parameters:
     verbose =       0, ew_type =       0, nbflag  =       1, use_pme =       1
     vdwmeth =       1, eedmeth =       1, netfrc  =       1
     Box X =   70.013   Box Y =   81.719   Box Z =   76.286
     Alpha =   90.000   Beta  =   90.000   Gamma =   90.000
     NFFT1 =   72       NFFT2 =   81       NFFT3 =   80
     Cutoff=   10.000   Tol   =0.100E-04
     Ewald Coefficient =  0.27511
     Interpolation order =    4

--------------------------------------------------------------------------------
   3.  ATOMIC COORDINATES AND VELOCITIES
--------------------------------------------------------------------------------

default_name                                                                    
 begin time read from input coords =    10.000 ps

 Number of triangulated 3-point waters found:    15005

     Sum of charges from parm topology file =   0.00000192
     Forcing neutrality...

--------------------------------------------------------------------------------
   4.  RESULTS
--------------------------------------------------------------------------------

|  # of SOLUTE  degrees of freedom (RNDFP):   94747.
|  # of SOLVENT degrees of freedom (RNDFS):       0.
|  NDFMIN =   94744.     NUM_NOSHAKE =      0     CORRECTED RNDFP =   94744.
|  TOTAL # of degrees of freedom (RNDF) =   94744.
 ---------------------------------------------------
 APPROXIMATING switch and d/dx switch using CUBIC SPLINE INTERPOLATION
 using   5000.0 points per unit in tabled values
 TESTING RELATIVE ERROR over r ranging from 0.0 to cutoff
| CHECK switch(x): max rel err =   0.2738E-14   at   2.422500
| CHECK d/dx switch(x): max rel err =   0.8314E-11   at   2.736960
 ---------------------------------------------------
| Local SIZE OF NONBOND LIST =   18154426
| TOTAL SIZE OF NONBOND LIST =   18154426

 NSTEP =        0   TIME(PS) =       0.000  TEMP(K) =   445.21  PRESS =     0.0
 Etot   =   -124634.5203  EKtot   =     41911.2552  EPtot      =   -166545.7754
 BOND   =       293.0613  ANGLE   =       846.4807  DIHED      =      1392.9054
 1-4 NB =       392.6275  1-4 EEL =      3239.1318  VDWAALS    =     24873.0843
 EELEC  =   -197583.0665  EHBOND  =         0.0000  RESTRAINT  =         0.0000
 Ewald error estimate:   0.7538E-05
 ------------------------------------------------------------------------------

check COM velocity, temp:        0.001842     0.01(Removed)
check COM velocity, temp:        0.000000     0.00(Removed)

 NSTEP =     1000   TIME(PS) =       2.000  TEMP(K) =   282.26  PRESS =     0.0
 Etot   =   -133833.7148  EKtot   =     26571.4557  EPtot      =   -160405.1705
 BOND   =       343.9143  ANGLE   =       940.4822  DIHED      =      1403.1912
 1-4 NB =       385.1997  1-4 EEL =      3250.9292  VDWAALS    =     23366.1372
 EELEC  =   -190095.0244  EHBOND  =         0.0000  RESTRAINT  =         0.0000
 Ewald error estimate:   0.9769E-04
 ------------------------------------------------------------------------------

check COM velocity, temp:        0.000000     0.00(Removed)
check COM velocity, temp:        0.000000     0.00(Removed)

 NSTEP =     2000   TIME(PS) =       4.000  TEMP(K) =   291.31  PRESS =     0.0
 Etot   =   -131426.9804  EKtot   =     27423.1370  EPtot      =   -158850.1174
 BOND   =       350.9688  ANGLE   =       923.0346  DIHED      =      1429.5716
 1-4 NB =       398.6714  1-4 EEL =      3270.5407  VDWAALS    =     23045.9282
 EELEC  =   -188268.8326  EHBOND  =         0.0000  RESTRAINT  =         0.0000
 Ewald error estimate:   0.1014E-03
 ------------------------------------------------------------------------------

check COM velocity, temp:        0.000000     0.00(Removed)
check COM velocity, temp:        0.000000     0.00(Removed)

 NSTEP =     3000   TIME(PS) =       6.000  TEMP(K) =   293.92  PRESS =     0.0
 Etot   =   -130200.7733  EKtot   =     27669.1220  EPtot      =   -157869.8953
 BOND   =       351.0552  ANGLE   =       930.4528  DIHED      =      1408.3548
 1-4 NB =       395.2761  1-4 EEL =      3233.3808  VDWAALS    =     22670.8604
 EELEC  =   -186859.2753  EHBOND  =         0.0000  RESTRAINT  =         0.0000
 Ewald error estimate:   0.6981E-04
 ------------------------------------------------------------------------------

check COM velocity, temp:        0.000000     0.00(Removed)
check COM velocity, temp:        0.000000     0.00(Removed)

 NSTEP =     4000   TIME(PS) =       8.000  TEMP(K) =   296.73  PRESS =     0.0
 Etot   =   -129609.8762  EKtot   =     27933.5019  EPtot      =   -157543.3781
 BOND   =       310.8796  ANGLE   =       984.0979  DIHED      =      1403.9490
 1-4 NB =       392.3595  1-4 EEL =      3254.0141  VDWAALS    =     22957.0864
 EELEC  =   -186845.7645  EHBOND  =         0.0000  RESTRAINT  =         0.0000
 Ewald error estimate:   0.5063E-04
 ------------------------------------------------------------------------------

check COM velocity, temp:        0.000000     0.00(Removed)
check COM velocity, temp:        0.000000     0.00(Removed)

 NSTEP =     5000   TIME(PS) =      10.000  TEMP(K) =   299.88  PRESS =     0.0
 Etot   =   -129313.6342  EKtot   =     28230.3020  EPtot      =   -157543.9362
 BOND   =       337.7881  ANGLE   =       939.4281  DIHED      =      1396.1546
 1-4 NB =       392.1250  1-4 EEL =      3227.7551  VDWAALS    =     22625.5565
 EELEC  =   -186462.7436  EHBOND  =         0.0000  RESTRAINT  =         0.0000
 Ewald error estimate:   0.3736E-05
 ------------------------------------------------------------------------------


      A V E R A G E S   O V E R    5000 S T E P S


 NSTEP =     5000   TIME(PS) =      10.000  TEMP(K) =   290.48  PRESS =     0.0
 Etot   =   -131677.1115  EKtot   =     27344.8309  EPtot      =   -159021.9424
 BOND   =       339.5291  ANGLE   =       948.8378  DIHED      =      1410.2917
 1-4 NB =       391.2192  1-4 EEL =      3255.1164  VDWAALS    =     23135.5338
 EELEC  =   -188502.4703  EHBOND  =         0.0000  RESTRAINT  =         0.0000
 Ewald error estimate:   0.5580E-04
 ------------------------------------------------------------------------------


      R M S  F L U C T U A T I O N S


 NSTEP =     5000   TIME(PS) =      10.000  TEMP(K) =     8.42  PRESS =     0.0
 Etot   =      2432.6965  EKtot   =       792.7822  EPtot      =      1662.9437
 BOND   =        15.8185  ANGLE   =        24.8586  DIHED      =        12.3088
 1-4 NB =         8.8697  1-4 EEL =        25.4691  VDWAALS    =       542.6742
 EELEC  =      2160.8122  EHBOND  =         0.0000  RESTRAINT  =         0.0000
 Ewald error estimate:   0.4110E-04
 ------------------------------------------------------------------------------


--------------------------------------------------------------------------------
   5.  TIMINGS
--------------------------------------------------------------------------------

|                Build the list           255.14 (99.71% of List )
|                Other                      0.75 ( 0.29% of List )
|             List time                255.89 (12.48% of Nonbo)
|                   Short_ene time          1604.10 (99.27% of Direc)
|                   Other                     11.75 ( 0.73% of Direc)
|                Direct Ewald time       1615.85 (90.04% of Ewald)
|                Adjust Ewald time          7.67 ( 0.43% of Ewald)
|                   Fill Bspline coeffs        8.58 ( 5.06% of Recip)
|                   Fill charge grid          23.41 (13.82% of Recip)
|                   Scalar sum                27.83 (16.42% of Recip)
|                   Grad sum                  46.75 (27.59% of Recip)
|                   FFT time                  62.87 (37.10% of Recip)
|                Recip Ewald time         169.44 ( 9.44% of Ewald)
|                Force Adjust               0.21 ( 0.01% of Ewald)
|                Virial junk                0.74 ( 0.04% of Ewald)
|                Other                      0.60 ( 0.03% of Ewald)
|             Ewald time              1794.53 (87.52% of Nonbo)
|          Nonbond force           2050.43 (99.58% of Force)
|          Bond/Angle/Dihedral        8.34 ( 0.40% of Force)
|          Other                      0.23 ( 0.01% of Force)
|       Force time              2059.00 (99.25% of Runmd)
|       Shake time                 8.35 ( 0.40% of Runmd)
|       Verlet update time         6.21 ( 0.30% of Runmd)
|       Other                      1.01 ( 0.05% of Runmd)
|    Runmd Time              2074.56 (100.0% of Total)
|    Other                      0.32 ( 0.02% of Total)
| Total time              2074.92 (100.0% of ALL  )

| Number of list builds   :        555

| Highest rstack allocated:    2263539
| Highest istack allocated:      46887

| Final Performance Info:
| -----------------------------------------------------
| Average timings for all steps:
|     Elapsed(s) =    2074.56 Per Step(ms) =     414.91
|         ns/day =       0.42   seconds/ns =  207455.99
| -----------------------------------------------------

|           Job began  at 02:06:43.048  on 11/25/2021
|           Setup done at 02:06:43.408  on 11/25/2021
|           Run   done at 02:41:17.968  on 11/25/2021
|     wallclock() was called  221166 times

|3D-RISM memory allocation summary
|Type          Maximum        Current   
|Integer       0.00000 GB     0.00000 GB
|Real          0.00000 GB     0.00000 GB
|Logical       0.00000 GB     0.00000 GB
|Character     0.00000 GB     0.00000 GB
|---------------------------------------
|Total         0.00000 GB     0.00000 GB
