
          -------------------------------------------------------
          Amber 18 SANDER                              2018
          -------------------------------------------------------

| Run on 11/24/2021 at 23:24:21

|   Executable path: sander
| Working directory: /data/temporary-scratch/ragreer/TREM2-VitaminD3_32_new/step5-heating
|          Hostname: c0151

  [-O]verwriting output

File Assignments:
|  MDIN: eq-50K.in                                                             
| MDOUT: eq-50K.out                                                            
|INPCRD: TREM2-VitaminD3-eq-SolvI.rst                                          
|  PARM: TREM2-VitaminD3-SolvI.prmtop                                          
|RESTRT: TREM2-VitaminD3-eq-50K.rst                                            
|  REFC: refc                                                                  
| MDVEL: mdvel                                                                 
| MDFRC: mdfrc                                                                 
|  MDEN: mden                                                                  
| MDCRD: TREM2-VitaminD3-eq-50K.mdcrd                                          
|MDINFO: TREM2-VitaminD3-eq-50K.mdinfo                                         
|  MTMD: mtmd                                                                  
|INPDIP: inpdip                                                                
|RSTDIP: rstdip                                                                
|INPTRA: inptraj                                                               


 Here is the input file:

Equilibration of the whole system at 50 K for 10 ps with shake at constant volume and constant temperature
 &cntrl                                                                        
  nmropt = 0,                                                                  
  ntx = 1,	irest = 0,	ntrx = 1,	ntxo = 1,                                      
  ntpr = 1000,	ntwx = 1000,	ntwv = 1000,	ntwe = 1000,                          
  ntwr = 1000,                                                                 
                                                                               
                                                                               
  ntf = 2,	ntb = 1,                                                            
  cut = 10.0,	nsnb = 20,                                                       
                                                                               
  ibelly = 0,	ntr = 0,                                                         
                                                                               
  imin = 0,                                                                    
  nstlim = 5000,                                                               
  nscm = 500,                                                                  
  t = 0.0,	dt = 0.002,                                                         
                                                                               
  temp0 = 50.0,	tempi = 50.0,                                                  
  ntt = 1,                                                                     
  vrand = 0,                                                                   
  vlimit = 15.0,                                                               
                                                                               
  ntc = 2,                                                                     
 &end                                                                          

--------------------------------------------------------------------------------
   1.  RESOURCE   USE: 
--------------------------------------------------------------------------------

| Flags:                                                                        
 getting new box info from bottom of inpcrd
|  INFO: Old style inpcrd file read

| peek_ewald_inpcrd: Box info found
|Largest sphere to fit in unit cell has radius =    35.006
| New format PARM file being parsed.
| Version =    1.000 Date = 11/23/21 Time = 16:19:17
 NATOM  =   46887 NTYPES =      18 NBONH =   45914 MBONA  =     906
 NTHETH =    2029 MTHETA =    1232 NPHIH =    4193 MPHIA  =    3837
 NHPARM =       0 NPARM  =       0 NNB   =   69973 NRES   =   15202
 NBONA  =     906 NTHETA =    1232 NPHIA =    3837 NUMBND =      85
 NUMANG =     189 NPTRA  =     211 NATYP =      47 NPHB   =       1
 IFBOX  =       1 NMXRS  =      72 IFCAP =       0 NEXTRA =       0
 NCOPY  =       0


|     Memory Use     Allocated
|     Real             3181279
|     Hollerith         155865
|     Integer          1468928
|     Max Pairs       27006912
|     nblistReal        562644
|     nblist Int       1654421
|       Total           147554 kbytes

| Note: 1-4 EEL scale factors are being read from the topology file.

| Note: 1-4 VDW scale factors are being read from the topology file.
| Duplicated    0 dihedrals
| Duplicated    0 dihedrals

     BOX TYPE: RECTILINEAR

--------------------------------------------------------------------------------
   2.  CONTROL  DATA  FOR  THE  RUN
--------------------------------------------------------------------------------

default_name                                                                    

General flags:
     imin    =       0, nmropt  =       0

Nature and format of input:
     ntx     =       1, irest   =       0, ntrx    =       1

Nature and format of output:
     ntxo    =       1, ntpr    =    1000, ntrx    =       1, ntwr    =    1000
     iwrap   =       0, ntwx    =    1000, ntwv    =    1000, ntwe    =    1000
     ioutfm  =       1, ntwprt  =       0, idecomp =       0, rbornstat=      0

Potential function:
     ntf     =       2, ntb     =       1, igb     =       0, nsnb    =      20
     ipol    =       0, gbsa    =       0, iesp    =       0
     dielc   =   1.00000, cut     =  10.00000, intdiel =   1.00000

Frozen or restrained atoms:
     ibelly  =       0, ntr     =       0

Molecular dynamics:
     nstlim  =      5000, nscm    =       500, nrespa  =         1
     t       =   0.00000, dt      =   0.00200, vlimit  =  15.00000

Berendsen (weak-coupling) temperature regulation:
     temp0   =  50.00000, tempi   =  50.00000, tautp   =   1.00000

SHAKE:
     ntc     =       2, jfastw  =       0
     tol     =   0.00001

Ewald parameters:
     verbose =       0, ew_type =       0, nbflag  =       1, use_pme =       1
     vdwmeth =       1, eedmeth =       1, netfrc  =       1
     Box X =   70.013   Box Y =   81.719   Box Z =   76.286
     Alpha =   90.000   Beta  =   90.000   Gamma =   90.000
     NFFT1 =   72       NFFT2 =   81       NFFT3 =   80
     Cutoff=   10.000   Tol   =0.100E-04
     Ewald Coefficient =  0.27511
     Interpolation order =    4

--------------------------------------------------------------------------------
   3.  ATOMIC COORDINATES AND VELOCITIES
--------------------------------------------------------------------------------

default_name                                                                    
 begin time read from input coords =    10.000 ps

 Number of triangulated 3-point waters found:    15005

     Sum of charges from parm topology file =   0.00000192
     Forcing neutrality...

--------------------------------------------------------------------------------
   4.  RESULTS
--------------------------------------------------------------------------------

|  # of SOLUTE  degrees of freedom (RNDFP):   94747.
|  # of SOLVENT degrees of freedom (RNDFS):       0.
|  NDFMIN =   94744.     NUM_NOSHAKE =      0     CORRECTED RNDFP =   94744.
|  TOTAL # of degrees of freedom (RNDF) =   94744.
 ---------------------------------------------------
 APPROXIMATING switch and d/dx switch using CUBIC SPLINE INTERPOLATION
 using   5000.0 points per unit in tabled values
 TESTING RELATIVE ERROR over r ranging from 0.0 to cutoff
| CHECK switch(x): max rel err =   0.2738E-14   at   2.422500
| CHECK d/dx switch(x): max rel err =   0.8314E-11   at   2.736960
 ---------------------------------------------------
| Local SIZE OF NONBOND LIST =   18202389
| TOTAL SIZE OF NONBOND LIST =   18202389

 NSTEP =        0   TIME(PS) =       0.000  TEMP(K) =    74.20  PRESS =     0.0
 Etot   =   -215399.9371  EKtot   =      6985.2092  EPtot      =   -222385.1463
 BOND   =        81.9505  ANGLE   =       321.1328  DIHED      =      1264.6720
 1-4 NB =       351.1840  1-4 EEL =      3294.9953  VDWAALS    =     45286.1795
 EELEC  =   -272985.2604  EHBOND  =         0.0000  RESTRAINT  =         0.0000
 Ewald error estimate:   0.1428E-03
 ------------------------------------------------------------------------------

check COM velocity, temp:        0.000651     0.00(Removed)
check COM velocity, temp:        0.000000     0.00(Removed)

 NSTEP =     1000   TIME(PS) =       2.000  TEMP(K) =    57.13  PRESS =     0.0
 Etot   =   -186274.8857  EKtot   =      5378.4292  EPtot      =   -191653.3149
 BOND   =        89.6353  ANGLE   =       339.5336  DIHED      =      1266.9177
 1-4 NB =       353.3100  1-4 EEL =      3303.3696  VDWAALS    =     37000.0494
 EELEC  =   -234006.1306  EHBOND  =         0.0000  RESTRAINT  =         0.0000
 Ewald error estimate:   0.1206E-03
 ------------------------------------------------------------------------------

check COM velocity, temp:        0.000000     0.00(Removed)
check COM velocity, temp:        0.000000     0.00(Removed)

 NSTEP =     2000   TIME(PS) =       4.000  TEMP(K) =    53.42  PRESS =     0.0
 Etot   =   -187205.8184  EKtot   =      5028.9992  EPtot      =   -192234.8176
 BOND   =        86.3856  ANGLE   =       338.3895  DIHED      =      1280.3944
 1-4 NB =       354.9433  1-4 EEL =      3279.0674  VDWAALS    =     37042.4810
 EELEC  =   -234616.4789  EHBOND  =         0.0000  RESTRAINT  =         0.0000
 Ewald error estimate:   0.1942E-03
 ------------------------------------------------------------------------------

check COM velocity, temp:        0.000000     0.00(Removed)
check COM velocity, temp:        0.000000     0.00(Removed)

 NSTEP =     3000   TIME(PS) =       6.000  TEMP(K) =    51.82  PRESS =     0.0
 Etot   =   -187670.7813  EKtot   =      4878.0210  EPtot      =   -192548.8023
 BOND   =        87.6076  ANGLE   =       340.1538  DIHED      =      1281.7093
 1-4 NB =       352.7849  1-4 EEL =      3293.1866  VDWAALS    =     37043.4674
 EELEC  =   -234947.7120  EHBOND  =         0.0000  RESTRAINT  =         0.0000
 Ewald error estimate:   0.1317E-03
 ------------------------------------------------------------------------------

check COM velocity, temp:        0.000000     0.00(Removed)
check COM velocity, temp:        0.000000     0.00(Removed)

 NSTEP =     4000   TIME(PS) =       8.000  TEMP(K) =    50.89  PRESS =     0.0
 Etot   =   -187933.1700  EKtot   =      4790.7795  EPtot      =   -192723.9494
 BOND   =        87.2950  ANGLE   =       340.4427  DIHED      =      1280.5660
 1-4 NB =       352.3260  1-4 EEL =      3272.7445  VDWAALS    =     36964.8309
 EELEC  =   -235022.1545  EHBOND  =         0.0000  RESTRAINT  =         0.0000
 Ewald error estimate:   0.1928E-03
 ------------------------------------------------------------------------------

check COM velocity, temp:        0.000000     0.00(Removed)
check COM velocity, temp:        0.000000     0.00(Removed)

 NSTEP =     5000   TIME(PS) =      10.000  TEMP(K) =    50.74  PRESS =     0.0
 Etot   =   -188087.5417  EKtot   =      4776.8386  EPtot      =   -192864.3803
 BOND   =        91.7760  ANGLE   =       336.0161  DIHED      =      1271.0876
 1-4 NB =       355.0249  1-4 EEL =      3281.0855  VDWAALS    =     36937.2068
 EELEC  =   -235136.5772  EHBOND  =         0.0000  RESTRAINT  =         0.0000
 Ewald error estimate:   0.9458E-04
 ------------------------------------------------------------------------------


      A V E R A G E S   O V E R    5000 S T E P S


 NSTEP =     5000   TIME(PS) =      10.000  TEMP(K) =    53.99  PRESS =     0.0
 Etot   =   -187107.9966  EKtot   =      5082.3096  EPtot      =   -192190.3062
 BOND   =        87.7742  ANGLE   =       341.4779  DIHED      =      1274.1158
 1-4 NB =       353.0412  1-4 EEL =      3285.2786  VDWAALS    =     37104.1355
 EELEC  =   -234636.1294  EHBOND  =         0.0000  RESTRAINT  =         0.0000
 Ewald error estimate:   0.1626E-03
 ------------------------------------------------------------------------------


      R M S  F L U C T U A T I O N S


 NSTEP =     5000   TIME(PS) =      10.000  TEMP(K) =     4.10  PRESS =     0.0
 Etot   =      1012.4705  EKtot   =       386.0590  EPtot      =       769.1934
 BOND   =         3.3966  ANGLE   =         6.7207  DIHED      =         4.8673
 1-4 NB =         3.6097  1-4 EEL =        11.3338  VDWAALS    =       584.9671
 EELEC  =       870.0407  EHBOND  =         0.0000  RESTRAINT  =         0.0000
 Ewald error estimate:   0.3974E-04
 ------------------------------------------------------------------------------


--------------------------------------------------------------------------------
   5.  TIMINGS
--------------------------------------------------------------------------------

|                Build the list            51.86 (98.66% of List )
|                Other                      0.70 ( 1.34% of List )
|             List time                 52.56 ( 2.87% of Nonbo)
|                   Short_ene time          1593.10 (99.36% of Direc)
|                   Other                     10.33 ( 0.64% of Direc)
|                Direct Ewald time       1603.43 (90.06% of Ewald)
|                Adjust Ewald time          7.63 ( 0.43% of Ewald)
|                   Fill Bspline coeffs        8.51 ( 5.07% of Recip)
|                   Fill charge grid          22.95 (13.67% of Recip)
|                   Scalar sum                27.73 (16.53% of Recip)
|                   Grad sum                  45.48 (27.10% of Recip)
|                   FFT time                  63.13 (37.62% of Recip)
|                Recip Ewald time         167.80 ( 9.42% of Ewald)
|                Force Adjust               0.21 ( 0.01% of Ewald)
|                Virial junk                0.71 ( 0.04% of Ewald)
|                Other                      0.60 ( 0.03% of Ewald)
|             Ewald time              1780.40 (97.13% of Nonbo)
|          Nonbond force           1832.96 (99.54% of Force)
|          Bond/Angle/Dihedral        8.26 ( 0.45% of Force)
|          Other                      0.23 ( 0.01% of Force)
|       Force time              1841.45 (99.19% of Runmd)
|       Shake time                 8.36 ( 0.45% of Runmd)
|       Verlet update time         5.73 ( 0.31% of Runmd)
|       Other                      1.01 ( 0.05% of Runmd)
|    Runmd Time              1856.55 (100.0% of Total)
|    Other                      0.34 ( 0.02% of Total)
| Total time              1856.93 (100.0% of ALL  )

| Number of list builds   :        114

| Highest rstack allocated:    2263539
| Highest istack allocated:      46887

| Final Performance Info:
| -----------------------------------------------------
| Average timings for all steps:
|     Elapsed(s) =    1856.55 Per Step(ms) =     371.31
|         ns/day =       0.47   seconds/ns =  185655.22
| -----------------------------------------------------

|           Job began  at 23:24:21.167  on 11/24/2021
|           Setup done at 23:24:21.544  on 11/24/2021
|           Run   done at 23:55:18.096  on 11/24/2021
|     wallclock() was called  220284 times

|3D-RISM memory allocation summary
|Type          Maximum        Current   
|Integer       0.00000 GB     0.00000 GB
|Real          0.00000 GB     0.00000 GB
|Logical       0.00000 GB     0.00000 GB
|Character     0.00000 GB     0.00000 GB
|---------------------------------------
|Total         0.00000 GB     0.00000 GB
