
          -------------------------------------------------------
          Amber 18 SANDER                              2018
          -------------------------------------------------------

| Run on 12/24/2021 at 14:49:08

|   Executable path: sander
| Working directory: /data/temporary-scratch/ragreer/TREM2-VitaminD3_Validation/Simulation2/TREM2_F74D-VitaminD3/step1-min_complex
|          Hostname: c0173

  [-O]verwriting output

File Assignments:
|  MDIN: min-complex.in                                                        
| MDOUT: min-complex.out                                                       
|INPCRD: TREM2_F74D-VitaminD3.inpcrd                                           
|  PARM: TREM2_F74D-VitaminD3.prmtop                                           
|RESTRT: TREM2_F74D-VitaminD3-min.inpcrd                                       
|  REFC: TREM2_F74D-VitaminD3.inpcrd                                           
| MDVEL: mdvel                                                                 
| MDFRC: mdfrc                                                                 
|  MDEN: mden                                                                  
| MDCRD: TREM2_F74D-VitaminD3-min.mdcrd                                        
|MDINFO: TREM2_F74D-VitaminD3-min.mdinfo                                       
|  MTMD: mtmd                                                                  
|INPDIP: inpdip                                                                
|RSTDIP: rstdip                                                                
|INPTRA: inptraj                                                               


 Here is the input file:

JOB: Initial Minimization of Protein Complex                                   
 &cntrl                                                                        
  imin = 1,                                                                    
  maxcyc = 10000,                                                              
  ncyc = 500, dx0 = 0.005                                                      
  ntf = 1, ntb = 0,                                                            
  cut = 10.0, nsnb = 20,                                                       
  ntr = 0,                                                                     
 &end                                                                          
                                                                               

--------------------------------------------------------------------------------
   1.  RESOURCE   USE: 
--------------------------------------------------------------------------------

| Flags:                                                                        
|    NONPERIODIC   ntb=0 and igb=0: Setting up nonperiodic simulation
|Largest sphere to fit in unit cell has radius =    46.333
| New format PARM file being parsed.
| Version =    1.000 Date = 12/24/21 Time = 14:47:18
 NATOM  =    1777 NTYPES =      14 NBONH =     894 MBONA  =     902
 NTHETH =    2019 MTHETA =    1227 NPHIH =    4172 MPHIA  =    3829
 NHPARM =       0 NPARM  =       0 NNB   =    9821 NRES   =     110
 NBONA  =     902 NTHETA =    1227 NPHIA =    3829 NUMBND =      83
 NUMANG =     189 NPTRA  =     211 NATYP =      43 NPHB   =       0
 IFBOX  =       1 NMXRS  =      72 IFCAP =       0 NEXTRA =       0
 NCOPY  =       0


|     Memory Use     Allocated
|     Real              143704
|     Hollerith           5443
|     Integer           445345
|     Max Pairs         592333
|     nblistReal         21324
|     nblist Int       2378606
|       Total            14655 kbytes

| Note: 1-4 EEL scale factors are being read from the topology file.

| Note: 1-4 VDW scale factors are being read from the topology file.
| Duplicated    0 dihedrals
| Duplicated    0 dihedrals

     BOX TYPE: RECTILINEAR

--------------------------------------------------------------------------------
   2.  CONTROL  DATA  FOR  THE  RUN
--------------------------------------------------------------------------------

default_name                                                                    

General flags:
     imin    =       1, nmropt  =       0

Nature and format of input:
     ntx     =       1, irest   =       0, ntrx    =       1

Nature and format of output:
     ntxo    =       2, ntpr    =      50, ntrx    =       1, ntwr    =       1
     iwrap   =       0, ntwx    =       0, ntwv    =       0, ntwe    =       0
     ioutfm  =       1, ntwprt  =       0, idecomp =       0, rbornstat=      0

Potential function:
     ntf     =       1, ntb     =       0, igb     =       0, nsnb    =      20
     ipol    =       0, gbsa    =       0, iesp    =       0
     dielc   =   1.00000, cut     =  10.00000, intdiel =   1.00000

Frozen or restrained atoms:
     ibelly  =       0, ntr     =       0

Energy minimization:
     maxcyc  =   10000, ncyc    =     500, ntmin   =       1
     dx0     =   0.00500, drms    =   0.00010
|  INFO: Old style inpcrd file read


--------------------------------------------------------------------------------
   3.  ATOMIC COORDINATES AND VELOCITIES
--------------------------------------------------------------------------------

default_name                                                                    
 begin time read from input coords =     0.000 ps

 Number of triangulated 3-point waters found:        0

     Sum of charges from parm topology file =   4.00000192

--------------------------------------------------------------------------------
   4.  RESULTS
--------------------------------------------------------------------------------

 ---------------------------------------------------

     eedmeth=4: Setting switch to one everywhere

 ---------------------------------------------------
| Local SIZE OF NONBOND LIST =     214122
| TOTAL SIZE OF NONBOND LIST =     214122


   NSTEP       ENERGY          RMS            GMAX         NAME    NUMBER
      1      -5.6328E+02     1.5024E+01     1.0482E+02     C         852

 BOND    =      294.4403  ANGLE   =      604.9272  DIHED      =     1366.3859
 VDWAALS =     -770.9930  EEL     =    -5670.7897  HBOND      =        0.0000
 1-4 VDW =      383.0833  1-4 EEL =     3229.6704  RESTRAINT  =        0.0000


   NSTEP       ENERGY          RMS            GMAX         NAME    NUMBER
     50      -1.4531E+03     1.0005E+00     1.1204E+01     HG1      1069

 BOND    =       74.9269  ANGLE   =      293.9845  DIHED      =     1275.3826
 VDWAALS =     -842.5737  EEL     =    -5824.2871  HBOND      =        0.0000
 1-4 VDW =      330.6097  1-4 EEL =     3238.9043  RESTRAINT  =        0.0000


   NSTEP       ENERGY          RMS            GMAX         NAME    NUMBER
    100      -1.4631E+03     9.8385E-01     1.2363E+01     C        1420

 BOND    =       72.6266  ANGLE   =      281.5503  DIHED      =     1264.6551
 VDWAALS =     -846.0530  EEL     =    -5817.0989  HBOND      =        0.0000
 1-4 VDW =      328.7377  1-4 EEL =     3252.5012  RESTRAINT  =        0.0000


   NSTEP       ENERGY          RMS            GMAX         NAME    NUMBER
    150      -1.5037E+03     5.1797E-01     6.6479E+00     HG1      1069

 BOND    =       71.3192  ANGLE   =      276.9029  DIHED      =     1260.0446
 VDWAALS =     -843.4449  EEL     =    -5852.9531  HBOND      =        0.0000
 1-4 VDW =      328.4673  1-4 EEL =     3255.9983  RESTRAINT  =        0.0000


   NSTEP       ENERGY          RMS            GMAX         NAME    NUMBER
    200      -1.5901E+03     1.0614E+00     1.2325E+01     C        1420

 BOND    =       71.6917  ANGLE   =      274.8331  DIHED      =     1257.7960
 VDWAALS =     -841.6188  EEL     =    -5939.4338  HBOND      =        0.0000
 1-4 VDW =      328.6052  1-4 EEL =     3257.9910  RESTRAINT  =        0.0000


   NSTEP       ENERGY          RMS            GMAX         NAME    NUMBER
    250      -1.6777E+03     1.4721E+00     2.1686E+01     C        1403

 BOND    =       72.2626  ANGLE   =      273.6946  DIHED      =     1256.2678
 VDWAALS =     -839.6742  EEL     =    -6029.1883  HBOND      =        0.0000
 1-4 VDW =      328.9568  1-4 EEL =     3260.0220  RESTRAINT  =        0.0000


   NSTEP       ENERGY          RMS            GMAX         NAME    NUMBER
    300      -1.7069E+03     9.1187E-01     1.1795E+01     C        1403

 BOND    =       70.6203  ANGLE   =      273.3210  DIHED      =     1254.8233
 VDWAALS =     -836.0261  EEL     =    -6059.3776  HBOND      =        0.0000
 1-4 VDW =      329.2311  1-4 EEL =     3260.4928  RESTRAINT  =        0.0000


   NSTEP       ENERGY          RMS            GMAX         NAME    NUMBER
    350      -1.7885E+03     3.7037E-01     4.3458E+00     HG       1485

 BOND    =       69.3545  ANGLE   =      272.7783  DIHED      =     1252.8441
 VDWAALS =     -833.1468  EEL     =    -6140.5777  HBOND      =        0.0000
 1-4 VDW =      329.4408  1-4 EEL =     3260.8038  RESTRAINT  =        0.0000


   NSTEP       ENERGY          RMS            GMAX         NAME    NUMBER
    400      -1.7658E+03     4.5582E-01     4.2021E+00     CD        631

 BOND    =       68.9032  ANGLE   =      272.6804  DIHED      =     1249.9053
 VDWAALS =     -831.0553  EEL     =    -6116.0646  HBOND      =        0.0000
 1-4 VDW =      329.6911  1-4 EEL =     3260.1217  RESTRAINT  =        0.0000


   NSTEP       ENERGY          RMS            GMAX         NAME    NUMBER
    450      -1.9193E+03     1.0605E+00     1.4094E+01     CD        631

 BOND    =       69.7491  ANGLE   =      272.6872  DIHED      =     1246.4708
 VDWAALS =     -829.4812  EEL     =    -6268.1853  HBOND      =        0.0000
 1-4 VDW =      329.9368  1-4 EEL =     3259.5488  RESTRAINT  =        0.0000


   NSTEP       ENERGY          RMS            GMAX         NAME    NUMBER
    500      -1.9461E+03     3.9325E-01     4.6854E+00     CE3       469

 BOND    =       68.4861  ANGLE   =      272.8047  DIHED      =     1243.2783
 VDWAALS =     -827.9047  EEL     =    -6292.3219  HBOND      =        0.0000
 1-4 VDW =      330.3002  1-4 EEL =     3259.2355  RESTRAINT  =        0.0000


   NSTEP       ENERGY          RMS            GMAX         NAME    NUMBER
    550      -2.1061E+03     7.7650E-01     1.0747E+01     CG        267

 BOND    =       68.1031  ANGLE   =      274.0313  DIHED      =     1237.8572
 VDWAALS =     -819.2087  EEL     =    -6458.5833  HBOND      =        0.0000
 1-4 VDW =      332.4213  1-4 EEL =     3259.2322  RESTRAINT  =        0.0000


   NSTEP       ENERGY          RMS            GMAX         NAME    NUMBER
    600      -2.2394E+03     7.9407E-01     8.1394E+00     NE2      1273

 BOND    =       69.1026  ANGLE   =      274.9395  DIHED      =     1236.9253
 VDWAALS =     -814.8742  EEL     =    -6594.5803  HBOND      =        0.0000
 1-4 VDW =      331.6836  1-4 EEL =     3257.3893  RESTRAINT  =        0.0000


   NSTEP       ENERGY          RMS            GMAX         NAME    NUMBER
    650      -2.1677E+03     6.4073E-01     1.0410E+01     CG        267

 BOND    =       69.1903  ANGLE   =      273.6530  DIHED      =     1237.0764
 VDWAALS =     -814.9142  EEL     =    -6522.8911  HBOND      =        0.0000
 1-4 VDW =      332.3386  1-4 EEL =     3257.8822  RESTRAINT  =        0.0000


   NSTEP       ENERGY          RMS            GMAX         NAME    NUMBER
    700      -2.2450E+03     7.1058E-01     8.6566E+00     NE2      1273

 BOND    =       68.4886  ANGLE   =      274.1681  DIHED      =     1238.1974
 VDWAALS =     -816.1211  EEL     =    -6602.6637  HBOND      =        0.0000
 1-4 VDW =      332.7073  1-4 EEL =     3260.2117  RESTRAINT  =        0.0000


   NSTEP       ENERGY          RMS            GMAX         NAME    NUMBER
    750      -2.2600E+03     6.4606E-01     1.3044E+01     CG        267

 BOND    =       68.6667  ANGLE   =      275.1603  DIHED      =     1236.1290
 VDWAALS =     -816.9292  EEL     =    -6615.9447  HBOND      =        0.0000
 1-4 VDW =      332.5008  1-4 EEL =     3260.3825  RESTRAINT  =        0.0000


   NSTEP       ENERGY          RMS            GMAX         NAME    NUMBER
    800      -2.2725E+03     1.0183E+00     1.6351E+01     CE2       781

 BOND    =       68.8525  ANGLE   =      275.3284  DIHED      =     1235.0316
 VDWAALS =     -817.0384  EEL     =    -6627.3463  HBOND      =        0.0000
 1-4 VDW =      332.7911  1-4 EEL =     3259.8551  RESTRAINT  =        0.0000


   NSTEP       ENERGY          RMS            GMAX         NAME    NUMBER
    850      -2.2728E+03     6.0139E-01     6.8093E+00     CD2       790

 BOND    =       68.7952  ANGLE   =      274.8759  DIHED      =     1235.0237
 VDWAALS =     -817.8115  EEL     =    -6627.0990  HBOND      =        0.0000
 1-4 VDW =      332.3258  1-4 EEL =     3261.1316  RESTRAINT  =        0.0000


   NSTEP       ENERGY          RMS            GMAX         NAME    NUMBER
    900      -2.1264E+03     7.6466E-01     9.2391E+00     NE2       633

 BOND    =       69.3326  ANGLE   =      276.2963  DIHED      =     1235.7014
 VDWAALS =     -818.5227  EEL     =    -6485.0211  HBOND      =        0.0000
 1-4 VDW =      332.2569  1-4 EEL =     3263.5238  RESTRAINT  =        0.0000


   NSTEP       ENERGY          RMS            GMAX         NAME    NUMBER
    950      -2.2730E+03     5.9424E-01     1.0615E+01     CG        267

 BOND    =       68.5120  ANGLE   =      276.3145  DIHED      =     1235.5174
 VDWAALS =     -818.0121  EEL     =    -6631.1129  HBOND      =        0.0000
 1-4 VDW =      332.0414  1-4 EEL =     3263.7682  RESTRAINT  =        0.0000


   NSTEP       ENERGY          RMS            GMAX         NAME    NUMBER
   1000      -2.2953E+03     6.3208E-01     6.5674E+00     CZ2       782

 BOND    =       68.3769  ANGLE   =      276.6381  DIHED      =     1235.4206
 VDWAALS =     -816.2268  EEL     =    -6654.3505  HBOND      =        0.0000
 1-4 VDW =      332.2425  1-4 EEL =     3262.6452  RESTRAINT  =        0.0000


   NSTEP       ENERGY          RMS            GMAX         NAME    NUMBER
   1050      -2.1848E+03     5.1707E-01     7.6306E+00     CG        267

 BOND    =       68.4257  ANGLE   =      275.3082  DIHED      =     1236.3481
 VDWAALS =     -815.3225  EEL     =    -6546.0781  HBOND      =        0.0000
 1-4 VDW =      332.0550  1-4 EEL =     3264.4572  RESTRAINT  =        0.0000


   NSTEP       ENERGY          RMS            GMAX         NAME    NUMBER
   1100      -1.9637E+03     6.5908E-01     1.0214E+01     CD2       790

 BOND    =       68.6616  ANGLE   =      276.9213  DIHED      =     1236.2753
 VDWAALS =     -813.7864  EEL     =    -6328.5665  HBOND      =        0.0000
 1-4 VDW =      331.6221  1-4 EEL =     3265.1797  RESTRAINT  =        0.0000


   NSTEP       ENERGY          RMS            GMAX         NAME    NUMBER
   1150      -2.0632E+03     4.9963E-01     8.7070E+00     CG        267

 BOND    =       68.1692  ANGLE   =      277.2879  DIHED      =     1236.0592
 VDWAALS =     -814.3524  EEL     =    -6427.7321  HBOND      =        0.0000
 1-4 VDW =      331.9766  1-4 EEL =     3265.4303  RESTRAINT  =        0.0000


   NSTEP       ENERGY          RMS            GMAX         NAME    NUMBER
   1200      -2.1574E+03     5.6136E-01     7.4287E+00     OG       1429

 BOND    =       67.9159  ANGLE   =      276.2182  DIHED      =     1236.6096
 VDWAALS =     -814.2244  EEL     =    -6522.7440  HBOND      =        0.0000
 1-4 VDW =      332.7356  1-4 EEL =     3266.0855  RESTRAINT  =        0.0000


   NSTEP       ENERGY          RMS            GMAX         NAME    NUMBER
   1250      -2.1161E+03     5.3144E-01     7.5751E+00     CG        267

 BOND    =       68.1544  ANGLE   =      276.0862  DIHED      =     1236.5131
 VDWAALS =     -813.2412  EEL     =    -6483.0625  HBOND      =        0.0000
 1-4 VDW =      332.6109  1-4 EEL =     3266.8039  RESTRAINT  =        0.0000


   NSTEP       ENERGY          RMS            GMAX         NAME    NUMBER
   1300      -2.0648E+03     6.0988E-01     8.1064E+00     CD        562

 BOND    =       68.2178  ANGLE   =      277.3255  DIHED      =     1236.2090
 VDWAALS =     -812.7765  EEL     =    -6435.0753  HBOND      =        0.0000
 1-4 VDW =      332.3918  1-4 EEL =     3268.8862  RESTRAINT  =        0.0000


   NSTEP       ENERGY          RMS            GMAX         NAME    NUMBER
   1350      -2.1245E+03     5.0128E-01     7.6355E+00     CG        267

 BOND    =       67.4737  ANGLE   =      277.2150  DIHED      =     1236.3904
 VDWAALS =     -812.1367  EEL     =    -6493.3804  HBOND      =        0.0000
 1-4 VDW =      332.6639  1-4 EEL =     3267.3084  RESTRAINT  =        0.0000


   NSTEP       ENERGY          RMS            GMAX         NAME    NUMBER
   1400      -2.0288E+03     5.6247E-01     7.5946E+00     NE2       633

 BOND    =       67.6177  ANGLE   =      277.0058  DIHED      =     1237.4189
 VDWAALS =     -810.9493  EEL     =    -6398.2120  HBOND      =        0.0000
 1-4 VDW =      332.7415  1-4 EEL =     3265.5465  RESTRAINT  =        0.0000


   NSTEP       ENERGY          RMS            GMAX         NAME    NUMBER
   1450      -1.9854E+03     4.8952E-01     6.2638E+00     CG        267

 BOND    =       67.6791  ANGLE   =      276.6039  DIHED      =     1236.9946
 VDWAALS =     -810.8672  EEL     =    -6354.0549  HBOND      =        0.0000
 1-4 VDW =      332.8095  1-4 EEL =     3265.4831  RESTRAINT  =        0.0000


   NSTEP       ENERGY          RMS            GMAX         NAME    NUMBER
   1500      -2.2139E+03     4.8226E-01     8.3228E+00     NE2       633

 BOND    =       67.7659  ANGLE   =      277.1813  DIHED      =     1237.2999
 VDWAALS =     -810.6121  EEL     =    -6582.9127  HBOND      =        0.0000
 1-4 VDW =      332.3787  1-4 EEL =     3265.0310  RESTRAINT  =        0.0000


   NSTEP       ENERGY          RMS            GMAX         NAME    NUMBER
   1550      -2.0949E+03     4.2319E-01     5.2691E+00     CD        562

 BOND    =       67.3803  ANGLE   =      277.9706  DIHED      =     1237.3473
 VDWAALS =     -810.4117  EEL     =    -6465.1244  HBOND      =        0.0000
 1-4 VDW =      332.6370  1-4 EEL =     3265.3190  RESTRAINT  =        0.0000


   NSTEP       ENERGY          RMS            GMAX         NAME    NUMBER
   1600      -2.1209E+03     5.4024E-01     8.7054E+00     CG        267

 BOND    =       67.7907  ANGLE   =      277.6225  DIHED      =     1238.0004
 VDWAALS =     -809.9028  EEL     =    -6493.2108  HBOND      =        0.0000
 1-4 VDW =      333.2751  1-4 EEL =     3265.5688  RESTRAINT  =        0.0000


   NSTEP       ENERGY          RMS            GMAX         NAME    NUMBER
   1650      -2.0759E+03     4.2227E-01     5.8393E+00     CG        267

 BOND    =       67.8578  ANGLE   =      277.3727  DIHED      =     1238.1600
 VDWAALS =     -809.9442  EEL     =    -6448.4909  HBOND      =        0.0000
 1-4 VDW =      333.2729  1-4 EEL =     3265.8240  RESTRAINT  =        0.0000


   NSTEP       ENERGY          RMS            GMAX         NAME    NUMBER
   1700      -2.1870E+03     4.3605E-01     6.2213E+00     NE2       136

 BOND    =       67.6543  ANGLE   =      277.8367  DIHED      =     1238.8142
 VDWAALS =     -809.7055  EEL     =    -6561.7967  HBOND      =        0.0000
 1-4 VDW =      333.2279  1-4 EEL =     3266.9912  RESTRAINT  =        0.0000


   NSTEP       ENERGY          RMS            GMAX         NAME    NUMBER
   1750      -2.1800E+03     3.9900E-01     6.0418E+00     CD        562

 BOND    =       67.4242  ANGLE   =      278.4947  DIHED      =     1239.0003
 VDWAALS =     -809.5446  EEL     =    -6554.6694  HBOND      =        0.0000
 1-4 VDW =      333.4133  1-4 EEL =     3265.8550  RESTRAINT  =        0.0000


   NSTEP       ENERGY          RMS            GMAX         NAME    NUMBER
   1800      -2.1765E+03     4.7072E-01     6.9973E+00     NE2       136

 BOND    =       67.6800  ANGLE   =      278.1476  DIHED      =     1239.2550
 VDWAALS =     -808.8392  EEL     =    -6551.0206  HBOND      =        0.0000
 1-4 VDW =      333.7921  1-4 EEL =     3264.4697  RESTRAINT  =        0.0000


   NSTEP       ENERGY          RMS            GMAX         NAME    NUMBER
   1850      -2.1972E+03     4.4392E-01     7.0271E+00     CG        267

 BOND    =       67.6644  ANGLE   =      277.6841  DIHED      =     1239.6295
 VDWAALS =     -808.4433  EEL     =    -6572.6572  HBOND      =        0.0000
 1-4 VDW =      333.9483  1-4 EEL =     3265.0208  RESTRAINT  =        0.0000


   NSTEP       ENERGY          RMS            GMAX         NAME    NUMBER
   1900      -2.1941E+03     4.9180E-01     7.7860E+00     CD        562

 BOND    =       67.4000  ANGLE   =      278.0855  DIHED      =     1239.7842
 VDWAALS =     -808.7432  EEL     =    -6571.8863  HBOND      =        0.0000
 1-4 VDW =      333.8976  1-4 EEL =     3267.3908  RESTRAINT  =        0.0000


   NSTEP       ENERGY          RMS            GMAX         NAME    NUMBER
   1950      -2.1415E+03     4.1653E-01     5.9777E+00     CD        562

 BOND    =       67.4554  ANGLE   =      278.4917  DIHED      =     1239.6529
 VDWAALS =     -808.1772  EEL     =    -6519.8238  HBOND      =        0.0000
 1-4 VDW =      334.0996  1-4 EEL =     3266.8235  RESTRAINT  =        0.0000


   NSTEP       ENERGY          RMS            GMAX         NAME    NUMBER
   2000      -2.1741E+03     4.8230E-01     5.4151E+00     OD1      1042

 BOND    =       67.9882  ANGLE   =      278.8880  DIHED      =     1239.5468
 VDWAALS =     -807.5022  EEL     =    -6552.6731  HBOND      =        0.0000
 1-4 VDW =      334.2274  1-4 EEL =     3265.3779  RESTRAINT  =        0.0000


   NSTEP       ENERGY          RMS            GMAX         NAME    NUMBER
   2050      -2.1709E+03     4.0577E-01     7.3389E+00     CG        267

 BOND    =       67.4228  ANGLE   =      278.7434  DIHED      =     1239.8949
 VDWAALS =     -808.5196  EEL     =    -6548.8347  HBOND      =        0.0000
 1-4 VDW =      334.2039  1-4 EEL =     3266.2108  RESTRAINT  =        0.0000


   NSTEP       ENERGY          RMS            GMAX         NAME    NUMBER
   2100      -2.1862E+03     5.0901E-01     7.3913E+00     CD        562

 BOND    =       67.0859  ANGLE   =      278.7775  DIHED      =     1239.7609
 VDWAALS =     -807.9881  EEL     =    -6565.0769  HBOND      =        0.0000
 1-4 VDW =      334.1591  1-4 EEL =     3267.0630  RESTRAINT  =        0.0000


   NSTEP       ENERGY          RMS            GMAX         NAME    NUMBER
   2150      -2.3357E+03     4.1168E-01     5.9830E+00     CG        267

 BOND    =       66.9409  ANGLE   =      279.5697  DIHED      =     1240.0547
 VDWAALS =     -808.7302  EEL     =    -6714.6152  HBOND      =        0.0000
 1-4 VDW =      334.2874  1-4 EEL =     3266.7958  RESTRAINT  =        0.0000


   NSTEP       ENERGY          RMS            GMAX         NAME    NUMBER
   2200      -2.2758E+03     5.5757E-01     8.6247E+00     CD        562

 BOND    =       67.6529  ANGLE   =      279.1608  DIHED      =     1240.5990
 VDWAALS =     -808.5724  EEL     =    -6655.1585  HBOND      =        0.0000
 1-4 VDW =      334.5133  1-4 EEL =     3265.9669  RESTRAINT  =        0.0000


   NSTEP       ENERGY          RMS            GMAX         NAME    NUMBER
   2250      -2.1330E+03     5.0247E-01     6.9360E+00     CG        267

 BOND    =       67.0379  ANGLE   =      279.6332  DIHED      =     1240.2211
 VDWAALS =     -808.8514  EEL     =    -6512.3493  HBOND      =        0.0000
 1-4 VDW =      334.5743  1-4 EEL =     3266.7462  RESTRAINT  =        0.0000


   NSTEP       ENERGY          RMS            GMAX         NAME    NUMBER
   2300      -2.3879E+03     4.6087E-01     5.5397E+00     NE2       136

 BOND    =       67.1124  ANGLE   =      279.3087  DIHED      =     1239.9182
 VDWAALS =     -809.3485  EEL     =    -6766.4871  HBOND      =        0.0000
 1-4 VDW =      334.3057  1-4 EEL =     3267.2995  RESTRAINT  =        0.0000


   NSTEP       ENERGY          RMS            GMAX         NAME    NUMBER
   2350      -2.2739E+03     4.1717E-01     6.4079E+00     CD        562

 BOND    =       66.4493  ANGLE   =      279.5399  DIHED      =     1240.2427
 VDWAALS =     -809.6299  EEL     =    -6654.4519  HBOND      =        0.0000
 1-4 VDW =      334.6849  1-4 EEL =     3269.2872  RESTRAINT  =        0.0000


   NSTEP       ENERGY          RMS            GMAX         NAME    NUMBER
   2400      -2.2597E+03     5.3869E-01     8.0288E+00     CG        267

 BOND    =       67.2172  ANGLE   =      279.4208  DIHED      =     1240.9367
 VDWAALS =     -809.1493  EEL     =    -6641.8923  HBOND      =        0.0000
 1-4 VDW =      334.9818  1-4 EEL =     3268.7658  RESTRAINT  =        0.0000


   NSTEP       ENERGY          RMS            GMAX         NAME    NUMBER
   2450      -2.1060E+03     4.2255E-01     6.3836E+00     CG        267

 BOND    =       67.0415  ANGLE   =      279.4263  DIHED      =     1240.6203
 VDWAALS =     -810.3077  EEL     =    -6485.5211  HBOND      =        0.0000
 1-4 VDW =      334.6990  1-4 EEL =     3268.0578  RESTRAINT  =        0.0000


   NSTEP       ENERGY          RMS            GMAX         NAME    NUMBER
   2500      -2.4003E+03     4.7444E-01     5.4781E+00     CD        562

 BOND    =       66.8820  ANGLE   =      278.9269  DIHED      =     1240.2295
 VDWAALS =     -810.5903  EEL     =    -6779.8416  HBOND      =        0.0000
 1-4 VDW =      334.6305  1-4 EEL =     3269.4386  RESTRAINT  =        0.0000


   NSTEP       ENERGY          RMS            GMAX         NAME    NUMBER
   2550      -2.3644E+03     4.4884E-01     7.5470E+00     CD        562

 BOND    =       66.6866  ANGLE   =      279.0774  DIHED      =     1240.8690
 VDWAALS =     -810.8748  EEL     =    -6744.1237  HBOND      =        0.0000
 1-4 VDW =      334.4333  1-4 EEL =     3269.5507  RESTRAINT  =        0.0000


   NSTEP       ENERGY          RMS            GMAX         NAME    NUMBER
   2600      -2.0045E+03     5.3267E-01     7.6723E+00     CG        267

 BOND    =       66.9367  ANGLE   =      278.9546  DIHED      =     1241.8637
 VDWAALS =     -809.4226  EEL     =    -6386.0136  HBOND      =        0.0000
 1-4 VDW =      335.0239  1-4 EEL =     3268.1315  RESTRAINT  =        0.0000


   NSTEP       ENERGY          RMS            GMAX         NAME    NUMBER
   2650      -2.0996E+03     4.4907E-01     6.9639E+00     CG        267

 BOND    =       66.5481  ANGLE   =      279.2684  DIHED      =     1241.2724
 VDWAALS =     -810.5009  EEL     =    -6480.5085  HBOND      =        0.0000
 1-4 VDW =      335.0112  1-4 EEL =     3269.3391  RESTRAINT  =        0.0000


   NSTEP       ENERGY          RMS            GMAX         NAME    NUMBER
   2700      -2.5696E+03     4.7392E-01     5.6540E+00     NE2       136

 BOND    =       66.7442  ANGLE   =      279.2348  DIHED      =     1241.1252
 VDWAALS =     -812.0489  EEL     =    -6949.3388  HBOND      =        0.0000
 1-4 VDW =      334.3939  1-4 EEL =     3270.2909  RESTRAINT  =        0.0000


   NSTEP       ENERGY          RMS            GMAX         NAME    NUMBER
   2750      -2.4240E+03     4.5850E-01     8.6931E+00     CD        562

 BOND    =       66.2230  ANGLE   =      279.2282  DIHED      =     1241.9601
 VDWAALS =     -811.5744  EEL     =    -6805.7261  HBOND      =        0.0000
 1-4 VDW =      334.8221  1-4 EEL =     3271.0185  RESTRAINT  =        0.0000


   NSTEP       ENERGY          RMS            GMAX         NAME    NUMBER
   2800      -1.9507E+03     5.5439E-01     7.9964E+00     NE2       136

 BOND    =       66.9680  ANGLE   =      279.4705  DIHED      =     1242.6256
 VDWAALS =     -809.9020  EEL     =    -6333.5036  HBOND      =        0.0000
 1-4 VDW =      335.2857  1-4 EEL =     3268.4026  RESTRAINT  =        0.0000


   NSTEP       ENERGY          RMS            GMAX         NAME    NUMBER
   2850      -2.0945E+03     4.5581E-01     8.6361E+00     CG        267

 BOND    =       66.8418  ANGLE   =      279.0871  DIHED      =     1242.1086
 VDWAALS =     -811.6428  EEL     =    -6475.5219  HBOND      =        0.0000
 1-4 VDW =      334.7631  1-4 EEL =     3269.8488  RESTRAINT  =        0.0000


   NSTEP       ENERGY          RMS            GMAX         NAME    NUMBER
   2900      -2.5413E+03     5.0885E-01     7.8743E+00     NE2       136

 BOND    =       67.0059  ANGLE   =      279.1340  DIHED      =     1241.6306
 VDWAALS =     -813.1589  EEL     =    -6923.6281  HBOND      =        0.0000
 1-4 VDW =      334.3192  1-4 EEL =     3273.3812  RESTRAINT  =        0.0000


   NSTEP       ENERGY          RMS            GMAX         NAME    NUMBER
   2950      -2.5138E+03     4.1180E-01     4.8686E+00     CG        267

 BOND    =       66.6627  ANGLE   =      280.1596  DIHED      =     1242.3419
 VDWAALS =     -811.6155  EEL     =    -6896.4725  HBOND      =        0.0000
 1-4 VDW =      334.6536  1-4 EEL =     3270.5070  RESTRAINT  =        0.0000


   NSTEP       ENERGY          RMS            GMAX         NAME    NUMBER
   3000      -2.1253E+03     5.1847E-01     5.4390E+00     CG        267

 BOND    =       67.3696  ANGLE   =      279.7412  DIHED      =     1242.5591
 VDWAALS =     -810.2683  EEL     =    -6508.4404  HBOND      =        0.0000
 1-4 VDW =      335.1433  1-4 EEL =     3268.5815  RESTRAINT  =        0.0000


   NSTEP       ENERGY          RMS            GMAX         NAME    NUMBER
   3050      -2.0726E+03     4.5270E-01     8.6424E+00     CG        267

 BOND    =       67.0431  ANGLE   =      279.9020  DIHED      =     1242.1259
 VDWAALS =     -811.5715  EEL     =    -6454.5050  HBOND      =        0.0000
 1-4 VDW =      334.8807  1-4 EEL =     3269.5125  RESTRAINT  =        0.0000


   NSTEP       ENERGY          RMS            GMAX         NAME    NUMBER
   3100      -2.5045E+03     4.7675E-01     4.4798E+00     OD2      1522

 BOND    =       67.3196  ANGLE   =      280.0032  DIHED      =     1242.0775
 VDWAALS =     -813.3092  EEL     =    -6885.9401  HBOND      =        0.0000
 1-4 VDW =      334.6148  1-4 EEL =     3270.7598  RESTRAINT  =        0.0000


   NSTEP       ENERGY          RMS            GMAX         NAME    NUMBER
   3150      -2.4790E+03     4.6688E-01     5.1560E+00     CE2       351

 BOND    =       66.8971  ANGLE   =      280.3338  DIHED      =     1242.7558
 VDWAALS =     -811.3986  EEL     =    -6862.0156  HBOND      =        0.0000
 1-4 VDW =      335.0990  1-4 EEL =     3269.2865  RESTRAINT  =        0.0000


   NSTEP       ENERGY          RMS            GMAX         NAME    NUMBER
   3200      -2.0777E+03     5.0430E-01     6.6985E+00     OD2      1522

 BOND    =       67.1593  ANGLE   =      280.5005  DIHED      =     1242.6911
 VDWAALS =     -809.9027  EEL     =    -6461.7728  HBOND      =        0.0000
 1-4 VDW =      335.3975  1-4 EEL =     3268.1871  RESTRAINT  =        0.0000


   NSTEP       ENERGY          RMS            GMAX         NAME    NUMBER
   3250      -2.0509E+03     4.9386E-01     8.6835E+00     CG        267

 BOND    =       67.1331  ANGLE   =      280.1685  DIHED      =     1242.4696
 VDWAALS =     -810.7169  EEL     =    -6434.3711  HBOND      =        0.0000
 1-4 VDW =      335.0938  1-4 EEL =     3269.2892  RESTRAINT  =        0.0000


   NSTEP       ENERGY          RMS            GMAX         NAME    NUMBER
   3300      -2.4319E+03     5.1634E-01     7.0947E+00     OD2      1522

 BOND    =       67.1429  ANGLE   =      280.5023  DIHED      =     1242.2562
 VDWAALS =     -812.9511  EEL     =    -6813.3473  HBOND      =        0.0000
 1-4 VDW =      334.4800  1-4 EEL =     3270.0620  RESTRAINT  =        0.0000


   NSTEP       ENERGY          RMS            GMAX         NAME    NUMBER
   3350      -2.4170E+03     4.6257E-01     5.3222E+00     NE2       136

 BOND    =       67.0415  ANGLE   =      280.9685  DIHED      =     1243.1591
 VDWAALS =     -812.0385  EEL     =    -6798.8149  HBOND      =        0.0000
 1-4 VDW =      334.8169  1-4 EEL =     3267.8593  RESTRAINT  =        0.0000


   NSTEP       ENERGY          RMS            GMAX         NAME    NUMBER
   3400      -2.1962E+03     5.1767E-01     5.4957E+00     NE2       136

 BOND    =       67.3222  ANGLE   =      280.7653  DIHED      =     1243.2423
 VDWAALS =     -809.7704  EEL     =    -6579.8485  HBOND      =        0.0000
 1-4 VDW =      335.5259  1-4 EEL =     3266.5463  RESTRAINT  =        0.0000


   NSTEP       ENERGY          RMS            GMAX         NAME    NUMBER
   3450      -2.1641E+03     4.7920E-01     7.7114E+00     CG        267

 BOND    =       66.8832  ANGLE   =      280.6351  DIHED      =     1243.0771
 VDWAALS =     -811.2840  EEL     =    -6547.4296  HBOND      =        0.0000
 1-4 VDW =      335.1541  1-4 EEL =     3268.8928  RESTRAINT  =        0.0000


   NSTEP       ENERGY          RMS            GMAX         NAME    NUMBER
   3500      -2.4907E+03     4.7041E-01     5.4850E+00     NE2       136

 BOND    =       67.3886  ANGLE   =      281.0434  DIHED      =     1243.0786
 VDWAALS =     -812.1399  EEL     =    -6873.6273  HBOND      =        0.0000
 1-4 VDW =      334.7318  1-4 EEL =     3268.8172  RESTRAINT  =        0.0000


   NSTEP       ENERGY          RMS            GMAX         NAME    NUMBER
   3550      -2.5149E+03     4.7476E-01     5.3902E+00     CE2       351

 BOND    =       66.7054  ANGLE   =      281.0351  DIHED      =     1243.2333
 VDWAALS =     -811.7034  EEL     =    -6898.6155  HBOND      =        0.0000
 1-4 VDW =      335.2375  1-4 EEL =     3269.1885  RESTRAINT  =        0.0000


   NSTEP       ENERGY          RMS            GMAX         NAME    NUMBER
   3600      -2.1978E+03     5.4166E-01     5.1975E+00     CG        267

 BOND    =       67.1351  ANGLE   =      281.1824  DIHED      =     1243.5511
 VDWAALS =     -809.5322  EEL     =    -6584.7937  HBOND      =        0.0000
 1-4 VDW =      335.6926  1-4 EEL =     3268.9540  RESTRAINT  =        0.0000


   NSTEP       ENERGY          RMS            GMAX         NAME    NUMBER
   3650      -2.1053E+03     4.9178E-01     8.1386E+00     CG        267

 BOND    =       66.6885  ANGLE   =      281.2926  DIHED      =     1243.5244
 VDWAALS =     -810.3149  EEL     =    -6492.0367  HBOND      =        0.0000
 1-4 VDW =      335.4001  1-4 EEL =     3270.1150  RESTRAINT  =        0.0000


   NSTEP       ENERGY          RMS            GMAX         NAME    NUMBER
   3700      -2.6721E+03     4.7792E-01     5.4384E+00     NE2      1273

 BOND    =       67.2575  ANGLE   =      281.1035  DIHED      =     1243.6645
 VDWAALS =     -811.0687  EEL     =    -7058.1732  HBOND      =        0.0000
 1-4 VDW =      334.9630  1-4 EEL =     3270.1961  RESTRAINT  =        0.0000


   NSTEP       ENERGY          RMS            GMAX         NAME    NUMBER
   3750      -2.4841E+03     4.3028E-01     4.7398E+00     NE2       136

 BOND    =       66.8267  ANGLE   =      281.0038  DIHED      =     1243.9379
 VDWAALS =     -810.8951  EEL     =    -6870.7711  HBOND      =        0.0000
 1-4 VDW =      335.2336  1-4 EEL =     3270.5789  RESTRAINT  =        0.0000


   NSTEP       ENERGY          RMS            GMAX         NAME    NUMBER
   3800      -2.0449E+03     5.3455E-01     5.1939E+00     NE2       136

 BOND    =       66.7931  ANGLE   =      281.2783  DIHED      =     1243.6142
 VDWAALS =     -809.3427  EEL     =    -6433.2690  HBOND      =        0.0000
 1-4 VDW =      335.5062  1-4 EEL =     3270.5075  RESTRAINT  =        0.0000


   NSTEP       ENERGY          RMS            GMAX         NAME    NUMBER
   3850      -2.0572E+03     4.2042E-01     7.2375E+00     CG        267

 BOND    =       66.5684  ANGLE   =      281.6628  DIHED      =     1243.7737
 VDWAALS =     -810.7041  EEL     =    -6444.2225  HBOND      =        0.0000
 1-4 VDW =      335.2959  1-4 EEL =     3270.4373  RESTRAINT  =        0.0000


   NSTEP       ENERGY          RMS            GMAX         NAME    NUMBER
   3900      -2.3578E+03     4.8541E-01     5.7593E+00     NE2       136

 BOND    =       67.3516  ANGLE   =      280.4617  DIHED      =     1244.0606
 VDWAALS =     -811.7171  EEL     =    -6744.7887  HBOND      =        0.0000
 1-4 VDW =      335.2171  1-4 EEL =     3271.6152  RESTRAINT  =        0.0000


   NSTEP       ENERGY          RMS            GMAX         NAME    NUMBER
   3950      -2.3919E+03     4.5354E-01     6.1411E+00     NE2       136

 BOND    =       66.8362  ANGLE   =      281.4282  DIHED      =     1244.1152
 VDWAALS =     -812.0122  EEL     =    -6778.3272  HBOND      =        0.0000
 1-4 VDW =      334.9703  1-4 EEL =     3271.0549  RESTRAINT  =        0.0000


   NSTEP       ENERGY          RMS            GMAX         NAME    NUMBER
   4000      -2.1067E+03     4.8956E-01     5.0814E+00     NE2       136

 BOND    =       66.9733  ANGLE   =      281.7844  DIHED      =     1244.0293
 VDWAALS =     -810.7210  EEL     =    -6493.8774  HBOND      =        0.0000
 1-4 VDW =      335.1673  1-4 EEL =     3269.9247  RESTRAINT  =        0.0000


   NSTEP       ENERGY          RMS            GMAX         NAME    NUMBER
   4050      -2.0134E+03     4.4988E-01     7.8026E+00     CG        267

 BOND    =       66.9929  ANGLE   =      281.3799  DIHED      =     1244.1759
 VDWAALS =     -812.3900  EEL     =    -6399.8049  HBOND      =        0.0000
 1-4 VDW =      335.0721  1-4 EEL =     3271.1243  RESTRAINT  =        0.0000


   NSTEP       ENERGY          RMS            GMAX         NAME    NUMBER
   4100      -2.3539E+03     4.3765E-01     5.6175E+00     NE2      1273

 BOND    =       67.4102  ANGLE   =      280.9745  DIHED      =     1244.8121
 VDWAALS =     -812.3271  EEL     =    -6741.2414  HBOND      =        0.0000
 1-4 VDW =      334.9479  1-4 EEL =     3271.5456  RESTRAINT  =        0.0000


   NSTEP       ENERGY          RMS            GMAX         NAME    NUMBER
   4150      -2.4017E+03     4.1781E-01     4.8530E+00     NE2       136

 BOND    =       66.6989  ANGLE   =      280.7115  DIHED      =     1244.7959
 VDWAALS =     -812.2234  EEL     =    -6789.5870  HBOND      =        0.0000
 1-4 VDW =      335.2556  1-4 EEL =     3272.6682  RESTRAINT  =        0.0000


   NSTEP       ENERGY          RMS            GMAX         NAME    NUMBER
   4200      -2.1724E+03     5.1988E-01     5.1126E+00     CG        267

 BOND    =       66.7356  ANGLE   =      280.7096  DIHED      =     1244.4688
 VDWAALS =     -811.6053  EEL     =    -6560.8165  HBOND      =        0.0000
 1-4 VDW =      335.9859  1-4 EEL =     3272.0987  RESTRAINT  =        0.0000


   NSTEP       ENERGY          RMS            GMAX         NAME    NUMBER
   4250      -2.3100E+03     4.0052E-01     5.8486E+00     CG        267

 BOND    =       66.7817  ANGLE   =      280.9020  DIHED      =     1245.3019
 VDWAALS =     -812.3946  EEL     =    -6698.2364  HBOND      =        0.0000
 1-4 VDW =      335.4355  1-4 EEL =     3272.2137  RESTRAINT  =        0.0000


   NSTEP       ENERGY          RMS            GMAX         NAME    NUMBER
   4300      -2.3670E+03     4.5066E-01     5.6516E+00     NE2       136

 BOND    =       67.4163  ANGLE   =      280.3841  DIHED      =     1246.1254
 VDWAALS =     -812.3109  EEL     =    -6756.1280  HBOND      =        0.0000
 1-4 VDW =      334.9592  1-4 EEL =     3272.5479  RESTRAINT  =        0.0000


   NSTEP       ENERGY          RMS            GMAX         NAME    NUMBER
   4350      -2.3852E+03     3.6501E-01     4.4246E+00     NE2       136

 BOND    =       66.9731  ANGLE   =      280.3459  DIHED      =     1245.8258
 VDWAALS =     -812.6298  EEL     =    -6773.6388  HBOND      =        0.0000
 1-4 VDW =      335.4485  1-4 EEL =     3272.4280  RESTRAINT  =        0.0000


   NSTEP       ENERGY          RMS            GMAX         NAME    NUMBER
   4400      -2.1429E+03     4.9191E-01     5.2409E+00     NE2       136

 BOND    =       66.9397  ANGLE   =      280.9241  DIHED      =     1245.6667
 VDWAALS =     -812.3964  EEL     =    -6531.8277  HBOND      =        0.0000
 1-4 VDW =      335.4896  1-4 EEL =     3272.3000  RESTRAINT  =        0.0000


   NSTEP       ENERGY          RMS            GMAX         NAME    NUMBER
   4450      -2.0870E+03     3.7337E-01     5.3285E+00     CG        267

 BOND    =       66.5252  ANGLE   =      280.5645  DIHED      =     1246.0987
 VDWAALS =     -812.7464  EEL     =    -6476.2516  HBOND      =        0.0000
 1-4 VDW =      335.3359  1-4 EEL =     3273.4576  RESTRAINT  =        0.0000


   NSTEP       ENERGY          RMS            GMAX         NAME    NUMBER
   4500      -2.3068E+03     4.0636E-01     4.5048E+00     NE2       633

 BOND    =       67.2266  ANGLE   =      279.8153  DIHED      =     1246.5724
 VDWAALS =     -812.9880  EEL     =    -6695.3756  HBOND      =        0.0000
 1-4 VDW =      335.0273  1-4 EEL =     3272.9315  RESTRAINT  =        0.0000


   NSTEP       ENERGY          RMS            GMAX         NAME    NUMBER
   4550      -2.3379E+03     3.9991E-01     4.6111E+00     CE2       351

 BOND    =       66.7437  ANGLE   =      280.3707  DIHED      =     1246.5325
 VDWAALS =     -813.2022  EEL     =    -6726.2777  HBOND      =        0.0000
 1-4 VDW =      335.2594  1-4 EEL =     3272.7118  RESTRAINT  =        0.0000


   NSTEP       ENERGY          RMS            GMAX         NAME    NUMBER
   4600      -2.0908E+03     4.4044E-01     4.5695E+00     NH1      1574

 BOND    =       66.7180  ANGLE   =      280.6832  DIHED      =     1246.1649
 VDWAALS =     -811.7635  EEL     =    -6481.7634  HBOND      =        0.0000
 1-4 VDW =      336.0153  1-4 EEL =     3273.1947  RESTRAINT  =        0.0000


   NSTEP       ENERGY          RMS            GMAX         NAME    NUMBER
   4650      -2.1087E+03     3.8470E-01     5.0741E+00     CG        267

 BOND    =       66.2732  ANGLE   =      280.8184  DIHED      =     1246.7738
 VDWAALS =     -812.2494  EEL     =    -6499.5966  HBOND      =        0.0000
 1-4 VDW =      335.4283  1-4 EEL =     3273.8382  RESTRAINT  =        0.0000


   NSTEP       ENERGY          RMS            GMAX         NAME    NUMBER
   4700      -2.4434E+03     4.1405E-01     4.5755E+00     NE2       136

 BOND    =       66.8453  ANGLE   =      280.5485  DIHED      =     1247.1414
 VDWAALS =     -812.2919  EEL     =    -6833.9134  HBOND      =        0.0000
 1-4 VDW =      334.5511  1-4 EEL =     3273.7215  RESTRAINT  =        0.0000


   NSTEP       ENERGY          RMS            GMAX         NAME    NUMBER
   4750      -2.5111E+03     3.9805E-01     5.6703E+00     CG        267

 BOND    =       66.8140  ANGLE   =      280.8624  DIHED      =     1247.0422
 VDWAALS =     -813.0627  EEL     =    -6901.2927  HBOND      =        0.0000
 1-4 VDW =      335.1772  1-4 EEL =     3273.3143  RESTRAINT  =        0.0000


   NSTEP       ENERGY          RMS            GMAX         NAME    NUMBER
   4800      -2.0965E+03     4.6041E-01     4.8982E+00     NH2       657

 BOND    =       66.9692  ANGLE   =      279.9818  DIHED      =     1247.2032
 VDWAALS =     -812.7032  EEL     =    -6486.8110  HBOND      =        0.0000
 1-4 VDW =      335.9056  1-4 EEL =     3272.9763  RESTRAINT  =        0.0000


   NSTEP       ENERGY          RMS            GMAX         NAME    NUMBER
   4850      -2.1363E+03     4.0660E-01     7.6028E+00     CG        267

 BOND    =       66.2958  ANGLE   =      280.9445  DIHED      =     1247.3635
 VDWAALS =     -812.6861  EEL     =    -6527.7760  HBOND      =        0.0000
 1-4 VDW =      335.4443  1-4 EEL =     3274.0811  RESTRAINT  =        0.0000


   NSTEP       ENERGY          RMS            GMAX         NAME    NUMBER
   4900      -2.4622E+03     4.0671E-01     5.3922E+00     NE2       136

 BOND    =       67.0197  ANGLE   =      280.6486  DIHED      =     1247.9453
 VDWAALS =     -812.8788  EEL     =    -6853.9748  HBOND      =        0.0000
 1-4 VDW =      334.7630  1-4 EEL =     3274.3132  RESTRAINT  =        0.0000


   NSTEP       ENERGY          RMS            GMAX         NAME    NUMBER
   4950      -2.5109E+03     4.3261E-01     5.1363E+00     CG        267

 BOND    =       66.9348  ANGLE   =      280.7996  DIHED      =     1247.6563
 VDWAALS =     -813.1326  EEL     =    -6903.2624  HBOND      =        0.0000
 1-4 VDW =      335.6360  1-4 EEL =     3274.4583  RESTRAINT  =        0.0000


   NSTEP       ENERGY          RMS            GMAX         NAME    NUMBER
   5000      -2.2689E+03     4.7812E-01     4.9986E+00     NE2       136

 BOND    =       67.1914  ANGLE   =      280.4754  DIHED      =     1247.6290
 VDWAALS =     -812.5545  EEL     =    -6661.0408  HBOND      =        0.0000
 1-4 VDW =      336.1004  1-4 EEL =     3273.3059  RESTRAINT  =        0.0000


   NSTEP       ENERGY          RMS            GMAX         NAME    NUMBER
   5050      -2.1826E+03     4.5272E-01     6.8805E+00     CG        267

 BOND    =       66.9322  ANGLE   =      280.7464  DIHED      =     1248.1347
 VDWAALS =     -811.3993  EEL     =    -6576.3666  HBOND      =        0.0000
 1-4 VDW =      335.7592  1-4 EEL =     3273.5658  RESTRAINT  =        0.0000


   NSTEP       ENERGY          RMS            GMAX         NAME    NUMBER
   5100      -2.4499E+03     5.2172E-01     6.6145E+00     NE2      1273

 BOND    =       67.5687  ANGLE   =      280.6419  DIHED      =     1249.2029
 VDWAALS =     -812.2329  EEL     =    -6844.9643  HBOND      =        0.0000
 1-4 VDW =      335.2004  1-4 EEL =     3274.7205  RESTRAINT  =        0.0000


   NSTEP       ENERGY          RMS            GMAX         NAME    NUMBER
   5150      -2.3799E+03     3.6681E-01     5.8900E+00     CG       1041

 BOND    =       67.2071  ANGLE   =      280.9761  DIHED      =     1249.2167
 VDWAALS =     -812.3668  EEL     =    -6774.8389  HBOND      =        0.0000
 1-4 VDW =      335.6010  1-4 EEL =     3274.2694  RESTRAINT  =        0.0000


   NSTEP       ENERGY          RMS            GMAX         NAME    NUMBER
   5200      -2.2787E+03     5.5048E-01     5.6338E+00     NE2      1273

 BOND    =       67.4938  ANGLE   =      280.4292  DIHED      =     1249.5725
 VDWAALS =     -811.0519  EEL     =    -6674.9645  HBOND      =        0.0000
 1-4 VDW =      336.2935  1-4 EEL =     3273.4924  RESTRAINT  =        0.0000


   NSTEP       ENERGY          RMS            GMAX         NAME    NUMBER
   5250      -2.3138E+03     4.4608E-01     7.3510E+00     CG        267

 BOND    =       66.9827  ANGLE   =      280.7510  DIHED      =     1249.9274
 VDWAALS =     -812.2956  EEL     =    -6709.7578  HBOND      =        0.0000
 1-4 VDW =      335.6168  1-4 EEL =     3275.0198  RESTRAINT  =        0.0000


   NSTEP       ENERGY          RMS            GMAX         NAME    NUMBER
   5300      -2.4522E+03     4.7165E-01     5.9459E+00     NE2      1273

 BOND    =       67.6091  ANGLE   =      280.4467  DIHED      =     1251.1408
 VDWAALS =     -811.9988  EEL     =    -6849.8891  HBOND      =        0.0000
 1-4 VDW =      335.2451  1-4 EEL =     3275.2013  RESTRAINT  =        0.0000


   NSTEP       ENERGY          RMS            GMAX         NAME    NUMBER
   5350      -2.3689E+03     4.4500E-01     5.7168E+00     CG        267

 BOND    =       67.3931  ANGLE   =      280.9700  DIHED      =     1251.0237
 VDWAALS =     -812.2533  EEL     =    -6765.8326  HBOND      =        0.0000
 1-4 VDW =      335.6597  1-4 EEL =     3274.1821  RESTRAINT  =        0.0000


   NSTEP       ENERGY          RMS            GMAX         NAME    NUMBER
   5400      -2.1696E+03     4.6058E-01     5.3198E+00     NH2       657

 BOND    =       67.5535  ANGLE   =      280.6836  DIHED      =     1250.9665
 VDWAALS =     -810.4057  EEL     =    -6568.2415  HBOND      =        0.0000
 1-4 VDW =      336.0524  1-4 EEL =     3273.7882  RESTRAINT  =        0.0000


   NSTEP       ENERGY          RMS            GMAX         NAME    NUMBER
   5450      -2.1060E+03     4.6824E-01     8.1786E+00     CG        267

 BOND    =       67.3330  ANGLE   =      281.7223  DIHED      =     1251.4123
 VDWAALS =     -812.2152  EEL     =    -6504.1528  HBOND      =        0.0000
 1-4 VDW =      335.6842  1-4 EEL =     3274.2142  RESTRAINT  =        0.0000


   NSTEP       ENERGY          RMS            GMAX         NAME    NUMBER
   5500      -2.3491E+03     4.0205E-01     5.0864E+00     NH2       657

 BOND    =       67.5091  ANGLE   =      281.0902  DIHED      =     1252.0380
 VDWAALS =     -812.9283  EEL     =    -6747.6371  HBOND      =        0.0000
 1-4 VDW =      335.3396  1-4 EEL =     3275.4398  RESTRAINT  =        0.0000


   NSTEP       ENERGY          RMS            GMAX         NAME    NUMBER
   5550      -2.2673E+03     4.5003E-01     5.7956E+00     CG        267

 BOND    =       67.5417  ANGLE   =      281.0855  DIHED      =     1252.1294
 VDWAALS =     -812.2793  EEL     =    -6665.4602  HBOND      =        0.0000
 1-4 VDW =      335.5782  1-4 EEL =     3274.1243  RESTRAINT  =        0.0000


   NSTEP       ENERGY          RMS            GMAX         NAME    NUMBER
   5600      -2.1642E+03     4.7724E-01     5.6462E+00     NH2       657

 BOND    =       67.9477  ANGLE   =      281.3927  DIHED      =     1251.5250
 VDWAALS =     -811.3186  EEL     =    -6562.6631  HBOND      =        0.0000
 1-4 VDW =      335.6610  1-4 EEL =     3273.2066  RESTRAINT  =        0.0000


   NSTEP       ENERGY          RMS            GMAX         NAME    NUMBER
   5650      -2.0069E+03     4.0499E-01     6.3832E+00     CG        267

 BOND    =       67.6465  ANGLE   =      281.5744  DIHED      =     1251.5954
 VDWAALS =     -811.4607  EEL     =    -6405.7218  HBOND      =        0.0000
 1-4 VDW =      335.5315  1-4 EEL =     3273.9002  RESTRAINT  =        0.0000


   NSTEP       ENERGY          RMS            GMAX         NAME    NUMBER
   5700      -2.3359E+03     4.8874E-01     6.7445E+00     NE2      1273

 BOND    =       67.9535  ANGLE   =      280.9207  DIHED      =     1252.7705
 VDWAALS =     -813.5937  EEL     =    -6733.8018  HBOND      =        0.0000
 1-4 VDW =      335.2360  1-4 EEL =     3274.5840  RESTRAINT  =        0.0000


   NSTEP       ENERGY          RMS            GMAX         NAME    NUMBER
   5750      -2.3765E+03     3.5842E-01     5.0745E+00     CG        267

 BOND    =       67.7327  ANGLE   =      281.3850  DIHED      =     1252.3542
 VDWAALS =     -811.8450  EEL     =    -6774.9586  HBOND      =        0.0000
 1-4 VDW =      335.4381  1-4 EEL =     3273.3846  RESTRAINT  =        0.0000


   NSTEP       ENERGY          RMS            GMAX         NAME    NUMBER
   5800      -2.0546E+03     4.7726E-01     5.9931E+00     OD2      1522

 BOND    =       68.1226  ANGLE   =      281.4551  DIHED      =     1251.9242
 VDWAALS =     -809.6615  EEL     =    -6454.4381  HBOND      =        0.0000
 1-4 VDW =      335.6623  1-4 EEL =     3272.3294  RESTRAINT  =        0.0000


   NSTEP       ENERGY          RMS            GMAX         NAME    NUMBER
   5850      -2.0362E+03     4.0127E-01     6.2230E+00     CG        267

 BOND    =       67.3975  ANGLE   =      281.6769  DIHED      =     1252.0895
 VDWAALS =     -810.8179  EEL     =    -6436.0361  HBOND      =        0.0000
 1-4 VDW =      335.5222  1-4 EEL =     3273.9662  RESTRAINT  =        0.0000


   NSTEP       ENERGY          RMS            GMAX         NAME    NUMBER
   5900      -2.4784E+03     4.9358E-01     6.6636E+00     NE2      1273

 BOND    =       68.1840  ANGLE   =      281.7358  DIHED      =     1253.1339
 VDWAALS =     -811.9389  EEL     =    -6877.7777  HBOND      =        0.0000
 1-4 VDW =      335.0558  1-4 EEL =     3273.1799  RESTRAINT  =        0.0000


   NSTEP       ENERGY          RMS            GMAX         NAME    NUMBER
   5950      -2.5163E+03     4.1668E-01     5.1500E+00     CG        267

 BOND    =       67.6386  ANGLE   =      281.4514  DIHED      =     1252.5210
 VDWAALS =     -812.4595  EEL     =    -6914.5453  HBOND      =        0.0000
 1-4 VDW =      335.4025  1-4 EEL =     3273.7373  RESTRAINT  =        0.0000


   NSTEP       ENERGY          RMS            GMAX         NAME    NUMBER
   6000      -1.9964E+03     4.9370E-01     6.4466E+00     OD2      1522

 BOND    =       67.9339  ANGLE   =      281.5240  DIHED      =     1252.1297
 VDWAALS =     -810.5287  EEL     =    -6396.4387  HBOND      =        0.0000
 1-4 VDW =      335.4447  1-4 EEL =     3273.5804  RESTRAINT  =        0.0000


   NSTEP       ENERGY          RMS            GMAX         NAME    NUMBER
   6050      -2.0330E+03     4.0087E-01     6.0017E+00     CG        267

 BOND    =       67.7428  ANGLE   =      282.1433  DIHED      =     1251.6699
 VDWAALS =     -811.3328  EEL     =    -6432.5922  HBOND      =        0.0000
 1-4 VDW =      335.3304  1-4 EEL =     3274.0474  RESTRAINT  =        0.0000


   NSTEP       ENERGY          RMS            GMAX         NAME    NUMBER
   6100      -2.3959E+03     4.7053E-01     6.7219E+00     CG       1041

 BOND    =       68.0509  ANGLE   =      282.2148  DIHED      =     1252.6914
 VDWAALS =     -812.5621  EEL     =    -6794.3334  HBOND      =        0.0000
 1-4 VDW =      334.7277  1-4 EEL =     3273.3158  RESTRAINT  =        0.0000


   NSTEP       ENERGY          RMS            GMAX         NAME    NUMBER
   6150      -2.3928E+03     3.9251E-01     4.5551E+00     OD2      1043

 BOND    =       68.0335  ANGLE   =      281.9931  DIHED      =     1252.6631
 VDWAALS =     -812.6328  EEL     =    -6790.8738  HBOND      =        0.0000
 1-4 VDW =      335.1240  1-4 EEL =     3272.9171  RESTRAINT  =        0.0000


   NSTEP       ENERGY          RMS            GMAX         NAME    NUMBER
   6200      -2.0997E+03     4.9984E-01     6.9846E+00     CG       1041

 BOND    =       68.2905  ANGLE   =      282.3453  DIHED      =     1252.2289
 VDWAALS =     -812.1884  EEL     =    -6499.0108  HBOND      =        0.0000
 1-4 VDW =      335.3150  1-4 EEL =     3273.2847  RESTRAINT  =        0.0000


   NSTEP       ENERGY          RMS            GMAX         NAME    NUMBER
   6250      -2.1232E+03     4.5464E-01     6.5025E+00     CG        267

 BOND    =       67.6912  ANGLE   =      283.0017  DIHED      =     1252.0744
 VDWAALS =     -812.4201  EEL     =    -6523.3326  HBOND      =        0.0000
 1-4 VDW =      335.1730  1-4 EEL =     3274.6009  RESTRAINT  =        0.0000


   NSTEP       ENERGY          RMS            GMAX         NAME    NUMBER
   6300      -2.3158E+03     4.8103E-01     7.0897E+00     CG       1041

 BOND    =       68.2483  ANGLE   =      282.5288  DIHED      =     1252.5926
 VDWAALS =     -812.6003  EEL     =    -6715.8248  HBOND      =        0.0000
 1-4 VDW =      335.1087  1-4 EEL =     3274.1554  RESTRAINT  =        0.0000


   NSTEP       ENERGY          RMS            GMAX         NAME    NUMBER
   6350      -2.2764E+03     4.2421E-01     5.6044E+00     CG       1041

 BOND    =       67.7271  ANGLE   =      282.3182  DIHED      =     1252.5739
 VDWAALS =     -812.5539  EEL     =    -6676.1801  HBOND      =        0.0000
 1-4 VDW =      335.3568  1-4 EEL =     3274.3658  RESTRAINT  =        0.0000


   NSTEP       ENERGY          RMS            GMAX         NAME    NUMBER
   6400      -2.1184E+03     5.1222E-01     6.3451E+00     CG       1041

 BOND    =       68.3969  ANGLE   =      282.6357  DIHED      =     1252.5702
 VDWAALS =     -812.9860  EEL     =    -6518.0308  HBOND      =        0.0000
 1-4 VDW =      335.5789  1-4 EEL =     3273.4140  RESTRAINT  =        0.0000


   NSTEP       ENERGY          RMS            GMAX         NAME    NUMBER
   6450      -2.0981E+03     4.3769E-01     6.6434E+00     CG        267

 BOND    =       67.6568  ANGLE   =      282.8588  DIHED      =     1252.3605
 VDWAALS =     -812.8653  EEL     =    -6498.7090  HBOND      =        0.0000
 1-4 VDW =      335.3267  1-4 EEL =     3275.3122  RESTRAINT  =        0.0000


   NSTEP       ENERGY          RMS            GMAX         NAME    NUMBER
   6500      -2.1796E+03     4.6370E-01     6.7039E+00     CG       1041

 BOND    =       68.0764  ANGLE   =      282.7716  DIHED      =     1252.9080
 VDWAALS =     -812.4288  EEL     =    -6580.8228  HBOND      =        0.0000
 1-4 VDW =      334.9506  1-4 EEL =     3274.8969  RESTRAINT  =        0.0000


   NSTEP       ENERGY          RMS            GMAX         NAME    NUMBER
   6550      -2.2934E+03     4.0117E-01     5.9974E+00     CG       1041

 BOND    =       67.5153  ANGLE   =      282.7117  DIHED      =     1252.4673
 VDWAALS =     -812.8351  EEL     =    -6693.7862  HBOND      =        0.0000
 1-4 VDW =      335.3719  1-4 EEL =     3275.1442  RESTRAINT  =        0.0000


   NSTEP       ENERGY          RMS            GMAX         NAME    NUMBER
   6600      -2.1119E+03     4.9246E-01     6.1895E+00     CZ        409

 BOND    =       68.0740  ANGLE   =      282.5819  DIHED      =     1252.1044
 VDWAALS =     -812.5828  EEL     =    -6512.1267  HBOND      =        0.0000
 1-4 VDW =      335.6097  1-4 EEL =     3274.3931  RESTRAINT  =        0.0000


   NSTEP       ENERGY          RMS            GMAX         NAME    NUMBER
   6650      -2.2532E+03     4.5346E-01     7.8261E+00     CG        267

 BOND    =       67.8601  ANGLE   =      282.9785  DIHED      =     1252.4251
 VDWAALS =     -812.8788  EEL     =    -6654.1090  HBOND      =        0.0000
 1-4 VDW =      335.2183  1-4 EEL =     3275.3458  RESTRAINT  =        0.0000


   NSTEP       ENERGY          RMS            GMAX         NAME    NUMBER
   6700      -2.3227E+03     4.9396E-01     5.8824E+00     CZ        409

 BOND    =       68.2619  ANGLE   =      282.3781  DIHED      =     1253.3809
 VDWAALS =     -813.1814  EEL     =    -6723.3587  HBOND      =        0.0000
 1-4 VDW =      335.0236  1-4 EEL =     3274.7630  RESTRAINT  =        0.0000


   NSTEP       ENERGY          RMS            GMAX         NAME    NUMBER
   6750      -2.3277E+03     4.1623E-01     4.6092E+00     CG       1041

 BOND    =       67.7137  ANGLE   =      282.1190  DIHED      =     1253.0755
 VDWAALS =     -812.6284  EEL     =    -6727.9749  HBOND      =        0.0000
 1-4 VDW =      335.3902  1-4 EEL =     3274.5652  RESTRAINT  =        0.0000


   NSTEP       ENERGY          RMS            GMAX         NAME    NUMBER
   6800      -2.2079E+03     4.6614E-01     5.8801E+00     CZ        409

 BOND    =       67.9557  ANGLE   =      282.2672  DIHED      =     1252.4610
 VDWAALS =     -812.0384  EEL     =    -6609.4335  HBOND      =        0.0000
 1-4 VDW =      335.2206  1-4 EEL =     3275.6463  RESTRAINT  =        0.0000


   NSTEP       ENERGY          RMS            GMAX         NAME    NUMBER
   6850      -2.2769E+03     4.0776E-01     5.6960E+00     CG        267

 BOND    =       68.0202  ANGLE   =      283.3310  DIHED      =     1253.0265
 VDWAALS =     -812.2984  EEL     =    -6679.4311  HBOND      =        0.0000
 1-4 VDW =      335.1841  1-4 EEL =     3275.2924  RESTRAINT  =        0.0000


   NSTEP       ENERGY          RMS            GMAX         NAME    NUMBER
   6900      -2.1414E+03     4.9277E-01     6.2053E+00     NH2       413

 BOND    =       68.3774  ANGLE   =      282.7654  DIHED      =     1253.3659
 VDWAALS =     -813.1195  EEL     =    -6542.8676  HBOND      =        0.0000
 1-4 VDW =      335.2394  1-4 EEL =     3274.7991  RESTRAINT  =        0.0000


   NSTEP       ENERGY          RMS            GMAX         NAME    NUMBER
   6950      -2.2364E+03     4.6682E-01     6.6673E+00     CG        267

 BOND    =       67.5767  ANGLE   =      282.8759  DIHED      =     1253.0055
 VDWAALS =     -812.7387  EEL     =    -6637.7257  HBOND      =        0.0000
 1-4 VDW =      335.1573  1-4 EEL =     3275.4513  RESTRAINT  =        0.0000


   NSTEP       ENERGY          RMS            GMAX         NAME    NUMBER
   7000      -2.1796E+03     4.8137E-01     7.6891E+00     CZ        409

 BOND    =       68.2447  ANGLE   =      283.5387  DIHED      =     1252.9747
 VDWAALS =     -812.3844  EEL     =    -6582.3509  HBOND      =        0.0000
 1-4 VDW =      334.9959  1-4 EEL =     3275.3337  RESTRAINT  =        0.0000


   NSTEP       ENERGY          RMS            GMAX         NAME    NUMBER
   7050      -2.2658E+03     4.2716E-01     5.7769E+00     CG        267

 BOND    =       68.0683  ANGLE   =      283.7887  DIHED      =     1252.7794
 VDWAALS =     -812.6706  EEL     =    -6667.8347  HBOND      =        0.0000
 1-4 VDW =      335.0324  1-4 EEL =     3274.9968  RESTRAINT  =        0.0000


   NSTEP       ENERGY          RMS            GMAX         NAME    NUMBER
   7100      -2.0528E+03     4.7889E-01     6.4869E+00     CZ        409

 BOND    =       68.7301  ANGLE   =      283.2121  DIHED      =     1252.8967
 VDWAALS =     -812.8323  EEL     =    -6453.7334  HBOND      =        0.0000
 1-4 VDW =      334.9952  1-4 EEL =     3273.9787  RESTRAINT  =        0.0000


   NSTEP       ENERGY          RMS            GMAX         NAME    NUMBER
   7150      -2.1703E+03     4.5382E-01     7.5499E+00     CG        267

 BOND    =       67.5210  ANGLE   =      282.9616  DIHED      =     1253.5155
 VDWAALS =     -813.5488  EEL     =    -6571.6092  HBOND      =        0.0000
 1-4 VDW =      335.2372  1-4 EEL =     3275.6211  RESTRAINT  =        0.0000


   NSTEP       ENERGY          RMS            GMAX         NAME    NUMBER
   7200      -2.3548E+03     4.9183E-01     6.9154E+00     NE2      1273

 BOND    =       68.4397  ANGLE   =      283.2749  DIHED      =     1253.4353
 VDWAALS =     -813.0658  EEL     =    -6757.4012  HBOND      =        0.0000
 1-4 VDW =      334.9159  1-4 EEL =     3275.5548  RESTRAINT  =        0.0000


   NSTEP       ENERGY          RMS            GMAX         NAME    NUMBER
   7250      -2.1805E+03     4.2127E-01     5.9371E+00     CG       1041

 BOND    =       68.2927  ANGLE   =      283.7090  DIHED      =     1253.4550
 VDWAALS =     -812.4257  EEL     =    -6583.2878  HBOND      =        0.0000
 1-4 VDW =      335.0008  1-4 EEL =     3274.7427  RESTRAINT  =        0.0000


   NSTEP       ENERGY          RMS            GMAX         NAME    NUMBER
   7300      -2.0809E+03     5.1532E-01     5.2087E+00     NE2      1273

 BOND    =       68.6533  ANGLE   =      283.1282  DIHED      =     1254.0023
 VDWAALS =     -812.1012  EEL     =    -6483.1515  HBOND      =        0.0000
 1-4 VDW =      335.2923  1-4 EEL =     3273.2656  RESTRAINT  =        0.0000


   NSTEP       ENERGY          RMS            GMAX         NAME    NUMBER
   7350      -2.0924E+03     4.2000E-01     6.9123E+00     CG        267

 BOND    =       67.9143  ANGLE   =      283.2560  DIHED      =     1253.8076
 VDWAALS =     -813.2394  EEL     =    -6493.2662  HBOND      =        0.0000
 1-4 VDW =      335.1681  1-4 EEL =     3274.0024  RESTRAINT  =        0.0000


   NSTEP       ENERGY          RMS            GMAX         NAME    NUMBER
   7400      -2.3222E+03     4.8652E-01     7.4310E+00     CZ        409

 BOND    =       68.5557  ANGLE   =      283.6027  DIHED      =     1253.9603
 VDWAALS =     -812.6927  EEL     =    -6725.2838  HBOND      =        0.0000
 1-4 VDW =      334.8780  1-4 EEL =     3274.8187  RESTRAINT  =        0.0000


   NSTEP       ENERGY          RMS            GMAX         NAME    NUMBER
   7450      -2.1834E+03     4.3997E-01     5.2750E+00     CG        267

 BOND    =       68.3016  ANGLE   =      283.6243  DIHED      =     1253.5059
 VDWAALS =     -812.4669  EEL     =    -6586.2361  HBOND      =        0.0000
 1-4 VDW =      335.0125  1-4 EEL =     3274.8751  RESTRAINT  =        0.0000


   NSTEP       ENERGY          RMS            GMAX         NAME    NUMBER
   7500      -2.1425E+03     4.8202E-01     5.2465E+00     NE2       136

 BOND    =       68.7429  ANGLE   =      282.9566  DIHED      =     1253.7891
 VDWAALS =     -812.1110  EEL     =    -6543.9434  HBOND      =        0.0000
 1-4 VDW =      334.9012  1-4 EEL =     3273.1906  RESTRAINT  =        0.0000


   NSTEP       ENERGY          RMS            GMAX         NAME    NUMBER
   7550      -2.1373E+03     4.7011E-01     8.7218E+00     CG        267

 BOND    =       68.0874  ANGLE   =      283.1013  DIHED      =     1253.8637
 VDWAALS =     -812.3992  EEL     =    -6539.4511  HBOND      =        0.0000
 1-4 VDW =      335.0110  1-4 EEL =     3274.4952  RESTRAINT  =        0.0000


   NSTEP       ENERGY          RMS            GMAX         NAME    NUMBER
   7600      -2.2456E+03     4.8293E-01     6.8755E+00     NE2      1273

 BOND    =       68.6802  ANGLE   =      283.5012  DIHED      =     1254.3467
 VDWAALS =     -811.8935  EEL     =    -6648.9227  HBOND      =        0.0000
 1-4 VDW =      334.8113  1-4 EEL =     3273.8989  RESTRAINT  =        0.0000


   NSTEP       ENERGY          RMS            GMAX         NAME    NUMBER
   7650      -2.1660E+03     4.0675E-01     5.6688E+00     CG        267

 BOND    =       68.6987  ANGLE   =      283.6362  DIHED      =     1253.9923
 VDWAALS =     -812.2880  EEL     =    -6567.9195  HBOND      =        0.0000
 1-4 VDW =      334.8487  1-4 EEL =     3273.0476  RESTRAINT  =        0.0000


   NSTEP       ENERGY          RMS            GMAX         NAME    NUMBER
   7700      -2.1041E+03     4.8605E-01     5.8049E+00     NH2       413

 BOND    =       69.1135  ANGLE   =      283.3941  DIHED      =     1254.1918
 VDWAALS =     -811.4070  EEL     =    -6504.8056  HBOND      =        0.0000
 1-4 VDW =      334.7937  1-4 EEL =     3270.6488  RESTRAINT  =        0.0000


   NSTEP       ENERGY          RMS            GMAX         NAME    NUMBER
   7750      -2.2140E+03     4.3065E-01     6.3813E+00     CG        267

 BOND    =       68.2122  ANGLE   =      283.3724  DIHED      =     1254.2915
 VDWAALS =     -811.9803  EEL     =    -6616.7689  HBOND      =        0.0000
 1-4 VDW =      334.7512  1-4 EEL =     3274.1407  RESTRAINT  =        0.0000


   NSTEP       ENERGY          RMS            GMAX         NAME    NUMBER
   7800      -2.1449E+03     4.8911E-01     6.6344E+00     NE2      1273

 BOND    =       68.6626  ANGLE   =      283.3403  DIHED      =     1254.8731
 VDWAALS =     -811.7800  EEL     =    -6549.1032  HBOND      =        0.0000
 1-4 VDW =      334.6957  1-4 EEL =     3274.3622  RESTRAINT  =        0.0000


   NSTEP       ENERGY          RMS            GMAX         NAME    NUMBER
   7850      -2.2807E+03     4.2034E-01     6.8148E+00     CG        267

 BOND    =       68.8422  ANGLE   =      283.7468  DIHED      =     1254.5910
 VDWAALS =     -811.6466  EEL     =    -6683.8125  HBOND      =        0.0000
 1-4 VDW =      334.9204  1-4 EEL =     3272.6153  RESTRAINT  =        0.0000


   NSTEP       ENERGY          RMS            GMAX         NAME    NUMBER
   7900      -2.3046E+03     5.4334E-01     5.5535E+00     NE2       136

 BOND    =       69.1610  ANGLE   =      283.5530  DIHED      =     1254.5253
 VDWAALS =     -811.6280  EEL     =    -6706.3218  HBOND      =        0.0000
 1-4 VDW =      334.7795  1-4 EEL =     3271.3139  RESTRAINT  =        0.0000


   NSTEP       ENERGY          RMS            GMAX         NAME    NUMBER
   7950      -2.2089E+03     3.7586E-01     4.5570E+00     CG        267

 BOND    =       68.0949  ANGLE   =      283.5521  DIHED      =     1254.7433
 VDWAALS =     -811.3845  EEL     =    -6611.4174  HBOND      =        0.0000
 1-4 VDW =      334.6153  1-4 EEL =     3272.9363  RESTRAINT  =        0.0000


   NSTEP       ENERGY          RMS            GMAX         NAME    NUMBER
   8000      -2.2256E+03     4.4011E-01     6.7014E+00     NE2      1273

 BOND    =       68.9328  ANGLE   =      283.9056  DIHED      =     1255.0350
 VDWAALS =     -811.1184  EEL     =    -6629.3201  HBOND      =        0.0000
 1-4 VDW =      334.6359  1-4 EEL =     3272.2805  RESTRAINT  =        0.0000


   NSTEP       ENERGY          RMS            GMAX         NAME    NUMBER
   8050      -2.2066E+03     4.2037E-01     7.0774E+00     CG        267

 BOND    =       68.7360  ANGLE   =      284.2652  DIHED      =     1254.7549
 VDWAALS =     -812.0538  EEL     =    -6609.0569  HBOND      =        0.0000
 1-4 VDW =      334.4314  1-4 EEL =     3272.3209  RESTRAINT  =        0.0000


   NSTEP       ENERGY          RMS            GMAX         NAME    NUMBER
   8100      -2.1690E+03     4.4373E-01     5.6426E+00     NE2       136

 BOND    =       68.9637  ANGLE   =      284.0281  DIHED      =     1254.9859
 VDWAALS =     -811.5139  EEL     =    -6571.2220  HBOND      =        0.0000
 1-4 VDW =      334.6928  1-4 EEL =     3271.0733  RESTRAINT  =        0.0000


   NSTEP       ENERGY          RMS            GMAX         NAME    NUMBER
   8150      -2.3278E+03     4.6454E-01     6.2667E+00     CG        267

 BOND    =       67.9107  ANGLE   =      284.0693  DIHED      =     1254.9017
 VDWAALS =     -811.8727  EEL     =    -6730.2414  HBOND      =        0.0000
 1-4 VDW =      334.7362  1-4 EEL =     3272.7426  RESTRAINT  =        0.0000


   NSTEP       ENERGY          RMS            GMAX         NAME    NUMBER
   8200      -2.2867E+03     4.6649E-01     6.3953E+00     NE2      1273

 BOND    =       68.4275  ANGLE   =      284.0315  DIHED      =     1255.3375
 VDWAALS =     -811.9319  EEL     =    -6690.5052  HBOND      =        0.0000
 1-4 VDW =      334.4758  1-4 EEL =     3273.4455  RESTRAINT  =        0.0000


   NSTEP       ENERGY          RMS            GMAX         NAME    NUMBER
   8250      -2.2131E+03     4.0171E-01     7.1396E+00     CG        267

 BOND    =       68.6444  ANGLE   =      284.5372  DIHED      =     1255.1665
 VDWAALS =     -811.8472  EEL     =    -6616.9091  HBOND      =        0.0000
 1-4 VDW =      334.6860  1-4 EEL =     3272.6150  RESTRAINT  =        0.0000


   NSTEP       ENERGY          RMS            GMAX         NAME    NUMBER
   8300      -2.2993E+03     4.8559E-01     5.6444E+00     NE2       136

 BOND    =       69.0378  ANGLE   =      284.2612  DIHED      =     1255.1302
 VDWAALS =     -813.0374  EEL     =    -6700.5433  HBOND      =        0.0000
 1-4 VDW =      334.2453  1-4 EEL =     3271.5630  RESTRAINT  =        0.0000


   NSTEP       ENERGY          RMS            GMAX         NAME    NUMBER
   8350      -2.1503E+03     4.5291E-01     7.1466E+00     CG        267

 BOND    =       68.0936  ANGLE   =      284.0982  DIHED      =     1255.4251
 VDWAALS =     -813.0875  EEL     =    -6551.9918  HBOND      =        0.0000
 1-4 VDW =      334.6218  1-4 EEL =     3272.5708  RESTRAINT  =        0.0000


   NSTEP       ENERGY          RMS            GMAX         NAME    NUMBER
   8400      -2.3038E+03     4.7786E-01     4.1029E+00     NE2      1417

 BOND    =       68.3079  ANGLE   =      283.7475  DIHED      =     1256.0415
 VDWAALS =     -812.3081  EEL     =    -6708.6041  HBOND      =        0.0000
 1-4 VDW =      334.7971  1-4 EEL =     3274.1834  RESTRAINT  =        0.0000


   NSTEP       ENERGY          RMS            GMAX         NAME    NUMBER
   8450      -2.3117E+03     4.2021E-01     6.5253E+00     CG        267

 BOND    =       68.3661  ANGLE   =      283.7612  DIHED      =     1255.6900
 VDWAALS =     -813.2919  EEL     =    -6714.1478  HBOND      =        0.0000
 1-4 VDW =      334.7559  1-4 EEL =     3273.1685  RESTRAINT  =        0.0000


   NSTEP       ENERGY          RMS            GMAX         NAME    NUMBER
   8500      -2.1516E+03     4.5572E-01     4.8483E+00     NE2       136

 BOND    =       69.0794  ANGLE   =      284.1933  DIHED      =     1256.0778
 VDWAALS =     -813.2655  EEL     =    -6554.0589  HBOND      =        0.0000
 1-4 VDW =      334.5109  1-4 EEL =     3271.9001  RESTRAINT  =        0.0000


   NSTEP       ENERGY          RMS            GMAX         NAME    NUMBER
   8550      -2.0151E+03     4.7533E-01     7.6262E+00     CG        267

 BOND    =       68.2684  ANGLE   =      284.8049  DIHED      =     1256.3531
 VDWAALS =     -813.9038  EEL     =    -6417.0848  HBOND      =        0.0000
 1-4 VDW =      334.1784  1-4 EEL =     3272.3265  RESTRAINT  =        0.0000


   NSTEP       ENERGY          RMS            GMAX         NAME    NUMBER
   8600      -2.3039E+03     4.7022E-01     5.9004E+00     NE2      1273

 BOND    =       68.5327  ANGLE   =      283.7837  DIHED      =     1256.5171
 VDWAALS =     -814.0547  EEL     =    -6706.5914  HBOND      =        0.0000
 1-4 VDW =      334.3571  1-4 EEL =     3273.5223  RESTRAINT  =        0.0000


   NSTEP       ENERGY          RMS            GMAX         NAME    NUMBER
   8650      -2.2453E+03     4.5698E-01     6.4106E+00     CG        267

 BOND    =       68.3325  ANGLE   =      284.4092  DIHED      =     1256.1168
 VDWAALS =     -813.6970  EEL     =    -6648.2724  HBOND      =        0.0000
 1-4 VDW =      334.4436  1-4 EEL =     3273.4016  RESTRAINT  =        0.0000


   NSTEP       ENERGY          RMS            GMAX         NAME    NUMBER
   8700      -2.1907E+03     5.4709E-01     5.4231E+00     NE2       136

 BOND    =       69.4537  ANGLE   =      285.1558  DIHED      =     1256.4235
 VDWAALS =     -812.9248  EEL     =    -6592.7111  HBOND      =        0.0000
 1-4 VDW =      334.1199  1-4 EEL =     3269.7634  RESTRAINT  =        0.0000


   NSTEP       ENERGY          RMS            GMAX         NAME    NUMBER
   8750      -2.0290E+03     4.3961E-01     6.7108E+00     CG        267

 BOND    =       68.1517  ANGLE   =      284.8489  DIHED      =     1256.8998
 VDWAALS =     -813.3307  EEL     =    -6432.7032  HBOND      =        0.0000
 1-4 VDW =      334.1598  1-4 EEL =     3272.9999  RESTRAINT  =        0.0000


   NSTEP       ENERGY          RMS            GMAX         NAME    NUMBER
   8800      -2.2115E+03     4.9944E-01     6.4164E+00     NE2      1273

 BOND    =       68.7221  ANGLE   =      284.3779  DIHED      =     1257.9953
 VDWAALS =     -813.3926  EEL     =    -6617.3649  HBOND      =        0.0000
 1-4 VDW =      334.2373  1-4 EEL =     3273.9010  RESTRAINT  =        0.0000


   NSTEP       ENERGY          RMS            GMAX         NAME    NUMBER
   8850      -2.3093E+03     4.4484E-01     6.2598E+00     CG        267

 BOND    =       68.0383  ANGLE   =      284.8256  DIHED      =     1257.4275
 VDWAALS =     -812.1819  EEL     =    -6714.3793  HBOND      =        0.0000
 1-4 VDW =      334.1172  1-4 EEL =     3272.8291  RESTRAINT  =        0.0000


   NSTEP       ENERGY          RMS            GMAX         NAME    NUMBER
   8900      -2.1677E+03     4.9855E-01     5.4029E+00     CZ        409

 BOND    =       69.1651  ANGLE   =      285.3616  DIHED      =     1257.9102
 VDWAALS =     -811.8295  EEL     =    -6572.6594  HBOND      =        0.0000
 1-4 VDW =      334.0318  1-4 EEL =     3270.2855  RESTRAINT  =        0.0000


   NSTEP       ENERGY          RMS            GMAX         NAME    NUMBER
   8950      -2.0382E+03     4.1998E-01     4.8585E+00     CG        267

 BOND    =       68.3469  ANGLE   =      285.0017  DIHED      =     1258.5518
 VDWAALS =     -812.4865  EEL     =    -6443.7015  HBOND      =        0.0000
 1-4 VDW =      333.5577  1-4 EEL =     3272.5666  RESTRAINT  =        0.0000


   NSTEP       ENERGY          RMS            GMAX         NAME    NUMBER
   9000      -2.1901E+03     5.0617E-01     5.8753E+00     NE2       136

 BOND    =       68.6334  ANGLE   =      284.2681  DIHED      =     1258.9245
 VDWAALS =     -812.1893  EEL     =    -6597.4350  HBOND      =        0.0000
 1-4 VDW =      333.6067  1-4 EEL =     3274.1276  RESTRAINT  =        0.0000


   NSTEP       ENERGY          RMS            GMAX         NAME    NUMBER
   9050      -2.2794E+03     4.0152E-01     5.7505E+00     CG        267

 BOND    =       68.0273  ANGLE   =      284.8036  DIHED      =     1258.6203
 VDWAALS =     -811.9886  EEL     =    -6685.4759  HBOND      =        0.0000
 1-4 VDW =      333.7608  1-4 EEL =     3272.8384  RESTRAINT  =        0.0000


   NSTEP       ENERGY          RMS            GMAX         NAME    NUMBER
   9100      -2.1284E+03     5.3422E-01     5.4630E+00     CZ        409

 BOND    =       69.1879  ANGLE   =      285.1610  DIHED      =     1259.0587
 VDWAALS =     -812.1249  EEL     =    -6532.5344  HBOND      =        0.0000
 1-4 VDW =      333.5232  1-4 EEL =     3269.3457  RESTRAINT  =        0.0000


   NSTEP       ENERGY          RMS            GMAX         NAME    NUMBER
   9150      -2.2130E+03     4.5554E-01     6.9170E+00     CG        267

 BOND    =       67.9118  ANGLE   =      284.8478  DIHED      =     1259.8466
 VDWAALS =     -813.2437  EEL     =    -6618.5808  HBOND      =        0.0000
 1-4 VDW =      333.6426  1-4 EEL =     3272.6157  RESTRAINT  =        0.0000


   NSTEP       ENERGY          RMS            GMAX         NAME    NUMBER
   9200      -2.2194E+03     4.7208E-01     6.5393E+00     NE2      1273

 BOND    =       68.2586  ANGLE   =      283.9427  DIHED      =     1260.1061
 VDWAALS =     -812.6180  EEL     =    -6626.6007  HBOND      =        0.0000
 1-4 VDW =      333.8505  1-4 EEL =     3273.7037  RESTRAINT  =        0.0000


   NSTEP       ENERGY          RMS            GMAX         NAME    NUMBER
   9250      -2.1993E+03     4.1609E-01     5.1289E+00     CG       1041

 BOND    =       68.1363  ANGLE   =      284.5882  DIHED      =     1259.8968
 VDWAALS =     -812.3053  EEL     =    -6606.2346  HBOND      =        0.0000
 1-4 VDW =      333.8082  1-4 EEL =     3272.7984  RESTRAINT  =        0.0000


   NSTEP       ENERGY          RMS            GMAX         NAME    NUMBER
   9300      -2.1225E+03     4.5915E-01     5.2477E+00     CZ        409

 BOND    =       68.7877  ANGLE   =      284.6042  DIHED      =     1259.9088
 VDWAALS =     -812.3451  EEL     =    -6529.3552  HBOND      =        0.0000
 1-4 VDW =      333.7763  1-4 EEL =     3272.1146  RESTRAINT  =        0.0000


   NSTEP       ENERGY          RMS            GMAX         NAME    NUMBER
   9350      -2.1556E+03     4.4674E-01     6.4572E+00     CG        267

 BOND    =       68.2837  ANGLE   =      284.6256  DIHED      =     1260.6309
 VDWAALS =     -812.9009  EEL     =    -6562.6092  HBOND      =        0.0000
 1-4 VDW =      333.6042  1-4 EEL =     3272.7325  RESTRAINT  =        0.0000


   NSTEP       ENERGY          RMS            GMAX         NAME    NUMBER
   9400      -2.0793E+03     4.7788E-01     4.9969E+00     CZ        409

 BOND    =       68.2217  ANGLE   =      284.1423  DIHED      =     1260.9154
 VDWAALS =     -812.5090  EEL     =    -6486.8702  HBOND      =        0.0000
 1-4 VDW =      333.6207  1-4 EEL =     3273.2178  RESTRAINT  =        0.0000


   NSTEP       ENERGY          RMS            GMAX         NAME    NUMBER
   9450      -2.1586E+03     4.4286E-01     6.2145E+00     CG        267

 BOND    =       68.2795  ANGLE   =      284.1044  DIHED      =     1260.3584
 VDWAALS =     -812.3614  EEL     =    -6566.1395  HBOND      =        0.0000
 1-4 VDW =      333.7722  1-4 EEL =     3273.4154  RESTRAINT  =        0.0000


   NSTEP       ENERGY          RMS            GMAX         NAME    NUMBER
   9500      -2.1229E+03     4.9211E-01     4.9995E+00     CZ        409

 BOND    =       68.9915  ANGLE   =      284.5527  DIHED      =     1260.2988
 VDWAALS =     -811.4199  EEL     =    -6530.6242  HBOND      =        0.0000
 1-4 VDW =      333.4456  1-4 EEL =     3271.8586  RESTRAINT  =        0.0000


   NSTEP       ENERGY          RMS            GMAX         NAME    NUMBER
   9550      -2.1958E+03     4.6600E-01     6.2968E+00     CG        267

 BOND    =       68.3079  ANGLE   =      284.5588  DIHED      =     1261.1882
 VDWAALS =     -812.8554  EEL     =    -6603.7552  HBOND      =        0.0000
 1-4 VDW =      333.6584  1-4 EEL =     3273.1440  RESTRAINT  =        0.0000


   NSTEP       ENERGY          RMS            GMAX         NAME    NUMBER
   9600      -2.1434E+03     4.9367E-01     4.8765E+00     CG       1041

 BOND    =       68.3585  ANGLE   =      283.9819  DIHED      =     1261.6501
 VDWAALS =     -812.3674  EEL     =    -6552.1984  HBOND      =        0.0000
 1-4 VDW =      333.7659  1-4 EEL =     3273.4535  RESTRAINT  =        0.0000


   NSTEP       ENERGY          RMS            GMAX         NAME    NUMBER
   9650      -1.9844E+03     4.7256E-01     7.1002E+00     CG        267

 BOND    =       68.3350  ANGLE   =      284.2483  DIHED      =     1260.7875
 VDWAALS =     -811.6680  EEL     =    -6393.1427  HBOND      =        0.0000
 1-4 VDW =      333.7259  1-4 EEL =     3273.3106  RESTRAINT  =        0.0000


   NSTEP       ENERGY          RMS            GMAX         NAME    NUMBER
   9700      -2.1794E+03     4.9406E-01     7.1051E+00     CG       1041

 BOND    =       68.7235  ANGLE   =      284.5742  DIHED      =     1260.7166
 VDWAALS =     -812.4091  EEL     =    -6586.9026  HBOND      =        0.0000
 1-4 VDW =      333.8994  1-4 EEL =     3271.9510  RESTRAINT  =        0.0000


   NSTEP       ENERGY          RMS            GMAX         NAME    NUMBER
   9750      -2.0585E+03     4.5834E-01     5.4792E+00     OD2      1043

 BOND    =       68.2906  ANGLE   =      284.9531  DIHED      =     1261.2126
 VDWAALS =     -813.4055  EEL     =    -6465.9297  HBOND      =        0.0000
 1-4 VDW =      333.4806  1-4 EEL =     3272.9367  RESTRAINT  =        0.0000


   NSTEP       ENERGY          RMS            GMAX         NAME    NUMBER
   9800      -2.2227E+03     4.9697E-01     5.5356E+00     CG       1041

 BOND    =       68.5803  ANGLE   =      284.4935  DIHED      =     1261.5822
 VDWAALS =     -812.7238  EEL     =    -6632.2931  HBOND      =        0.0000
 1-4 VDW =      333.5611  1-4 EEL =     3274.0515  RESTRAINT  =        0.0000


   NSTEP       ENERGY          RMS            GMAX         NAME    NUMBER
   9850      -1.9723E+03     4.8902E-01     5.5169E+00     CG        267

 BOND    =       68.6428  ANGLE   =      284.4444  DIHED      =     1261.2762
 VDWAALS =     -812.3761  EEL     =    -6380.8114  HBOND      =        0.0000
 1-4 VDW =      333.4656  1-4 EEL =     3273.1044  RESTRAINT  =        0.0000


   NSTEP       ENERGY          RMS            GMAX         NAME    NUMBER
   9900      -2.1619E+03     5.0460E-01     6.0289E+00     CG       1041

 BOND    =       69.0212  ANGLE   =      284.6638  DIHED      =     1261.1949
 VDWAALS =     -812.1808  EEL     =    -6569.0709  HBOND      =        0.0000
 1-4 VDW =      333.5318  1-4 EEL =     3270.9080  RESTRAINT  =        0.0000


   NSTEP       ENERGY          RMS            GMAX         NAME    NUMBER
   9950      -2.0375E+03     4.8980E-01     6.2359E+00     CG       1041

 BOND    =       68.2305  ANGLE   =      284.8686  DIHED      =     1261.8668
 VDWAALS =     -813.6510  EEL     =    -6445.0914  HBOND      =        0.0000
 1-4 VDW =      333.3404  1-4 EEL =     3272.9671  RESTRAINT  =        0.0000


   NSTEP       ENERGY          RMS            GMAX         NAME    NUMBER
  10000      -2.0906E+03     4.9199E-01     6.2360E+00     CG       1041

 BOND    =       68.6906  ANGLE   =      284.2297  DIHED      =     1261.9144
 VDWAALS =     -813.2028  EEL     =    -6500.6751  HBOND      =        0.0000
 1-4 VDW =      333.6117  1-4 EEL =     3274.8627  RESTRAINT  =        0.0000


  Maximum number of minimization cycles reached.


                    FINAL RESULTS



   NSTEP       ENERGY          RMS            GMAX         NAME    NUMBER
  10000      -2.0906E+03     4.9199E-01     6.2360E+00     CG       1041

 BOND    =       68.6906  ANGLE   =      284.2297  DIHED      =     1261.9144
 VDWAALS =     -813.2028  EEL     =    -6500.6751  HBOND      =        0.0000
 1-4 VDW =      333.6117  1-4 EEL =     3274.8627  RESTRAINT  =        0.0000

--------------------------------------------------------------------------------
   5.  TIMINGS
--------------------------------------------------------------------------------

|                Build the list             6.21 (99.87% of List )
|                Other                      0.01 ( 0.13% of List )
|             List time                  6.22 ( 9.39% of Nonbo)
|                   Short_ene time            58.33 (99.54% of Direc)
|                   Other                      0.27 ( 0.46% of Direc)
|                Direct Ewald time         58.60 (97.73% of Ewald)
|                Virial junk                0.01 ( 0.01% of Ewald)
|                Start synchronizatio       0.00 ( 0.01% of Ewald)
|                Other                      1.34 ( 2.24% of Ewald)
|             Ewald time                59.96 (90.59% of Nonbo)
|             Other                      0.01 ( 0.01% of Nonbo)
|          Nonbond force             66.18 (78.41% of Force)
|          Bond/Angle/Dihedral       18.16 (21.51% of Force)
|          Other                      0.07 ( 0.08% of Force)
|       Force time                84.41 (100.0% of Runmd)
|    Runmd Time                84.41 (94.49% of Total)
|    Other                      4.92 ( 5.51% of Total)
| Total time                89.34 (100.0% of ALL  )

| Number of list builds   :        501

| Highest rstack allocated:       1390
| Highest istack allocated:        278
|           Job began  at 14:49:08.474  on 12/24/2021
|           Setup done at 14:49:08.544  on 12/24/2021
|           Run   done at 14:50:37.811  on 12/24/2021
|     wallclock() was called  231035 times
