-I: Adding /share/apps/rc/software/AmberTools/19-fosscuda-2018a/dat/leap/prep to search path.
-I: Adding /share/apps/rc/software/AmberTools/19-fosscuda-2018a/dat/leap/lib to search path.
-I: Adding /share/apps/rc/software/AmberTools/19-fosscuda-2018a/dat/leap/parm to search path.
-I: Adding /share/apps/rc/software/AmberTools/19-fosscuda-2018a/dat/leap/cmd to search path.
-f: Source complex.leap.in.

Welcome to LEaP!
(no leaprc in search path)
Sourcing: ./complex.leap.in
----- Source: /share/apps/rc/software/AmberTools/19-fosscuda-2018a/dat/leap/cmd/leaprc.protein.ff14SB
----- Source of /share/apps/rc/software/AmberTools/19-fosscuda-2018a/dat/leap/cmd/leaprc.protein.ff14SB done
Log file: ./leap.log
Loading parameters: /share/apps/rc/software/AmberTools/19-fosscuda-2018a/dat/leap/parm/parm10.dat
Reading title:
PARM99 + frcmod.ff99SB + frcmod.parmbsc0 + OL3 for RNA
Loading parameters: /share/apps/rc/software/AmberTools/19-fosscuda-2018a/dat/leap/parm/frcmod.ff14SB
Reading force field modification type file (frcmod)
Reading title:
ff14SB protein backbone and sidechain parameters
Loading library: /share/apps/rc/software/AmberTools/19-fosscuda-2018a/dat/leap/lib/amino12.lib
Loading library: /share/apps/rc/software/AmberTools/19-fosscuda-2018a/dat/leap/lib/aminoct12.lib
Loading library: /share/apps/rc/software/AmberTools/19-fosscuda-2018a/dat/leap/lib/aminont12.lib
----- Source: /share/apps/rc/software/AmberTools/19-fosscuda-2018a/dat/leap/cmd/leaprc.water.tip3p
----- Source of /share/apps/rc/software/AmberTools/19-fosscuda-2018a/dat/leap/cmd/leaprc.water.tip3p done
Loading library: /share/apps/rc/software/AmberTools/19-fosscuda-2018a/dat/leap/lib/atomic_ions.lib
Loading library: /share/apps/rc/software/AmberTools/19-fosscuda-2018a/dat/leap/lib/solvents.lib
Loading parameters: /share/apps/rc/software/AmberTools/19-fosscuda-2018a/dat/leap/parm/frcmod.tip3p
Reading force field modification type file (frcmod)
Reading title:
This is the additional/replacement parameter set for TIP3P water
Loading parameters: /share/apps/rc/software/AmberTools/19-fosscuda-2018a/dat/leap/parm/frcmod.ions1lm_126_tip3p
Reading force field modification type file (frcmod)
Reading title:
Li/Merz ion parameters of monovalent ions for TIP3P water model (12-6 normal usage set)
Loading parameters: /share/apps/rc/software/AmberTools/19-fosscuda-2018a/dat/leap/parm/frcmod.ionsjc_tip3p
Reading force field modification type file (frcmod)
Reading title:
Monovalent ion parameters for Ewald and TIP3P water from Joung & Cheatham JPCB (2008)
Loading parameters: /share/apps/rc/software/AmberTools/19-fosscuda-2018a/dat/leap/parm/frcmod.ions234lm_126_tip3p
Reading force field modification type file (frcmod)
Reading title:
Li/Merz ion parameters of divalent to tetravalent ions for TIP3P water model (12-6 normal usage set)
----- Source: /share/apps/rc/software/AmberTools/19-fosscuda-2018a/dat/leap/cmd/leaprc.gaff
----- Source of /share/apps/rc/software/AmberTools/19-fosscuda-2018a/dat/leap/cmd/leaprc.gaff done
Log file: ./leap.log
Loading parameters: /share/apps/rc/software/AmberTools/19-fosscuda-2018a/dat/leap/parm/gaff.dat
Reading title:
AMBER General Force Field for organic molecules (Version 1.81, May 2017)
Loading parameters: ./VitaminD3.frcmod
Reading force field modification type file (frcmod)
Reading title:
Remark line goes here
Loading library: ./VitaminD3.lib
Loading PDB file: ./TREM2-VitaminD3.pdb
  total atoms in file: 886
  Leap added 899 missing atoms according to residue templates:
       899 H / lone pairs
Box dimensions:  29.960338 43.550499 38.230256
Checking 'complex'....

/share/apps/rc/software/AmberTools/19-fosscuda-2018a/bin/teLeap: Warning!
The unperturbed charge of the unit (5.000002) is not zero.

/share/apps/rc/software/AmberTools/19-fosscuda-2018a/bin/teLeap: Warning!
Close contact of 1.445601 angstroms between .R<PHE 74>.A<HB3 7> and .R<LIG 130>.A<H44 72>

/share/apps/rc/software/AmberTools/19-fosscuda-2018a/bin/teLeap: Warning!
Close contact of 1.205662 angstroms between .R<LIG 130>.A<H36 64> and .R<LIG 130>.A<H28 56>

/share/apps/rc/software/AmberTools/19-fosscuda-2018a/bin/teLeap: Warning!
Close contact of 1.392276 angstroms between .R<LIG 130>.A<H35 63> and .R<LIG 130>.A<H28 56>

/share/apps/rc/software/AmberTools/19-fosscuda-2018a/bin/teLeap: Warning!
Close contact of 1.384793 angstroms between .R<LIG 130>.A<H34 62> and .R<LIG 130>.A<H28 56>

/share/apps/rc/software/AmberTools/19-fosscuda-2018a/bin/teLeap: Warning!
Close contact of 0.465818 angstroms between .R<LIG 130>.A<H28 56> and .R<LIG 130>.A<C22 23>

/share/apps/rc/software/AmberTools/19-fosscuda-2018a/bin/teLeap: Warning!
Close contact of 1.283153 angstroms between .R<LIG 130>.A<H25 53> and .R<LIG 130>.A<H24 52>

/share/apps/rc/software/AmberTools/19-fosscuda-2018a/bin/teLeap: Warning!
Close contact of 0.510153 angstroms between .R<LIG 130>.A<H25 53> and .R<LIG 130>.A<C15 16>
Checking parameters for unit 'complex'.
Checking for bond parameters.
Checking for angle parameters.
check:  Warnings: 8
Unit is OK.
Checking Unit.

/share/apps/rc/software/AmberTools/19-fosscuda-2018a/bin/teLeap: Warning!
The unperturbed charge of the unit (5.000002) is not zero.

/share/apps/rc/software/AmberTools/19-fosscuda-2018a/bin/teLeap: Note.
Ignoring the warning from Unit Checking.

Building topology.
Building atom parameters.
Building bond parameters.
Building angle parameters.
Building proper torsion parameters.
Building improper torsion parameters.
 total 354 improper torsions applied
Building H-Bond parameters.
Incorporating Non-Bonded adjustments.
Not Marking per-residue atom chain types.
Marking per-residue atom chain types.
  (Residues lacking connect0/connect1 - 
   these don't have chain types marked:

	res	total affected

	CLEU	1
	LIG	1
	NTHR	1
  )
 (no restraints)
Writing pdb file: TREM2-VitaminD3_new.pdb
   printing CRYST1 record to PDB file with box info

/share/apps/rc/software/AmberTools/19-fosscuda-2018a/bin/teLeap: Warning!
 Converting N-terminal residue name to PDB format: NTHR -> THR

/share/apps/rc/software/AmberTools/19-fosscuda-2018a/bin/teLeap: Warning!
 Converting C-terminal residue name to PDB format: CLEU -> LEU
	Quit

Exiting LEaP: Errors = 0; Warnings = 11; Notes = 1.
